<?xml version="1.0" encoding="UTF-8"?>
<testsuite name="mx.com.restaurante.test.DBUnitDataTest" tests="1" skipped="0" failures="0" errors="0" timestamp="2017-06-09T16:30:29" hostname="Christian-FV" time="0.009">
  <properties/>
  <testcase name="extraerDatasetsTest" classname="mx.com.restaurante.test.DBUnitDataTest" time="0.009"/>
  <system-out><![CDATA[[DEBUG] SpringJUnit4ClassRunner constructor called with [class mx.com.restaurante.test.DBUnitDataTest]
[DEBUG] Instantiating CacheAwareContextLoaderDelegate from class [org.springframework.test.context.cache.DefaultCacheAwareContextLoaderDelegate]
[DEBUG] Instantiating BootstrapContext using constructor [public org.springframework.test.context.support.DefaultBootstrapContext(java.lang.Class,org.springframework.test.context.CacheAwareContextLoaderDelegate)]
[DEBUG] Instantiating TestContextBootstrapper for test class [mx.com.restaurante.test.DBUnitDataTest] from class [org.springframework.boot.test.context.SpringBootTestContextBootstrapper]
[INFO] Neither @ContextConfiguration nor @ContextHierarchy found for test class [mx.com.restaurante.test.DBUnitDataTest], using SpringBootContextLoader
[DEBUG] Did not detect default resource location for test class [mx.com.restaurante.test.DBUnitDataTest]: class path resource [mx/com/restaurante/test/DBUnitDataTest-context.xml] does not exist
[DEBUG] Did not detect default resource location for test class [mx.com.restaurante.test.DBUnitDataTest]: class path resource [mx/com/restaurante/test/DBUnitDataTestContext.groovy] does not exist
[INFO] Could not detect default resource locations for test class [mx.com.restaurante.test.DBUnitDataTest]: no resource found for suffixes {-context.xml, Context.groovy}.
[DEBUG] Could not find an 'annotation declaring class' for annotation type [org.springframework.test.context.ActiveProfiles] and class [mx.com.restaurante.test.DBUnitDataTest]
[DEBUG] @TestExecutionListeners is not present for class [mx.com.restaurante.test.DBUnitDataTest]: using defaults.
[INFO] Loaded default TestExecutionListener class names from location [META-INF/spring.factories]: [org.springframework.boot.test.mock.mockito.MockitoTestExecutionListener, org.springframework.boot.test.mock.mockito.ResetMocksTestExecutionListener, org.springframework.boot.test.autoconfigure.restdocs.RestDocsTestExecutionListener, org.springframework.boot.test.autoconfigure.web.client.MockRestServiceServerResetTestExecutionListener, org.springframework.boot.test.autoconfigure.web.servlet.MockMvcPrintOnlyOnFailureTestExecutionListener, org.springframework.boot.test.autoconfigure.web.servlet.WebDriverTestExecutionListener, org.springframework.test.context.web.ServletTestExecutionListener, org.springframework.test.context.support.DirtiesContextBeforeModesTestExecutionListener, org.springframework.test.context.support.DependencyInjectionTestExecutionListener, org.springframework.test.context.support.DirtiesContextTestExecutionListener, org.springframework.test.context.transaction.TransactionalTestExecutionListener, org.springframework.test.context.jdbc.SqlScriptsTestExecutionListener]
[INFO] Using TestExecutionListeners: [org.springframework.test.context.web.ServletTestExecutionListener@45e4f13d, org.springframework.test.context.support.DirtiesContextBeforeModesTestExecutionListener@1cd332bd, org.springframework.boot.test.autoconfigure.SpringBootDependencyInjectionTestExecutionListener@1ce32b2c, org.springframework.test.context.support.DirtiesContextTestExecutionListener@388b45e7, org.springframework.test.context.transaction.TransactionalTestExecutionListener@5a8436d2, org.springframework.test.context.jdbc.SqlScriptsTestExecutionListener@5f47a1e5, org.springframework.boot.test.mock.mockito.MockitoTestExecutionListener@5af84b6a, org.springframework.boot.test.autoconfigure.restdocs.RestDocsTestExecutionListener@383e89af, org.springframework.boot.test.autoconfigure.web.client.MockRestServiceServerResetTestExecutionListener@43770adc, org.springframework.boot.test.autoconfigure.web.servlet.WebDriverTestExecutionListener@21ddd3de, org.springframework.boot.test.autoconfigure.web.servlet.MockMvcPrintOnlyOnFailureTestExecutionListener@39666f94, org.springframework.boot.test.mock.mockito.ResetMocksTestExecutionListener@7559eae6]
[DEBUG] Retrieved @ProfileValueSourceConfiguration [null] for test class [mx.com.restaurante.test.DBUnitDataTest]
[DEBUG] Retrieved ProfileValueSource type [class org.springframework.test.annotation.SystemProfileValueSource] for class [mx.com.restaurante.test.DBUnitDataTest]
[DEBUG] Retrieved @ProfileValueSourceConfiguration [null] for test class [mx.com.restaurante.test.DBUnitDataTest]
[DEBUG] Retrieved ProfileValueSource type [class org.springframework.test.annotation.SystemProfileValueSource] for class [mx.com.restaurante.test.DBUnitDataTest]
[DEBUG] Before test class: context [DefaultTestContext@e032f7b testClass = DBUnitDataTest, testInstance = [null], testMethod = [null], testException = [null], mergedContextConfiguration = [WebMergedContextConfiguration@418f4e46 testClass = DBUnitDataTest, locations = '{}', classes = '{class mx.com.restaurante.Application, class mx.com.restaurante.Application}', contextInitializerClasses = '[]', activeProfiles = '{}', propertySourceLocations = '{}', propertySourceProperties = '{org.springframework.boot.test.context.SpringBootTestContextBootstrapper=true}', contextCustomizers = set[org.springframework.boot.test.context.SpringBootTestContextCustomizer@1dbfecae, org.springframework.boot.test.context.filter.ExcludeFilterContextCustomizer@529a41a, org.springframework.boot.test.mock.mockito.MockitoContextCustomizer@0, org.springframework.boot.test.autoconfigure.properties.PropertyMappingContextCustomizer@0, org.springframework.boot.test.autoconfigure.web.servlet.WebDriverContextCustomizerFactory$Customizer@11bbfd47], resourceBasePath = 'src/main/webapp', contextLoader = 'org.springframework.boot.test.context.SpringBootContextLoader', parent = [null]]], class annotated with @DirtiesContext [false] with mode [null].
[DEBUG] Retrieved @ProfileValueSourceConfiguration [null] for test class [mx.com.restaurante.test.DBUnitDataTest]
[DEBUG] Retrieved ProfileValueSource type [class org.springframework.test.annotation.SystemProfileValueSource] for class [mx.com.restaurante.test.DBUnitDataTest]
[DEBUG] Adding [systemProperties] PropertySource with lowest search precedence
[DEBUG] Adding [systemEnvironment] PropertySource with lowest search precedence
[DEBUG] Initialized StandardEnvironment with PropertySources [systemProperties,systemEnvironment]
[DEBUG] Adding [inline] PropertySource with highest search precedence
[DEBUG] Adding inlined properties to environment: {spring.jmx.enabled=false, org.springframework.boot.test.context.SpringBootTestContextBootstrapper=true, server.port=-1}
[DEBUG] Adding [Inlined Test Properties] PropertySource with highest search precedence
[DEBUG] Could not find key 'spring.profiles.active' in any property source
[DEBUG] Could not find key 'spring.profiles.active' in any property source
[DEBUG] Could not find key 'SPRING_APPLICATION_JSON:' in any property source
[DEBUG] Could not find key 'SPRING_APPLICATION_JSON' in any property source
[DEBUG] Could not find key 'spring.application.json:' in any property source
[DEBUG] Could not find key 'spring.application.json' in any property source
[DEBUG] Adding [random] PropertySource with search precedence immediately lower than [systemEnvironment]
[DEBUG] Could not find key 'spring.profiles.active' in any property source
[DEBUG] Could not find key 'spring.profiles.default' in any property source
[DEBUG] Adding [applicationConfig: [profile=]] PropertySource with highest search precedence
[DEBUG] Adding [applicationConfig: [classpath:/application.properties]] PropertySource with highest search precedence
[DEBUG] Adding [applicationConfigurationProperties] PropertySource with lowest search precedence
[DEBUG] Could not find key 'logging.file' in any property source
[DEBUG] Could not find key 'logging.path' in any property source
[DEBUG] Could not find key 'debug' in any property source
[DEBUG] Could not find key 'trace' in any property source
[DEBUG] Could not find key 'logging.config' in any property source
[DEBUG] Application started with classpath: [file:/C:/Users/ChristianFV/.gradle/caches/3.3/workerMain/gradle-worker.jar, file:/C:/Users/ChristianFV/Documents/workspace-sts-3.8.3.RELEASE/SistemaReservaciones/build/instrumented_classes/, file:/C:/Users/ChristianFV/Documents/workspace-sts-3.8.3.RELEASE/SistemaReservaciones/build/classes/test/, file:/C:/Users/ChristianFV/Documents/workspace-sts-3.8.3.RELEASE/SistemaReservaciones/build/resources/test, file:/C:/Users/ChristianFV/Documents/workspace-sts-3.8.3.RELEASE/SistemaReservaciones/build/classes/main/, file:/C:/Users/ChristianFV/Documents/workspace-sts-3.8.3.RELEASE/SistemaReservaciones/build/resources/main/, file:/C:/Users/ChristianFV/.gradle/caches/modules-2/files-2.1/org.springframework.boot/spring-boot-starter-web/1.5.2.RELEASE/27f29876980c079b46be16b759eafe92720f3338/spring-boot-starter-web-1.5.2.RELEASE.jar, file:/C:/Users/ChristianFV/.gradle/caches/modules-2/files-2.1/org.springframework.boot/spring-boot-starter-test/1.5.2.RELEASE/d1d42ca043ea8b25cdf0ac8a2108ee924bfae707/spring-boot-starter-test-1.5.2.RELEASE.jar, file:/C:/Users/ChristianFV/.gradle/caches/modules-2/files-2.1/org.springframework.boot/spring-boot-starter-data-jpa/1.5.2.RELEASE/9e2dfd470f0df4a7ba00a71ca462aeefbd382a4d/spring-boot-starter-data-jpa-1.5.2.RELEASE.jar, file:/C:/Users/ChristianFV/.gradle/caches/modules-2/files-2.1/org.springframework.boot/spring-boot-starter-security/1.5.2.RELEASE/9d7dcade0fd23664247d8d1ab1bb44cf7ed1edf7/spring-boot-starter-security-1.5.2.RELEASE.jar, file:/C:/Users/ChristianFV/.gradle/caches/modules-2/files-2.1/org.springframework.boot/spring-boot-starter-mail/1.5.2.RELEASE/29606d1ad113a8ed57b6771555157b3415db5cb8/spring-boot-starter-mail-1.5.2.RELEASE.jar, file:/C:/Users/ChristianFV/.gradle/caches/modules-2/files-2.1/org.dbunit/dbunit/2.5.2/80b5acbbcb14366ee69bd2800f9fad59634761a5/dbunit-2.5.2.jar, file:/C:/Users/ChristianFV/.gradle/caches/modules-2/files-2.1/org.thymeleaf/thymeleaf-spring4/2.1.5.RELEASE/74cb9028e99597b5d71a98e919fd531a7fc290b4/thymeleaf-spring4-2.1.5.RELEASE.jar, file:/C:/Users/ChristianFV/.gradle/caches/modules-2/files-2.1/mysql/mysql-connector-java/5.1.31/95baa522c5ae4dbff61e8ebd1b2578665d6853a0/mysql-connector-java-5.1.31.jar, file:/C:/Users/ChristianFV/.gradle/caches/modules-2/files-2.1/com.google.guava/guava/11.0.2/35a3c69e19d72743cac83778aecbee68680f63eb/guava-11.0.2.jar, file:/C:/Users/ChristianFV/.gradle/caches/modules-2/files-2.1/junit/junit/4.12/2973d150c0dc1fefe998f834810d68f278ea58ec/junit-4.12.jar, file:/C:/Users/ChristianFV/.gradle/caches/modules-2/files-2.1/org.springframework.boot/spring-boot-starter/1.5.2.RELEASE/c72938c86ed3beadb385f29bc2954c8ca3aa47ab/spring-boot-starter-1.5.2.RELEASE.jar, file:/C:/Users/ChristianFV/.gradle/caches/modules-2/files-2.1/org.springframework.boot/spring-boot-starter-tomcat/1.5.2.RELEASE/354320ef371fc4fc126d1bb8564cd73085a48823/spring-boot-starter-tomcat-1.5.2.RELEASE.jar, file:/C:/Users/ChristianFV/.gradle/caches/modules-2/files-2.1/org.hibernate/hibernate-validator/5.3.4.Final/2f6c8c0b646afe18e3ad205726729d3c4a85fe2e/hibernate-validator-5.3.4.Final.jar, file:/C:/Users/ChristianFV/.gradle/caches/modules-2/files-2.1/com.fasterxml.jackson.core/jackson-databind/2.8.7/6c3257ef458ac58a8da69a6dca3d2a15286d88c8/jackson-databind-2.8.7.jar, file:/C:/Users/ChristianFV/.gradle/caches/modules-2/files-2.1/org.springframework/spring-web/4.3.7.RELEASE/7b69fc68cdb74c1c92f72905af6995696fcb56aa/spring-web-4.3.7.RELEASE.jar, file:/C:/Users/ChristianFV/.gradle/caches/modules-2/files-2.1/org.springframework/spring-webmvc/4.3.7.RELEASE/d25b11a605589f176e3ecf1dcae62a991a18b377/spring-webmvc-4.3.7.RELEASE.jar, file:/C:/Users/ChristianFV/.gradle/caches/modules-2/files-2.1/org.springframework.boot/spring-boot-test/1.5.2.RELEASE/7dcdee8bc720b379d6072c742e2a48ccbb00aa09/spring-boot-test-1.5.2.RELEASE.jar, file:/C:/Users/ChristianFV/.gradle/caches/modules-2/files-2.1/org.springframework.boot/spring-boot-test-autoconfigure/1.5.2.RELEASE/5fb69965871626aea437c0d676d3be6186d2415d/spring-boot-test-autoconfigure-1.5.2.RELEASE.jar, file:/C:/Users/ChristianFV/.gradle/caches/modules-2/files-2.1/com.jayway.jsonpath/json-path/2.2.0/22290d17944bd239fabf5ac69005a60a7ecbbbcb/json-path-2.2.0.jar, file:/C:/Users/ChristianFV/.gradle/caches/modules-2/files-2.1/org.assertj/assertj-core/2.6.0/b532c3fc4f66bcfee4989a3514f1cd56203a33ad/assertj-core-2.6.0.jar, file:/C:/Users/ChristianFV/.gradle/caches/modules-2/files-2.1/org.mockito/mockito-core/1.10.19/e8546f5bef4e061d8dd73895b4e8f40e3fe6effe/mockito-core-1.10.19.jar, file:/C:/Users/ChristianFV/.gradle/caches/modules-2/files-2.1/org.hamcrest/hamcrest-core/1.3/42a25dc3219429f0e5d060061f71acb49bf010a0/hamcrest-core-1.3.jar, file:/C:/Users/ChristianFV/.gradle/caches/modules-2/files-2.1/org.hamcrest/hamcrest-library/1.3/4785a3c21320980282f9f33d0d1264a69040538f/hamcrest-library-1.3.jar, file:/C:/Users/ChristianFV/.gradle/caches/modules-2/files-2.1/org.skyscreamer/jsonassert/1.4.0/9cdbb373a06f6513e51e8c545ee6a5e981463edb/jsonassert-1.4.0.jar, file:/C:/Users/ChristianFV/.gradle/caches/modules-2/files-2.1/org.springframework/spring-core/4.3.7.RELEASE/54fa2db94cc7222edc90ec71354e47cd1dc07f7b/spring-core-4.3.7.RELEASE.jar, file:/C:/Users/ChristianFV/.gradle/caches/modules-2/files-2.1/org.springframework/spring-test/4.3.7.RELEASE/480fc4673b53daa1993eb1940711828ebf35807b/spring-test-4.3.7.RELEASE.jar, file:/C:/Users/ChristianFV/.gradle/caches/modules-2/files-2.1/org.springframework.boot/spring-boot-starter-aop/1.5.2.RELEASE/9a21295c00a62bfaaa930ba5f7909fe26eea2562/spring-boot-starter-aop-1.5.2.RELEASE.jar, file:/C:/Users/ChristianFV/.gradle/caches/modules-2/files-2.1/org.springframework.boot/spring-boot-starter-jdbc/1.5.2.RELEASE/bf431678f6e201fadac9b06f4627358c1554d4e0/spring-boot-starter-jdbc-1.5.2.RELEASE.jar, file:/C:/Users/ChristianFV/.gradle/caches/modules-2/files-2.1/org.hibernate/hibernate-core/5.0.12.Final/e58bf1c660e6706d8e2cbb53bae110f574366102/hibernate-core-5.0.12.Final.jar, file:/C:/Users/ChristianFV/.gradle/caches/modules-2/files-2.1/org.hibernate/hibernate-entitymanager/5.0.12.Final/302a526f5058290e9cbd719a5caf9f248d344719/hibernate-entitymanager-5.0.12.Final.jar, file:/C:/Users/ChristianFV/.gradle/caches/modules-2/files-2.1/javax.transaction/javax.transaction-api/1.2/d81aff979d603edd90dcd8db2abc1f4ce6479e3e/javax.transaction-api-1.2.jar, file:/C:/Users/ChristianFV/.gradle/caches/modules-2/files-2.1/org.springframework.data/spring-data-jpa/1.11.1.RELEASE/fa362aecd78883991f57a5d64e19f34b57a2c34d/spring-data-jpa-1.11.1.RELEASE.jar, file:/C:/Users/ChristianFV/.gradle/caches/modules-2/files-2.1/org.springframework/spring-aspects/4.3.7.RELEASE/fa0671826a42f6bac5145ffbc78075493dcb4e8b/spring-aspects-4.3.7.RELEASE.jar, file:/C:/Users/ChristianFV/.gradle/caches/modules-2/files-2.1/org.springframework/spring-aop/4.3.7.RELEASE/3f243d685e4a8a78a0c291445c6d85560ec4d339/spring-aop-4.3.7.RELEASE.jar, file:/C:/Users/ChristianFV/.gradle/caches/modules-2/files-2.1/org.springframework.security/spring-security-config/4.2.2.RELEASE/1129e18946a6af408f96e4e0c42c4313f6e191b4/spring-security-config-4.2.2.RELEASE.jar, file:/C:/Users/ChristianFV/.gradle/caches/modules-2/files-2.1/org.springframework.security/spring-security-web/4.2.2.RELEASE/632c66fc1c826748f64867689c6688765db593c9/spring-security-web-4.2.2.RELEASE.jar, file:/C:/Users/ChristianFV/.gradle/caches/modules-2/files-2.1/org.springframework/spring-context/4.3.7.RELEASE/34b66b0b7910122ef95ba4fff6da9238ef80a5de/spring-context-4.3.7.RELEASE.jar, file:/C:/Users/ChristianFV/.gradle/caches/modules-2/files-2.1/org.springframework/spring-context-support/4.3.7.RELEASE/7e48f8daf207c06cf0229889a456073832359742/spring-context-support-4.3.7.RELEASE.jar, file:/C:/Users/ChristianFV/.gradle/caches/modules-2/files-2.1/com.sun.mail/javax.mail/1.5.6/ab5daef2f881c42c8e280cbe918ec4d7fdfd7efe/javax.mail-1.5.6.jar, file:/C:/Users/ChristianFV/.gradle/caches/modules-2/files-2.1/org.slf4j/slf4j-api/1.7.24/3f6b4bd4f8dbe8d4bea06d107a3826469b85c3e9/slf4j-api-1.7.24.jar, file:/C:/Users/ChristianFV/.gradle/caches/modules-2/files-2.1/commons-collections/commons-collections/3.2.2/8ad72fe39fa8c91eaaf12aadb21e0c3661fe26d5/commons-collections-3.2.2.jar, file:/C:/Users/ChristianFV/.gradle/caches/modules-2/files-2.1/org.apache.poi/poi-ooxml/3.11/e87975291fbb65888468b09fda2cf00e2996c2a0/poi-ooxml-3.11.jar, file:/C:/Users/ChristianFV/.gradle/caches/modules-2/files-2.1/org.thymeleaf/thymeleaf/2.1.5.RELEASE/513bffa3daaac277460c1a0a2dccb228fa40569e/thymeleaf-2.1.5.RELEASE.jar, file:/C:/Users/ChristianFV/.gradle/caches/modules-2/files-2.1/com.google.code.findbugs/jsr305/1.3.9/40719ea6961c0cb6afaeb6a921eaa1f6afd4cfdf/jsr305-1.3.9.jar, file:/C:/Users/ChristianFV/.gradle/caches/modules-2/files-2.1/org.springframework.boot/spring-boot/1.5.2.RELEASE/46bb5d8c9ab5d3ef9e158ca5906ee7d3569befc1/spring-boot-1.5.2.RELEASE.jar, file:/C:/Users/ChristianFV/.gradle/caches/modules-2/files-2.1/org.springframework.boot/spring-boot-autoconfigure/1.5.2.RELEASE/8a9b8c747bc2c86eefde10330cb2984541bcb9d1/spring-boot-autoconfigure-1.5.2.RELEASE.jar, file:/C:/Users/ChristianFV/.gradle/caches/modules-2/files-2.1/org.springframework.boot/spring-boot-starter-logging/1.5.2.RELEASE/32210889e1f9bb09ac134b9f43a117ed62f0bed2/spring-boot-starter-logging-1.5.2.RELEASE.jar, file:/C:/Users/ChristianFV/.gradle/caches/modules-2/files-2.1/org.yaml/snakeyaml/1.17/7a27ea250c5130b2922b86dea63cbb1cc10a660c/snakeyaml-1.17.jar, file:/C:/Users/ChristianFV/.gradle/caches/modules-2/files-2.1/org.apache.tomcat.embed/tomcat-embed-core/8.5.11/72761f51fc7cef3ee19d4aafc7adc605df9f611f/tomcat-embed-core-8.5.11.jar, file:/C:/Users/ChristianFV/.gradle/caches/modules-2/files-2.1/org.apache.tomcat.embed/tomcat-embed-el/8.5.11/60253815b897166903bf5ec41219c5bb15333a69/tomcat-embed-el-8.5.11.jar, file:/C:/Users/ChristianFV/.gradle/caches/modules-2/files-2.1/org.apache.tomcat.embed/tomcat-embed-websocket/8.5.11/dfa65e7857d46630761c0571758a56f7cbd1e9ba/tomcat-embed-websocket-8.5.11.jar, file:/C:/Users/ChristianFV/.gradle/caches/modules-2/files-2.1/javax.validation/validation-api/1.1.0.Final/8613ae82954779d518631e05daa73a6a954817d5/validation-api-1.1.0.Final.jar, file:/C:/Users/ChristianFV/.gradle/caches/modules-2/files-2.1/org.jboss.logging/jboss-logging/3.3.0.Final/3616bb87707910296e2c195dc016287080bba5af/jboss-logging-3.3.0.Final.jar, file:/C:/Users/ChristianFV/.gradle/caches/modules-2/files-2.1/com.fasterxml/classmate/1.3.3/864c8e370a691e343210cc7c532fc198cee460d8/classmate-1.3.3.jar, file:/C:/Users/ChristianFV/.gradle/caches/modules-2/files-2.1/com.fasterxml.jackson.core/jackson-annotations/2.8.0/45b426f7796b741035581a176744d91090e2e6fb/jackson-annotations-2.8.0.jar, file:/C:/Users/ChristianFV/.gradle/caches/modules-2/files-2.1/com.fasterxml.jackson.core/jackson-core/2.8.7/8b46f39c78476fb848c81a49fa807a9e9506dddd/jackson-core-2.8.7.jar, file:/C:/Users/ChristianFV/.gradle/caches/modules-2/files-2.1/org.springframework/spring-beans/4.3.7.RELEASE/2de9f59f3202965438f3a02057d6ad8274636044/spring-beans-4.3.7.RELEASE.jar, file:/C:/Users/ChristianFV/.gradle/caches/modules-2/files-2.1/org.springframework/spring-expression/4.3.7.RELEASE/5257b6486e43d8c05674323fea5b415d4da72f38/spring-expression-4.3.7.RELEASE.jar, file:/C:/Users/ChristianFV/.gradle/caches/modules-2/files-2.1/net.minidev/json-smart/2.2.1/5b9e5df7a62d1279b70dc882b041d249c4f0b002/json-smart-2.2.1.jar, file:/C:/Users/ChristianFV/.gradle/caches/modules-2/files-2.1/org.objenesis/objenesis/2.1/87c0ea803b69252868d09308b4618f766f135a96/objenesis-2.1.jar, file:/C:/Users/ChristianFV/.gradle/caches/modules-2/files-2.1/com.vaadin.external.google/android-json/0.0.20131108.vaadin1/fa26d351fe62a6a17f5cda1287c1c6110dec413f/android-json-0.0.20131108.vaadin1.jar, file:/C:/Users/ChristianFV/.gradle/caches/modules-2/files-2.1/org.aspectj/aspectjweaver/1.8.9/db28774f477f07220eac18d5ec9c4e01f48589d7/aspectjweaver-1.8.9.jar, file:/C:/Users/ChristianFV/.gradle/caches/modules-2/files-2.1/org.apache.tomcat/tomcat-jdbc/8.5.11/4d156969f12963b5f9232e9fe68ab710c3318ad5/tomcat-jdbc-8.5.11.jar, file:/C:/Users/ChristianFV/.gradle/caches/modules-2/files-2.1/org.springframework/spring-jdbc/4.3.7.RELEASE/305c8db0f9552948aec093528cd01393cc98a646/spring-jdbc-4.3.7.RELEASE.jar, file:/C:/Users/ChristianFV/.gradle/caches/modules-2/files-2.1/org.hibernate.javax.persistence/hibernate-jpa-2.1-api/1.0.0.Final/5e731d961297e5a07290bfaf3db1fbc8bbbf405a/hibernate-jpa-2.1-api-1.0.0.Final.jar, file:/C:/Users/ChristianFV/.gradle/caches/modules-2/files-2.1/org.javassist/javassist/3.21.0-GA/598244f595db5c5fb713731eddbb1c91a58d959b/javassist-3.21.0-GA.jar, file:/C:/Users/ChristianFV/.gradle/caches/modules-2/files-2.1/antlr/antlr/2.7.7/83cd2cd674a217ade95a4bb83a8a14f351f48bd0/antlr-2.7.7.jar, file:/C:/Users/ChristianFV/.gradle/caches/modules-2/files-2.1/org.jboss/jandex/2.0.0.Final/3e899258936f94649c777193e1be846387ed54b3/jandex-2.0.0.Final.jar, file:/C:/Users/ChristianFV/.gradle/caches/modules-2/files-2.1/dom4j/dom4j/1.6.1/5d3ccc056b6f056dbf0dddfdf43894b9065a8f94/dom4j-1.6.1.jar, file:/C:/Users/ChristianFV/.gradle/caches/modules-2/files-2.1/org.hibernate.common/hibernate-commons-annotations/5.0.1.Final/71e1cff3fcb20d3b3af4f3363c3ddb24d33c6879/hibernate-commons-annotations-5.0.1.Final.jar, file:/C:/Users/ChristianFV/.gradle/caches/modules-2/files-2.1/org.springframework.data/spring-data-commons/1.13.1.RELEASE/4e4257f2eb3f191613b4b000d43e8d0c3ff4457e/spring-data-commons-1.13.1.RELEASE.jar, file:/C:/Users/ChristianFV/.gradle/caches/modules-2/files-2.1/org.springframework/spring-orm/4.3.7.RELEASE/d9b193994609086ea1f067af07e0af5f53303d92/spring-orm-4.3.7.RELEASE.jar, file:/C:/Users/ChristianFV/.gradle/caches/modules-2/files-2.1/org.springframework/spring-tx/4.3.7.RELEASE/b761cc783e49b5aa998ac63a721495a9f0f69f9c/spring-tx-4.3.7.RELEASE.jar, file:/C:/Users/ChristianFV/.gradle/caches/modules-2/files-2.1/org.slf4j/jcl-over-slf4j/1.7.24/e6a8629079856a2aa7862c6327ccf6dd1988d7fc/jcl-over-slf4j-1.7.24.jar, file:/C:/Users/ChristianFV/.gradle/caches/modules-2/files-2.1/org.springframework.security/spring-security-core/4.2.2.RELEASE/b4797b71d9f7d1a4b76b5d095ac20868369a8c31/spring-security-core-4.2.2.RELEASE.jar, file:/C:/Users/ChristianFV/.gradle/caches/modules-2/files-2.1/javax.activation/activation/1.1/e6cb541461c2834bdea3eb920f1884d1eb508b50/activation-1.1.jar, file:/C:/Users/ChristianFV/.gradle/caches/modules-2/files-2.1/org.apache.poi/poi/3.11/51058d9db469437a5ed0aa508e7de8937019e1d9/poi-3.11.jar, file:/C:/Users/ChristianFV/.gradle/caches/modules-2/files-2.1/org.apache.poi/poi-ooxml-schemas/3.11/4f015e9125a65351a2e1d27c1f8c6af0ff4a34c8/poi-ooxml-schemas-3.11.jar, file:/C:/Users/ChristianFV/.gradle/caches/modules-2/files-2.1/ognl/ognl/3.0.8/37e1aebfde7eb7baebc9ad4f85116ef9009c5fc5/ognl-3.0.8.jar, file:/C:/Users/ChristianFV/.gradle/caches/modules-2/files-2.1/org.unbescape/unbescape/1.1.0.RELEASE/ab0db4fe0a6fa89fb8da2a40008a4e63a7f3f5b9/unbescape-1.1.0.RELEASE.jar, file:/C:/Users/ChristianFV/.gradle/caches/modules-2/files-2.1/ch.qos.logback/logback-classic/1.1.11/ccedfbacef4a6515d2983e3f89ed753d5d4fb665/logback-classic-1.1.11.jar, file:/C:/Users/ChristianFV/.gradle/caches/modules-2/files-2.1/org.slf4j/jul-to-slf4j/1.7.24/25a2be668cb2ad1d05d76c0773df73b4b53617fd/jul-to-slf4j-1.7.24.jar, file:/C:/Users/ChristianFV/.gradle/caches/modules-2/files-2.1/org.slf4j/log4j-over-slf4j/1.7.24/6ab46c51a3848286a0db3ba7b22037b3834c3c44/log4j-over-slf4j-1.7.24.jar, file:/C:/Users/ChristianFV/.gradle/caches/modules-2/files-2.1/net.minidev/accessors-smart/1.1/a527213f2fea112a04c9bdf0ec0264e34104cd08/accessors-smart-1.1.jar, file:/C:/Users/ChristianFV/.gradle/caches/modules-2/files-2.1/org.apache.tomcat/tomcat-juli/8.5.11/fa0b261ce002175b65ebb6ae8eb4345cb7e57da3/tomcat-juli-8.5.11.jar, file:/C:/Users/ChristianFV/.gradle/caches/modules-2/files-2.1/commons-codec/commons-codec/1.10/4b95f4897fa13f2cd904aee711aeafc0c5295cd8/commons-codec-1.10.jar, file:/C:/Users/ChristianFV/.gradle/caches/modules-2/files-2.1/org.apache.xmlbeans/xmlbeans/2.6.0/29e80d2dd51f9dcdef8f9ffaee0d4dc1c9bbfc87/xmlbeans-2.6.0.jar, file:/C:/Users/ChristianFV/.gradle/caches/modules-2/files-2.1/ch.qos.logback/logback-core/1.1.11/88b8df40340eed549fb07e2613879bf6b006704d/logback-core-1.1.11.jar, file:/C:/Users/ChristianFV/.gradle/caches/modules-2/files-2.1/org.ow2.asm/asm/5.0.3/dcc2193db20e19e1feca8b1240dbbc4e190824fa/asm-5.0.3.jar, file:/C:/Users/ChristianFV/.gradle/caches/modules-2/files-2.1/stax/stax-api/1.0.1/49c100caf72d658aca8e58bd74a4ba90fa2b0d70/stax-api-1.0.1.jar, file:/C:/Users/ChristianFV/.gradle/caches/modules-2/files-2.1/net.sourceforge.cobertura/cobertura/2.1.1/eab984794b3f7d0d37736a9e5b7f790128f611b5/cobertura-2.1.1.jar, file:/C:/Users/ChristianFV/.gradle/caches/modules-2/files-2.1/org.ow2.asm/asm/5.0.1/2fd56467a018aafe6ec6a73ccba520be4a7e1565/asm-5.0.1.jar, file:/C:/Users/ChristianFV/.gradle/caches/modules-2/files-2.1/org.ow2.asm/asm-tree/5.0.1/1b1e6e9d869acd704056d0a4223071a511c619e6/asm-tree-5.0.1.jar, file:/C:/Users/ChristianFV/.gradle/caches/modules-2/files-2.1/org.ow2.asm/asm-commons/5.0.1/7b7147a390a93a14d2edfdcf3f7b0e87a0939c3e/asm-commons-5.0.1.jar, file:/C:/Users/ChristianFV/.gradle/caches/modules-2/files-2.1/org.ow2.asm/asm-util/5.0.1/7c8caddfbd0b2d7b844f8fcc75175b9cb9cf4724/asm-util-5.0.1.jar, file:/C:/Users/ChristianFV/.gradle/caches/modules-2/files-2.1/org.ow2.asm/asm-analysis/5.0.1/e286fbee48efacb4e7c175f7948d9d8b2ab52352/asm-analysis-5.0.1.jar, file:/C:/Users/ChristianFV/.gradle/caches/modules-2/files-2.1/oro/oro/2.0.8/5592374f834645c4ae250f4c9fbb314c9369d698/oro-2.0.8.jar, file:/C:/Users/ChristianFV/.gradle/caches/modules-2/files-2.1/jaxen/jaxen/1.1.6/3f8c36d9a0578e8e98f030c662b69888b1430ac0/jaxen-1.1.6.jar, file:/C:/Users/ChristianFV/.gradle/caches/modules-2/files-2.1/org.apache.ant/ant/1.8.3/77c746ecab048b9839c7a8e39e55fe8636c5b11/ant-1.8.3.jar, file:/C:/Users/ChristianFV/.gradle/caches/modules-2/files-2.1/org.apache.ant/ant-junit/1.8.3/9f77eec4e103241602fb0cdd97b3ec3237e0bd9/ant-junit-1.8.3.jar, file:/C:/Users/ChristianFV/.gradle/caches/modules-2/files-2.1/org.mortbay.jetty/servlet-api-2.5/6.1.14/5f07601ab7d7c85dd9e38a17c0e1b0edfbd4a191/servlet-api-2.5-6.1.14.jar, file:/C:/Users/ChristianFV/.gradle/caches/modules-2/files-2.1/org.mortbay.jetty/jetty/6.1.14/5ded67b609e59c27e82ff61b510773d28c9bef56/jetty-6.1.14.jar, file:/C:/Users/ChristianFV/.gradle/caches/modules-2/files-2.1/org.mortbay.jetty/jetty-util/6.1.14/1b707d5884e35c9b97114a24aa9ee94ca531fa21/jetty-util-6.1.14.jar, file:/C:/Users/ChristianFV/.gradle/caches/modules-2/files-2.1/org.apache.commons/commons-lang3/3.3.2/90a3822c38ec8c996e84c16a3477ef632cbc87a3/commons-lang3-3.3.2.jar, file:/C:/Users/ChristianFV/.gradle/caches/modules-2/files-2.1/org.apache.ant/ant-launcher/1.8.3/a22bcf9438c41828b04c13b052c4886606abac2/ant-launcher-1.8.3.jar]
[DEBUG] Could not find key 'context.listener.classes' in any property source
[DEBUG] Could not find key 'banner.image.location' in any property source
[DEBUG] Could not find key 'banner.location' in any property source

  .   ____          _            __ _ _
 /\\ / ___'_ __ _ _(_)_ __  __ _ \ \ \ \
( ( )\___ | '_ | '_| | '_ \/ _` | \ \ \ \
 \\/  ___)| |_)| | | | | || (_| |  ) ) ) )
  '  |____| .__|_| |_|_| |_\__, | / / / /
 =========|_|==============|___/=/_/_/_/
 :: Spring Boot ::        (v1.5.2.RELEASE)

[DEBUG] Could not find key 'context.initializer.classes' in any property source
[DEBUG] Could not find key 'spring.config.name:application' in any property source
[DEBUG] Could not find key 'spring.config.name' in any property source
[DEBUG] Could not find key 'vcap.application.name:application' in any property source
[DEBUG] Could not find key 'vcap.application.name' in any property source
[DEBUG] Could not find key 'spring.application.name:application' in any property source
[DEBUG] Could not find key 'spring.application.name' in any property source
[DEBUG] Could not find key 'PORT:null' in any property source
[DEBUG] Could not find key 'PORT' in any property source
[DEBUG] Could not find key 'server.port:null' in any property source
[DEBUG] Found key 'server.port' in [Inlined Test Properties] with type [String]
[DEBUG] Could not find key 'spring.application.index:-1' in any property source
[DEBUG] Could not find key 'spring.application.index' in any property source
[DEBUG] Could not find key 'vcap.application.instance_index:-1' in any property source
[DEBUG] Could not find key 'vcap.application.instance_index' in any property source
[DEBUG] Could not find key 'spring.profiles.active' in any property source
[DEBUG] Found javax.persistence.Persistence on classpath containing 'getPersistenceUtil'. Assuming JPA 2 environment. Trying to instantiate JPA aware TraversableResolver
[DEBUG] Instantiated JPA aware TraversableResolver of type org.hibernate.validator.internal.engine.resolver.JPATraversableResolver.
[DEBUG] Returning cached instance of singleton bean 'autoConfigurationReport'
[INFO] Starting DBUnitDataTest on Christian-FV with PID 9572 (started by ChristianFV in C:\Users\ChristianFV\Documents\workspace-sts-3.8.3.RELEASE\SistemaReservaciones)
[DEBUG] Running with Spring Boot v1.5.2.RELEASE, Spring v4.3.7.RELEASE
[DEBUG] Could not find key 'spring.profiles.active' in any property source
[DEBUG] Could not find key 'spring.profiles.default' in any property source
[INFO] No active profile set, falling back to default profiles: default
[DEBUG] Loading source class mx.com.restaurante.Application
[DEBUG] JSR-250 'javax.annotation.ManagedBean' found and supported for component scanning
[DEBUG] Loaded config file 'file:/C:/Users/ChristianFV/Documents/workspace-sts-3.8.3.RELEASE/SistemaReservaciones/build/resources/main/application.properties' (classpath:/application.properties)
[DEBUG] Skipped (empty) config file 'file:/C:/Users/ChristianFV/Documents/workspace-sts-3.8.3.RELEASE/SistemaReservaciones/build/resources/main/application.properties' (classpath:/application.properties) for profile default
[INFO] Refreshing org.springframework.web.context.support.GenericWebApplicationContext@4e187cd6: startup date [Fri Jun 09 11:30:24 CDT 2017]; root of context hierarchy
[DEBUG] Bean factory for org.springframework.web.context.support.GenericWebApplicationContext@4e187cd6: org.springframework.beans.factory.support.DefaultListableBeanFactory@7074d98f: defining beans [org.springframework.boot.test.mock.mockito.MockitoPostProcessor$SpyPostProcessor,org.springframework.boot.test.mock.mockito.MockitoPostProcessor,org.springframework.context.annotation.internalConfigurationAnnotationProcessor,org.springframework.context.annotation.internalAutowiredAnnotationProcessor,org.springframework.context.annotation.internalRequiredAnnotationProcessor,org.springframework.context.annotation.internalCommonAnnotationProcessor,org.springframework.context.annotation.internalPersistenceAnnotationProcessor,org.springframework.context.event.internalEventListenerProcessor,org.springframework.context.event.internalEventListenerFactory,application]; root of factory hierarchy
[DEBUG] Registering scope 'request' with implementation [org.springframework.web.context.request.RequestScope@6e8a2415]
[DEBUG] Registering scope 'session' with implementation [org.springframework.web.context.request.SessionScope@76bd56e4]
[DEBUG] Registering scope 'globalSession' with implementation [org.springframework.web.context.request.SessionScope@2053411d]
[DEBUG] Registering scope 'application' with implementation [org.springframework.web.context.support.ServletContextScope@3ed6e8f9]
[DEBUG] Creating shared instance of singleton bean 'org.springframework.context.annotation.internalConfigurationAnnotationProcessor'
[DEBUG] Creating instance of bean 'org.springframework.context.annotation.internalConfigurationAnnotationProcessor'
[DEBUG] Eagerly caching bean 'org.springframework.context.annotation.internalConfigurationAnnotationProcessor' to allow for resolving potential circular references
[DEBUG] Creating shared instance of singleton bean 'org.springframework.boot.autoconfigure.internalCachingMetadataReaderFactory'
[DEBUG] Creating instance of bean 'org.springframework.boot.autoconfigure.internalCachingMetadataReaderFactory'
[DEBUG] Eagerly caching bean 'org.springframework.boot.autoconfigure.internalCachingMetadataReaderFactory' to allow for resolving potential circular references
[DEBUG] Finished creating instance of bean 'org.springframework.boot.autoconfigure.internalCachingMetadataReaderFactory'
[DEBUG] Finished creating instance of bean 'org.springframework.context.annotation.internalConfigurationAnnotationProcessor'
[DEBUG] JSR-250 'javax.annotation.ManagedBean' found and supported for component scanning
[DEBUG] Resolved classpath location [mx/com/restaurante/] to resources [URL [file:/C:/Users/ChristianFV/Documents/workspace-sts-3.8.3.RELEASE/SistemaReservaciones/build/instrumented_classes/mx/com/restaurante/], URL [file:/C:/Users/ChristianFV/Documents/workspace-sts-3.8.3.RELEASE/SistemaReservaciones/build/classes/test/mx/com/restaurante/], URL [file:/C:/Users/ChristianFV/Documents/workspace-sts-3.8.3.RELEASE/SistemaReservaciones/build/classes/main/mx/com/restaurante/]]
[DEBUG] Looking for matching resources in directory tree [C:\Users\ChristianFV\Documents\workspace-sts-3.8.3.RELEASE\SistemaReservaciones\build\instrumented_classes\mx\com\restaurante]
[DEBUG] Searching directory [C:\Users\ChristianFV\Documents\workspace-sts-3.8.3.RELEASE\SistemaReservaciones\build\instrumented_classes\mx\com\restaurante] for files matching pattern [C:/Users/ChristianFV/Documents/workspace-sts-3.8.3.RELEASE/SistemaReservaciones/build/instrumented_classes/mx/com/restaurante/**/*.class]
[DEBUG] Searching directory [C:\Users\ChristianFV\Documents\workspace-sts-3.8.3.RELEASE\SistemaReservaciones\build\instrumented_classes\mx\com\restaurante\controller] for files matching pattern [C:/Users/ChristianFV/Documents/workspace-sts-3.8.3.RELEASE/SistemaReservaciones/build/instrumented_classes/mx/com/restaurante/**/*.class]
[DEBUG] Searching directory [C:\Users\ChristianFV\Documents\workspace-sts-3.8.3.RELEASE\SistemaReservaciones\build\instrumented_classes\mx\com\restaurante\domain] for files matching pattern [C:/Users/ChristianFV/Documents/workspace-sts-3.8.3.RELEASE/SistemaReservaciones/build/instrumented_classes/mx/com/restaurante/**/*.class]
[DEBUG] Searching directory [C:\Users\ChristianFV\Documents\workspace-sts-3.8.3.RELEASE\SistemaReservaciones\build\instrumented_classes\mx\com\restaurante\domain\repository] for files matching pattern [C:/Users/ChristianFV/Documents/workspace-sts-3.8.3.RELEASE/SistemaReservaciones/build/instrumented_classes/mx/com/restaurante/**/*.class]
[DEBUG] Searching directory [C:\Users\ChristianFV\Documents\workspace-sts-3.8.3.RELEASE\SistemaReservaciones\build\instrumented_classes\mx\com\restaurante\service] for files matching pattern [C:/Users/ChristianFV/Documents/workspace-sts-3.8.3.RELEASE/SistemaReservaciones/build/instrumented_classes/mx/com/restaurante/**/*.class]
[DEBUG] Searching directory [C:\Users\ChristianFV\Documents\workspace-sts-3.8.3.RELEASE\SistemaReservaciones\build\instrumented_classes\mx\com\restaurante\service\impl] for files matching pattern [C:/Users/ChristianFV/Documents/workspace-sts-3.8.3.RELEASE/SistemaReservaciones/build/instrumented_classes/mx/com/restaurante/**/*.class]
[DEBUG] Searching directory [C:\Users\ChristianFV\Documents\workspace-sts-3.8.3.RELEASE\SistemaReservaciones\build\instrumented_classes\mx\com\restaurante\util] for files matching pattern [C:/Users/ChristianFV/Documents/workspace-sts-3.8.3.RELEASE/SistemaReservaciones/build/instrumented_classes/mx/com/restaurante/**/*.class]
[DEBUG] Looking for matching resources in directory tree [C:\Users\ChristianFV\Documents\workspace-sts-3.8.3.RELEASE\SistemaReservaciones\build\classes\test\mx\com\restaurante]
[DEBUG] Searching directory [C:\Users\ChristianFV\Documents\workspace-sts-3.8.3.RELEASE\SistemaReservaciones\build\classes\test\mx\com\restaurante] for files matching pattern [C:/Users/ChristianFV/Documents/workspace-sts-3.8.3.RELEASE/SistemaReservaciones/build/classes/test/mx/com/restaurante/**/*.class]
[DEBUG] Searching directory [C:\Users\ChristianFV\Documents\workspace-sts-3.8.3.RELEASE\SistemaReservaciones\build\classes\test\mx\com\restaurante\test] for files matching pattern [C:/Users/ChristianFV/Documents/workspace-sts-3.8.3.RELEASE/SistemaReservaciones/build/classes/test/mx/com/restaurante/**/*.class]
[DEBUG] Searching directory [C:\Users\ChristianFV\Documents\workspace-sts-3.8.3.RELEASE\SistemaReservaciones\build\classes\test\mx\com\restaurante\test\controller] for files matching pattern [C:/Users/ChristianFV/Documents/workspace-sts-3.8.3.RELEASE/SistemaReservaciones/build/classes/test/mx/com/restaurante/**/*.class]
[DEBUG] Searching directory [C:\Users\ChristianFV\Documents\workspace-sts-3.8.3.RELEASE\SistemaReservaciones\build\classes\test\mx\com\restaurante\test\domain] for files matching pattern [C:/Users/ChristianFV/Documents/workspace-sts-3.8.3.RELEASE/SistemaReservaciones/build/classes/test/mx/com/restaurante/**/*.class]
[DEBUG] Searching directory [C:\Users\ChristianFV\Documents\workspace-sts-3.8.3.RELEASE\SistemaReservaciones\build\classes\test\mx\com\restaurante\test\service] for files matching pattern [C:/Users/ChristianFV/Documents/workspace-sts-3.8.3.RELEASE/SistemaReservaciones/build/classes/test/mx/com/restaurante/**/*.class]
[DEBUG] Looking for matching resources in directory tree [C:\Users\ChristianFV\Documents\workspace-sts-3.8.3.RELEASE\SistemaReservaciones\build\classes\main\mx\com\restaurante]
[DEBUG] Searching directory [C:\Users\ChristianFV\Documents\workspace-sts-3.8.3.RELEASE\SistemaReservaciones\build\classes\main\mx\com\restaurante] for files matching pattern [C:/Users/ChristianFV/Documents/workspace-sts-3.8.3.RELEASE/SistemaReservaciones/build/classes/main/mx/com/restaurante/**/*.class]
[DEBUG] Searching directory [C:\Users\ChristianFV\Documents\workspace-sts-3.8.3.RELEASE\SistemaReservaciones\build\classes\main\mx\com\restaurante\controller] for files matching pattern [C:/Users/ChristianFV/Documents/workspace-sts-3.8.3.RELEASE/SistemaReservaciones/build/classes/main/mx/com/restaurante/**/*.class]
[DEBUG] Searching directory [C:\Users\ChristianFV\Documents\workspace-sts-3.8.3.RELEASE\SistemaReservaciones\build\classes\main\mx\com\restaurante\domain] for files matching pattern [C:/Users/ChristianFV/Documents/workspace-sts-3.8.3.RELEASE/SistemaReservaciones/build/classes/main/mx/com/restaurante/**/*.class]
[DEBUG] Searching directory [C:\Users\ChristianFV\Documents\workspace-sts-3.8.3.RELEASE\SistemaReservaciones\build\classes\main\mx\com\restaurante\domain\repository] for files matching pattern [C:/Users/ChristianFV/Documents/workspace-sts-3.8.3.RELEASE/SistemaReservaciones/build/classes/main/mx/com/restaurante/**/*.class]
[DEBUG] Searching directory [C:\Users\ChristianFV\Documents\workspace-sts-3.8.3.RELEASE\SistemaReservaciones\build\classes\main\mx\com\restaurante\service] for files matching pattern [C:/Users/ChristianFV/Documents/workspace-sts-3.8.3.RELEASE/SistemaReservaciones/build/classes/main/mx/com/restaurante/**/*.class]
[DEBUG] Searching directory [C:\Users\ChristianFV\Documents\workspace-sts-3.8.3.RELEASE\SistemaReservaciones\build\classes\main\mx\com\restaurante\service\impl] for files matching pattern [C:/Users/ChristianFV/Documents/workspace-sts-3.8.3.RELEASE/SistemaReservaciones/build/classes/main/mx/com/restaurante/**/*.class]
[DEBUG] Searching directory [C:\Users\ChristianFV\Documents\workspace-sts-3.8.3.RELEASE\SistemaReservaciones\build\classes\main\mx\com\restaurante\util] for files matching pattern [C:/Users/ChristianFV/Documents/workspace-sts-3.8.3.RELEASE/SistemaReservaciones/build/classes/main/mx/com/restaurante/**/*.class]
[DEBUG] Resolved location pattern [classpath*:mx/com/restaurante/**/*.class] to resources [file [C:\Users\ChristianFV\Documents\workspace-sts-3.8.3.RELEASE\SistemaReservaciones\build\instrumented_classes\mx\com\restaurante\Application.class], file [C:\Users\ChristianFV\Documents\workspace-sts-3.8.3.RELEASE\SistemaReservaciones\build\instrumented_classes\mx\com\restaurante\controller\ClienteController.class], file [C:\Users\ChristianFV\Documents\workspace-sts-3.8.3.RELEASE\SistemaReservaciones\build\instrumented_classes\mx\com\restaurante\controller\LoginController.class], file [C:\Users\ChristianFV\Documents\workspace-sts-3.8.3.RELEASE\SistemaReservaciones\build\instrumented_classes\mx\com\restaurante\controller\ReservacionController.class], file [C:\Users\ChristianFV\Documents\workspace-sts-3.8.3.RELEASE\SistemaReservaciones\build\instrumented_classes\mx\com\restaurante\domain\Cliente.class], file [C:\Users\ChristianFV\Documents\workspace-sts-3.8.3.RELEASE\SistemaReservaciones\build\instrumented_classes\mx\com\restaurante\domain\repository\ClienteRepository.class], file [C:\Users\ChristianFV\Documents\workspace-sts-3.8.3.RELEASE\SistemaReservaciones\build\instrumented_classes\mx\com\restaurante\domain\repository\ReservacionRepository.class], file [C:\Users\ChristianFV\Documents\workspace-sts-3.8.3.RELEASE\SistemaReservaciones\build\instrumented_classes\mx\com\restaurante\domain\Reservacion.class], file [C:\Users\ChristianFV\Documents\workspace-sts-3.8.3.RELEASE\SistemaReservaciones\build\instrumented_classes\mx\com\restaurante\MailConfiguration.class], file [C:\Users\ChristianFV\Documents\workspace-sts-3.8.3.RELEASE\SistemaReservaciones\build\instrumented_classes\mx\com\restaurante\MvcConfig.class], file [C:\Users\ChristianFV\Documents\workspace-sts-3.8.3.RELEASE\SistemaReservaciones\build\instrumented_classes\mx\com\restaurante\service\ClienteService.class], file [C:\Users\ChristianFV\Documents\workspace-sts-3.8.3.RELEASE\SistemaReservaciones\build\instrumented_classes\mx\com\restaurante\service\impl\ClienteServiceImpl.class], file [C:\Users\ChristianFV\Documents\workspace-sts-3.8.3.RELEASE\SistemaReservaciones\build\instrumented_classes\mx\com\restaurante\service\impl\ReservacionServiceImpl.class], file [C:\Users\ChristianFV\Documents\workspace-sts-3.8.3.RELEASE\SistemaReservaciones\build\instrumented_classes\mx\com\restaurante\service\ReservacionService.class], file [C:\Users\ChristianFV\Documents\workspace-sts-3.8.3.RELEASE\SistemaReservaciones\build\instrumented_classes\mx\com\restaurante\util\DBUnitData.class], file [C:\Users\ChristianFV\Documents\workspace-sts-3.8.3.RELEASE\SistemaReservaciones\build\instrumented_classes\mx\com\restaurante\WebSecurityConfig.class], file [C:\Users\ChristianFV\Documents\workspace-sts-3.8.3.RELEASE\SistemaReservaciones\build\classes\test\mx\com\restaurante\test\controller\ClienteTestController.class], file [C:\Users\ChristianFV\Documents\workspace-sts-3.8.3.RELEASE\SistemaReservaciones\build\classes\test\mx\com\restaurante\test\controller\gestionReservacionTestController.class], file [C:\Users\ChristianFV\Documents\workspace-sts-3.8.3.RELEASE\SistemaReservaciones\build\classes\test\mx\com\restaurante\test\controller\ReservacionTestController.class], file [C:\Users\ChristianFV\Documents\workspace-sts-3.8.3.RELEASE\SistemaReservaciones\build\classes\test\mx\com\restaurante\test\DBUnitDataTest.class], file [C:\Users\ChristianFV\Documents\workspace-sts-3.8.3.RELEASE\SistemaReservaciones\build\classes\test\mx\com\restaurante\test\domain\ClienteDomainTest.class], file [C:\Users\ChristianFV\Documents\workspace-sts-3.8.3.RELEASE\SistemaReservaciones\build\classes\test\mx\com\restaurante\test\service\ClienteServiceTest.class], file [C:\Users\ChristianFV\Documents\workspace-sts-3.8.3.RELEASE\SistemaReservaciones\build\classes\test\mx\com\restaurante\test\service\ReservacionServiceTest.class], file [C:\Users\ChristianFV\Documents\workspace-sts-3.8.3.RELEASE\SistemaReservaciones\build\classes\main\mx\com\restaurante\Application.class], file [C:\Users\ChristianFV\Documents\workspace-sts-3.8.3.RELEASE\SistemaReservaciones\build\classes\main\mx\com\restaurante\controller\ClienteController.class], file [C:\Users\ChristianFV\Documents\workspace-sts-3.8.3.RELEASE\SistemaReservaciones\build\classes\main\mx\com\restaurante\controller\LoginController.class], file [C:\Users\ChristianFV\Documents\workspace-sts-3.8.3.RELEASE\SistemaReservaciones\build\classes\main\mx\com\restaurante\controller\ReservacionController.class], file [C:\Users\ChristianFV\Documents\workspace-sts-3.8.3.RELEASE\SistemaReservaciones\build\classes\main\mx\com\restaurante\domain\Cliente.class], file [C:\Users\ChristianFV\Documents\workspace-sts-3.8.3.RELEASE\SistemaReservaciones\build\classes\main\mx\com\restaurante\domain\repository\ClienteRepository.class], file [C:\Users\ChristianFV\Documents\workspace-sts-3.8.3.RELEASE\SistemaReservaciones\build\classes\main\mx\com\restaurante\domain\repository\ReservacionRepository.class], file [C:\Users\ChristianFV\Documents\workspace-sts-3.8.3.RELEASE\SistemaReservaciones\build\classes\main\mx\com\restaurante\domain\Reservacion.class], file [C:\Users\ChristianFV\Documents\workspace-sts-3.8.3.RELEASE\SistemaReservaciones\build\classes\main\mx\com\restaurante\MailConfiguration.class], file [C:\Users\ChristianFV\Documents\workspace-sts-3.8.3.RELEASE\SistemaReservaciones\build\classes\main\mx\com\restaurante\MvcConfig.class], file [C:\Users\ChristianFV\Documents\workspace-sts-3.8.3.RELEASE\SistemaReservaciones\build\classes\main\mx\com\restaurante\service\ClienteService.class], file [C:\Users\ChristianFV\Documents\workspace-sts-3.8.3.RELEASE\SistemaReservaciones\build\classes\main\mx\com\restaurante\service\impl\ClienteServiceImpl.class], file [C:\Users\ChristianFV\Documents\workspace-sts-3.8.3.RELEASE\SistemaReservaciones\build\classes\main\mx\com\restaurante\service\impl\ReservacionServiceImpl.class], file [C:\Users\ChristianFV\Documents\workspace-sts-3.8.3.RELEASE\SistemaReservaciones\build\classes\main\mx\com\restaurante\service\ReservacionService.class], file [C:\Users\ChristianFV\Documents\workspace-sts-3.8.3.RELEASE\SistemaReservaciones\build\classes\main\mx\com\restaurante\util\DBUnitData.class], file [C:\Users\ChristianFV\Documents\workspace-sts-3.8.3.RELEASE\SistemaReservaciones\build\classes\main\mx\com\restaurante\WebSecurityConfig.class]]
[DEBUG] Returning cached instance of singleton bean 'org.springframework.boot.test.context.filter.TestTypeExcludeFilter'
[DEBUG] Identified candidate component class: file [C:\Users\ChristianFV\Documents\workspace-sts-3.8.3.RELEASE\SistemaReservaciones\build\instrumented_classes\mx\com\restaurante\controller\ClienteController.class]
[DEBUG] Returning cached instance of singleton bean 'org.springframework.boot.test.context.filter.TestTypeExcludeFilter'
[DEBUG] Identified candidate component class: file [C:\Users\ChristianFV\Documents\workspace-sts-3.8.3.RELEASE\SistemaReservaciones\build\instrumented_classes\mx\com\restaurante\controller\LoginController.class]
[DEBUG] Returning cached instance of singleton bean 'org.springframework.boot.test.context.filter.TestTypeExcludeFilter'
[DEBUG] Identified candidate component class: file [C:\Users\ChristianFV\Documents\workspace-sts-3.8.3.RELEASE\SistemaReservaciones\build\instrumented_classes\mx\com\restaurante\controller\ReservacionController.class]
[DEBUG] Returning cached instance of singleton bean 'org.springframework.boot.test.context.filter.TestTypeExcludeFilter'
[DEBUG] Returning cached instance of singleton bean 'org.springframework.boot.test.context.filter.TestTypeExcludeFilter'
[DEBUG] Returning cached instance of singleton bean 'org.springframework.boot.test.context.filter.TestTypeExcludeFilter'
[DEBUG] Returning cached instance of singleton bean 'org.springframework.boot.test.context.filter.TestTypeExcludeFilter'
[DEBUG] Returning cached instance of singleton bean 'org.springframework.boot.test.context.filter.TestTypeExcludeFilter'
[DEBUG] Identified candidate component class: file [C:\Users\ChristianFV\Documents\workspace-sts-3.8.3.RELEASE\SistemaReservaciones\build\instrumented_classes\mx\com\restaurante\MailConfiguration.class]
[DEBUG] Returning cached instance of singleton bean 'org.springframework.boot.test.context.filter.TestTypeExcludeFilter'
[DEBUG] Identified candidate component class: file [C:\Users\ChristianFV\Documents\workspace-sts-3.8.3.RELEASE\SistemaReservaciones\build\instrumented_classes\mx\com\restaurante\MvcConfig.class]
[DEBUG] Returning cached instance of singleton bean 'org.springframework.boot.test.context.filter.TestTypeExcludeFilter'
[DEBUG] Returning cached instance of singleton bean 'org.springframework.boot.test.context.filter.TestTypeExcludeFilter'
[DEBUG] Identified candidate component class: file [C:\Users\ChristianFV\Documents\workspace-sts-3.8.3.RELEASE\SistemaReservaciones\build\instrumented_classes\mx\com\restaurante\service\impl\ClienteServiceImpl.class]
[DEBUG] Returning cached instance of singleton bean 'org.springframework.boot.test.context.filter.TestTypeExcludeFilter'
[DEBUG] Identified candidate component class: file [C:\Users\ChristianFV\Documents\workspace-sts-3.8.3.RELEASE\SistemaReservaciones\build\instrumented_classes\mx\com\restaurante\service\impl\ReservacionServiceImpl.class]
[DEBUG] Returning cached instance of singleton bean 'org.springframework.boot.test.context.filter.TestTypeExcludeFilter'
[DEBUG] Returning cached instance of singleton bean 'org.springframework.boot.test.context.filter.TestTypeExcludeFilter'
[DEBUG] Returning cached instance of singleton bean 'org.springframework.boot.test.context.filter.TestTypeExcludeFilter'
[DEBUG] Identified candidate component class: file [C:\Users\ChristianFV\Documents\workspace-sts-3.8.3.RELEASE\SistemaReservaciones\build\instrumented_classes\mx\com\restaurante\WebSecurityConfig.class]
[DEBUG] Returning cached instance of singleton bean 'org.springframework.boot.test.context.filter.TestTypeExcludeFilter'
[DEBUG] Returning cached instance of singleton bean 'org.springframework.boot.test.context.filter.TestTypeExcludeFilter'
[DEBUG] Returning cached instance of singleton bean 'org.springframework.boot.test.context.filter.TestTypeExcludeFilter'
[DEBUG] Returning cached instance of singleton bean 'org.springframework.boot.test.context.filter.TestTypeExcludeFilter'
[DEBUG] Returning cached instance of singleton bean 'org.springframework.boot.test.context.filter.TestTypeExcludeFilter'
[DEBUG] Returning cached instance of singleton bean 'org.springframework.boot.test.context.filter.TestTypeExcludeFilter'
[DEBUG] Returning cached instance of singleton bean 'org.springframework.boot.test.context.filter.TestTypeExcludeFilter'
[DEBUG] Returning cached instance of singleton bean 'org.springframework.boot.test.context.filter.TestTypeExcludeFilter'
[DEBUG] Identified candidate component class: file [C:\Users\ChristianFV\Documents\workspace-sts-3.8.3.RELEASE\SistemaReservaciones\build\classes\main\mx\com\restaurante\controller\ClienteController.class]
[DEBUG] Returning cached instance of singleton bean 'org.springframework.boot.test.context.filter.TestTypeExcludeFilter'
[DEBUG] Identified candidate component class: file [C:\Users\ChristianFV\Documents\workspace-sts-3.8.3.RELEASE\SistemaReservaciones\build\classes\main\mx\com\restaurante\controller\LoginController.class]
[DEBUG] Returning cached instance of singleton bean 'org.springframework.boot.test.context.filter.TestTypeExcludeFilter'
[DEBUG] Identified candidate component class: file [C:\Users\ChristianFV\Documents\workspace-sts-3.8.3.RELEASE\SistemaReservaciones\build\classes\main\mx\com\restaurante\controller\ReservacionController.class]
[DEBUG] Returning cached instance of singleton bean 'org.springframework.boot.test.context.filter.TestTypeExcludeFilter'
[DEBUG] Returning cached instance of singleton bean 'org.springframework.boot.test.context.filter.TestTypeExcludeFilter'
[DEBUG] Returning cached instance of singleton bean 'org.springframework.boot.test.context.filter.TestTypeExcludeFilter'
[DEBUG] Returning cached instance of singleton bean 'org.springframework.boot.test.context.filter.TestTypeExcludeFilter'
[DEBUG] Returning cached instance of singleton bean 'org.springframework.boot.test.context.filter.TestTypeExcludeFilter'
[DEBUG] Identified candidate component class: file [C:\Users\ChristianFV\Documents\workspace-sts-3.8.3.RELEASE\SistemaReservaciones\build\classes\main\mx\com\restaurante\MailConfiguration.class]
[DEBUG] Returning cached instance of singleton bean 'org.springframework.boot.test.context.filter.TestTypeExcludeFilter'
[DEBUG] Identified candidate component class: file [C:\Users\ChristianFV\Documents\workspace-sts-3.8.3.RELEASE\SistemaReservaciones\build\classes\main\mx\com\restaurante\MvcConfig.class]
[DEBUG] Returning cached instance of singleton bean 'org.springframework.boot.test.context.filter.TestTypeExcludeFilter'
[DEBUG] Returning cached instance of singleton bean 'org.springframework.boot.test.context.filter.TestTypeExcludeFilter'
[DEBUG] Identified candidate component class: file [C:\Users\ChristianFV\Documents\workspace-sts-3.8.3.RELEASE\SistemaReservaciones\build\classes\main\mx\com\restaurante\service\impl\ClienteServiceImpl.class]
[DEBUG] Returning cached instance of singleton bean 'org.springframework.boot.test.context.filter.TestTypeExcludeFilter'
[DEBUG] Identified candidate component class: file [C:\Users\ChristianFV\Documents\workspace-sts-3.8.3.RELEASE\SistemaReservaciones\build\classes\main\mx\com\restaurante\service\impl\ReservacionServiceImpl.class]
[DEBUG] Returning cached instance of singleton bean 'org.springframework.boot.test.context.filter.TestTypeExcludeFilter'
[DEBUG] Returning cached instance of singleton bean 'org.springframework.boot.test.context.filter.TestTypeExcludeFilter'
[DEBUG] Returning cached instance of singleton bean 'org.springframework.boot.test.context.filter.TestTypeExcludeFilter'
[DEBUG] Identified candidate component class: file [C:\Users\ChristianFV\Documents\workspace-sts-3.8.3.RELEASE\SistemaReservaciones\build\classes\main\mx\com\restaurante\WebSecurityConfig.class]
[DEBUG] Adding [class path resource [mail.properties]] PropertySource with lowest search precedence
[DEBUG] Could not find key 'spring.boot.enableautoconfiguration' in any property source
[DEBUG] Returning cached instance of singleton bean 'org.springframework.boot.autoconfigure.internalCachingMetadataReaderFactory'
[DEBUG] Returning cached instance of singleton bean 'autoConfigurationReport'
[DEBUG] Returning cached instance of singleton bean 'autoConfigurationReport'
[DEBUG] Could not find key 'spring.messages.basename' in any property source
[DEBUG] Returning cached instance of singleton bean 'autoConfigurationReport'
[DEBUG] Returning cached instance of singleton bean 'autoConfigurationReport'
[DEBUG] Returning cached instance of singleton bean 'autoConfigurationReport'
[DEBUG] Returning cached instance of singleton bean 'autoConfigurationReport'
[DEBUG] Returning cached instance of singleton bean 'autoConfigurationReport'
[DEBUG] Returning cached instance of singleton bean 'autoConfigurationReport'
[DEBUG] Returning cached instance of singleton bean 'autoConfigurationReport'
[DEBUG] Returning cached instance of singleton bean 'autoConfigurationReport'
[DEBUG] Returning cached instance of singleton bean 'autoConfigurationReport'
[DEBUG] Returning cached instance of singleton bean 'autoConfigurationReport'
[DEBUG] Returning cached instance of singleton bean 'autoConfigurationReport'
[DEBUG] Returning cached instance of singleton bean 'autoConfigurationReport'
[DEBUG] Returning cached instance of singleton bean 'autoConfigurationReport'
[DEBUG] Returning cached instance of singleton bean 'autoConfigurationReport'
[DEBUG] Returning cached instance of singleton bean 'autoConfigurationReport'
[DEBUG] Returning cached instance of singleton bean 'autoConfigurationReport'
[DEBUG] Returning cached instance of singleton bean 'autoConfigurationReport'
[DEBUG] Returning cached instance of singleton bean 'autoConfigurationReport'
[DEBUG] Returning cached instance of singleton bean 'autoConfigurationReport'
[DEBUG] Returning cached instance of singleton bean 'autoConfigurationReport'
[DEBUG] Returning cached instance of singleton bean 'autoConfigurationReport'
[DEBUG] Returning cached instance of singleton bean 'autoConfigurationReport'
[DEBUG] Returning cached instance of singleton bean 'autoConfigurationReport'
[DEBUG] Returning cached instance of singleton bean 'autoConfigurationReport'
[DEBUG] Returning cached instance of singleton bean 'autoConfigurationReport'
[DEBUG] Returning cached instance of singleton bean 'autoConfigurationReport'
[DEBUG] Returning cached instance of singleton bean 'autoConfigurationReport'
[DEBUG] Returning cached instance of singleton bean 'autoConfigurationReport'
[DEBUG] Returning cached instance of singleton bean 'autoConfigurationReport'
[DEBUG] Returning cached instance of singleton bean 'autoConfigurationReport'
[DEBUG] Returning cached instance of singleton bean 'autoConfigurationReport'
[DEBUG] Returning cached instance of singleton bean 'autoConfigurationReport'
[DEBUG] Returning cached instance of singleton bean 'autoConfigurationReport'
[DEBUG] Returning cached instance of singleton bean 'autoConfigurationReport'
[DEBUG] Returning cached instance of singleton bean 'autoConfigurationReport'
[DEBUG] Found key 'spring.jmx.enabled' in [Inlined Test Properties] with type [String]
[DEBUG] Returning cached instance of singleton bean 'autoConfigurationReport'
[DEBUG] Returning cached instance of singleton bean 'autoConfigurationReport'
[DEBUG] Returning cached instance of singleton bean 'autoConfigurationReport'
[DEBUG] Returning cached instance of singleton bean 'autoConfigurationReport'
[DEBUG] Returning cached instance of singleton bean 'autoConfigurationReport'
[DEBUG] Returning cached instance of singleton bean 'autoConfigurationReport'
[DEBUG] Returning cached instance of singleton bean 'autoConfigurationReport'
[DEBUG] Returning cached instance of singleton bean 'autoConfigurationReport'
[DEBUG] Returning cached instance of singleton bean 'autoConfigurationReport'
[DEBUG] Returning cached instance of singleton bean 'autoConfigurationReport'
[DEBUG] Returning cached instance of singleton bean 'autoConfigurationReport'
[DEBUG] Returning cached instance of singleton bean 'autoConfigurationReport'
[DEBUG] Returning cached instance of singleton bean 'autoConfigurationReport'
[DEBUG] Returning cached instance of singleton bean 'autoConfigurationReport'
[DEBUG] Returning cached instance of singleton bean 'autoConfigurationReport'
[DEBUG] Returning cached instance of singleton bean 'autoConfigurationReport'
[DEBUG] Returning cached instance of singleton bean 'autoConfigurationReport'
[DEBUG] Returning cached instance of singleton bean 'autoConfigurationReport'
[DEBUG] Returning cached instance of singleton bean 'autoConfigurationReport'
[DEBUG] Returning cached instance of singleton bean 'autoConfigurationReport'
[DEBUG] Returning cached instance of singleton bean 'autoConfigurationReport'
[DEBUG] Returning cached instance of singleton bean 'autoConfigurationReport'
[DEBUG] Returning cached instance of singleton bean 'autoConfigurationReport'
[DEBUG] Returning cached instance of singleton bean 'autoConfigurationReport'
[DEBUG] Returning cached instance of singleton bean 'autoConfigurationReport'
[DEBUG] Returning cached instance of singleton bean 'autoConfigurationReport'
[DEBUG] Returning cached instance of singleton bean 'autoConfigurationReport'
[DEBUG] Returning cached instance of singleton bean 'autoConfigurationReport'
[DEBUG] Returning cached instance of singleton bean 'autoConfigurationReport'
[DEBUG] Returning cached instance of singleton bean 'autoConfigurationReport'
[DEBUG] Returning cached instance of singleton bean 'autoConfigurationReport'
[DEBUG] Returning cached instance of singleton bean 'autoConfigurationReport'
[DEBUG] Returning cached instance of singleton bean 'autoConfigurationReport'
[DEBUG] Returning cached instance of singleton bean 'autoConfigurationReport'
[DEBUG] Returning cached instance of singleton bean 'autoConfigurationReport'
[DEBUG] Returning cached instance of singleton bean 'autoConfigurationReport'
[DEBUG] Returning cached instance of singleton bean 'autoConfigurationReport'
[DEBUG] Returning cached instance of singleton bean 'autoConfigurationReport'
[DEBUG] Returning cached instance of singleton bean 'autoConfigurationReport'
[DEBUG] Returning cached instance of singleton bean 'autoConfigurationReport'
[DEBUG] Returning cached instance of singleton bean 'autoConfigurationReport'
[DEBUG] Returning cached instance of singleton bean 'autoConfigurationReport'
[DEBUG] Returning cached instance of singleton bean 'autoConfigurationReport'
[DEBUG] Returning cached instance of singleton bean 'autoConfigurationReport'
[DEBUG] Returning cached instance of singleton bean 'autoConfigurationReport'
[DEBUG] Returning cached instance of singleton bean 'autoConfigurationReport'
[DEBUG] Returning cached instance of singleton bean 'autoConfigurationReport'
[DEBUG] Returning cached instance of singleton bean 'autoConfigurationReport'
[DEBUG] Returning cached instance of singleton bean 'autoConfigurationReport'
[DEBUG] Returning cached instance of singleton bean 'autoConfigurationReport'
[DEBUG] Returning cached instance of singleton bean 'autoConfigurationReport'
[DEBUG] Returning cached instance of singleton bean 'autoConfigurationReport'
[DEBUG] Returning cached instance of singleton bean 'autoConfigurationReport'
[DEBUG] Returning cached instance of singleton bean 'autoConfigurationReport'
[DEBUG] Returning cached instance of singleton bean 'autoConfigurationReport'
[DEBUG] Returning cached instance of singleton bean 'autoConfigurationReport'
[DEBUG] Returning cached instance of singleton bean 'autoConfigurationReport'
[DEBUG] Returning cached instance of singleton bean 'autoConfigurationReport'
[DEBUG] Returning cached instance of singleton bean 'autoConfigurationReport'
[DEBUG] Returning cached instance of singleton bean 'autoConfigurationReport'
[DEBUG] Returning cached instance of singleton bean 'autoConfigurationReport'
[DEBUG] Returning cached instance of singleton bean 'autoConfigurationReport'
[DEBUG] Returning cached instance of singleton bean 'autoConfigurationReport'
[DEBUG] Returning cached instance of singleton bean 'autoConfigurationReport'
[DEBUG] Returning cached instance of singleton bean 'autoConfigurationReport'
[DEBUG] Returning cached instance of singleton bean 'autoConfigurationReport'
[DEBUG] Returning cached instance of singleton bean 'autoConfigurationReport'
[DEBUG] Returning cached instance of singleton bean 'autoConfigurationReport'
[DEBUG] Returning cached instance of singleton bean 'autoConfigurationReport'
[DEBUG] Returning cached instance of singleton bean 'autoConfigurationReport'
[DEBUG] Returning cached instance of singleton bean 'autoConfigurationReport'
[DEBUG] Returning cached instance of singleton bean 'autoConfigurationReport'
[DEBUG] Returning cached instance of singleton bean 'autoConfigurationReport'
[DEBUG] Returning cached instance of singleton bean 'autoConfigurationReport'
[DEBUG] Returning cached instance of singleton bean 'autoConfigurationReport'
[DEBUG] Returning cached instance of singleton bean 'autoConfigurationReport'
[DEBUG] Returning cached instance of singleton bean 'autoConfigurationReport'
[DEBUG] Returning cached instance of singleton bean 'autoConfigurationReport'
[DEBUG] Returning cached instance of singleton bean 'autoConfigurationReport'
[DEBUG] Returning cached instance of singleton bean 'autoConfigurationReport'
[DEBUG] Returning cached instance of singleton bean 'autoConfigurationReport'
[DEBUG] Returning cached instance of singleton bean 'autoConfigurationReport'
[DEBUG] Returning cached instance of singleton bean 'autoConfigurationReport'
[DEBUG] Returning cached instance of singleton bean 'autoConfigurationReport'
[DEBUG] Returning cached instance of singleton bean 'autoConfigurationReport'
[DEBUG] Returning cached instance of singleton bean 'autoConfigurationReport'
[DEBUG] Returning cached instance of singleton bean 'autoConfigurationReport'
[DEBUG] Returning cached instance of singleton bean 'autoConfigurationReport'
[DEBUG] Returning cached instance of singleton bean 'autoConfigurationReport'
[DEBUG] Returning cached instance of singleton bean 'autoConfigurationReport'
[DEBUG] Returning cached instance of singleton bean 'autoConfigurationReport'
[DEBUG] Returning cached instance of singleton bean 'autoConfigurationReport'
[DEBUG] Returning cached instance of singleton bean 'autoConfigurationReport'
[DEBUG] Returning cached instance of singleton bean 'autoConfigurationReport'
[DEBUG] Returning cached instance of singleton bean 'autoConfigurationReport'
[DEBUG] Returning cached instance of singleton bean 'autoConfigurationReport'
[DEBUG] Returning cached instance of singleton bean 'autoConfigurationReport'
[DEBUG] Returning cached instance of singleton bean 'autoConfigurationReport'
[DEBUG] Returning cached instance of singleton bean 'autoConfigurationReport'
[DEBUG] Returning cached instance of singleton bean 'autoConfigurationReport'
[DEBUG] Returning cached instance of singleton bean 'autoConfigurationReport'
[DEBUG] Registering bean definition for @Bean method mx.com.restaurante.MailConfiguration.javaMailSender()
[DEBUG] Registered bean definition for imported class 'org.springframework.security.config.annotation.configuration.ObjectPostProcessorConfiguration'
[DEBUG] Registering bean definition for @Bean method org.springframework.security.config.annotation.configuration.ObjectPostProcessorConfiguration.objectPostProcessor()
[DEBUG] Registered bean definition for imported class 'org.springframework.security.config.annotation.authentication.configuration.AuthenticationConfiguration'
[DEBUG] Registering bean definition for @Bean method org.springframework.security.config.annotation.authentication.configuration.AuthenticationConfiguration.authenticationManagerBuilder()
[DEBUG] Registering bean definition for @Bean method org.springframework.security.config.annotation.authentication.configuration.AuthenticationConfiguration.enableGlobalAuthenticationAutowiredConfigurer()
[DEBUG] Registering bean definition for @Bean method org.springframework.security.config.annotation.authentication.configuration.AuthenticationConfiguration.initializeUserDetailsBeanManagerConfigurer()
[DEBUG] Registering bean definition for @Bean method org.springframework.security.config.annotation.authentication.configuration.AuthenticationConfiguration.initializeAuthenticationProviderBeanManagerConfigurer()
[DEBUG] Registered bean definition for imported class 'org.springframework.security.config.annotation.web.configuration.WebSecurityConfiguration'
[DEBUG] Registering bean definition for @Bean method org.springframework.security.config.annotation.web.configuration.WebSecurityConfiguration.delegatingApplicationListener()
[DEBUG] Registering bean definition for @Bean method org.springframework.security.config.annotation.web.configuration.WebSecurityConfiguration.webSecurityExpressionHandler()
[DEBUG] Registering bean definition for @Bean method org.springframework.security.config.annotation.web.configuration.WebSecurityConfiguration.springSecurityFilterChain()
[DEBUG] Registering bean definition for @Bean method org.springframework.security.config.annotation.web.configuration.WebSecurityConfiguration.privilegeEvaluator()
[DEBUG] Registering bean definition for @Bean method org.springframework.security.config.annotation.web.configuration.WebSecurityConfiguration.autowiredWebSecurityConfigurersIgnoreParents()
[DEBUG] Registered bean definition for imported class 'org.springframework.security.config.annotation.web.configuration.WebMvcSecurityConfiguration'
[DEBUG] Registering bean definition for @Bean method org.springframework.security.config.annotation.web.configuration.WebMvcSecurityConfiguration.requestDataValueProcessor()
[DEBUG] Could not find key 'spring.messages.basename' in any property source
[DEBUG] Returning cached instance of singleton bean 'autoConfigurationReport'
[DEBUG] Creating shared instance of singleton bean 'org.springframework.boot.autoconfigure.condition.BeanTypeRegistry'
[DEBUG] Creating instance of bean 'org.springframework.boot.autoconfigure.condition.BeanTypeRegistry'
[DEBUG] Eagerly caching bean 'org.springframework.boot.autoconfigure.condition.BeanTypeRegistry' to allow for resolving potential circular references
[DEBUG] Finished creating instance of bean 'org.springframework.boot.autoconfigure.condition.BeanTypeRegistry'
[DEBUG] Returning cached instance of singleton bean 'autoConfigurationReport'
[DEBUG] Registered bean definition for imported class 'org.springframework.boot.autoconfigure.context.MessageSourceAutoConfiguration'
[DEBUG] Registering bean definition for @Bean method org.springframework.boot.autoconfigure.context.MessageSourceAutoConfiguration.messageSource()
[DEBUG] Registered bean definition for imported class 'org.springframework.boot.autoconfigure.context.PropertyPlaceholderAutoConfiguration'
[DEBUG] Returning cached instance of singleton bean 'org.springframework.boot.autoconfigure.condition.BeanTypeRegistry'
[DEBUG] Returning cached instance of singleton bean 'autoConfigurationReport'
[DEBUG] Registering bean definition for @Bean method org.springframework.boot.autoconfigure.context.PropertyPlaceholderAutoConfiguration.propertySourcesPlaceholderConfigurer()
[DEBUG] Returning cached instance of singleton bean 'autoConfigurationReport'
[DEBUG] Returning cached instance of singleton bean 'autoConfigurationReport'
[DEBUG] Registered bean definition for imported class 'org.springframework.boot.autoconfigure.jackson.JacksonAutoConfiguration$Jackson2ObjectMapperBuilderCustomizerConfiguration'
[DEBUG] Registering bean definition for @Bean method org.springframework.boot.autoconfigure.jackson.JacksonAutoConfiguration$Jackson2ObjectMapperBuilderCustomizerConfiguration.standardJacksonObjectMapperBuilderCustomizer()
[DEBUG] Returning cached instance of singleton bean 'autoConfigurationReport'
[DEBUG] Registered bean definition for imported class 'org.springframework.boot.autoconfigure.jackson.JacksonAutoConfiguration$JacksonObjectMapperBuilderConfiguration'
[DEBUG] Returning cached instance of singleton bean 'org.springframework.boot.autoconfigure.condition.BeanTypeRegistry'
[DEBUG] Returning cached instance of singleton bean 'autoConfigurationReport'
[DEBUG] Registering bean definition for @Bean method org.springframework.boot.autoconfigure.jackson.JacksonAutoConfiguration$JacksonObjectMapperBuilderConfiguration.jacksonObjectMapperBuilder()
[DEBUG] Returning cached instance of singleton bean 'autoConfigurationReport'
[DEBUG] Registered bean definition for imported class 'org.springframework.boot.autoconfigure.jackson.JacksonAutoConfiguration$JacksonObjectMapperConfiguration'
[DEBUG] Returning cached instance of singleton bean 'org.springframework.boot.autoconfigure.condition.BeanTypeRegistry'
[DEBUG] Returning cached instance of singleton bean 'autoConfigurationReport'
[DEBUG] Registering bean definition for @Bean method org.springframework.boot.autoconfigure.jackson.JacksonAutoConfiguration$JacksonObjectMapperConfiguration.jacksonObjectMapper()
[DEBUG] Registered bean definition for imported class 'org.springframework.boot.autoconfigure.jackson.JacksonAutoConfiguration'
[DEBUG] Registering bean definition for @Bean method org.springframework.boot.autoconfigure.jackson.JacksonAutoConfiguration.jsonComponentModule()
[DEBUG] Returning cached instance of singleton bean 'autoConfigurationReport'
[DEBUG] Returning cached instance of singleton bean 'autoConfigurationReport'
[DEBUG] Returning cached instance of singleton bean 'autoConfigurationReport'
[DEBUG] Registered bean definition for imported class 'org.springframework.boot.autoconfigure.websocket.WebSocketAutoConfiguration$TomcatWebSocketConfiguration'
[DEBUG] Returning cached instance of singleton bean 'autoConfigurationReport'
[DEBUG] Returning cached instance of singleton bean 'autoConfigurationReport'
[DEBUG] Registering bean definition for @Bean method org.springframework.boot.autoconfigure.websocket.WebSocketAutoConfiguration$TomcatWebSocketConfiguration.websocketContainerCustomizer()
[DEBUG] Registered bean definition for imported class 'org.springframework.boot.autoconfigure.websocket.WebSocketAutoConfiguration'
[DEBUG] Returning cached instance of singleton bean 'autoConfigurationReport'
[DEBUG] Returning cached instance of singleton bean 'autoConfigurationReport'
[DEBUG] Returning cached instance of singleton bean 'org.springframework.boot.autoconfigure.condition.BeanTypeRegistry'
[DEBUG] Returning cached instance of singleton bean 'autoConfigurationReport'
[DEBUG] Registered bean definition for imported class 'org.springframework.boot.autoconfigure.web.EmbeddedServletContainerAutoConfiguration$EmbeddedTomcat'
[DEBUG] Registering bean definition for @Bean method org.springframework.boot.autoconfigure.web.EmbeddedServletContainerAutoConfiguration$EmbeddedTomcat.tomcatEmbeddedServletContainerFactory()
[DEBUG] Registered bean definition for imported class 'org.springframework.boot.autoconfigure.web.EmbeddedServletContainerAutoConfiguration'
[DEBUG] Returning cached instance of singleton bean 'autoConfigurationReport'
[DEBUG] Returning cached instance of singleton bean 'autoConfigurationReport'
[DEBUG] Returning cached instance of singleton bean 'autoConfigurationReport'
[DEBUG] Returning cached instance of singleton bean 'autoConfigurationReport'
[DEBUG] Returning cached instance of singleton bean 'autoConfigurationReport'
[DEBUG] Returning cached instance of singleton bean 'autoConfigurationReport'
[DEBUG] Registered bean definition for imported class 'org.springframework.boot.autoconfigure.web.DispatcherServletAutoConfiguration$DispatcherServletConfiguration'
[DEBUG] Registering bean definition for @Bean method org.springframework.boot.autoconfigure.web.DispatcherServletAutoConfiguration$DispatcherServletConfiguration.dispatcherServlet()
[DEBUG] Returning cached instance of singleton bean 'org.springframework.boot.autoconfigure.condition.BeanTypeRegistry'
[DEBUG] Returning cached instance of singleton bean 'autoConfigurationReport'
[DEBUG] Registered bean definition for imported class 'org.springframework.boot.autoconfigure.web.DispatcherServletAutoConfiguration$DispatcherServletRegistrationConfiguration'
[DEBUG] Returning cached instance of singleton bean 'org.springframework.boot.autoconfigure.condition.BeanTypeRegistry'
[DEBUG] Returning cached instance of singleton bean 'autoConfigurationReport'
[DEBUG] Registering bean definition for @Bean method org.springframework.boot.autoconfigure.web.DispatcherServletAutoConfiguration$DispatcherServletRegistrationConfiguration.dispatcherServletRegistration()
[DEBUG] Registered bean definition for imported class 'org.springframework.boot.autoconfigure.web.DispatcherServletAutoConfiguration'
[DEBUG] Returning cached instance of singleton bean 'autoConfigurationReport'
[DEBUG] Returning cached instance of singleton bean 'autoConfigurationReport'
[DEBUG] Registered bean definition for imported class 'org.springframework.boot.autoconfigure.validation.ValidationAutoConfiguration'
[DEBUG] Returning cached instance of singleton bean 'org.springframework.boot.autoconfigure.condition.BeanTypeRegistry'
[DEBUG] Returning cached instance of singleton bean 'autoConfigurationReport'
[DEBUG] Registering bean definition for @Bean method org.springframework.boot.autoconfigure.validation.ValidationAutoConfiguration.jsr303Validator()
[DEBUG] Returning cached instance of singleton bean 'org.springframework.boot.autoconfigure.condition.BeanTypeRegistry'
[DEBUG] Returning cached instance of singleton bean 'autoConfigurationReport'
[DEBUG] Registering bean definition for @Bean method org.springframework.boot.autoconfigure.validation.ValidationAutoConfiguration.methodValidationPostProcessor()
[DEBUG] Returning cached instance of singleton bean 'autoConfigurationReport'
[DEBUG] Returning cached instance of singleton bean 'autoConfigurationReport'
[DEBUG] Registered bean definition for imported class 'org.springframework.boot.autoconfigure.web.ErrorMvcAutoConfiguration$DefaultErrorViewResolverConfiguration'
[DEBUG] Returning cached instance of singleton bean 'org.springframework.boot.autoconfigure.condition.BeanTypeRegistry'
[DEBUG] Returning cached instance of singleton bean 'org.springframework.boot.autoconfigure.condition.BeanTypeRegistry'
[DEBUG] Returning cached instance of singleton bean 'autoConfigurationReport'
[DEBUG] Returning cached instance of singleton bean 'org.springframework.boot.autoconfigure.condition.BeanTypeRegistry'
[DEBUG] Returning cached instance of singleton bean 'org.springframework.boot.autoconfigure.condition.BeanTypeRegistry'
[DEBUG] Returning cached instance of singleton bean 'autoConfigurationReport'
[DEBUG] Registering bean definition for @Bean method org.springframework.boot.autoconfigure.web.ErrorMvcAutoConfiguration$DefaultErrorViewResolverConfiguration.conventionErrorViewResolver()
[DEBUG] Registered bean definition for imported class 'org.springframework.boot.autoconfigure.web.ErrorMvcAutoConfiguration'
[DEBUG] Returning cached instance of singleton bean 'org.springframework.boot.autoconfigure.condition.BeanTypeRegistry'
[DEBUG] Returning cached instance of singleton bean 'autoConfigurationReport'
[DEBUG] Registering bean definition for @Bean method org.springframework.boot.autoconfigure.web.ErrorMvcAutoConfiguration.errorAttributes()
[DEBUG] Returning cached instance of singleton bean 'org.springframework.boot.autoconfigure.condition.BeanTypeRegistry'
[DEBUG] Returning cached instance of singleton bean 'autoConfigurationReport'
[DEBUG] Registering bean definition for @Bean method org.springframework.boot.autoconfigure.web.ErrorMvcAutoConfiguration.basicErrorController()
[DEBUG] Registering bean definition for @Bean method org.springframework.boot.autoconfigure.web.ErrorMvcAutoConfiguration.errorPageCustomizer()
[DEBUG] Registering bean definition for @Bean method org.springframework.boot.autoconfigure.web.ErrorMvcAutoConfiguration.preserveErrorControllerTargetClassPostProcessor()
[DEBUG] Returning cached instance of singleton bean 'autoConfigurationReport'
[DEBUG] Returning cached instance of singleton bean 'autoConfigurationReport'
[DEBUG] Returning cached instance of singleton bean 'org.springframework.boot.autoconfigure.condition.BeanTypeRegistry'
[DEBUG] Returning cached instance of singleton bean 'autoConfigurationReport'
[DEBUG] Registered bean definition for imported class 'org.springframework.boot.autoconfigure.web.WebMvcAutoConfiguration$EnableWebMvcConfiguration'
[DEBUG] Registering bean definition for @Bean method org.springframework.boot.autoconfigure.web.WebMvcAutoConfiguration$EnableWebMvcConfiguration.requestMappingHandlerAdapter()
[DEBUG] Registering bean definition for @Bean method org.springframework.boot.autoconfigure.web.WebMvcAutoConfiguration$EnableWebMvcConfiguration.requestMappingHandlerMapping()
[DEBUG] Registering bean definition for @Bean method org.springframework.boot.autoconfigure.web.WebMvcAutoConfiguration$EnableWebMvcConfiguration.mvcValidator()
[DEBUG] Registering bean definition for @Bean method org.springframework.boot.autoconfigure.web.WebMvcAutoConfiguration$EnableWebMvcConfiguration.mvcPathMatcher()
[DEBUG] Registering bean definition for @Bean method org.springframework.boot.autoconfigure.web.WebMvcAutoConfiguration$EnableWebMvcConfiguration.mvcUrlPathHelper()
[DEBUG] Registering bean definition for @Bean method org.springframework.boot.autoconfigure.web.WebMvcAutoConfiguration$EnableWebMvcConfiguration.mvcContentNegotiationManager()
[DEBUG] Registering bean definition for @Bean method org.springframework.boot.autoconfigure.web.WebMvcAutoConfiguration$EnableWebMvcConfiguration.viewControllerHandlerMapping()
[DEBUG] Registering bean definition for @Bean method org.springframework.boot.autoconfigure.web.WebMvcAutoConfiguration$EnableWebMvcConfiguration.beanNameHandlerMapping()
[DEBUG] Registering bean definition for @Bean method org.springframework.boot.autoconfigure.web.WebMvcAutoConfiguration$EnableWebMvcConfiguration.resourceHandlerMapping()
[DEBUG] Registering bean definition for @Bean method org.springframework.boot.autoconfigure.web.WebMvcAutoConfiguration$EnableWebMvcConfiguration.mvcResourceUrlProvider()
[DEBUG] Registering bean definition for @Bean method org.springframework.boot.autoconfigure.web.WebMvcAutoConfiguration$EnableWebMvcConfiguration.defaultServletHandlerMapping()
[DEBUG] Registering bean definition for @Bean method org.springframework.boot.autoconfigure.web.WebMvcAutoConfiguration$EnableWebMvcConfiguration.mvcConversionService()
[DEBUG] Registering bean definition for @Bean method org.springframework.boot.autoconfigure.web.WebMvcAutoConfiguration$EnableWebMvcConfiguration.mvcUriComponentsContributor()
[DEBUG] Registering bean definition for @Bean method org.springframework.boot.autoconfigure.web.WebMvcAutoConfiguration$EnableWebMvcConfiguration.httpRequestHandlerAdapter()
[DEBUG] Registering bean definition for @Bean method org.springframework.boot.autoconfigure.web.WebMvcAutoConfiguration$EnableWebMvcConfiguration.simpleControllerHandlerAdapter()
[DEBUG] Registering bean definition for @Bean method org.springframework.boot.autoconfigure.web.WebMvcAutoConfiguration$EnableWebMvcConfiguration.handlerExceptionResolver()
[DEBUG] Registering bean definition for @Bean method org.springframework.boot.autoconfigure.web.WebMvcAutoConfiguration$EnableWebMvcConfiguration.mvcViewResolver()
[DEBUG] Returning cached instance of singleton bean 'autoConfigurationReport'
[DEBUG] Registered bean definition for imported class 'org.springframework.boot.autoconfigure.web.WebMvcAutoConfiguration$WebMvcAutoConfigurationAdapter$FaviconConfiguration'
[DEBUG] Registering bean definition for @Bean method org.springframework.boot.autoconfigure.web.WebMvcAutoConfiguration$WebMvcAutoConfigurationAdapter$FaviconConfiguration.faviconHandlerMapping()
[DEBUG] Registering bean definition for @Bean method org.springframework.boot.autoconfigure.web.WebMvcAutoConfiguration$WebMvcAutoConfigurationAdapter$FaviconConfiguration.faviconRequestHandler()
[DEBUG] Registered bean definition for imported class 'org.springframework.boot.autoconfigure.web.WebMvcAutoConfiguration$WebMvcAutoConfigurationAdapter'
[DEBUG] Returning cached instance of singleton bean 'org.springframework.boot.autoconfigure.condition.BeanTypeRegistry'
[DEBUG] Returning cached instance of singleton bean 'autoConfigurationReport'
[DEBUG] Registering bean definition for @Bean method org.springframework.boot.autoconfigure.web.WebMvcAutoConfiguration$WebMvcAutoConfigurationAdapter.defaultViewResolver()
[DEBUG] Returning cached instance of singleton bean 'org.springframework.boot.autoconfigure.condition.BeanTypeRegistry'
[DEBUG] Returning cached instance of singleton bean 'autoConfigurationReport'
[DEBUG] Returning cached instance of singleton bean 'org.springframework.boot.autoconfigure.condition.BeanTypeRegistry'
[DEBUG] Returning cached instance of singleton bean 'org.springframework.boot.autoconfigure.condition.BeanTypeRegistry'
[DEBUG] Returning cached instance of singleton bean 'autoConfigurationReport'
[DEBUG] Returning cached instance of singleton bean 'org.springframework.boot.autoconfigure.condition.BeanTypeRegistry'
[DEBUG] Returning cached instance of singleton bean 'org.springframework.boot.autoconfigure.condition.BeanTypeRegistry'
[DEBUG] Returning cached instance of singleton bean 'autoConfigurationReport'
[DEBUG] Registering bean definition for @Bean method org.springframework.boot.autoconfigure.web.WebMvcAutoConfiguration$WebMvcAutoConfigurationAdapter.viewResolver()
[DEBUG] Returning cached instance of singleton bean 'autoConfigurationReport'
[DEBUG] Returning cached instance of singleton bean 'autoConfigurationReport'
[DEBUG] Registering bean definition for @Bean method org.springframework.boot.autoconfigure.web.WebMvcAutoConfiguration$WebMvcAutoConfigurationAdapter.welcomePageHandlerMapping()
[DEBUG] Returning cached instance of singleton bean 'org.springframework.boot.autoconfigure.condition.BeanTypeRegistry'
[DEBUG] Returning cached instance of singleton bean 'org.springframework.boot.autoconfigure.condition.BeanTypeRegistry'
[DEBUG] Returning cached instance of singleton bean 'autoConfigurationReport'
[DEBUG] Registering bean definition for @Bean method org.springframework.boot.autoconfigure.web.WebMvcAutoConfiguration$WebMvcAutoConfigurationAdapter.requestContextFilter()
[DEBUG] Registered bean definition for imported class 'org.springframework.boot.autoconfigure.web.WebMvcAutoConfiguration'
[DEBUG] Returning cached instance of singleton bean 'org.springframework.boot.autoconfigure.condition.BeanTypeRegistry'
[DEBUG] Returning cached instance of singleton bean 'autoConfigurationReport'
[DEBUG] Registering bean definition for @Bean method org.springframework.boot.autoconfigure.web.WebMvcAutoConfiguration.hiddenHttpMethodFilter()
[DEBUG] Returning cached instance of singleton bean 'autoConfigurationReport'
[DEBUG] Returning cached instance of singleton bean 'org.springframework.boot.autoconfigure.condition.BeanTypeRegistry'
[DEBUG] Returning cached instance of singleton bean 'autoConfigurationReport'
[DEBUG] Registering bean definition for @Bean method org.springframework.boot.autoconfigure.web.WebMvcAutoConfiguration.httpPutFormContentFilter()
[DEBUG] Returning cached instance of singleton bean 'autoConfigurationReport'
[DEBUG] Returning cached instance of singleton bean 'autoConfigurationReport'
[DEBUG] Returning cached instance of singleton bean 'autoConfigurationReport'
[DEBUG] Registered bean definition for imported class 'org.springframework.boot.autoconfigure.aop.AopAutoConfiguration$JdkDynamicAutoProxyConfiguration'
[DEBUG] Registered bean definition for imported class 'org.springframework.boot.autoconfigure.aop.AopAutoConfiguration'
[DEBUG] Returning cached instance of singleton bean 'autoConfigurationReport'
[DEBUG] Returning cached instance of singleton bean 'autoConfigurationReport'
[DEBUG] Registered bean definition for imported class 'org.springframework.boot.autoconfigure.transaction.jta.JtaAutoConfiguration'
[DEBUG] Returning cached instance of singleton bean 'autoConfigurationReport'
[DEBUG] Returning cached instance of singleton bean 'org.springframework.boot.autoconfigure.condition.BeanTypeRegistry'
[DEBUG] Returning cached instance of singleton bean 'autoConfigurationReport'
[DEBUG] Returning cached instance of singleton bean 'autoConfigurationReport'
[DEBUG] Returning cached instance of singleton bean 'org.springframework.boot.autoconfigure.condition.BeanTypeRegistry'
[DEBUG] Returning cached instance of singleton bean 'org.springframework.boot.autoconfigure.condition.BeanTypeRegistry'
[DEBUG] Returning cached instance of singleton bean 'autoConfigurationReport'
[DEBUG] Returning cached instance of singleton bean 'autoConfigurationReport'
[DEBUG] Returning cached instance of singleton bean 'autoConfigurationReport'
[DEBUG] Registered bean definition for imported class 'org.springframework.boot.autoconfigure.jdbc.DataSourceConfiguration$Tomcat'
[DEBUG] Registering bean definition for @Bean method org.springframework.boot.autoconfigure.jdbc.DataSourceConfiguration$Tomcat.dataSource()
[DEBUG] Registered bean definition for imported class 'org.springframework.boot.autoconfigure.jdbc.DataSourceAutoConfiguration$PooledDataSourceConfiguration'
[DEBUG] Returning cached instance of singleton bean 'autoConfigurationReport'
[DEBUG] Registered bean definition for imported class 'org.springframework.boot.autoconfigure.jdbc.metadata.DataSourcePoolMetadataProvidersConfiguration$TomcatDataSourcePoolMetadataProviderConfiguration'
[DEBUG] Registering bean definition for @Bean method org.springframework.boot.autoconfigure.jdbc.metadata.DataSourcePoolMetadataProvidersConfiguration$TomcatDataSourcePoolMetadataProviderConfiguration.tomcatPoolDataSourceMetadataProvider()
[DEBUG] Registered bean definition for imported class 'org.springframework.boot.autoconfigure.jdbc.metadata.DataSourcePoolMetadataProvidersConfiguration'
[DEBUG] Registered bean definition for imported class 'org.springframework.boot.autoconfigure.jdbc.DataSourceAutoConfiguration'
[DEBUG] Returning cached instance of singleton bean 'org.springframework.boot.autoconfigure.condition.BeanTypeRegistry'
[DEBUG] Returning cached instance of singleton bean 'autoConfigurationReport'
[DEBUG] Registering bean definition for @Bean method org.springframework.boot.autoconfigure.jdbc.DataSourceAutoConfiguration.dataSourceInitializer()
[DEBUG] Returning cached instance of singleton bean 'autoConfigurationReport'
[DEBUG] Returning cached instance of singleton bean 'org.springframework.boot.autoconfigure.condition.BeanTypeRegistry'
[DEBUG] Returning cached instance of singleton bean 'autoConfigurationReport'
[DEBUG] Returning cached instance of singleton bean 'autoConfigurationReport'
[DEBUG] Returning cached instance of singleton bean 'autoConfigurationReport'
[DEBUG] Returning cached instance of singleton bean 'autoConfigurationReport'
[DEBUG] Returning cached instance of singleton bean 'autoConfigurationReport'
[DEBUG] Returning cached instance of singleton bean 'autoConfigurationReport'
[DEBUG] Returning cached instance of singleton bean 'org.springframework.boot.autoconfigure.condition.BeanTypeRegistry'
[DEBUG] Returning cached instance of singleton bean 'org.springframework.boot.autoconfigure.condition.BeanTypeRegistry'
[DEBUG] Returning cached instance of singleton bean 'autoConfigurationReport'
[DEBUG] Registered bean definition for imported class 'org.springframework.boot.autoconfigure.orm.jpa.JpaBaseConfiguration$JpaWebConfiguration$JpaWebMvcConfiguration'
[DEBUG] Registering bean definition for @Bean method org.springframework.boot.autoconfigure.orm.jpa.JpaBaseConfiguration$JpaWebConfiguration$JpaWebMvcConfiguration.openEntityManagerInViewInterceptor()
[DEBUG] Registered bean definition for imported class 'org.springframework.boot.autoconfigure.orm.jpa.JpaBaseConfiguration$JpaWebConfiguration'
[DEBUG] Registered bean definition for imported class 'org.springframework.boot.autoconfigure.orm.jpa.HibernateJpaAutoConfiguration'
[DEBUG] Returning cached instance of singleton bean 'org.springframework.boot.autoconfigure.condition.BeanTypeRegistry'
[DEBUG] Returning cached instance of singleton bean 'autoConfigurationReport'
[DEBUG] Registering bean definition for @Bean method org.springframework.boot.autoconfigure.orm.jpa.HibernateJpaAutoConfiguration.transactionManager()
[DEBUG] Returning cached instance of singleton bean 'org.springframework.boot.autoconfigure.condition.BeanTypeRegistry'
[DEBUG] Returning cached instance of singleton bean 'autoConfigurationReport'
[DEBUG] Registering bean definition for @Bean method org.springframework.boot.autoconfigure.orm.jpa.HibernateJpaAutoConfiguration.jpaVendorAdapter()
[DEBUG] Returning cached instance of singleton bean 'org.springframework.boot.autoconfigure.condition.BeanTypeRegistry'
[DEBUG] Returning cached instance of singleton bean 'autoConfigurationReport'
[DEBUG] Registering bean definition for @Bean method org.springframework.boot.autoconfigure.orm.jpa.HibernateJpaAutoConfiguration.entityManagerFactoryBuilder()
[DEBUG] Returning cached instance of singleton bean 'org.springframework.boot.autoconfigure.condition.BeanTypeRegistry'
[DEBUG] Returning cached instance of singleton bean 'org.springframework.boot.autoconfigure.condition.BeanTypeRegistry'
[DEBUG] Returning cached instance of singleton bean 'autoConfigurationReport'
[DEBUG] Registering bean definition for @Bean method org.springframework.boot.autoconfigure.orm.jpa.HibernateJpaAutoConfiguration.entityManagerFactory()
[DEBUG] Registered bean definition for imported class 'org.springframework.boot.autoconfigure.context.ConfigurationPropertiesAutoConfiguration'
[DEBUG] Returning cached instance of singleton bean 'autoConfigurationReport'
[DEBUG] Registered bean definition for imported class 'org.springframework.boot.autoconfigure.dao.PersistenceExceptionTranslationAutoConfiguration'
[DEBUG] Returning cached instance of singleton bean 'autoConfigurationReport'
[DEBUG] Returning cached instance of singleton bean 'org.springframework.boot.autoconfigure.condition.BeanTypeRegistry'
[DEBUG] Returning cached instance of singleton bean 'autoConfigurationReport'
[DEBUG] Registering bean definition for @Bean method org.springframework.boot.autoconfigure.dao.PersistenceExceptionTranslationAutoConfiguration.persistenceExceptionTranslationPostProcessor()
[DEBUG] Returning cached instance of singleton bean 'autoConfigurationReport'
[DEBUG] Returning cached instance of singleton bean 'autoConfigurationReport'
[DEBUG] Returning cached instance of singleton bean 'org.springframework.boot.autoconfigure.condition.BeanTypeRegistry'
[DEBUG] Returning cached instance of singleton bean 'org.springframework.boot.autoconfigure.condition.BeanTypeRegistry'
[DEBUG] Returning cached instance of singleton bean 'org.springframework.boot.autoconfigure.condition.BeanTypeRegistry'
[DEBUG] Returning cached instance of singleton bean 'autoConfigurationReport'
[DEBUG] Returning cached instance of singleton bean 'org.springframework.boot.autoconfigure.condition.BeanTypeRegistry'
[DEBUG] Returning cached instance of singleton bean 'org.springframework.boot.autoconfigure.condition.BeanTypeRegistry'
[DEBUG] Returning cached instance of singleton bean 'org.springframework.boot.autoconfigure.condition.BeanTypeRegistry'
[DEBUG] Returning cached instance of singleton bean 'autoConfigurationReport'
[DEBUG] Registered bean definition for imported class 'org.springframework.boot.autoconfigure.data.jpa.JpaRepositoriesAutoConfiguration'
[DEBUG] Adding [systemProperties] PropertySource with lowest search precedence
[DEBUG] Adding [systemEnvironment] PropertySource with lowest search precedence
[DEBUG] Initialized StandardEnvironment with PropertySources [systemProperties,systemEnvironment]
[DEBUG] Creating shared instance of singleton bean 'org.springframework.boot.autoconfigure.AutoConfigurationPackages'
[DEBUG] Creating instance of bean 'org.springframework.boot.autoconfigure.AutoConfigurationPackages'
[DEBUG] Eagerly caching bean 'org.springframework.boot.autoconfigure.AutoConfigurationPackages' to allow for resolving potential circular references
[DEBUG] Finished creating instance of bean 'org.springframework.boot.autoconfigure.AutoConfigurationPackages'
[DEBUG] @EnableAutoConfiguration was declared on a class in the package 'mx.com.restaurante'. Automatic @Repository and @Entity scanning is enabled.
[DEBUG] Resolved classpath location [mx/com/restaurante/] to resources [URL [file:/C:/Users/ChristianFV/Documents/workspace-sts-3.8.3.RELEASE/SistemaReservaciones/build/instrumented_classes/mx/com/restaurante/], URL [file:/C:/Users/ChristianFV/Documents/workspace-sts-3.8.3.RELEASE/SistemaReservaciones/build/classes/test/mx/com/restaurante/], URL [file:/C:/Users/ChristianFV/Documents/workspace-sts-3.8.3.RELEASE/SistemaReservaciones/build/classes/main/mx/com/restaurante/]]
[DEBUG] Looking for matching resources in directory tree [C:\Users\ChristianFV\Documents\workspace-sts-3.8.3.RELEASE\SistemaReservaciones\build\instrumented_classes\mx\com\restaurante]
[DEBUG] Searching directory [C:\Users\ChristianFV\Documents\workspace-sts-3.8.3.RELEASE\SistemaReservaciones\build\instrumented_classes\mx\com\restaurante] for files matching pattern [C:/Users/ChristianFV/Documents/workspace-sts-3.8.3.RELEASE/SistemaReservaciones/build/instrumented_classes/mx/com/restaurante/**/*.class]
[DEBUG] Searching directory [C:\Users\ChristianFV\Documents\workspace-sts-3.8.3.RELEASE\SistemaReservaciones\build\instrumented_classes\mx\com\restaurante\controller] for files matching pattern [C:/Users/ChristianFV/Documents/workspace-sts-3.8.3.RELEASE/SistemaReservaciones/build/instrumented_classes/mx/com/restaurante/**/*.class]
[DEBUG] Searching directory [C:\Users\ChristianFV\Documents\workspace-sts-3.8.3.RELEASE\SistemaReservaciones\build\instrumented_classes\mx\com\restaurante\domain] for files matching pattern [C:/Users/ChristianFV/Documents/workspace-sts-3.8.3.RELEASE/SistemaReservaciones/build/instrumented_classes/mx/com/restaurante/**/*.class]
[DEBUG] Searching directory [C:\Users\ChristianFV\Documents\workspace-sts-3.8.3.RELEASE\SistemaReservaciones\build\instrumented_classes\mx\com\restaurante\domain\repository] for files matching pattern [C:/Users/ChristianFV/Documents/workspace-sts-3.8.3.RELEASE/SistemaReservaciones/build/instrumented_classes/mx/com/restaurante/**/*.class]
[DEBUG] Searching directory [C:\Users\ChristianFV\Documents\workspace-sts-3.8.3.RELEASE\SistemaReservaciones\build\instrumented_classes\mx\com\restaurante\service] for files matching pattern [C:/Users/ChristianFV/Documents/workspace-sts-3.8.3.RELEASE/SistemaReservaciones/build/instrumented_classes/mx/com/restaurante/**/*.class]
[DEBUG] Searching directory [C:\Users\ChristianFV\Documents\workspace-sts-3.8.3.RELEASE\SistemaReservaciones\build\instrumented_classes\mx\com\restaurante\service\impl] for files matching pattern [C:/Users/ChristianFV/Documents/workspace-sts-3.8.3.RELEASE/SistemaReservaciones/build/instrumented_classes/mx/com/restaurante/**/*.class]
[DEBUG] Searching directory [C:\Users\ChristianFV\Documents\workspace-sts-3.8.3.RELEASE\SistemaReservaciones\build\instrumented_classes\mx\com\restaurante\util] for files matching pattern [C:/Users/ChristianFV/Documents/workspace-sts-3.8.3.RELEASE/SistemaReservaciones/build/instrumented_classes/mx/com/restaurante/**/*.class]
[DEBUG] Looking for matching resources in directory tree [C:\Users\ChristianFV\Documents\workspace-sts-3.8.3.RELEASE\SistemaReservaciones\build\classes\test\mx\com\restaurante]
[DEBUG] Searching directory [C:\Users\ChristianFV\Documents\workspace-sts-3.8.3.RELEASE\SistemaReservaciones\build\classes\test\mx\com\restaurante] for files matching pattern [C:/Users/ChristianFV/Documents/workspace-sts-3.8.3.RELEASE/SistemaReservaciones/build/classes/test/mx/com/restaurante/**/*.class]
[DEBUG] Searching directory [C:\Users\ChristianFV\Documents\workspace-sts-3.8.3.RELEASE\SistemaReservaciones\build\classes\test\mx\com\restaurante\test] for files matching pattern [C:/Users/ChristianFV/Documents/workspace-sts-3.8.3.RELEASE/SistemaReservaciones/build/classes/test/mx/com/restaurante/**/*.class]
[DEBUG] Searching directory [C:\Users\ChristianFV\Documents\workspace-sts-3.8.3.RELEASE\SistemaReservaciones\build\classes\test\mx\com\restaurante\test\controller] for files matching pattern [C:/Users/ChristianFV/Documents/workspace-sts-3.8.3.RELEASE/SistemaReservaciones/build/classes/test/mx/com/restaurante/**/*.class]
[DEBUG] Searching directory [C:\Users\ChristianFV\Documents\workspace-sts-3.8.3.RELEASE\SistemaReservaciones\build\classes\test\mx\com\restaurante\test\domain] for files matching pattern [C:/Users/ChristianFV/Documents/workspace-sts-3.8.3.RELEASE/SistemaReservaciones/build/classes/test/mx/com/restaurante/**/*.class]
[DEBUG] Searching directory [C:\Users\ChristianFV\Documents\workspace-sts-3.8.3.RELEASE\SistemaReservaciones\build\classes\test\mx\com\restaurante\test\service] for files matching pattern [C:/Users/ChristianFV/Documents/workspace-sts-3.8.3.RELEASE/SistemaReservaciones/build/classes/test/mx/com/restaurante/**/*.class]
[DEBUG] Looking for matching resources in directory tree [C:\Users\ChristianFV\Documents\workspace-sts-3.8.3.RELEASE\SistemaReservaciones\build\classes\main\mx\com\restaurante]
[DEBUG] Searching directory [C:\Users\ChristianFV\Documents\workspace-sts-3.8.3.RELEASE\SistemaReservaciones\build\classes\main\mx\com\restaurante] for files matching pattern [C:/Users/ChristianFV/Documents/workspace-sts-3.8.3.RELEASE/SistemaReservaciones/build/classes/main/mx/com/restaurante/**/*.class]
[DEBUG] Searching directory [C:\Users\ChristianFV\Documents\workspace-sts-3.8.3.RELEASE\SistemaReservaciones\build\classes\main\mx\com\restaurante\controller] for files matching pattern [C:/Users/ChristianFV/Documents/workspace-sts-3.8.3.RELEASE/SistemaReservaciones/build/classes/main/mx/com/restaurante/**/*.class]
[DEBUG] Searching directory [C:\Users\ChristianFV\Documents\workspace-sts-3.8.3.RELEASE\SistemaReservaciones\build\classes\main\mx\com\restaurante\domain] for files matching pattern [C:/Users/ChristianFV/Documents/workspace-sts-3.8.3.RELEASE/SistemaReservaciones/build/classes/main/mx/com/restaurante/**/*.class]
[DEBUG] Searching directory [C:\Users\ChristianFV\Documents\workspace-sts-3.8.3.RELEASE\SistemaReservaciones\build\classes\main\mx\com\restaurante\domain\repository] for files matching pattern [C:/Users/ChristianFV/Documents/workspace-sts-3.8.3.RELEASE/SistemaReservaciones/build/classes/main/mx/com/restaurante/**/*.class]
[DEBUG] Searching directory [C:\Users\ChristianFV\Documents\workspace-sts-3.8.3.RELEASE\SistemaReservaciones\build\classes\main\mx\com\restaurante\service] for files matching pattern [C:/Users/ChristianFV/Documents/workspace-sts-3.8.3.RELEASE/SistemaReservaciones/build/classes/main/mx/com/restaurante/**/*.class]
[DEBUG] Searching directory [C:\Users\ChristianFV\Documents\workspace-sts-3.8.3.RELEASE\SistemaReservaciones\build\classes\main\mx\com\restaurante\service\impl] for files matching pattern [C:/Users/ChristianFV/Documents/workspace-sts-3.8.3.RELEASE/SistemaReservaciones/build/classes/main/mx/com/restaurante/**/*.class]
[DEBUG] Searching directory [C:\Users\ChristianFV\Documents\workspace-sts-3.8.3.RELEASE\SistemaReservaciones\build\classes\main\mx\com\restaurante\util] for files matching pattern [C:/Users/ChristianFV/Documents/workspace-sts-3.8.3.RELEASE/SistemaReservaciones/build/classes/main/mx/com/restaurante/**/*.class]
[DEBUG] Resolved location pattern [classpath*:mx/com/restaurante/**/*.class] to resources [file [C:\Users\ChristianFV\Documents\workspace-sts-3.8.3.RELEASE\SistemaReservaciones\build\instrumented_classes\mx\com\restaurante\Application.class], file [C:\Users\ChristianFV\Documents\workspace-sts-3.8.3.RELEASE\SistemaReservaciones\build\instrumented_classes\mx\com\restaurante\controller\ClienteController.class], file [C:\Users\ChristianFV\Documents\workspace-sts-3.8.3.RELEASE\SistemaReservaciones\build\instrumented_classes\mx\com\restaurante\controller\LoginController.class], file [C:\Users\ChristianFV\Documents\workspace-sts-3.8.3.RELEASE\SistemaReservaciones\build\instrumented_classes\mx\com\restaurante\controller\ReservacionController.class], file [C:\Users\ChristianFV\Documents\workspace-sts-3.8.3.RELEASE\SistemaReservaciones\build\instrumented_classes\mx\com\restaurante\domain\Cliente.class], file [C:\Users\ChristianFV\Documents\workspace-sts-3.8.3.RELEASE\SistemaReservaciones\build\instrumented_classes\mx\com\restaurante\domain\repository\ClienteRepository.class], file [C:\Users\ChristianFV\Documents\workspace-sts-3.8.3.RELEASE\SistemaReservaciones\build\instrumented_classes\mx\com\restaurante\domain\repository\ReservacionRepository.class], file [C:\Users\ChristianFV\Documents\workspace-sts-3.8.3.RELEASE\SistemaReservaciones\build\instrumented_classes\mx\com\restaurante\domain\Reservacion.class], file [C:\Users\ChristianFV\Documents\workspace-sts-3.8.3.RELEASE\SistemaReservaciones\build\instrumented_classes\mx\com\restaurante\MailConfiguration.class], file [C:\Users\ChristianFV\Documents\workspace-sts-3.8.3.RELEASE\SistemaReservaciones\build\instrumented_classes\mx\com\restaurante\MvcConfig.class], file [C:\Users\ChristianFV\Documents\workspace-sts-3.8.3.RELEASE\SistemaReservaciones\build\instrumented_classes\mx\com\restaurante\service\ClienteService.class], file [C:\Users\ChristianFV\Documents\workspace-sts-3.8.3.RELEASE\SistemaReservaciones\build\instrumented_classes\mx\com\restaurante\service\impl\ClienteServiceImpl.class], file [C:\Users\ChristianFV\Documents\workspace-sts-3.8.3.RELEASE\SistemaReservaciones\build\instrumented_classes\mx\com\restaurante\service\impl\ReservacionServiceImpl.class], file [C:\Users\ChristianFV\Documents\workspace-sts-3.8.3.RELEASE\SistemaReservaciones\build\instrumented_classes\mx\com\restaurante\service\ReservacionService.class], file [C:\Users\ChristianFV\Documents\workspace-sts-3.8.3.RELEASE\SistemaReservaciones\build\instrumented_classes\mx\com\restaurante\util\DBUnitData.class], file [C:\Users\ChristianFV\Documents\workspace-sts-3.8.3.RELEASE\SistemaReservaciones\build\instrumented_classes\mx\com\restaurante\WebSecurityConfig.class], file [C:\Users\ChristianFV\Documents\workspace-sts-3.8.3.RELEASE\SistemaReservaciones\build\classes\test\mx\com\restaurante\test\controller\ClienteTestController.class], file [C:\Users\ChristianFV\Documents\workspace-sts-3.8.3.RELEASE\SistemaReservaciones\build\classes\test\mx\com\restaurante\test\controller\gestionReservacionTestController.class], file [C:\Users\ChristianFV\Documents\workspace-sts-3.8.3.RELEASE\SistemaReservaciones\build\classes\test\mx\com\restaurante\test\controller\ReservacionTestController.class], file [C:\Users\ChristianFV\Documents\workspace-sts-3.8.3.RELEASE\SistemaReservaciones\build\classes\test\mx\com\restaurante\test\DBUnitDataTest.class], file [C:\Users\ChristianFV\Documents\workspace-sts-3.8.3.RELEASE\SistemaReservaciones\build\classes\test\mx\com\restaurante\test\domain\ClienteDomainTest.class], file [C:\Users\ChristianFV\Documents\workspace-sts-3.8.3.RELEASE\SistemaReservaciones\build\classes\test\mx\com\restaurante\test\service\ClienteServiceTest.class], file [C:\Users\ChristianFV\Documents\workspace-sts-3.8.3.RELEASE\SistemaReservaciones\build\classes\test\mx\com\restaurante\test\service\ReservacionServiceTest.class], file [C:\Users\ChristianFV\Documents\workspace-sts-3.8.3.RELEASE\SistemaReservaciones\build\classes\main\mx\com\restaurante\Application.class], file [C:\Users\ChristianFV\Documents\workspace-sts-3.8.3.RELEASE\SistemaReservaciones\build\classes\main\mx\com\restaurante\controller\ClienteController.class], file [C:\Users\ChristianFV\Documents\workspace-sts-3.8.3.RELEASE\SistemaReservaciones\build\classes\main\mx\com\restaurante\controller\LoginController.class], file [C:\Users\ChristianFV\Documents\workspace-sts-3.8.3.RELEASE\SistemaReservaciones\build\classes\main\mx\com\restaurante\controller\ReservacionController.class], file [C:\Users\ChristianFV\Documents\workspace-sts-3.8.3.RELEASE\SistemaReservaciones\build\classes\main\mx\com\restaurante\domain\Cliente.class], file [C:\Users\ChristianFV\Documents\workspace-sts-3.8.3.RELEASE\SistemaReservaciones\build\classes\main\mx\com\restaurante\domain\repository\ClienteRepository.class], file [C:\Users\ChristianFV\Documents\workspace-sts-3.8.3.RELEASE\SistemaReservaciones\build\classes\main\mx\com\restaurante\domain\repository\ReservacionRepository.class], file [C:\Users\ChristianFV\Documents\workspace-sts-3.8.3.RELEASE\SistemaReservaciones\build\classes\main\mx\com\restaurante\domain\Reservacion.class], file [C:\Users\ChristianFV\Documents\workspace-sts-3.8.3.RELEASE\SistemaReservaciones\build\classes\main\mx\com\restaurante\MailConfiguration.class], file [C:\Users\ChristianFV\Documents\workspace-sts-3.8.3.RELEASE\SistemaReservaciones\build\classes\main\mx\com\restaurante\MvcConfig.class], file [C:\Users\ChristianFV\Documents\workspace-sts-3.8.3.RELEASE\SistemaReservaciones\build\classes\main\mx\com\restaurante\service\ClienteService.class], file [C:\Users\ChristianFV\Documents\workspace-sts-3.8.3.RELEASE\SistemaReservaciones\build\classes\main\mx\com\restaurante\service\impl\ClienteServiceImpl.class], file [C:\Users\ChristianFV\Documents\workspace-sts-3.8.3.RELEASE\SistemaReservaciones\build\classes\main\mx\com\restaurante\service\impl\ReservacionServiceImpl.class], file [C:\Users\ChristianFV\Documents\workspace-sts-3.8.3.RELEASE\SistemaReservaciones\build\classes\main\mx\com\restaurante\service\ReservacionService.class], file [C:\Users\ChristianFV\Documents\workspace-sts-3.8.3.RELEASE\SistemaReservaciones\build\classes\main\mx\com\restaurante\util\DBUnitData.class], file [C:\Users\ChristianFV\Documents\workspace-sts-3.8.3.RELEASE\SistemaReservaciones\build\classes\main\mx\com\restaurante\WebSecurityConfig.class]]
[DEBUG] Identified candidate component class: file [C:\Users\ChristianFV\Documents\workspace-sts-3.8.3.RELEASE\SistemaReservaciones\build\instrumented_classes\mx\com\restaurante\domain\repository\ClienteRepository.class]
[DEBUG] Identified candidate component class: file [C:\Users\ChristianFV\Documents\workspace-sts-3.8.3.RELEASE\SistemaReservaciones\build\instrumented_classes\mx\com\restaurante\domain\repository\ReservacionRepository.class]
[DEBUG] Identified candidate component class: file [C:\Users\ChristianFV\Documents\workspace-sts-3.8.3.RELEASE\SistemaReservaciones\build\classes\main\mx\com\restaurante\domain\repository\ClienteRepository.class]
[DEBUG] Identified candidate component class: file [C:\Users\ChristianFV\Documents\workspace-sts-3.8.3.RELEASE\SistemaReservaciones\build\classes\main\mx\com\restaurante\domain\repository\ReservacionRepository.class]
[DEBUG] Returning cached instance of singleton bean 'org.springframework.boot.autoconfigure.AutoConfigurationPackages'
[DEBUG] Adding [systemProperties] PropertySource with lowest search precedence
[DEBUG] Adding [systemEnvironment] PropertySource with lowest search precedence
[DEBUG] Initialized StandardEnvironment with PropertySources [systemProperties,systemEnvironment]
[DEBUG] Resolved classpath location [mx/com/restaurante/] to resources [URL [file:/C:/Users/ChristianFV/Documents/workspace-sts-3.8.3.RELEASE/SistemaReservaciones/build/instrumented_classes/mx/com/restaurante/], URL [file:/C:/Users/ChristianFV/Documents/workspace-sts-3.8.3.RELEASE/SistemaReservaciones/build/classes/test/mx/com/restaurante/], URL [file:/C:/Users/ChristianFV/Documents/workspace-sts-3.8.3.RELEASE/SistemaReservaciones/build/classes/main/mx/com/restaurante/]]
[DEBUG] Looking for matching resources in directory tree [C:\Users\ChristianFV\Documents\workspace-sts-3.8.3.RELEASE\SistemaReservaciones\build\instrumented_classes\mx\com\restaurante]
[DEBUG] Searching directory [C:\Users\ChristianFV\Documents\workspace-sts-3.8.3.RELEASE\SistemaReservaciones\build\instrumented_classes\mx\com\restaurante] for files matching pattern [C:/Users/ChristianFV/Documents/workspace-sts-3.8.3.RELEASE/SistemaReservaciones/build/instrumented_classes/mx/com/restaurante/**/*ClienteRepositoryImpl.class]
[DEBUG] Searching directory [C:\Users\ChristianFV\Documents\workspace-sts-3.8.3.RELEASE\SistemaReservaciones\build\instrumented_classes\mx\com\restaurante\controller] for files matching pattern [C:/Users/ChristianFV/Documents/workspace-sts-3.8.3.RELEASE/SistemaReservaciones/build/instrumented_classes/mx/com/restaurante/**/*ClienteRepositoryImpl.class]
[DEBUG] Searching directory [C:\Users\ChristianFV\Documents\workspace-sts-3.8.3.RELEASE\SistemaReservaciones\build\instrumented_classes\mx\com\restaurante\domain] for files matching pattern [C:/Users/ChristianFV/Documents/workspace-sts-3.8.3.RELEASE/SistemaReservaciones/build/instrumented_classes/mx/com/restaurante/**/*ClienteRepositoryImpl.class]
[DEBUG] Searching directory [C:\Users\ChristianFV\Documents\workspace-sts-3.8.3.RELEASE\SistemaReservaciones\build\instrumented_classes\mx\com\restaurante\domain\repository] for files matching pattern [C:/Users/ChristianFV/Documents/workspace-sts-3.8.3.RELEASE/SistemaReservaciones/build/instrumented_classes/mx/com/restaurante/**/*ClienteRepositoryImpl.class]
[DEBUG] Searching directory [C:\Users\ChristianFV\Documents\workspace-sts-3.8.3.RELEASE\SistemaReservaciones\build\instrumented_classes\mx\com\restaurante\service] for files matching pattern [C:/Users/ChristianFV/Documents/workspace-sts-3.8.3.RELEASE/SistemaReservaciones/build/instrumented_classes/mx/com/restaurante/**/*ClienteRepositoryImpl.class]
[DEBUG] Searching directory [C:\Users\ChristianFV\Documents\workspace-sts-3.8.3.RELEASE\SistemaReservaciones\build\instrumented_classes\mx\com\restaurante\service\impl] for files matching pattern [C:/Users/ChristianFV/Documents/workspace-sts-3.8.3.RELEASE/SistemaReservaciones/build/instrumented_classes/mx/com/restaurante/**/*ClienteRepositoryImpl.class]
[DEBUG] Searching directory [C:\Users\ChristianFV\Documents\workspace-sts-3.8.3.RELEASE\SistemaReservaciones\build\instrumented_classes\mx\com\restaurante\util] for files matching pattern [C:/Users/ChristianFV/Documents/workspace-sts-3.8.3.RELEASE/SistemaReservaciones/build/instrumented_classes/mx/com/restaurante/**/*ClienteRepositoryImpl.class]
[DEBUG] Looking for matching resources in directory tree [C:\Users\ChristianFV\Documents\workspace-sts-3.8.3.RELEASE\SistemaReservaciones\build\classes\test\mx\com\restaurante]
[DEBUG] Searching directory [C:\Users\ChristianFV\Documents\workspace-sts-3.8.3.RELEASE\SistemaReservaciones\build\classes\test\mx\com\restaurante] for files matching pattern [C:/Users/ChristianFV/Documents/workspace-sts-3.8.3.RELEASE/SistemaReservaciones/build/classes/test/mx/com/restaurante/**/*ClienteRepositoryImpl.class]
[DEBUG] Searching directory [C:\Users\ChristianFV\Documents\workspace-sts-3.8.3.RELEASE\SistemaReservaciones\build\classes\test\mx\com\restaurante\test] for files matching pattern [C:/Users/ChristianFV/Documents/workspace-sts-3.8.3.RELEASE/SistemaReservaciones/build/classes/test/mx/com/restaurante/**/*ClienteRepositoryImpl.class]
[DEBUG] Searching directory [C:\Users\ChristianFV\Documents\workspace-sts-3.8.3.RELEASE\SistemaReservaciones\build\classes\test\mx\com\restaurante\test\controller] for files matching pattern [C:/Users/ChristianFV/Documents/workspace-sts-3.8.3.RELEASE/SistemaReservaciones/build/classes/test/mx/com/restaurante/**/*ClienteRepositoryImpl.class]
[DEBUG] Searching directory [C:\Users\ChristianFV\Documents\workspace-sts-3.8.3.RELEASE\SistemaReservaciones\build\classes\test\mx\com\restaurante\test\domain] for files matching pattern [C:/Users/ChristianFV/Documents/workspace-sts-3.8.3.RELEASE/SistemaReservaciones/build/classes/test/mx/com/restaurante/**/*ClienteRepositoryImpl.class]
[DEBUG] Searching directory [C:\Users\ChristianFV\Documents\workspace-sts-3.8.3.RELEASE\SistemaReservaciones\build\classes\test\mx\com\restaurante\test\service] for files matching pattern [C:/Users/ChristianFV/Documents/workspace-sts-3.8.3.RELEASE/SistemaReservaciones/build/classes/test/mx/com/restaurante/**/*ClienteRepositoryImpl.class]
[DEBUG] Looking for matching resources in directory tree [C:\Users\ChristianFV\Documents\workspace-sts-3.8.3.RELEASE\SistemaReservaciones\build\classes\main\mx\com\restaurante]
[DEBUG] Searching directory [C:\Users\ChristianFV\Documents\workspace-sts-3.8.3.RELEASE\SistemaReservaciones\build\classes\main\mx\com\restaurante] for files matching pattern [C:/Users/ChristianFV/Documents/workspace-sts-3.8.3.RELEASE/SistemaReservaciones/build/classes/main/mx/com/restaurante/**/*ClienteRepositoryImpl.class]
[DEBUG] Searching directory [C:\Users\ChristianFV\Documents\workspace-sts-3.8.3.RELEASE\SistemaReservaciones\build\classes\main\mx\com\restaurante\controller] for files matching pattern [C:/Users/ChristianFV/Documents/workspace-sts-3.8.3.RELEASE/SistemaReservaciones/build/classes/main/mx/com/restaurante/**/*ClienteRepositoryImpl.class]
[DEBUG] Searching directory [C:\Users\ChristianFV\Documents\workspace-sts-3.8.3.RELEASE\SistemaReservaciones\build\classes\main\mx\com\restaurante\domain] for files matching pattern [C:/Users/ChristianFV/Documents/workspace-sts-3.8.3.RELEASE/SistemaReservaciones/build/classes/main/mx/com/restaurante/**/*ClienteRepositoryImpl.class]
[DEBUG] Searching directory [C:\Users\ChristianFV\Documents\workspace-sts-3.8.3.RELEASE\SistemaReservaciones\build\classes\main\mx\com\restaurante\domain\repository] for files matching pattern [C:/Users/ChristianFV/Documents/workspace-sts-3.8.3.RELEASE/SistemaReservaciones/build/classes/main/mx/com/restaurante/**/*ClienteRepositoryImpl.class]
[DEBUG] Searching directory [C:\Users\ChristianFV\Documents\workspace-sts-3.8.3.RELEASE\SistemaReservaciones\build\classes\main\mx\com\restaurante\service] for files matching pattern [C:/Users/ChristianFV/Documents/workspace-sts-3.8.3.RELEASE/SistemaReservaciones/build/classes/main/mx/com/restaurante/**/*ClienteRepositoryImpl.class]
[DEBUG] Searching directory [C:\Users\ChristianFV\Documents\workspace-sts-3.8.3.RELEASE\SistemaReservaciones\build\classes\main\mx\com\restaurante\service\impl] for files matching pattern [C:/Users/ChristianFV/Documents/workspace-sts-3.8.3.RELEASE/SistemaReservaciones/build/classes/main/mx/com/restaurante/**/*ClienteRepositoryImpl.class]
[DEBUG] Searching directory [C:\Users\ChristianFV\Documents\workspace-sts-3.8.3.RELEASE\SistemaReservaciones\build\classes\main\mx\com\restaurante\util] for files matching pattern [C:/Users/ChristianFV/Documents/workspace-sts-3.8.3.RELEASE/SistemaReservaciones/build/classes/main/mx/com/restaurante/**/*ClienteRepositoryImpl.class]
[DEBUG] Resolved location pattern [classpath*:mx/com/restaurante/**/*ClienteRepositoryImpl.class] to resources []
[DEBUG] Spring Data JPA - Registering repository: clienteRepository - Interface: mx.com.restaurante.domain.repository.ClienteRepository - Factory: org.springframework.data.jpa.repository.support.JpaRepositoryFactoryBean
[DEBUG] Returning cached instance of singleton bean 'org.springframework.boot.autoconfigure.AutoConfigurationPackages'
[DEBUG] Adding [systemProperties] PropertySource with lowest search precedence
[DEBUG] Adding [systemEnvironment] PropertySource with lowest search precedence
[DEBUG] Initialized StandardEnvironment with PropertySources [systemProperties,systemEnvironment]
[DEBUG] Resolved classpath location [mx/com/restaurante/] to resources [URL [file:/C:/Users/ChristianFV/Documents/workspace-sts-3.8.3.RELEASE/SistemaReservaciones/build/instrumented_classes/mx/com/restaurante/], URL [file:/C:/Users/ChristianFV/Documents/workspace-sts-3.8.3.RELEASE/SistemaReservaciones/build/classes/test/mx/com/restaurante/], URL [file:/C:/Users/ChristianFV/Documents/workspace-sts-3.8.3.RELEASE/SistemaReservaciones/build/classes/main/mx/com/restaurante/]]
[DEBUG] Looking for matching resources in directory tree [C:\Users\ChristianFV\Documents\workspace-sts-3.8.3.RELEASE\SistemaReservaciones\build\instrumented_classes\mx\com\restaurante]
[DEBUG] Searching directory [C:\Users\ChristianFV\Documents\workspace-sts-3.8.3.RELEASE\SistemaReservaciones\build\instrumented_classes\mx\com\restaurante] for files matching pattern [C:/Users/ChristianFV/Documents/workspace-sts-3.8.3.RELEASE/SistemaReservaciones/build/instrumented_classes/mx/com/restaurante/**/*ReservacionRepositoryImpl.class]
[DEBUG] Searching directory [C:\Users\ChristianFV\Documents\workspace-sts-3.8.3.RELEASE\SistemaReservaciones\build\instrumented_classes\mx\com\restaurante\controller] for files matching pattern [C:/Users/ChristianFV/Documents/workspace-sts-3.8.3.RELEASE/SistemaReservaciones/build/instrumented_classes/mx/com/restaurante/**/*ReservacionRepositoryImpl.class]
[DEBUG] Searching directory [C:\Users\ChristianFV\Documents\workspace-sts-3.8.3.RELEASE\SistemaReservaciones\build\instrumented_classes\mx\com\restaurante\domain] for files matching pattern [C:/Users/ChristianFV/Documents/workspace-sts-3.8.3.RELEASE/SistemaReservaciones/build/instrumented_classes/mx/com/restaurante/**/*ReservacionRepositoryImpl.class]
[DEBUG] Searching directory [C:\Users\ChristianFV\Documents\workspace-sts-3.8.3.RELEASE\SistemaReservaciones\build\instrumented_classes\mx\com\restaurante\domain\repository] for files matching pattern [C:/Users/ChristianFV/Documents/workspace-sts-3.8.3.RELEASE/SistemaReservaciones/build/instrumented_classes/mx/com/restaurante/**/*ReservacionRepositoryImpl.class]
[DEBUG] Searching directory [C:\Users\ChristianFV\Documents\workspace-sts-3.8.3.RELEASE\SistemaReservaciones\build\instrumented_classes\mx\com\restaurante\service] for files matching pattern [C:/Users/ChristianFV/Documents/workspace-sts-3.8.3.RELEASE/SistemaReservaciones/build/instrumented_classes/mx/com/restaurante/**/*ReservacionRepositoryImpl.class]
[DEBUG] Searching directory [C:\Users\ChristianFV\Documents\workspace-sts-3.8.3.RELEASE\SistemaReservaciones\build\instrumented_classes\mx\com\restaurante\service\impl] for files matching pattern [C:/Users/ChristianFV/Documents/workspace-sts-3.8.3.RELEASE/SistemaReservaciones/build/instrumented_classes/mx/com/restaurante/**/*ReservacionRepositoryImpl.class]
[DEBUG] Searching directory [C:\Users\ChristianFV\Documents\workspace-sts-3.8.3.RELEASE\SistemaReservaciones\build\instrumented_classes\mx\com\restaurante\util] for files matching pattern [C:/Users/ChristianFV/Documents/workspace-sts-3.8.3.RELEASE/SistemaReservaciones/build/instrumented_classes/mx/com/restaurante/**/*ReservacionRepositoryImpl.class]
[DEBUG] Looking for matching resources in directory tree [C:\Users\ChristianFV\Documents\workspace-sts-3.8.3.RELEASE\SistemaReservaciones\build\classes\test\mx\com\restaurante]
[DEBUG] Searching directory [C:\Users\ChristianFV\Documents\workspace-sts-3.8.3.RELEASE\SistemaReservaciones\build\classes\test\mx\com\restaurante] for files matching pattern [C:/Users/ChristianFV/Documents/workspace-sts-3.8.3.RELEASE/SistemaReservaciones/build/classes/test/mx/com/restaurante/**/*ReservacionRepositoryImpl.class]
[DEBUG] Searching directory [C:\Users\ChristianFV\Documents\workspace-sts-3.8.3.RELEASE\SistemaReservaciones\build\classes\test\mx\com\restaurante\test] for files matching pattern [C:/Users/ChristianFV/Documents/workspace-sts-3.8.3.RELEASE/SistemaReservaciones/build/classes/test/mx/com/restaurante/**/*ReservacionRepositoryImpl.class]
[DEBUG] Searching directory [C:\Users\ChristianFV\Documents\workspace-sts-3.8.3.RELEASE\SistemaReservaciones\build\classes\test\mx\com\restaurante\test\controller] for files matching pattern [C:/Users/ChristianFV/Documents/workspace-sts-3.8.3.RELEASE/SistemaReservaciones/build/classes/test/mx/com/restaurante/**/*ReservacionRepositoryImpl.class]
[DEBUG] Searching directory [C:\Users\ChristianFV\Documents\workspace-sts-3.8.3.RELEASE\SistemaReservaciones\build\classes\test\mx\com\restaurante\test\domain] for files matching pattern [C:/Users/ChristianFV/Documents/workspace-sts-3.8.3.RELEASE/SistemaReservaciones/build/classes/test/mx/com/restaurante/**/*ReservacionRepositoryImpl.class]
[DEBUG] Searching directory [C:\Users\ChristianFV\Documents\workspace-sts-3.8.3.RELEASE\SistemaReservaciones\build\classes\test\mx\com\restaurante\test\service] for files matching pattern [C:/Users/ChristianFV/Documents/workspace-sts-3.8.3.RELEASE/SistemaReservaciones/build/classes/test/mx/com/restaurante/**/*ReservacionRepositoryImpl.class]
[DEBUG] Looking for matching resources in directory tree [C:\Users\ChristianFV\Documents\workspace-sts-3.8.3.RELEASE\SistemaReservaciones\build\classes\main\mx\com\restaurante]
[DEBUG] Searching directory [C:\Users\ChristianFV\Documents\workspace-sts-3.8.3.RELEASE\SistemaReservaciones\build\classes\main\mx\com\restaurante] for files matching pattern [C:/Users/ChristianFV/Documents/workspace-sts-3.8.3.RELEASE/SistemaReservaciones/build/classes/main/mx/com/restaurante/**/*ReservacionRepositoryImpl.class]
[DEBUG] Searching directory [C:\Users\ChristianFV\Documents\workspace-sts-3.8.3.RELEASE\SistemaReservaciones\build\classes\main\mx\com\restaurante\controller] for files matching pattern [C:/Users/ChristianFV/Documents/workspace-sts-3.8.3.RELEASE/SistemaReservaciones/build/classes/main/mx/com/restaurante/**/*ReservacionRepositoryImpl.class]
[DEBUG] Searching directory [C:\Users\ChristianFV\Documents\workspace-sts-3.8.3.RELEASE\SistemaReservaciones\build\classes\main\mx\com\restaurante\domain] for files matching pattern [C:/Users/ChristianFV/Documents/workspace-sts-3.8.3.RELEASE/SistemaReservaciones/build/classes/main/mx/com/restaurante/**/*ReservacionRepositoryImpl.class]
[DEBUG] Searching directory [C:\Users\ChristianFV\Documents\workspace-sts-3.8.3.RELEASE\SistemaReservaciones\build\classes\main\mx\com\restaurante\domain\repository] for files matching pattern [C:/Users/ChristianFV/Documents/workspace-sts-3.8.3.RELEASE/SistemaReservaciones/build/classes/main/mx/com/restaurante/**/*ReservacionRepositoryImpl.class]
[DEBUG] Searching directory [C:\Users\ChristianFV\Documents\workspace-sts-3.8.3.RELEASE\SistemaReservaciones\build\classes\main\mx\com\restaurante\service] for files matching pattern [C:/Users/ChristianFV/Documents/workspace-sts-3.8.3.RELEASE/SistemaReservaciones/build/classes/main/mx/com/restaurante/**/*ReservacionRepositoryImpl.class]
[DEBUG] Searching directory [C:\Users\ChristianFV\Documents\workspace-sts-3.8.3.RELEASE\SistemaReservaciones\build\classes\main\mx\com\restaurante\service\impl] for files matching pattern [C:/Users/ChristianFV/Documents/workspace-sts-3.8.3.RELEASE/SistemaReservaciones/build/classes/main/mx/com/restaurante/**/*ReservacionRepositoryImpl.class]
[DEBUG] Searching directory [C:\Users\ChristianFV\Documents\workspace-sts-3.8.3.RELEASE\SistemaReservaciones\build\classes\main\mx\com\restaurante\util] for files matching pattern [C:/Users/ChristianFV/Documents/workspace-sts-3.8.3.RELEASE/SistemaReservaciones/build/classes/main/mx/com/restaurante/**/*ReservacionRepositoryImpl.class]
[DEBUG] Resolved location pattern [classpath*:mx/com/restaurante/**/*ReservacionRepositoryImpl.class] to resources []
[DEBUG] Spring Data JPA - Registering repository: reservacionRepository - Interface: mx.com.restaurante.domain.repository.ReservacionRepository - Factory: org.springframework.data.jpa.repository.support.JpaRepositoryFactoryBean
[DEBUG] Returning cached instance of singleton bean 'autoConfigurationReport'
[DEBUG] Returning cached instance of singleton bean 'org.springframework.boot.autoconfigure.condition.BeanTypeRegistry'
[DEBUG] Returning cached instance of singleton bean 'autoConfigurationReport'
[DEBUG] Registered bean definition for imported class 'org.springframework.transaction.annotation.ProxyTransactionManagementConfiguration'
[DEBUG] Registering bean definition for @Bean method org.springframework.transaction.annotation.ProxyTransactionManagementConfiguration.org.springframework.transaction.config.internalTransactionAdvisor()
[DEBUG] Registering bean definition for @Bean method org.springframework.transaction.annotation.ProxyTransactionManagementConfiguration.transactionAttributeSource()
[DEBUG] Registering bean definition for @Bean method org.springframework.transaction.annotation.ProxyTransactionManagementConfiguration.transactionInterceptor()
[DEBUG] Registering bean definition for @Bean method org.springframework.transaction.annotation.ProxyTransactionManagementConfiguration.org.springframework.transaction.config.internalTransactionalEventListenerFactory()
[DEBUG] Registered bean definition for imported class 'org.springframework.boot.autoconfigure.jdbc.DataSourceTransactionManagerAutoConfiguration$TransactionManagementConfiguration'
[DEBUG] Returning cached instance of singleton bean 'org.springframework.boot.autoconfigure.condition.BeanTypeRegistry'
[DEBUG] Returning cached instance of singleton bean 'autoConfigurationReport'
[DEBUG] Registered bean definition for imported class 'org.springframework.boot.autoconfigure.jdbc.DataSourceTransactionManagerAutoConfiguration$DataSourceTransactionManagerConfiguration'
[DEBUG] Returning cached instance of singleton bean 'org.springframework.boot.autoconfigure.condition.BeanTypeRegistry'
[DEBUG] Returning cached instance of singleton bean 'autoConfigurationReport'
[DEBUG] Registered bean definition for imported class 'org.springframework.boot.autoconfigure.jdbc.DataSourceTransactionManagerAutoConfiguration'
[DEBUG] Returning cached instance of singleton bean 'autoConfigurationReport'
[DEBUG] Returning cached instance of singleton bean 'org.springframework.boot.autoconfigure.condition.BeanTypeRegistry'
[DEBUG] Returning cached instance of singleton bean 'autoConfigurationReport'
[DEBUG] Registered bean definition for imported class 'org.springframework.boot.autoconfigure.transaction.TransactionAutoConfiguration$TransactionTemplateConfiguration'
[DEBUG] Returning cached instance of singleton bean 'org.springframework.boot.autoconfigure.condition.BeanTypeRegistry'
[DEBUG] Returning cached instance of singleton bean 'autoConfigurationReport'
[DEBUG] Registering bean definition for @Bean method org.springframework.boot.autoconfigure.transaction.TransactionAutoConfiguration$TransactionTemplateConfiguration.transactionTemplate()
[DEBUG] Registered bean definition for imported class 'org.springframework.boot.autoconfigure.transaction.TransactionAutoConfiguration'
[DEBUG] Returning cached instance of singleton bean 'org.springframework.boot.autoconfigure.condition.BeanTypeRegistry'
[DEBUG] Returning cached instance of singleton bean 'autoConfigurationReport'
[DEBUG] Registering bean definition for @Bean method org.springframework.boot.autoconfigure.transaction.TransactionAutoConfiguration.platformTransactionManagerCustomizers()
[DEBUG] Returning cached instance of singleton bean 'autoConfigurationReport'
[DEBUG] Returning cached instance of singleton bean 'autoConfigurationReport'
[DEBUG] Registered bean definition for imported class 'org.springframework.boot.autoconfigure.web.HttpMessageConvertersAutoConfiguration$StringHttpMessageConverterConfiguration'
[DEBUG] Returning cached instance of singleton bean 'org.springframework.boot.autoconfigure.condition.BeanTypeRegistry'
[DEBUG] Returning cached instance of singleton bean 'autoConfigurationReport'
[DEBUG] Registering bean definition for @Bean method org.springframework.boot.autoconfigure.web.HttpMessageConvertersAutoConfiguration$StringHttpMessageConverterConfiguration.stringHttpMessageConverter()
[DEBUG] Returning cached instance of singleton bean 'autoConfigurationReport'
[DEBUG] Returning cached instance of singleton bean 'autoConfigurationReport'
[DEBUG] Returning cached instance of singleton bean 'org.springframework.boot.autoconfigure.condition.BeanTypeRegistry'
[DEBUG] Returning cached instance of singleton bean 'autoConfigurationReport'
[DEBUG] Registered bean definition for imported class 'org.springframework.boot.autoconfigure.web.JacksonHttpMessageConvertersConfiguration$MappingJackson2HttpMessageConverterConfiguration'
[DEBUG] Returning cached instance of singleton bean 'org.springframework.boot.autoconfigure.condition.BeanTypeRegistry'
[DEBUG] Returning cached instance of singleton bean 'autoConfigurationReport'
[DEBUG] Registering bean definition for @Bean method org.springframework.boot.autoconfigure.web.JacksonHttpMessageConvertersConfiguration$MappingJackson2HttpMessageConverterConfiguration.mappingJackson2HttpMessageConverter()
[DEBUG] Registered bean definition for imported class 'org.springframework.boot.autoconfigure.web.JacksonHttpMessageConvertersConfiguration'
[DEBUG] Registered bean definition for imported class 'org.springframework.boot.autoconfigure.web.HttpMessageConvertersAutoConfiguration'
[DEBUG] Returning cached instance of singleton bean 'org.springframework.boot.autoconfigure.condition.BeanTypeRegistry'
[DEBUG] Returning cached instance of singleton bean 'autoConfigurationReport'
[DEBUG] Registering bean definition for @Bean method org.springframework.boot.autoconfigure.web.HttpMessageConvertersAutoConfiguration.messageConverters()
[DEBUG] Returning cached instance of singleton bean 'autoConfigurationReport'
[DEBUG] Returning cached instance of singleton bean 'autoConfigurationReport'
[DEBUG] Returning cached instance of singleton bean 'org.springframework.boot.autoconfigure.condition.BeanTypeRegistry'
[DEBUG] Returning cached instance of singleton bean 'autoConfigurationReport'
[DEBUG] Registered bean definition for imported class 'org.springframework.data.web.config.SpringDataWebConfiguration'
[DEBUG] Registering bean definition for @Bean method org.springframework.data.web.config.SpringDataWebConfiguration.pageableResolver()
[DEBUG] Registering bean definition for @Bean method org.springframework.data.web.config.SpringDataWebConfiguration.sortResolver()
[DEBUG] Registered bean definition for imported class 'org.springframework.data.web.config.SpringDataJacksonConfiguration'
[DEBUG] Registering bean definition for @Bean method org.springframework.data.web.config.SpringDataJacksonConfiguration.jacksonGeoModule()
[DEBUG] Registered bean definition for imported class 'org.springframework.boot.autoconfigure.data.web.SpringDataWebAutoConfiguration'
[DEBUG] Returning cached instance of singleton bean 'autoConfigurationReport'
[DEBUG] Returning cached instance of singleton bean 'autoConfigurationReport'
[DEBUG] Returning cached instance of singleton bean 'autoConfigurationReport'
[DEBUG] Returning cached instance of singleton bean 'org.springframework.boot.autoconfigure.condition.BeanTypeRegistry'
[DEBUG] Returning cached instance of singleton bean 'autoConfigurationReport'
[DEBUG] Returning cached instance of singleton bean 'org.springframework.boot.autoconfigure.condition.BeanTypeRegistry'
[DEBUG] Returning cached instance of singleton bean 'org.springframework.boot.autoconfigure.condition.BeanTypeRegistry'
[DEBUG] Returning cached instance of singleton bean 'autoConfigurationReport'
[DEBUG] Returning cached instance of singleton bean 'org.springframework.boot.autoconfigure.condition.BeanTypeRegistry'
[DEBUG] Returning cached instance of singleton bean 'org.springframework.boot.autoconfigure.condition.BeanTypeRegistry'
[DEBUG] Returning cached instance of singleton bean 'autoConfigurationReport'
[DEBUG] Registered bean definition for imported class 'org.springframework.boot.autoconfigure.security.AuthenticationManagerConfiguration'
[DEBUG] Registering bean definition for @Bean method org.springframework.boot.autoconfigure.security.AuthenticationManagerConfiguration.authenticationManager()
[DEBUG] Registering bean definition for @Bean method org.springframework.boot.autoconfigure.security.AuthenticationManagerConfiguration.springBootAuthenticationConfigurerAdapter()
[DEBUG] Registering bean definition for @Bean method org.springframework.boot.autoconfigure.security.AuthenticationManagerConfiguration.authenticationManagerConfigurationListener()
[DEBUG] Returning cached instance of singleton bean 'autoConfigurationReport'
[DEBUG] Registered bean definition for imported class 'org.springframework.boot.autoconfigure.security.BootGlobalAuthenticationConfiguration'
[DEBUG] Registering bean definition for @Bean method org.springframework.boot.autoconfigure.security.BootGlobalAuthenticationConfiguration.bootGlobalAuthenticationConfigurationAdapter()
[DEBUG] Registered bean definition for imported class 'org.springframework.boot.autoconfigure.security.SecurityAutoConfiguration'
[DEBUG] Returning cached instance of singleton bean 'org.springframework.boot.autoconfigure.condition.BeanTypeRegistry'
[DEBUG] Returning cached instance of singleton bean 'autoConfigurationReport'
[DEBUG] Registering bean definition for @Bean method org.springframework.boot.autoconfigure.security.SecurityAutoConfiguration.authenticationEventPublisher()
[DEBUG] Returning cached instance of singleton bean 'org.springframework.boot.autoconfigure.condition.BeanTypeRegistry'
[DEBUG] Returning cached instance of singleton bean 'autoConfigurationReport'
[DEBUG] Registering bean definition for @Bean method org.springframework.boot.autoconfigure.security.SecurityAutoConfiguration.securityProperties()
[DEBUG] Registered bean definition for imported class 'org.springframework.boot.autoconfigure.info.ProjectInfoAutoConfiguration'
[DEBUG] Returning cached instance of singleton bean 'autoConfigurationReport'
[DEBUG] Could not find key 'spring.info.build.location:classpath:META-INF/build-info.properties' in any property source
[DEBUG] Could not find key 'spring.info.build.location' in any property source
[DEBUG] Returning cached instance of singleton bean 'autoConfigurationReport'
[DEBUG] Returning cached instance of singleton bean 'autoConfigurationReport'
[DEBUG] Returning cached instance of singleton bean 'org.springframework.boot.autoconfigure.condition.BeanTypeRegistry'
[DEBUG] Returning cached instance of singleton bean 'autoConfigurationReport'
[DEBUG] Registered bean definition for imported class 'org.springframework.boot.autoconfigure.jdbc.JdbcTemplateAutoConfiguration'
[DEBUG] Returning cached instance of singleton bean 'org.springframework.boot.autoconfigure.condition.BeanTypeRegistry'
[DEBUG] Returning cached instance of singleton bean 'autoConfigurationReport'
[DEBUG] Registering bean definition for @Bean method org.springframework.boot.autoconfigure.jdbc.JdbcTemplateAutoConfiguration.jdbcTemplate()
[DEBUG] Returning cached instance of singleton bean 'org.springframework.boot.autoconfigure.condition.BeanTypeRegistry'
[DEBUG] Returning cached instance of singleton bean 'autoConfigurationReport'
[DEBUG] Registering bean definition for @Bean method org.springframework.boot.autoconfigure.jdbc.JdbcTemplateAutoConfiguration.namedParameterJdbcTemplate()
[DEBUG] Returning cached instance of singleton bean 'autoConfigurationReport'
[DEBUG] Returning cached instance of singleton bean 'autoConfigurationReport'
[DEBUG] Registered bean definition for imported class 'org.springframework.boot.autoconfigure.thymeleaf.ThymeleafAutoConfiguration$ThymeleafResourceHandlingConfig'
[DEBUG] Returning cached instance of singleton bean 'org.springframework.boot.autoconfigure.condition.BeanTypeRegistry'
[DEBUG] Returning cached instance of singleton bean 'autoConfigurationReport'
[DEBUG] Returning cached instance of singleton bean 'autoConfigurationReport'
[DEBUG] Returning cached instance of singleton bean 'org.springframework.boot.autoconfigure.condition.BeanTypeRegistry'
[DEBUG] Returning cached instance of singleton bean 'autoConfigurationReport'
[DEBUG] Registered bean definition for imported class 'org.springframework.boot.autoconfigure.thymeleaf.ThymeleafAutoConfiguration$ThymeleafDefaultConfiguration'
[DEBUG] Registering bean definition for @Bean method org.springframework.boot.autoconfigure.thymeleaf.ThymeleafAutoConfiguration$ThymeleafDefaultConfiguration.templateEngine()
[DEBUG] Returning cached instance of singleton bean 'autoConfigurationReport'
[DEBUG] Returning cached instance of singleton bean 'autoConfigurationReport'
[DEBUG] Returning cached instance of singleton bean 'autoConfigurationReport'
[DEBUG] Registered bean definition for imported class 'org.springframework.boot.autoconfigure.thymeleaf.ThymeleafAutoConfiguration$Thymeleaf2Configuration$Thymeleaf2ViewResolverConfiguration'
[DEBUG] Returning cached instance of singleton bean 'autoConfigurationReport'
[DEBUG] Returning cached instance of singleton bean 'autoConfigurationReport'
[DEBUG] Registering bean definition for @Bean method org.springframework.boot.autoconfigure.thymeleaf.ThymeleafAutoConfiguration$Thymeleaf2Configuration$Thymeleaf2ViewResolverConfiguration.thymeleafViewResolver()
[DEBUG] Returning cached instance of singleton bean 'autoConfigurationReport'
[DEBUG] Registered bean definition for imported class 'org.springframework.boot.autoconfigure.thymeleaf.ThymeleafAutoConfiguration$Thymeleaf2Configuration$DefaultTemplateResolverConfiguration'
[DEBUG] Registering bean definition for @Bean method org.springframework.boot.autoconfigure.thymeleaf.ThymeleafAutoConfiguration$Thymeleaf2Configuration$DefaultTemplateResolverConfiguration.thymeleafResourceResolver()
[DEBUG] Registering bean definition for @Bean method org.springframework.boot.autoconfigure.thymeleaf.ThymeleafAutoConfiguration$Thymeleaf2Configuration$DefaultTemplateResolverConfiguration.defaultTemplateResolver()
[DEBUG] Registered bean definition for imported class 'org.springframework.boot.autoconfigure.thymeleaf.ThymeleafAutoConfiguration$Thymeleaf2Configuration'
[DEBUG] Registered bean definition for imported class 'org.springframework.boot.autoconfigure.thymeleaf.ThymeleafAutoConfiguration'
[DEBUG] Returning cached instance of singleton bean 'autoConfigurationReport'
[DEBUG] Returning cached instance of singleton bean 'autoConfigurationReport'
[DEBUG] Registered bean definition for imported class 'org.springframework.boot.autoconfigure.security.SecurityFilterAutoConfiguration'
[DEBUG] Returning cached instance of singleton bean 'autoConfigurationReport'
[DEBUG] Registering bean definition for @Bean method org.springframework.boot.autoconfigure.security.SecurityFilterAutoConfiguration.securityFilterChainRegistration()
[DEBUG] Returning cached instance of singleton bean 'org.springframework.boot.autoconfigure.condition.BeanTypeRegistry'
[DEBUG] Returning cached instance of singleton bean 'autoConfigurationReport'
[DEBUG] Returning cached instance of singleton bean 'autoConfigurationReport'
[DEBUG] Returning cached instance of singleton bean 'autoConfigurationReport'
[DEBUG] Returning cached instance of singleton bean 'autoConfigurationReport'
[DEBUG] Registered bean definition for imported class 'org.springframework.boot.autoconfigure.web.HttpEncodingAutoConfiguration'
[DEBUG] Returning cached instance of singleton bean 'org.springframework.boot.autoconfigure.condition.BeanTypeRegistry'
[DEBUG] Returning cached instance of singleton bean 'autoConfigurationReport'
[DEBUG] Registering bean definition for @Bean method org.springframework.boot.autoconfigure.web.HttpEncodingAutoConfiguration.characterEncodingFilter()
[DEBUG] Registering bean definition for @Bean method org.springframework.boot.autoconfigure.web.HttpEncodingAutoConfiguration.localeCharsetMappingsCustomizer()
[DEBUG] Returning cached instance of singleton bean 'autoConfigurationReport'
[DEBUG] Returning cached instance of singleton bean 'autoConfigurationReport'
[DEBUG] Registered bean definition for imported class 'org.springframework.boot.autoconfigure.web.MultipartAutoConfiguration'
[DEBUG] Returning cached instance of singleton bean 'org.springframework.boot.autoconfigure.condition.BeanTypeRegistry'
[DEBUG] Returning cached instance of singleton bean 'autoConfigurationReport'
[DEBUG] Registering bean definition for @Bean method org.springframework.boot.autoconfigure.web.MultipartAutoConfiguration.multipartConfigElement()
[DEBUG] Returning cached instance of singleton bean 'org.springframework.boot.autoconfigure.condition.BeanTypeRegistry'
[DEBUG] Returning cached instance of singleton bean 'autoConfigurationReport'
[DEBUG] Registering bean definition for @Bean method org.springframework.boot.autoconfigure.web.MultipartAutoConfiguration.multipartResolver()
[DEBUG] Returning cached instance of singleton bean 'autoConfigurationReport'
[DEBUG] Registered bean definition for imported class 'org.springframework.boot.autoconfigure.web.ServerPropertiesAutoConfiguration'
[DEBUG] Returning cached instance of singleton bean 'org.springframework.boot.autoconfigure.condition.BeanTypeRegistry'
[DEBUG] Returning cached instance of singleton bean 'autoConfigurationReport'
[DEBUG] Registering bean definition for @Bean method org.springframework.boot.autoconfigure.web.ServerPropertiesAutoConfiguration.serverProperties()
[DEBUG] Registering bean definition for @Bean method org.springframework.boot.autoconfigure.web.ServerPropertiesAutoConfiguration.duplicateServerPropertiesDetector()
[DEBUG] Returning cached instance of singleton bean 'autoConfigurationReport'
[DEBUG] Registered bean definition for imported class 'org.springframework.boot.autoconfigure.web.WebClientAutoConfiguration$RestTemplateConfiguration'
[DEBUG] Returning cached instance of singleton bean 'org.springframework.boot.autoconfigure.condition.BeanTypeRegistry'
[DEBUG] Returning cached instance of singleton bean 'autoConfigurationReport'
[DEBUG] Registering bean definition for @Bean method org.springframework.boot.autoconfigure.web.WebClientAutoConfiguration$RestTemplateConfiguration.restTemplateBuilder()
[DEBUG] Registered bean definition for imported class 'org.springframework.boot.autoconfigure.web.WebClientAutoConfiguration'
[DEBUG] Successfully enhanced mx.com.restaurante.Application; enhanced class name is: mx.com.restaurante.Application$$EnhancerBySpringCGLIB$$6350c21f
[DEBUG] Replacing bean definition 'application' existing class 'mx.com.restaurante.Application' with enhanced class 'mx.com.restaurante.Application$$EnhancerBySpringCGLIB$$6350c21f'
[DEBUG] Successfully enhanced mx.com.restaurante.MailConfiguration; enhanced class name is: mx.com.restaurante.MailConfiguration$$EnhancerBySpringCGLIB$$197270ae
[DEBUG] Replacing bean definition 'mailConfiguration' existing class 'mx.com.restaurante.MailConfiguration' with enhanced class 'mx.com.restaurante.MailConfiguration$$EnhancerBySpringCGLIB$$197270ae'
[DEBUG] Successfully enhanced mx.com.restaurante.MvcConfig; enhanced class name is: mx.com.restaurante.MvcConfig$$EnhancerBySpringCGLIB$$540048b
[DEBUG] Replacing bean definition 'mvcConfig' existing class 'mx.com.restaurante.MvcConfig' with enhanced class 'mx.com.restaurante.MvcConfig$$EnhancerBySpringCGLIB$$540048b'
[DEBUG] Successfully enhanced mx.com.restaurante.WebSecurityConfig; enhanced class name is: mx.com.restaurante.WebSecurityConfig$$EnhancerBySpringCGLIB$$4595b325
[DEBUG] Replacing bean definition 'webSecurityConfig' existing class 'mx.com.restaurante.WebSecurityConfig' with enhanced class 'mx.com.restaurante.WebSecurityConfig$$EnhancerBySpringCGLIB$$4595b325'
[DEBUG] Successfully enhanced org.springframework.security.config.annotation.configuration.ObjectPostProcessorConfiguration; enhanced class name is: org.springframework.security.config.annotation.configuration.ObjectPostProcessorConfiguration$$EnhancerBySpringCGLIB$$14345fda
[DEBUG] Replacing bean definition 'org.springframework.security.config.annotation.configuration.ObjectPostProcessorConfiguration' existing class 'org.springframework.security.config.annotation.configuration.ObjectPostProcessorConfiguration' with enhanced class 'org.springframework.security.config.annotation.configuration.ObjectPostProcessorConfiguration$$EnhancerBySpringCGLIB$$14345fda'
[DEBUG] Successfully enhanced org.springframework.security.config.annotation.authentication.configuration.AuthenticationConfiguration; enhanced class name is: org.springframework.security.config.annotation.authentication.configuration.AuthenticationConfiguration$$EnhancerBySpringCGLIB$$5ffd6a4f
[DEBUG] Replacing bean definition 'org.springframework.security.config.annotation.authentication.configuration.AuthenticationConfiguration' existing class 'org.springframework.security.config.annotation.authentication.configuration.AuthenticationConfiguration' with enhanced class 'org.springframework.security.config.annotation.authentication.configuration.AuthenticationConfiguration$$EnhancerBySpringCGLIB$$5ffd6a4f'
[DEBUG] Successfully enhanced org.springframework.security.config.annotation.authentication.configuration.AuthenticationConfiguration; enhanced class name is: org.springframework.security.config.annotation.authentication.configuration.AuthenticationConfiguration$$EnhancerBySpringCGLIB$$5ffd6a4f
[DEBUG] Replacing bean definition 'enableGlobalAuthenticationAutowiredConfigurer' existing class 'org.springframework.security.config.annotation.authentication.configuration.AuthenticationConfiguration' with enhanced class 'org.springframework.security.config.annotation.authentication.configuration.AuthenticationConfiguration$$EnhancerBySpringCGLIB$$5ffd6a4f'
[DEBUG] Successfully enhanced org.springframework.security.config.annotation.authentication.configuration.AuthenticationConfiguration; enhanced class name is: org.springframework.security.config.annotation.authentication.configuration.AuthenticationConfiguration$$EnhancerBySpringCGLIB$$5ffd6a4f
[DEBUG] Replacing bean definition 'initializeUserDetailsBeanManagerConfigurer' existing class 'org.springframework.security.config.annotation.authentication.configuration.AuthenticationConfiguration' with enhanced class 'org.springframework.security.config.annotation.authentication.configuration.AuthenticationConfiguration$$EnhancerBySpringCGLIB$$5ffd6a4f'
[DEBUG] Successfully enhanced org.springframework.security.config.annotation.authentication.configuration.AuthenticationConfiguration; enhanced class name is: org.springframework.security.config.annotation.authentication.configuration.AuthenticationConfiguration$$EnhancerBySpringCGLIB$$5ffd6a4f
[DEBUG] Replacing bean definition 'initializeAuthenticationProviderBeanManagerConfigurer' existing class 'org.springframework.security.config.annotation.authentication.configuration.AuthenticationConfiguration' with enhanced class 'org.springframework.security.config.annotation.authentication.configuration.AuthenticationConfiguration$$EnhancerBySpringCGLIB$$5ffd6a4f'
[DEBUG] Successfully enhanced org.springframework.security.config.annotation.web.configuration.WebSecurityConfiguration; enhanced class name is: org.springframework.security.config.annotation.web.configuration.WebSecurityConfiguration$$EnhancerBySpringCGLIB$$22b7c493
[DEBUG] Replacing bean definition 'org.springframework.security.config.annotation.web.configuration.WebSecurityConfiguration' existing class 'org.springframework.security.config.annotation.web.configuration.WebSecurityConfiguration' with enhanced class 'org.springframework.security.config.annotation.web.configuration.WebSecurityConfiguration$$EnhancerBySpringCGLIB$$22b7c493'
[DEBUG] Successfully enhanced org.springframework.security.config.annotation.web.configuration.WebSecurityConfiguration; enhanced class name is: org.springframework.security.config.annotation.web.configuration.WebSecurityConfiguration$$EnhancerBySpringCGLIB$$22b7c493
[DEBUG] Replacing bean definition 'delegatingApplicationListener' existing class 'org.springframework.security.config.annotation.web.configuration.WebSecurityConfiguration' with enhanced class 'org.springframework.security.config.annotation.web.configuration.WebSecurityConfiguration$$EnhancerBySpringCGLIB$$22b7c493'
[DEBUG] Successfully enhanced org.springframework.boot.autoconfigure.context.MessageSourceAutoConfiguration; enhanced class name is: org.springframework.boot.autoconfigure.context.MessageSourceAutoConfiguration$$EnhancerBySpringCGLIB$$c3075775
[DEBUG] Replacing bean definition 'org.springframework.boot.autoconfigure.context.MessageSourceAutoConfiguration' existing class 'org.springframework.boot.autoconfigure.context.MessageSourceAutoConfiguration' with enhanced class 'org.springframework.boot.autoconfigure.context.MessageSourceAutoConfiguration$$EnhancerBySpringCGLIB$$c3075775'
[DEBUG] Successfully enhanced org.springframework.boot.autoconfigure.context.PropertyPlaceholderAutoConfiguration; enhanced class name is: org.springframework.boot.autoconfigure.context.PropertyPlaceholderAutoConfiguration$$EnhancerBySpringCGLIB$$7c3d09d9
[DEBUG] Replacing bean definition 'org.springframework.boot.autoconfigure.context.PropertyPlaceholderAutoConfiguration' existing class 'org.springframework.boot.autoconfigure.context.PropertyPlaceholderAutoConfiguration' with enhanced class 'org.springframework.boot.autoconfigure.context.PropertyPlaceholderAutoConfiguration$$EnhancerBySpringCGLIB$$7c3d09d9'
[DEBUG] Successfully enhanced org.springframework.boot.autoconfigure.context.PropertyPlaceholderAutoConfiguration; enhanced class name is: org.springframework.boot.autoconfigure.context.PropertyPlaceholderAutoConfiguration$$EnhancerBySpringCGLIB$$7c3d09d9
[DEBUG] Replacing bean definition 'propertySourcesPlaceholderConfigurer' existing class 'org.springframework.boot.autoconfigure.context.PropertyPlaceholderAutoConfiguration' with enhanced class 'org.springframework.boot.autoconfigure.context.PropertyPlaceholderAutoConfiguration$$EnhancerBySpringCGLIB$$7c3d09d9'
[DEBUG] Successfully enhanced org.springframework.boot.autoconfigure.jackson.JacksonAutoConfiguration$Jackson2ObjectMapperBuilderCustomizerConfiguration; enhanced class name is: org.springframework.boot.autoconfigure.jackson.JacksonAutoConfiguration$Jackson2ObjectMapperBuilderCustomizerConfiguration$$EnhancerBySpringCGLIB$$447dbf39
[DEBUG] Replacing bean definition 'org.springframework.boot.autoconfigure.jackson.JacksonAutoConfiguration$Jackson2ObjectMapperBuilderCustomizerConfiguration' existing class 'org.springframework.boot.autoconfigure.jackson.JacksonAutoConfiguration$Jackson2ObjectMapperBuilderCustomizerConfiguration' with enhanced class 'org.springframework.boot.autoconfigure.jackson.JacksonAutoConfiguration$Jackson2ObjectMapperBuilderCustomizerConfiguration$$EnhancerBySpringCGLIB$$447dbf39'
[DEBUG] Successfully enhanced org.springframework.boot.autoconfigure.jackson.JacksonAutoConfiguration$JacksonObjectMapperBuilderConfiguration; enhanced class name is: org.springframework.boot.autoconfigure.jackson.JacksonAutoConfiguration$JacksonObjectMapperBuilderConfiguration$$EnhancerBySpringCGLIB$$8966d94a
[DEBUG] Replacing bean definition 'org.springframework.boot.autoconfigure.jackson.JacksonAutoConfiguration$JacksonObjectMapperBuilderConfiguration' existing class 'org.springframework.boot.autoconfigure.jackson.JacksonAutoConfiguration$JacksonObjectMapperBuilderConfiguration' with enhanced class 'org.springframework.boot.autoconfigure.jackson.JacksonAutoConfiguration$JacksonObjectMapperBuilderConfiguration$$EnhancerBySpringCGLIB$$8966d94a'
[DEBUG] Successfully enhanced org.springframework.boot.autoconfigure.jackson.JacksonAutoConfiguration$JacksonObjectMapperConfiguration; enhanced class name is: org.springframework.boot.autoconfigure.jackson.JacksonAutoConfiguration$JacksonObjectMapperConfiguration$$EnhancerBySpringCGLIB$$d71a1731
[DEBUG] Replacing bean definition 'org.springframework.boot.autoconfigure.jackson.JacksonAutoConfiguration$JacksonObjectMapperConfiguration' existing class 'org.springframework.boot.autoconfigure.jackson.JacksonAutoConfiguration$JacksonObjectMapperConfiguration' with enhanced class 'org.springframework.boot.autoconfigure.jackson.JacksonAutoConfiguration$JacksonObjectMapperConfiguration$$EnhancerBySpringCGLIB$$d71a1731'
[DEBUG] Successfully enhanced org.springframework.boot.autoconfigure.jackson.JacksonAutoConfiguration; enhanced class name is: org.springframework.boot.autoconfigure.jackson.JacksonAutoConfiguration$$EnhancerBySpringCGLIB$$b925b4c0
[DEBUG] Replacing bean definition 'org.springframework.boot.autoconfigure.jackson.JacksonAutoConfiguration' existing class 'org.springframework.boot.autoconfigure.jackson.JacksonAutoConfiguration' with enhanced class 'org.springframework.boot.autoconfigure.jackson.JacksonAutoConfiguration$$EnhancerBySpringCGLIB$$b925b4c0'
[DEBUG] Successfully enhanced org.springframework.boot.autoconfigure.websocket.WebSocketAutoConfiguration$TomcatWebSocketConfiguration; enhanced class name is: org.springframework.boot.autoconfigure.websocket.WebSocketAutoConfiguration$TomcatWebSocketConfiguration$$EnhancerBySpringCGLIB$$aa5917c9
[DEBUG] Replacing bean definition 'org.springframework.boot.autoconfigure.websocket.WebSocketAutoConfiguration$TomcatWebSocketConfiguration' existing class 'org.springframework.boot.autoconfigure.websocket.WebSocketAutoConfiguration$TomcatWebSocketConfiguration' with enhanced class 'org.springframework.boot.autoconfigure.websocket.WebSocketAutoConfiguration$TomcatWebSocketConfiguration$$EnhancerBySpringCGLIB$$aa5917c9'
[DEBUG] Successfully enhanced org.springframework.boot.autoconfigure.websocket.WebSocketAutoConfiguration; enhanced class name is: org.springframework.boot.autoconfigure.websocket.WebSocketAutoConfiguration$$EnhancerBySpringCGLIB$$8e372bf8
[DEBUG] Replacing bean definition 'org.springframework.boot.autoconfigure.websocket.WebSocketAutoConfiguration' existing class 'org.springframework.boot.autoconfigure.websocket.WebSocketAutoConfiguration' with enhanced class 'org.springframework.boot.autoconfigure.websocket.WebSocketAutoConfiguration$$EnhancerBySpringCGLIB$$8e372bf8'
[DEBUG] Successfully enhanced org.springframework.boot.autoconfigure.web.EmbeddedServletContainerAutoConfiguration$EmbeddedTomcat; enhanced class name is: org.springframework.boot.autoconfigure.web.EmbeddedServletContainerAutoConfiguration$EmbeddedTomcat$$EnhancerBySpringCGLIB$$2f09dabc
[DEBUG] Replacing bean definition 'org.springframework.boot.autoconfigure.web.EmbeddedServletContainerAutoConfiguration$EmbeddedTomcat' existing class 'org.springframework.boot.autoconfigure.web.EmbeddedServletContainerAutoConfiguration$EmbeddedTomcat' with enhanced class 'org.springframework.boot.autoconfigure.web.EmbeddedServletContainerAutoConfiguration$EmbeddedTomcat$$EnhancerBySpringCGLIB$$2f09dabc'
[DEBUG] Successfully enhanced org.springframework.boot.autoconfigure.web.EmbeddedServletContainerAutoConfiguration; enhanced class name is: org.springframework.boot.autoconfigure.web.EmbeddedServletContainerAutoConfiguration$$EnhancerBySpringCGLIB$$e7f367e0
[DEBUG] Replacing bean definition 'org.springframework.boot.autoconfigure.web.EmbeddedServletContainerAutoConfiguration' existing class 'org.springframework.boot.autoconfigure.web.EmbeddedServletContainerAutoConfiguration' with enhanced class 'org.springframework.boot.autoconfigure.web.EmbeddedServletContainerAutoConfiguration$$EnhancerBySpringCGLIB$$e7f367e0'
[DEBUG] Successfully enhanced org.springframework.boot.autoconfigure.web.DispatcherServletAutoConfiguration$DispatcherServletConfiguration; enhanced class name is: org.springframework.boot.autoconfigure.web.DispatcherServletAutoConfiguration$DispatcherServletConfiguration$$EnhancerBySpringCGLIB$$21ec46f2
[DEBUG] Replacing bean definition 'org.springframework.boot.autoconfigure.web.DispatcherServletAutoConfiguration$DispatcherServletConfiguration' existing class 'org.springframework.boot.autoconfigure.web.DispatcherServletAutoConfiguration$DispatcherServletConfiguration' with enhanced class 'org.springframework.boot.autoconfigure.web.DispatcherServletAutoConfiguration$DispatcherServletConfiguration$$EnhancerBySpringCGLIB$$21ec46f2'
[DEBUG] Successfully enhanced org.springframework.boot.autoconfigure.web.DispatcherServletAutoConfiguration$DispatcherServletRegistrationConfiguration; enhanced class name is: org.springframework.boot.autoconfigure.web.DispatcherServletAutoConfiguration$DispatcherServletRegistrationConfiguration$$EnhancerBySpringCGLIB$$9cdbd619
[DEBUG] Replacing bean definition 'org.springframework.boot.autoconfigure.web.DispatcherServletAutoConfiguration$DispatcherServletRegistrationConfiguration' existing class 'org.springframework.boot.autoconfigure.web.DispatcherServletAutoConfiguration$DispatcherServletRegistrationConfiguration' with enhanced class 'org.springframework.boot.autoconfigure.web.DispatcherServletAutoConfiguration$DispatcherServletRegistrationConfiguration$$EnhancerBySpringCGLIB$$9cdbd619'
[DEBUG] Successfully enhanced org.springframework.boot.autoconfigure.web.DispatcherServletAutoConfiguration; enhanced class name is: org.springframework.boot.autoconfigure.web.DispatcherServletAutoConfiguration$$EnhancerBySpringCGLIB$$70fad9f4
[DEBUG] Replacing bean definition 'org.springframework.boot.autoconfigure.web.DispatcherServletAutoConfiguration' existing class 'org.springframework.boot.autoconfigure.web.DispatcherServletAutoConfiguration' with enhanced class 'org.springframework.boot.autoconfigure.web.DispatcherServletAutoConfiguration$$EnhancerBySpringCGLIB$$70fad9f4'
[DEBUG] Successfully enhanced org.springframework.boot.autoconfigure.validation.ValidationAutoConfiguration; enhanced class name is: org.springframework.boot.autoconfigure.validation.ValidationAutoConfiguration$$EnhancerBySpringCGLIB$$ec86282a
[DEBUG] Replacing bean definition 'org.springframework.boot.autoconfigure.validation.ValidationAutoConfiguration' existing class 'org.springframework.boot.autoconfigure.validation.ValidationAutoConfiguration' with enhanced class 'org.springframework.boot.autoconfigure.validation.ValidationAutoConfiguration$$EnhancerBySpringCGLIB$$ec86282a'
[DEBUG] Successfully enhanced org.springframework.boot.autoconfigure.validation.ValidationAutoConfiguration; enhanced class name is: org.springframework.boot.autoconfigure.validation.ValidationAutoConfiguration$$EnhancerBySpringCGLIB$$ec86282a
[DEBUG] Replacing bean definition 'jsr303Validator' existing class 'org.springframework.boot.autoconfigure.validation.ValidationAutoConfiguration' with enhanced class 'org.springframework.boot.autoconfigure.validation.ValidationAutoConfiguration$$EnhancerBySpringCGLIB$$ec86282a'
[DEBUG] Successfully enhanced org.springframework.boot.autoconfigure.validation.ValidationAutoConfiguration; enhanced class name is: org.springframework.boot.autoconfigure.validation.ValidationAutoConfiguration$$EnhancerBySpringCGLIB$$ec86282a
[DEBUG] Replacing bean definition 'methodValidationPostProcessor' existing class 'org.springframework.boot.autoconfigure.validation.ValidationAutoConfiguration' with enhanced class 'org.springframework.boot.autoconfigure.validation.ValidationAutoConfiguration$$EnhancerBySpringCGLIB$$ec86282a'
[DEBUG] Successfully enhanced org.springframework.boot.autoconfigure.web.ErrorMvcAutoConfiguration$DefaultErrorViewResolverConfiguration; enhanced class name is: org.springframework.boot.autoconfigure.web.ErrorMvcAutoConfiguration$DefaultErrorViewResolverConfiguration$$EnhancerBySpringCGLIB$$3e1eaaf4
[DEBUG] Replacing bean definition 'org.springframework.boot.autoconfigure.web.ErrorMvcAutoConfiguration$DefaultErrorViewResolverConfiguration' existing class 'org.springframework.boot.autoconfigure.web.ErrorMvcAutoConfiguration$DefaultErrorViewResolverConfiguration' with enhanced class 'org.springframework.boot.autoconfigure.web.ErrorMvcAutoConfiguration$DefaultErrorViewResolverConfiguration$$EnhancerBySpringCGLIB$$3e1eaaf4'
[DEBUG] Successfully enhanced org.springframework.boot.autoconfigure.web.ErrorMvcAutoConfiguration; enhanced class name is: org.springframework.boot.autoconfigure.web.ErrorMvcAutoConfiguration$$EnhancerBySpringCGLIB$$3181a194
[DEBUG] Replacing bean definition 'org.springframework.boot.autoconfigure.web.ErrorMvcAutoConfiguration' existing class 'org.springframework.boot.autoconfigure.web.ErrorMvcAutoConfiguration' with enhanced class 'org.springframework.boot.autoconfigure.web.ErrorMvcAutoConfiguration$$EnhancerBySpringCGLIB$$3181a194'
[DEBUG] Successfully enhanced org.springframework.boot.autoconfigure.web.ErrorMvcAutoConfiguration; enhanced class name is: org.springframework.boot.autoconfigure.web.ErrorMvcAutoConfiguration$$EnhancerBySpringCGLIB$$3181a194
[DEBUG] Replacing bean definition 'preserveErrorControllerTargetClassPostProcessor' existing class 'org.springframework.boot.autoconfigure.web.ErrorMvcAutoConfiguration' with enhanced class 'org.springframework.boot.autoconfigure.web.ErrorMvcAutoConfiguration$$EnhancerBySpringCGLIB$$3181a194'
[DEBUG] Successfully enhanced org.springframework.boot.autoconfigure.web.WebMvcAutoConfiguration$EnableWebMvcConfiguration; enhanced class name is: org.springframework.boot.autoconfigure.web.WebMvcAutoConfiguration$EnableWebMvcConfiguration$$EnhancerBySpringCGLIB$$d2b439a9
[DEBUG] Replacing bean definition 'org.springframework.boot.autoconfigure.web.WebMvcAutoConfiguration$EnableWebMvcConfiguration' existing class 'org.springframework.boot.autoconfigure.web.WebMvcAutoConfiguration$EnableWebMvcConfiguration' with enhanced class 'org.springframework.boot.autoconfigure.web.WebMvcAutoConfiguration$EnableWebMvcConfiguration$$EnhancerBySpringCGLIB$$d2b439a9'
[DEBUG] Successfully enhanced org.springframework.boot.autoconfigure.web.WebMvcAutoConfiguration$WebMvcAutoConfigurationAdapter$FaviconConfiguration; enhanced class name is: org.springframework.boot.autoconfigure.web.WebMvcAutoConfiguration$WebMvcAutoConfigurationAdapter$FaviconConfiguration$$EnhancerBySpringCGLIB$$b3a3c394
[DEBUG] Replacing bean definition 'org.springframework.boot.autoconfigure.web.WebMvcAutoConfiguration$WebMvcAutoConfigurationAdapter$FaviconConfiguration' existing class 'org.springframework.boot.autoconfigure.web.WebMvcAutoConfiguration$WebMvcAutoConfigurationAdapter$FaviconConfiguration' with enhanced class 'org.springframework.boot.autoconfigure.web.WebMvcAutoConfiguration$WebMvcAutoConfigurationAdapter$FaviconConfiguration$$EnhancerBySpringCGLIB$$b3a3c394'
[DEBUG] Successfully enhanced org.springframework.boot.autoconfigure.web.WebMvcAutoConfiguration$WebMvcAutoConfigurationAdapter; enhanced class name is: org.springframework.boot.autoconfigure.web.WebMvcAutoConfiguration$WebMvcAutoConfigurationAdapter$$EnhancerBySpringCGLIB$$6689ef1c
[DEBUG] Replacing bean definition 'org.springframework.boot.autoconfigure.web.WebMvcAutoConfiguration$WebMvcAutoConfigurationAdapter' existing class 'org.springframework.boot.autoconfigure.web.WebMvcAutoConfiguration$WebMvcAutoConfigurationAdapter' with enhanced class 'org.springframework.boot.autoconfigure.web.WebMvcAutoConfiguration$WebMvcAutoConfigurationAdapter$$EnhancerBySpringCGLIB$$6689ef1c'
[DEBUG] Successfully enhanced org.springframework.boot.autoconfigure.web.WebMvcAutoConfiguration$WebMvcAutoConfigurationAdapter; enhanced class name is: org.springframework.boot.autoconfigure.web.WebMvcAutoConfiguration$WebMvcAutoConfigurationAdapter$$EnhancerBySpringCGLIB$$6689ef1c
[DEBUG] Replacing bean definition 'requestContextFilter' existing class 'org.springframework.boot.autoconfigure.web.WebMvcAutoConfiguration$WebMvcAutoConfigurationAdapter' with enhanced class 'org.springframework.boot.autoconfigure.web.WebMvcAutoConfiguration$WebMvcAutoConfigurationAdapter$$EnhancerBySpringCGLIB$$6689ef1c'
[DEBUG] Successfully enhanced org.springframework.boot.autoconfigure.web.WebMvcAutoConfiguration; enhanced class name is: org.springframework.boot.autoconfigure.web.WebMvcAutoConfiguration$$EnhancerBySpringCGLIB$$eac380e0
[DEBUG] Replacing bean definition 'org.springframework.boot.autoconfigure.web.WebMvcAutoConfiguration' existing class 'org.springframework.boot.autoconfigure.web.WebMvcAutoConfiguration' with enhanced class 'org.springframework.boot.autoconfigure.web.WebMvcAutoConfiguration$$EnhancerBySpringCGLIB$$eac380e0'
[DEBUG] Successfully enhanced org.springframework.boot.autoconfigure.aop.AopAutoConfiguration$JdkDynamicAutoProxyConfiguration; enhanced class name is: org.springframework.boot.autoconfigure.aop.AopAutoConfiguration$JdkDynamicAutoProxyConfiguration$$EnhancerBySpringCGLIB$$af7df11
[DEBUG] Replacing bean definition 'org.springframework.boot.autoconfigure.aop.AopAutoConfiguration$JdkDynamicAutoProxyConfiguration' existing class 'org.springframework.boot.autoconfigure.aop.AopAutoConfiguration$JdkDynamicAutoProxyConfiguration' with enhanced class 'org.springframework.boot.autoconfigure.aop.AopAutoConfiguration$JdkDynamicAutoProxyConfiguration$$EnhancerBySpringCGLIB$$af7df11'
[DEBUG] Successfully enhanced org.springframework.boot.autoconfigure.aop.AopAutoConfiguration; enhanced class name is: org.springframework.boot.autoconfigure.aop.AopAutoConfiguration$$EnhancerBySpringCGLIB$$c6dd1662
[DEBUG] Replacing bean definition 'org.springframework.boot.autoconfigure.aop.AopAutoConfiguration' existing class 'org.springframework.boot.autoconfigure.aop.AopAutoConfiguration' with enhanced class 'org.springframework.boot.autoconfigure.aop.AopAutoConfiguration$$EnhancerBySpringCGLIB$$c6dd1662'
[DEBUG] Successfully enhanced org.springframework.boot.autoconfigure.jdbc.DataSourceAutoConfiguration$PooledDataSourceConfiguration; enhanced class name is: org.springframework.boot.autoconfigure.jdbc.DataSourceAutoConfiguration$PooledDataSourceConfiguration$$EnhancerBySpringCGLIB$$fa2a8892
[DEBUG] Replacing bean definition 'org.springframework.boot.autoconfigure.jdbc.DataSourceAutoConfiguration$PooledDataSourceConfiguration' existing class 'org.springframework.boot.autoconfigure.jdbc.DataSourceAutoConfiguration$PooledDataSourceConfiguration' with enhanced class 'org.springframework.boot.autoconfigure.jdbc.DataSourceAutoConfiguration$PooledDataSourceConfiguration$$EnhancerBySpringCGLIB$$fa2a8892'
[DEBUG] Successfully enhanced org.springframework.boot.autoconfigure.jdbc.metadata.DataSourcePoolMetadataProvidersConfiguration$TomcatDataSourcePoolMetadataProviderConfiguration; enhanced class name is: org.springframework.boot.autoconfigure.jdbc.metadata.DataSourcePoolMetadataProvidersConfiguration$TomcatDataSourcePoolMetadataProviderConfiguration$$EnhancerBySpringCGLIB$$daec85ce
[DEBUG] Replacing bean definition 'org.springframework.boot.autoconfigure.jdbc.metadata.DataSourcePoolMetadataProvidersConfiguration$TomcatDataSourcePoolMetadataProviderConfiguration' existing class 'org.springframework.boot.autoconfigure.jdbc.metadata.DataSourcePoolMetadataProvidersConfiguration$TomcatDataSourcePoolMetadataProviderConfiguration' with enhanced class 'org.springframework.boot.autoconfigure.jdbc.metadata.DataSourcePoolMetadataProvidersConfiguration$TomcatDataSourcePoolMetadataProviderConfiguration$$EnhancerBySpringCGLIB$$daec85ce'
[DEBUG] Successfully enhanced org.springframework.boot.autoconfigure.jdbc.metadata.DataSourcePoolMetadataProvidersConfiguration; enhanced class name is: org.springframework.boot.autoconfigure.jdbc.metadata.DataSourcePoolMetadataProvidersConfiguration$$EnhancerBySpringCGLIB$$58777fe1
[DEBUG] Replacing bean definition 'org.springframework.boot.autoconfigure.jdbc.metadata.DataSourcePoolMetadataProvidersConfiguration' existing class 'org.springframework.boot.autoconfigure.jdbc.metadata.DataSourcePoolMetadataProvidersConfiguration' with enhanced class 'org.springframework.boot.autoconfigure.jdbc.metadata.DataSourcePoolMetadataProvidersConfiguration$$EnhancerBySpringCGLIB$$58777fe1'
[DEBUG] Successfully enhanced org.springframework.boot.autoconfigure.jdbc.DataSourceAutoConfiguration; enhanced class name is: org.springframework.boot.autoconfigure.jdbc.DataSourceAutoConfiguration$$EnhancerBySpringCGLIB$$5d7a3b00
[DEBUG] Replacing bean definition 'org.springframework.boot.autoconfigure.jdbc.DataSourceAutoConfiguration' existing class 'org.springframework.boot.autoconfigure.jdbc.DataSourceAutoConfiguration' with enhanced class 'org.springframework.boot.autoconfigure.jdbc.DataSourceAutoConfiguration$$EnhancerBySpringCGLIB$$5d7a3b00'
[DEBUG] Successfully enhanced org.springframework.boot.autoconfigure.orm.jpa.JpaBaseConfiguration$JpaWebConfiguration$JpaWebMvcConfiguration; enhanced class name is: org.springframework.boot.autoconfigure.orm.jpa.JpaBaseConfiguration$JpaWebConfiguration$JpaWebMvcConfiguration$$EnhancerBySpringCGLIB$$c4c1a498
[DEBUG] Replacing bean definition 'org.springframework.boot.autoconfigure.orm.jpa.JpaBaseConfiguration$JpaWebConfiguration$JpaWebMvcConfiguration' existing class 'org.springframework.boot.autoconfigure.orm.jpa.JpaBaseConfiguration$JpaWebConfiguration$JpaWebMvcConfiguration' with enhanced class 'org.springframework.boot.autoconfigure.orm.jpa.JpaBaseConfiguration$JpaWebConfiguration$JpaWebMvcConfiguration$$EnhancerBySpringCGLIB$$c4c1a498'
[DEBUG] Successfully enhanced org.springframework.boot.autoconfigure.orm.jpa.JpaBaseConfiguration$JpaWebConfiguration; enhanced class name is: org.springframework.boot.autoconfigure.orm.jpa.JpaBaseConfiguration$JpaWebConfiguration$$EnhancerBySpringCGLIB$$e9a334eb
[DEBUG] Replacing bean definition 'org.springframework.boot.autoconfigure.orm.jpa.JpaBaseConfiguration$JpaWebConfiguration' existing class 'org.springframework.boot.autoconfigure.orm.jpa.JpaBaseConfiguration$JpaWebConfiguration' with enhanced class 'org.springframework.boot.autoconfigure.orm.jpa.JpaBaseConfiguration$JpaWebConfiguration$$EnhancerBySpringCGLIB$$e9a334eb'
[DEBUG] Successfully enhanced org.springframework.boot.autoconfigure.orm.jpa.HibernateJpaAutoConfiguration; enhanced class name is: org.springframework.boot.autoconfigure.orm.jpa.HibernateJpaAutoConfiguration$$EnhancerBySpringCGLIB$$e50cfbc0
[DEBUG] Replacing bean definition 'org.springframework.boot.autoconfigure.orm.jpa.HibernateJpaAutoConfiguration' existing class 'org.springframework.boot.autoconfigure.orm.jpa.HibernateJpaAutoConfiguration' with enhanced class 'org.springframework.boot.autoconfigure.orm.jpa.HibernateJpaAutoConfiguration$$EnhancerBySpringCGLIB$$e50cfbc0'
[DEBUG] Successfully enhanced org.springframework.boot.autoconfigure.context.ConfigurationPropertiesAutoConfiguration; enhanced class name is: org.springframework.boot.autoconfigure.context.ConfigurationPropertiesAutoConfiguration$$EnhancerBySpringCGLIB$$6b1022ee
[DEBUG] Replacing bean definition 'org.springframework.boot.autoconfigure.context.ConfigurationPropertiesAutoConfiguration' existing class 'org.springframework.boot.autoconfigure.context.ConfigurationPropertiesAutoConfiguration' with enhanced class 'org.springframework.boot.autoconfigure.context.ConfigurationPropertiesAutoConfiguration$$EnhancerBySpringCGLIB$$6b1022ee'
[DEBUG] Successfully enhanced org.springframework.boot.autoconfigure.data.jpa.JpaRepositoriesAutoConfiguration; enhanced class name is: org.springframework.boot.autoconfigure.data.jpa.JpaRepositoriesAutoConfiguration$$EnhancerBySpringCGLIB$$2b618554
[DEBUG] Replacing bean definition 'org.springframework.boot.autoconfigure.data.jpa.JpaRepositoriesAutoConfiguration' existing class 'org.springframework.boot.autoconfigure.data.jpa.JpaRepositoriesAutoConfiguration' with enhanced class 'org.springframework.boot.autoconfigure.data.jpa.JpaRepositoriesAutoConfiguration$$EnhancerBySpringCGLIB$$2b618554'
[DEBUG] Successfully enhanced org.springframework.transaction.annotation.ProxyTransactionManagementConfiguration; enhanced class name is: org.springframework.transaction.annotation.ProxyTransactionManagementConfiguration$$EnhancerBySpringCGLIB$$7b8697a0
[DEBUG] Replacing bean definition 'org.springframework.transaction.annotation.ProxyTransactionManagementConfiguration' existing class 'org.springframework.transaction.annotation.ProxyTransactionManagementConfiguration' with enhanced class 'org.springframework.transaction.annotation.ProxyTransactionManagementConfiguration$$EnhancerBySpringCGLIB$$7b8697a0'
[DEBUG] Successfully enhanced org.springframework.boot.autoconfigure.jdbc.DataSourceTransactionManagerAutoConfiguration$TransactionManagementConfiguration; enhanced class name is: org.springframework.boot.autoconfigure.jdbc.DataSourceTransactionManagerAutoConfiguration$TransactionManagementConfiguration$$EnhancerBySpringCGLIB$$f15e58b2
[DEBUG] Replacing bean definition 'org.springframework.boot.autoconfigure.jdbc.DataSourceTransactionManagerAutoConfiguration$TransactionManagementConfiguration' existing class 'org.springframework.boot.autoconfigure.jdbc.DataSourceTransactionManagerAutoConfiguration$TransactionManagementConfiguration' with enhanced class 'org.springframework.boot.autoconfigure.jdbc.DataSourceTransactionManagerAutoConfiguration$TransactionManagementConfiguration$$EnhancerBySpringCGLIB$$f15e58b2'
[DEBUG] Successfully enhanced org.springframework.boot.autoconfigure.jdbc.DataSourceTransactionManagerAutoConfiguration$DataSourceTransactionManagerConfiguration; enhanced class name is: org.springframework.boot.autoconfigure.jdbc.DataSourceTransactionManagerAutoConfiguration$DataSourceTransactionManagerConfiguration$$EnhancerBySpringCGLIB$$2887300f
[DEBUG] Replacing bean definition 'org.springframework.boot.autoconfigure.jdbc.DataSourceTransactionManagerAutoConfiguration$DataSourceTransactionManagerConfiguration' existing class 'org.springframework.boot.autoconfigure.jdbc.DataSourceTransactionManagerAutoConfiguration$DataSourceTransactionManagerConfiguration' with enhanced class 'org.springframework.boot.autoconfigure.jdbc.DataSourceTransactionManagerAutoConfiguration$DataSourceTransactionManagerConfiguration$$EnhancerBySpringCGLIB$$2887300f'
[DEBUG] Successfully enhanced org.springframework.boot.autoconfigure.jdbc.DataSourceTransactionManagerAutoConfiguration; enhanced class name is: org.springframework.boot.autoconfigure.jdbc.DataSourceTransactionManagerAutoConfiguration$$EnhancerBySpringCGLIB$$8c5d87f1
[DEBUG] Replacing bean definition 'org.springframework.boot.autoconfigure.jdbc.DataSourceTransactionManagerAutoConfiguration' existing class 'org.springframework.boot.autoconfigure.jdbc.DataSourceTransactionManagerAutoConfiguration' with enhanced class 'org.springframework.boot.autoconfigure.jdbc.DataSourceTransactionManagerAutoConfiguration$$EnhancerBySpringCGLIB$$8c5d87f1'
[DEBUG] Successfully enhanced org.springframework.boot.autoconfigure.transaction.TransactionAutoConfiguration$TransactionTemplateConfiguration; enhanced class name is: org.springframework.boot.autoconfigure.transaction.TransactionAutoConfiguration$TransactionTemplateConfiguration$$EnhancerBySpringCGLIB$$7a10f4e2
[DEBUG] Replacing bean definition 'org.springframework.boot.autoconfigure.transaction.TransactionAutoConfiguration$TransactionTemplateConfiguration' existing class 'org.springframework.boot.autoconfigure.transaction.TransactionAutoConfiguration$TransactionTemplateConfiguration' with enhanced class 'org.springframework.boot.autoconfigure.transaction.TransactionAutoConfiguration$TransactionTemplateConfiguration$$EnhancerBySpringCGLIB$$7a10f4e2'
[DEBUG] Successfully enhanced org.springframework.boot.autoconfigure.transaction.TransactionAutoConfiguration; enhanced class name is: org.springframework.boot.autoconfigure.transaction.TransactionAutoConfiguration$$EnhancerBySpringCGLIB$$ffa92aa
[DEBUG] Replacing bean definition 'org.springframework.boot.autoconfigure.transaction.TransactionAutoConfiguration' existing class 'org.springframework.boot.autoconfigure.transaction.TransactionAutoConfiguration' with enhanced class 'org.springframework.boot.autoconfigure.transaction.TransactionAutoConfiguration$$EnhancerBySpringCGLIB$$ffa92aa'
[DEBUG] Successfully enhanced org.springframework.boot.autoconfigure.web.HttpMessageConvertersAutoConfiguration$StringHttpMessageConverterConfiguration; enhanced class name is: org.springframework.boot.autoconfigure.web.HttpMessageConvertersAutoConfiguration$StringHttpMessageConverterConfiguration$$EnhancerBySpringCGLIB$$c8b4c0a0
[DEBUG] Replacing bean definition 'org.springframework.boot.autoconfigure.web.HttpMessageConvertersAutoConfiguration$StringHttpMessageConverterConfiguration' existing class 'org.springframework.boot.autoconfigure.web.HttpMessageConvertersAutoConfiguration$StringHttpMessageConverterConfiguration' with enhanced class 'org.springframework.boot.autoconfigure.web.HttpMessageConvertersAutoConfiguration$StringHttpMessageConverterConfiguration$$EnhancerBySpringCGLIB$$c8b4c0a0'
[DEBUG] Successfully enhanced org.springframework.boot.autoconfigure.web.JacksonHttpMessageConvertersConfiguration$MappingJackson2HttpMessageConverterConfiguration; enhanced class name is: org.springframework.boot.autoconfigure.web.JacksonHttpMessageConvertersConfiguration$MappingJackson2HttpMessageConverterConfiguration$$EnhancerBySpringCGLIB$$56c2eaa0
[DEBUG] Replacing bean definition 'org.springframework.boot.autoconfigure.web.JacksonHttpMessageConvertersConfiguration$MappingJackson2HttpMessageConverterConfiguration' existing class 'org.springframework.boot.autoconfigure.web.JacksonHttpMessageConvertersConfiguration$MappingJackson2HttpMessageConverterConfiguration' with enhanced class 'org.springframework.boot.autoconfigure.web.JacksonHttpMessageConvertersConfiguration$MappingJackson2HttpMessageConverterConfiguration$$EnhancerBySpringCGLIB$$56c2eaa0'
[DEBUG] Successfully enhanced org.springframework.boot.autoconfigure.web.JacksonHttpMessageConvertersConfiguration; enhanced class name is: org.springframework.boot.autoconfigure.web.JacksonHttpMessageConvertersConfiguration$$EnhancerBySpringCGLIB$$e9b08316
[DEBUG] Replacing bean definition 'org.springframework.boot.autoconfigure.web.JacksonHttpMessageConvertersConfiguration' existing class 'org.springframework.boot.autoconfigure.web.JacksonHttpMessageConvertersConfiguration' with enhanced class 'org.springframework.boot.autoconfigure.web.JacksonHttpMessageConvertersConfiguration$$EnhancerBySpringCGLIB$$e9b08316'
[DEBUG] Successfully enhanced org.springframework.boot.autoconfigure.web.HttpMessageConvertersAutoConfiguration; enhanced class name is: org.springframework.boot.autoconfigure.web.HttpMessageConvertersAutoConfiguration$$EnhancerBySpringCGLIB$$c3eb600
[DEBUG] Replacing bean definition 'org.springframework.boot.autoconfigure.web.HttpMessageConvertersAutoConfiguration' existing class 'org.springframework.boot.autoconfigure.web.HttpMessageConvertersAutoConfiguration' with enhanced class 'org.springframework.boot.autoconfigure.web.HttpMessageConvertersAutoConfiguration$$EnhancerBySpringCGLIB$$c3eb600'
[DEBUG] Successfully enhanced org.springframework.data.web.config.SpringDataWebConfiguration; enhanced class name is: org.springframework.data.web.config.SpringDataWebConfiguration$$EnhancerBySpringCGLIB$$dceac5f3
[DEBUG] Replacing bean definition 'org.springframework.data.web.config.SpringDataWebConfiguration' existing class 'org.springframework.data.web.config.SpringDataWebConfiguration' with enhanced class 'org.springframework.data.web.config.SpringDataWebConfiguration$$EnhancerBySpringCGLIB$$dceac5f3'
[DEBUG] Successfully enhanced org.springframework.boot.autoconfigure.data.web.SpringDataWebAutoConfiguration; enhanced class name is: org.springframework.boot.autoconfigure.data.web.SpringDataWebAutoConfiguration$$EnhancerBySpringCGLIB$$671d4dc1
[DEBUG] Replacing bean definition 'org.springframework.boot.autoconfigure.data.web.SpringDataWebAutoConfiguration' existing class 'org.springframework.boot.autoconfigure.data.web.SpringDataWebAutoConfiguration' with enhanced class 'org.springframework.boot.autoconfigure.data.web.SpringDataWebAutoConfiguration$$EnhancerBySpringCGLIB$$671d4dc1'
[DEBUG] Successfully enhanced org.springframework.boot.autoconfigure.security.AuthenticationManagerConfiguration; enhanced class name is: org.springframework.boot.autoconfigure.security.AuthenticationManagerConfiguration$$EnhancerBySpringCGLIB$$cf9cdcc8
[DEBUG] Replacing bean definition 'org.springframework.boot.autoconfigure.security.AuthenticationManagerConfiguration' existing class 'org.springframework.boot.autoconfigure.security.AuthenticationManagerConfiguration' with enhanced class 'org.springframework.boot.autoconfigure.security.AuthenticationManagerConfiguration$$EnhancerBySpringCGLIB$$cf9cdcc8'
[DEBUG] Successfully enhanced org.springframework.boot.autoconfigure.security.AuthenticationManagerConfiguration; enhanced class name is: org.springframework.boot.autoconfigure.security.AuthenticationManagerConfiguration$$EnhancerBySpringCGLIB$$cf9cdcc8
[DEBUG] Replacing bean definition 'springBootAuthenticationConfigurerAdapter' existing class 'org.springframework.boot.autoconfigure.security.AuthenticationManagerConfiguration' with enhanced class 'org.springframework.boot.autoconfigure.security.AuthenticationManagerConfiguration$$EnhancerBySpringCGLIB$$cf9cdcc8'
[DEBUG] Successfully enhanced org.springframework.boot.autoconfigure.security.BootGlobalAuthenticationConfiguration; enhanced class name is: org.springframework.boot.autoconfigure.security.BootGlobalAuthenticationConfiguration$$EnhancerBySpringCGLIB$$d369a10c
[DEBUG] Replacing bean definition 'org.springframework.boot.autoconfigure.security.BootGlobalAuthenticationConfiguration' existing class 'org.springframework.boot.autoconfigure.security.BootGlobalAuthenticationConfiguration' with enhanced class 'org.springframework.boot.autoconfigure.security.BootGlobalAuthenticationConfiguration$$EnhancerBySpringCGLIB$$d369a10c'
[DEBUG] Successfully enhanced org.springframework.boot.autoconfigure.security.BootGlobalAuthenticationConfiguration; enhanced class name is: org.springframework.boot.autoconfigure.security.BootGlobalAuthenticationConfiguration$$EnhancerBySpringCGLIB$$d369a10c
[DEBUG] Replacing bean definition 'bootGlobalAuthenticationConfigurationAdapter' existing class 'org.springframework.boot.autoconfigure.security.BootGlobalAuthenticationConfiguration' with enhanced class 'org.springframework.boot.autoconfigure.security.BootGlobalAuthenticationConfiguration$$EnhancerBySpringCGLIB$$d369a10c'
[DEBUG] Successfully enhanced org.springframework.boot.autoconfigure.security.SecurityAutoConfiguration; enhanced class name is: org.springframework.boot.autoconfigure.security.SecurityAutoConfiguration$$EnhancerBySpringCGLIB$$7ada950a
[DEBUG] Replacing bean definition 'org.springframework.boot.autoconfigure.security.SecurityAutoConfiguration' existing class 'org.springframework.boot.autoconfigure.security.SecurityAutoConfiguration' with enhanced class 'org.springframework.boot.autoconfigure.security.SecurityAutoConfiguration$$EnhancerBySpringCGLIB$$7ada950a'
[DEBUG] Successfully enhanced org.springframework.boot.autoconfigure.info.ProjectInfoAutoConfiguration; enhanced class name is: org.springframework.boot.autoconfigure.info.ProjectInfoAutoConfiguration$$EnhancerBySpringCGLIB$$b780a4b9
[DEBUG] Replacing bean definition 'org.springframework.boot.autoconfigure.info.ProjectInfoAutoConfiguration' existing class 'org.springframework.boot.autoconfigure.info.ProjectInfoAutoConfiguration' with enhanced class 'org.springframework.boot.autoconfigure.info.ProjectInfoAutoConfiguration$$EnhancerBySpringCGLIB$$b780a4b9'
[DEBUG] Successfully enhanced org.springframework.boot.autoconfigure.jdbc.JdbcTemplateAutoConfiguration; enhanced class name is: org.springframework.boot.autoconfigure.jdbc.JdbcTemplateAutoConfiguration$$EnhancerBySpringCGLIB$$9b6acc90
[DEBUG] Replacing bean definition 'org.springframework.boot.autoconfigure.jdbc.JdbcTemplateAutoConfiguration' existing class 'org.springframework.boot.autoconfigure.jdbc.JdbcTemplateAutoConfiguration' with enhanced class 'org.springframework.boot.autoconfigure.jdbc.JdbcTemplateAutoConfiguration$$EnhancerBySpringCGLIB$$9b6acc90'
[DEBUG] Successfully enhanced org.springframework.boot.autoconfigure.thymeleaf.ThymeleafAutoConfiguration$ThymeleafResourceHandlingConfig; enhanced class name is: org.springframework.boot.autoconfigure.thymeleaf.ThymeleafAutoConfiguration$ThymeleafResourceHandlingConfig$$EnhancerBySpringCGLIB$$62eb9bc
[DEBUG] Replacing bean definition 'org.springframework.boot.autoconfigure.thymeleaf.ThymeleafAutoConfiguration$ThymeleafResourceHandlingConfig' existing class 'org.springframework.boot.autoconfigure.thymeleaf.ThymeleafAutoConfiguration$ThymeleafResourceHandlingConfig' with enhanced class 'org.springframework.boot.autoconfigure.thymeleaf.ThymeleafAutoConfiguration$ThymeleafResourceHandlingConfig$$EnhancerBySpringCGLIB$$62eb9bc'
[DEBUG] Successfully enhanced org.springframework.boot.autoconfigure.thymeleaf.ThymeleafAutoConfiguration$ThymeleafDefaultConfiguration; enhanced class name is: org.springframework.boot.autoconfigure.thymeleaf.ThymeleafAutoConfiguration$ThymeleafDefaultConfiguration$$EnhancerBySpringCGLIB$$3a4eda3c
[DEBUG] Replacing bean definition 'org.springframework.boot.autoconfigure.thymeleaf.ThymeleafAutoConfiguration$ThymeleafDefaultConfiguration' existing class 'org.springframework.boot.autoconfigure.thymeleaf.ThymeleafAutoConfiguration$ThymeleafDefaultConfiguration' with enhanced class 'org.springframework.boot.autoconfigure.thymeleaf.ThymeleafAutoConfiguration$ThymeleafDefaultConfiguration$$EnhancerBySpringCGLIB$$3a4eda3c'
[DEBUG] Successfully enhanced org.springframework.boot.autoconfigure.thymeleaf.ThymeleafAutoConfiguration$Thymeleaf2Configuration$Thymeleaf2ViewResolverConfiguration; enhanced class name is: org.springframework.boot.autoconfigure.thymeleaf.ThymeleafAutoConfiguration$Thymeleaf2Configuration$Thymeleaf2ViewResolverConfiguration$$EnhancerBySpringCGLIB$$81d0d33b
[DEBUG] Replacing bean definition 'org.springframework.boot.autoconfigure.thymeleaf.ThymeleafAutoConfiguration$Thymeleaf2Configuration$Thymeleaf2ViewResolverConfiguration' existing class 'org.springframework.boot.autoconfigure.thymeleaf.ThymeleafAutoConfiguration$Thymeleaf2Configuration$Thymeleaf2ViewResolverConfiguration' with enhanced class 'org.springframework.boot.autoconfigure.thymeleaf.ThymeleafAutoConfiguration$Thymeleaf2Configuration$Thymeleaf2ViewResolverConfiguration$$EnhancerBySpringCGLIB$$81d0d33b'
[DEBUG] Successfully enhanced org.springframework.boot.autoconfigure.thymeleaf.ThymeleafAutoConfiguration$Thymeleaf2Configuration$DefaultTemplateResolverConfiguration; enhanced class name is: org.springframework.boot.autoconfigure.thymeleaf.ThymeleafAutoConfiguration$Thymeleaf2Configuration$DefaultTemplateResolverConfiguration$$EnhancerBySpringCGLIB$$b4f2178
[DEBUG] Replacing bean definition 'org.springframework.boot.autoconfigure.thymeleaf.ThymeleafAutoConfiguration$Thymeleaf2Configuration$DefaultTemplateResolverConfiguration' existing class 'org.springframework.boot.autoconfigure.thymeleaf.ThymeleafAutoConfiguration$Thymeleaf2Configuration$DefaultTemplateResolverConfiguration' with enhanced class 'org.springframework.boot.autoconfigure.thymeleaf.ThymeleafAutoConfiguration$Thymeleaf2Configuration$DefaultTemplateResolverConfiguration$$EnhancerBySpringCGLIB$$b4f2178'
[DEBUG] Successfully enhanced org.springframework.boot.autoconfigure.thymeleaf.ThymeleafAutoConfiguration$Thymeleaf2Configuration; enhanced class name is: org.springframework.boot.autoconfigure.thymeleaf.ThymeleafAutoConfiguration$Thymeleaf2Configuration$$EnhancerBySpringCGLIB$$1b42c42b
[DEBUG] Replacing bean definition 'org.springframework.boot.autoconfigure.thymeleaf.ThymeleafAutoConfiguration$Thymeleaf2Configuration' existing class 'org.springframework.boot.autoconfigure.thymeleaf.ThymeleafAutoConfiguration$Thymeleaf2Configuration' with enhanced class 'org.springframework.boot.autoconfigure.thymeleaf.ThymeleafAutoConfiguration$Thymeleaf2Configuration$$EnhancerBySpringCGLIB$$1b42c42b'
[DEBUG] Successfully enhanced org.springframework.boot.autoconfigure.thymeleaf.ThymeleafAutoConfiguration; enhanced class name is: org.springframework.boot.autoconfigure.thymeleaf.ThymeleafAutoConfiguration$$EnhancerBySpringCGLIB$$65323530
[DEBUG] Replacing bean definition 'org.springframework.boot.autoconfigure.thymeleaf.ThymeleafAutoConfiguration' existing class 'org.springframework.boot.autoconfigure.thymeleaf.ThymeleafAutoConfiguration' with enhanced class 'org.springframework.boot.autoconfigure.thymeleaf.ThymeleafAutoConfiguration$$EnhancerBySpringCGLIB$$65323530'
[DEBUG] Successfully enhanced org.springframework.boot.autoconfigure.security.SecurityFilterAutoConfiguration; enhanced class name is: org.springframework.boot.autoconfigure.security.SecurityFilterAutoConfiguration$$EnhancerBySpringCGLIB$$149c9ef2
[DEBUG] Replacing bean definition 'org.springframework.boot.autoconfigure.security.SecurityFilterAutoConfiguration' existing class 'org.springframework.boot.autoconfigure.security.SecurityFilterAutoConfiguration' with enhanced class 'org.springframework.boot.autoconfigure.security.SecurityFilterAutoConfiguration$$EnhancerBySpringCGLIB$$149c9ef2'
[DEBUG] Successfully enhanced org.springframework.boot.autoconfigure.web.HttpEncodingAutoConfiguration; enhanced class name is: org.springframework.boot.autoconfigure.web.HttpEncodingAutoConfiguration$$EnhancerBySpringCGLIB$$5272fe4b
[DEBUG] Replacing bean definition 'org.springframework.boot.autoconfigure.web.HttpEncodingAutoConfiguration' existing class 'org.springframework.boot.autoconfigure.web.HttpEncodingAutoConfiguration' with enhanced class 'org.springframework.boot.autoconfigure.web.HttpEncodingAutoConfiguration$$EnhancerBySpringCGLIB$$5272fe4b'
[DEBUG] Successfully enhanced org.springframework.boot.autoconfigure.web.MultipartAutoConfiguration; enhanced class name is: org.springframework.boot.autoconfigure.web.MultipartAutoConfiguration$$EnhancerBySpringCGLIB$$36344ae6
[DEBUG] Replacing bean definition 'org.springframework.boot.autoconfigure.web.MultipartAutoConfiguration' existing class 'org.springframework.boot.autoconfigure.web.MultipartAutoConfiguration' with enhanced class 'org.springframework.boot.autoconfigure.web.MultipartAutoConfiguration$$EnhancerBySpringCGLIB$$36344ae6'
[DEBUG] Successfully enhanced org.springframework.boot.autoconfigure.web.ServerPropertiesAutoConfiguration; enhanced class name is: org.springframework.boot.autoconfigure.web.ServerPropertiesAutoConfiguration$$EnhancerBySpringCGLIB$$31dc1370
[DEBUG] Replacing bean definition 'org.springframework.boot.autoconfigure.web.ServerPropertiesAutoConfiguration' existing class 'org.springframework.boot.autoconfigure.web.ServerPropertiesAutoConfiguration' with enhanced class 'org.springframework.boot.autoconfigure.web.ServerPropertiesAutoConfiguration$$EnhancerBySpringCGLIB$$31dc1370'
[DEBUG] Successfully enhanced org.springframework.boot.autoconfigure.web.WebClientAutoConfiguration$RestTemplateConfiguration; enhanced class name is: org.springframework.boot.autoconfigure.web.WebClientAutoConfiguration$RestTemplateConfiguration$$EnhancerBySpringCGLIB$$82b60eb7
[DEBUG] Replacing bean definition 'org.springframework.boot.autoconfigure.web.WebClientAutoConfiguration$RestTemplateConfiguration' existing class 'org.springframework.boot.autoconfigure.web.WebClientAutoConfiguration$RestTemplateConfiguration' with enhanced class 'org.springframework.boot.autoconfigure.web.WebClientAutoConfiguration$RestTemplateConfiguration$$EnhancerBySpringCGLIB$$82b60eb7'
[DEBUG] Successfully enhanced org.springframework.boot.autoconfigure.web.WebClientAutoConfiguration; enhanced class name is: org.springframework.boot.autoconfigure.web.WebClientAutoConfiguration$$EnhancerBySpringCGLIB$$8c25bc53
[DEBUG] Replacing bean definition 'org.springframework.boot.autoconfigure.web.WebClientAutoConfiguration' existing class 'org.springframework.boot.autoconfigure.web.WebClientAutoConfiguration' with enhanced class 'org.springframework.boot.autoconfigure.web.WebClientAutoConfiguration$$EnhancerBySpringCGLIB$$8c25bc53'
[DEBUG] Adding [applicationConfig: [classpath:/application.properties]] PropertySource with search precedence immediately lower than [applicationConfigurationProperties]
[DEBUG] Removing [applicationConfigurationProperties] PropertySource
[DEBUG] Removing [defaultProperties] PropertySource
[DEBUG] Creating shared instance of singleton bean 'propertySourcesPlaceholderConfigurer'
[DEBUG] Creating instance of bean 'propertySourcesPlaceholderConfigurer'
[DEBUG] Eagerly caching bean 'propertySourcesPlaceholderConfigurer' to allow for resolving potential circular references
[DEBUG] Finished creating instance of bean 'propertySourcesPlaceholderConfigurer'
[DEBUG] Adding [environmentProperties] PropertySource with lowest search precedence
[DEBUG] Adding [localProperties] PropertySource with lowest search precedence
[DEBUG] Creating shared instance of singleton bean 'org.springframework.boot.test.mock.mockito.MockitoPostProcessor'
[DEBUG] Creating instance of bean 'org.springframework.boot.test.mock.mockito.MockitoPostProcessor'
[DEBUG] Eagerly caching bean 'org.springframework.boot.test.mock.mockito.MockitoPostProcessor' to allow for resolving potential circular references
[DEBUG] Finished creating instance of bean 'org.springframework.boot.test.mock.mockito.MockitoPostProcessor'
[DEBUG] Creating shared instance of singleton bean 'org.springframework.boot.context.properties.ConfigurationPropertiesBindingPostProcessor.store'
[DEBUG] Creating instance of bean 'org.springframework.boot.context.properties.ConfigurationPropertiesBindingPostProcessor.store'
[DEBUG] Eagerly caching bean 'org.springframework.boot.context.properties.ConfigurationPropertiesBindingPostProcessor.store' to allow for resolving potential circular references
[DEBUG] Finished creating instance of bean 'org.springframework.boot.context.properties.ConfigurationPropertiesBindingPostProcessor.store'
[DEBUG] Creating shared instance of singleton bean 'preserveErrorControllerTargetClassPostProcessor'
[DEBUG] Creating instance of bean 'preserveErrorControllerTargetClassPostProcessor'
[DEBUG] Eagerly caching bean 'preserveErrorControllerTargetClassPostProcessor' to allow for resolving potential circular references
[DEBUG] Finished creating instance of bean 'preserveErrorControllerTargetClassPostProcessor'
[DEBUG] Creating shared instance of singleton bean 'emBeanDefinitionRegistrarPostProcessor'
[DEBUG] Creating instance of bean 'emBeanDefinitionRegistrarPostProcessor'
[DEBUG] Eagerly caching bean 'emBeanDefinitionRegistrarPostProcessor' to allow for resolving potential circular references
[DEBUG] Finished creating instance of bean 'emBeanDefinitionRegistrarPostProcessor'
[DEBUG] Creating shared instance of singleton bean 'org.springframework.boot.test.mock.mockito.MockitoPostProcessor$SpyPostProcessor'
[DEBUG] Creating instance of bean 'org.springframework.boot.test.mock.mockito.MockitoPostProcessor$SpyPostProcessor'
[DEBUG] Returning cached instance of singleton bean 'org.springframework.boot.test.mock.mockito.MockitoPostProcessor'
[DEBUG] Eagerly caching bean 'org.springframework.boot.test.mock.mockito.MockitoPostProcessor$SpyPostProcessor' to allow for resolving potential circular references
[DEBUG] Finished creating instance of bean 'org.springframework.boot.test.mock.mockito.MockitoPostProcessor$SpyPostProcessor'
[DEBUG] Creating shared instance of singleton bean 'org.springframework.context.annotation.internalAutowiredAnnotationProcessor'
[DEBUG] Creating instance of bean 'org.springframework.context.annotation.internalAutowiredAnnotationProcessor'
[DEBUG] Eagerly caching bean 'org.springframework.context.annotation.internalAutowiredAnnotationProcessor' to allow for resolving potential circular references
[DEBUG] Finished creating instance of bean 'org.springframework.context.annotation.internalAutowiredAnnotationProcessor'
[DEBUG] Creating shared instance of singleton bean 'org.springframework.context.annotation.internalRequiredAnnotationProcessor'
[DEBUG] Creating instance of bean 'org.springframework.context.annotation.internalRequiredAnnotationProcessor'
[DEBUG] Eagerly caching bean 'org.springframework.context.annotation.internalRequiredAnnotationProcessor' to allow for resolving potential circular references
[DEBUG] Finished creating instance of bean 'org.springframework.context.annotation.internalRequiredAnnotationProcessor'
[DEBUG] Creating shared instance of singleton bean 'org.springframework.context.annotation.internalCommonAnnotationProcessor'
[DEBUG] Creating instance of bean 'org.springframework.context.annotation.internalCommonAnnotationProcessor'
[DEBUG] Eagerly caching bean 'org.springframework.context.annotation.internalCommonAnnotationProcessor' to allow for resolving potential circular references
[DEBUG] Finished creating instance of bean 'org.springframework.context.annotation.internalCommonAnnotationProcessor'
[DEBUG] Creating shared instance of singleton bean 'org.springframework.context.annotation.internalPersistenceAnnotationProcessor'
[DEBUG] Creating instance of bean 'org.springframework.context.annotation.internalPersistenceAnnotationProcessor'
[DEBUG] Eagerly caching bean 'org.springframework.context.annotation.internalPersistenceAnnotationProcessor' to allow for resolving potential circular references
[DEBUG] Finished creating instance of bean 'org.springframework.context.annotation.internalPersistenceAnnotationProcessor'
[DEBUG] Creating shared instance of singleton bean 'org.springframework.boot.context.properties.ConfigurationPropertiesBindingPostProcessor'
[DEBUG] Creating instance of bean 'org.springframework.boot.context.properties.ConfigurationPropertiesBindingPostProcessor'
[DEBUG] Adding [systemProperties] PropertySource with lowest search precedence
[DEBUG] Adding [systemEnvironment] PropertySource with lowest search precedence
[DEBUG] Initialized StandardEnvironment with PropertySources [systemProperties,systemEnvironment]
[DEBUG] Eagerly caching bean 'org.springframework.boot.context.properties.ConfigurationPropertiesBindingPostProcessor' to allow for resolving potential circular references
[DEBUG] Returning cached instance of singleton bean 'org.springframework.boot.context.properties.ConfigurationPropertiesBindingPostProcessor.store'
[DEBUG] Invoking afterPropertiesSet() on bean with name 'org.springframework.boot.context.properties.ConfigurationPropertiesBindingPostProcessor'
[DEBUG] Returning cached instance of singleton bean 'propertySourcesPlaceholderConfigurer'
[DEBUG] Finished creating instance of bean 'org.springframework.boot.context.properties.ConfigurationPropertiesBindingPostProcessor'
[DEBUG] Returning cached instance of singleton bean 'org.springframework.boot.test.mock.mockito.MockitoPostProcessor'
[DEBUG] Creating shared instance of singleton bean 'methodValidationPostProcessor'
[DEBUG] Creating instance of bean 'methodValidationPostProcessor'
[DEBUG] Creating shared instance of singleton bean 'jsr303Validator'
[DEBUG] Creating instance of bean 'jsr303Validator'
[DEBUG] Found javax.persistence.Persistence on classpath containing 'getPersistenceUtil'. Assuming JPA 2 environment. Trying to instantiate JPA aware TraversableResolver
[DEBUG] Instantiated JPA aware TraversableResolver of type org.hibernate.validator.internal.engine.resolver.JPATraversableResolver.
[DEBUG] Eagerly caching bean 'jsr303Validator' to allow for resolving potential circular references
[DEBUG] Invoking afterPropertiesSet() on bean with name 'jsr303Validator'
[DEBUG] Found javax.persistence.Persistence on classpath containing 'getPersistenceUtil'. Assuming JPA 2 environment. Trying to instantiate JPA aware TraversableResolver
[DEBUG] Instantiated JPA aware TraversableResolver of type org.hibernate.validator.internal.engine.resolver.JPATraversableResolver.
[DEBUG] Setting custom MessageInterpolator of type org.springframework.validation.beanvalidation.LocaleContextMessageInterpolator
[DEBUG] Setting custom ConstraintValidatorFactory of type org.springframework.validation.beanvalidation.SpringConstraintValidatorFactory
[DEBUG] Setting custom ParameterNameProvider of type com.sun.proxy.$Proxy82
[DEBUG] Trying to load META-INF/validation.xml for XML based Validator configuration.
[DEBUG] Trying to load META-INF/validation.xml via user class loader
[DEBUG] Trying to load META-INF/validation.xml via TCCL
[DEBUG] Trying to load META-INF/validation.xml via Hibernate Validator's class loader
[DEBUG] No META-INF/validation.xml found. Using annotation based configuration only.
[DEBUG] Finished creating instance of bean 'jsr303Validator'
[DEBUG] Autowiring by type from bean name 'methodValidationPostProcessor' via factory method to bean named 'jsr303Validator'
[DEBUG] Eagerly caching bean 'methodValidationPostProcessor' to allow for resolving potential circular references
[DEBUG] Invoking afterPropertiesSet() on bean with name 'methodValidationPostProcessor'
[DEBUG] Finished creating instance of bean 'methodValidationPostProcessor'
[DEBUG] Creating shared instance of singleton bean 'org.springframework.aop.config.internalAutoProxyCreator'
[DEBUG] Creating instance of bean 'org.springframework.aop.config.internalAutoProxyCreator'
[DEBUG] Eagerly caching bean 'org.springframework.aop.config.internalAutoProxyCreator' to allow for resolving potential circular references
[DEBUG] Finished creating instance of bean 'org.springframework.aop.config.internalAutoProxyCreator'
[DEBUG] Creating shared instance of singleton bean 'dataSourceInitializerPostProcessor'
[DEBUG] Creating instance of bean 'dataSourceInitializerPostProcessor'
[DEBUG] Registered injected element on class [org.springframework.boot.autoconfigure.jdbc.DataSourceInitializerPostProcessor]: AutowiredFieldElement for private org.springframework.beans.factory.BeanFactory org.springframework.boot.autoconfigure.jdbc.DataSourceInitializerPostProcessor.beanFactory
[DEBUG] Eagerly caching bean 'dataSourceInitializerPostProcessor' to allow for resolving potential circular references
[DEBUG] Processing injected element of bean 'dataSourceInitializerPostProcessor': AutowiredFieldElement for private org.springframework.beans.factory.BeanFactory org.springframework.boot.autoconfigure.jdbc.DataSourceInitializerPostProcessor.beanFactory
[DEBUG] Autowiring by type from bean name 'dataSourceInitializerPostProcessor' to bean named 'org.springframework.beans.factory.support.DefaultListableBeanFactory@7074d98f'
[DEBUG] Finished creating instance of bean 'dataSourceInitializerPostProcessor'
[DEBUG] Creating shared instance of singleton bean 'persistenceExceptionTranslationPostProcessor'
[DEBUG] Creating instance of bean 'persistenceExceptionTranslationPostProcessor'
[DEBUG] Eagerly caching bean 'persistenceExceptionTranslationPostProcessor' to allow for resolving potential circular references
[DEBUG] Finished creating instance of bean 'persistenceExceptionTranslationPostProcessor'
[DEBUG] Creating shared instance of singleton bean 'embeddedServletContainerCustomizerBeanPostProcessor'
[DEBUG] Creating instance of bean 'embeddedServletContainerCustomizerBeanPostProcessor'
[DEBUG] Creating shared instance of singleton bean 'org.springframework.transaction.config.internalTransactionAdvisor'
[DEBUG] Creating instance of bean 'org.springframework.transaction.config.internalTransactionAdvisor'
[DEBUG] Creating shared instance of singleton bean 'org.springframework.transaction.annotation.ProxyTransactionManagementConfiguration'
[DEBUG] Creating instance of bean 'org.springframework.transaction.annotation.ProxyTransactionManagementConfiguration'
[DEBUG] Skipping currently created advisor 'org.springframework.transaction.config.internalTransactionAdvisor'
[DEBUG] Registered injected element on class [org.springframework.transaction.annotation.ProxyTransactionManagementConfiguration$$EnhancerBySpringCGLIB$$7b8697a0]: AutowiredMethodElement for void org.springframework.transaction.annotation.AbstractTransactionManagementConfiguration.setConfigurers(java.util.Collection)
[DEBUG] Eagerly caching bean 'org.springframework.transaction.annotation.ProxyTransactionManagementConfiguration' to allow for resolving potential circular references
[DEBUG] Processing injected element of bean 'org.springframework.transaction.annotation.ProxyTransactionManagementConfiguration': AutowiredMethodElement for void org.springframework.transaction.annotation.AbstractTransactionManagementConfiguration.setConfigurers(java.util.Collection)
[DEBUG] Returning cached instance of singleton bean 'org.springframework.context.annotation.ConfigurationClassPostProcessor.importRegistry'
[INFO] Bean 'org.springframework.transaction.annotation.ProxyTransactionManagementConfiguration' of type [org.springframework.transaction.annotation.ProxyTransactionManagementConfiguration$$EnhancerBySpringCGLIB$$7b8697a0] is not eligible for getting processed by all BeanPostProcessors (for example: not eligible for auto-proxying)
[DEBUG] Skipping currently created advisor 'org.springframework.transaction.config.internalTransactionAdvisor'
[DEBUG] Skipping currently created advisor 'org.springframework.transaction.config.internalTransactionAdvisor'
[DEBUG] Finished creating instance of bean 'org.springframework.transaction.annotation.ProxyTransactionManagementConfiguration'
[DEBUG] Creating shared instance of singleton bean 'transactionAttributeSource'
[DEBUG] Creating instance of bean 'transactionAttributeSource'
[DEBUG] Skipping currently created advisor 'org.springframework.transaction.config.internalTransactionAdvisor'
[DEBUG] Returning cached instance of singleton bean 'org.springframework.transaction.annotation.ProxyTransactionManagementConfiguration'
[DEBUG] Eagerly caching bean 'transactionAttributeSource' to allow for resolving potential circular references
[DEBUG] Skipping currently created advisor 'org.springframework.transaction.config.internalTransactionAdvisor'
[DEBUG] Skipping currently created advisor 'org.springframework.transaction.config.internalTransactionAdvisor'
[DEBUG] Finished creating instance of bean 'transactionAttributeSource'
[DEBUG] Creating shared instance of singleton bean 'transactionInterceptor'
[DEBUG] Creating instance of bean 'transactionInterceptor'
[DEBUG] Returning cached instance of singleton bean 'org.springframework.transaction.annotation.ProxyTransactionManagementConfiguration'
[DEBUG] Returning cached instance of singleton bean 'transactionAttributeSource'
[DEBUG] Eagerly caching bean 'transactionInterceptor' to allow for resolving potential circular references
[DEBUG] Invoking afterPropertiesSet() on bean with name 'transactionInterceptor'
[DEBUG] Finished creating instance of bean 'transactionInterceptor'
[DEBUG] Eagerly caching bean 'org.springframework.transaction.config.internalTransactionAdvisor' to allow for resolving potential circular references
[DEBUG] Finished creating instance of bean 'org.springframework.transaction.config.internalTransactionAdvisor'
[DEBUG] Eagerly caching bean 'embeddedServletContainerCustomizerBeanPostProcessor' to allow for resolving potential circular references
[DEBUG] Returning cached instance of singleton bean 'org.springframework.transaction.config.internalTransactionAdvisor'
[DEBUG] Returning cached instance of singleton bean 'org.springframework.transaction.config.internalTransactionAdvisor'
[DEBUG] Finished creating instance of bean 'embeddedServletContainerCustomizerBeanPostProcessor'
[DEBUG] Creating shared instance of singleton bean 'errorPageRegistrarBeanPostProcessor'
[DEBUG] Creating instance of bean 'errorPageRegistrarBeanPostProcessor'
[DEBUG] Returning cached instance of singleton bean 'org.springframework.transaction.config.internalTransactionAdvisor'
[DEBUG] Eagerly caching bean 'errorPageRegistrarBeanPostProcessor' to allow for resolving potential circular references
[DEBUG] Returning cached instance of singleton bean 'org.springframework.transaction.config.internalTransactionAdvisor'
[DEBUG] Returning cached instance of singleton bean 'org.springframework.transaction.config.internalTransactionAdvisor'
[DEBUG] Finished creating instance of bean 'errorPageRegistrarBeanPostProcessor'
[DEBUG] Creating shared instance of singleton bean 'dataSourceInitializedPublisher'
[DEBUG] Creating instance of bean 'dataSourceInitializedPublisher'
[DEBUG] Registered injected element on class [org.springframework.boot.autoconfigure.orm.jpa.DataSourceInitializedPublisher]: AutowiredFieldElement for private org.springframework.context.ApplicationContext org.springframework.boot.autoconfigure.orm.jpa.DataSourceInitializedPublisher.applicationContext
[DEBUG] Eagerly caching bean 'dataSourceInitializedPublisher' to allow for resolving potential circular references
[DEBUG] Processing injected element of bean 'dataSourceInitializedPublisher': AutowiredFieldElement for private org.springframework.context.ApplicationContext org.springframework.boot.autoconfigure.orm.jpa.DataSourceInitializedPublisher.applicationContext
[DEBUG] Autowiring by type from bean name 'dataSourceInitializedPublisher' to bean named 'org.springframework.web.context.support.GenericWebApplicationContext@4e187cd6'
[DEBUG] Finished creating instance of bean 'dataSourceInitializedPublisher'
[DEBUG] Returning cached instance of singleton bean 'org.springframework.boot.test.autoconfigure.properties.PropertyMappingContextCustomizer$PropertyMappingCheckBeanPostProcessor'
[DEBUG] Creating shared instance of singleton bean 'messageSource'
[DEBUG] Creating instance of bean 'messageSource'
[DEBUG] Returning cached instance of singleton bean 'org.springframework.transaction.config.internalTransactionAdvisor'
[DEBUG] Creating shared instance of singleton bean 'org.springframework.boot.autoconfigure.context.MessageSourceAutoConfiguration'
[DEBUG] Creating instance of bean 'org.springframework.boot.autoconfigure.context.MessageSourceAutoConfiguration'
[DEBUG] Returning cached instance of singleton bean 'org.springframework.transaction.config.internalTransactionAdvisor'
[DEBUG] Eagerly caching bean 'org.springframework.boot.autoconfigure.context.MessageSourceAutoConfiguration' to allow for resolving potential circular references
[DEBUG] Found javax.persistence.Persistence on classpath containing 'getPersistenceUtil'. Assuming JPA 2 environment. Trying to instantiate JPA aware TraversableResolver
[DEBUG] Instantiated JPA aware TraversableResolver of type org.hibernate.validator.internal.engine.resolver.JPATraversableResolver.
[DEBUG] Found javax.persistence.Persistence on classpath containing 'getPersistenceUtil'. Assuming JPA 2 environment. Trying to instantiate JPA aware TraversableResolver
[DEBUG] Instantiated JPA aware TraversableResolver of type org.hibernate.validator.internal.engine.resolver.JPATraversableResolver.
[DEBUG] Setting custom MessageInterpolator of type org.springframework.validation.beanvalidation.LocaleContextMessageInterpolator
[DEBUG] Setting custom ConstraintValidatorFactory of type org.springframework.validation.beanvalidation.SpringConstraintValidatorFactory
[DEBUG] Setting custom ParameterNameProvider of type com.sun.proxy.$Proxy82
[DEBUG] Trying to load META-INF/validation.xml for XML based Validator configuration.
[DEBUG] Trying to load META-INF/validation.xml via user class loader
[DEBUG] Trying to load META-INF/validation.xml via TCCL
[DEBUG] Trying to load META-INF/validation.xml via Hibernate Validator's class loader
[DEBUG] No META-INF/validation.xml found. Using annotation based configuration only.
[DEBUG] Processing injected element of bean 'org.springframework.boot.context.properties.ConfigurationPropertiesBindingPostProcessor': AutowiredMethodElement for public void org.springframework.boot.context.properties.ConfigurationPropertiesBindingPostProcessor.setConverters(java.util.List)
[DEBUG] Processing injected element of bean 'org.springframework.boot.context.properties.ConfigurationPropertiesBindingPostProcessor': AutowiredMethodElement for public void org.springframework.boot.context.properties.ConfigurationPropertiesBindingPostProcessor.setGenericConverters(java.util.List)
[DEBUG] Adding [Inlined Test Properties] PropertySource with lowest search precedence
[DEBUG] Adding [systemProperties] PropertySource with lowest search precedence
[DEBUG] Adding [systemEnvironment] PropertySource with lowest search precedence
[DEBUG] Adding [random] PropertySource with lowest search precedence
[DEBUG] Adding [applicationConfig: [classpath:/application.properties]] PropertySource with lowest search precedence
[DEBUG] Adding [class path resource [mail.properties]] PropertySource with lowest search precedence
[DEBUG] Adding [localProperties] PropertySource with lowest search precedence
[DEBUG] Returning cached instance of singleton bean 'org.springframework.transaction.config.internalTransactionAdvisor'
[DEBUG] Returning cached instance of singleton bean 'org.springframework.transaction.config.internalTransactionAdvisor'
[DEBUG] Finished creating instance of bean 'org.springframework.boot.autoconfigure.context.MessageSourceAutoConfiguration'
[DEBUG] Eagerly caching bean 'messageSource' to allow for resolving potential circular references
[DEBUG] Returning cached instance of singleton bean 'org.springframework.transaction.config.internalTransactionAdvisor'
[DEBUG] Returning cached instance of singleton bean 'org.springframework.transaction.config.internalTransactionAdvisor'
[DEBUG] Finished creating instance of bean 'messageSource'
[DEBUG] Using MessageSource [org.springframework.context.support.ResourceBundleMessageSource: basenames=[messages]]
[DEBUG] Unable to locate ApplicationEventMulticaster with name 'applicationEventMulticaster': using default [org.springframework.context.event.SimpleApplicationEventMulticaster@a7a4432]
[DEBUG] Unable to locate ThemeSource with name 'themeSource': using default [org.springframework.ui.context.support.ResourceBundleThemeSource@437f7c3d]
[DEBUG] Creating shared instance of singleton bean 'entityManagerFactory'
[DEBUG] Creating instance of bean 'entityManagerFactory'
[DEBUG] Returning cached instance of singleton bean 'org.springframework.transaction.config.internalTransactionAdvisor'
[DEBUG] Creating shared instance of singleton bean 'org.springframework.boot.autoconfigure.orm.jpa.HibernateJpaAutoConfiguration'
[DEBUG] Creating instance of bean 'org.springframework.boot.autoconfigure.orm.jpa.HibernateJpaAutoConfiguration'
[DEBUG] Returning cached instance of singleton bean 'org.springframework.transaction.config.internalTransactionAdvisor'
[DEBUG] Cannot find '.class' file for class [class org.springframework.boot.autoconfigure.orm.jpa.HibernateJpaAutoConfiguration$$EnhancerBySpringCGLIB$$e50cfbc0] - unable to determine constructor/method parameter names
[DEBUG] Creating shared instance of singleton bean 'dataSource'
[DEBUG] Creating instance of bean 'dataSource'
[DEBUG] Returning cached instance of singleton bean 'org.springframework.transaction.config.internalTransactionAdvisor'
[DEBUG] Creating shared instance of singleton bean 'org.springframework.boot.autoconfigure.jdbc.DataSourceConfiguration$Tomcat'
[DEBUG] Creating instance of bean 'org.springframework.boot.autoconfigure.jdbc.DataSourceConfiguration$Tomcat'
[DEBUG] Returning cached instance of singleton bean 'org.springframework.transaction.config.internalTransactionAdvisor'
[DEBUG] Eagerly caching bean 'org.springframework.boot.autoconfigure.jdbc.DataSourceConfiguration$Tomcat' to allow for resolving potential circular references
[DEBUG] Returning cached instance of singleton bean 'org.springframework.transaction.config.internalTransactionAdvisor'
[DEBUG] Returning cached instance of singleton bean 'org.springframework.transaction.config.internalTransactionAdvisor'
[DEBUG] Finished creating instance of bean 'org.springframework.boot.autoconfigure.jdbc.DataSourceConfiguration$Tomcat'
[DEBUG] Creating shared instance of singleton bean 'spring.datasource-org.springframework.boot.autoconfigure.jdbc.DataSourceProperties'
[DEBUG] Creating instance of bean 'spring.datasource-org.springframework.boot.autoconfigure.jdbc.DataSourceProperties'
[DEBUG] Returning cached instance of singleton bean 'org.springframework.transaction.config.internalTransactionAdvisor'
[DEBUG] Eagerly caching bean 'spring.datasource-org.springframework.boot.autoconfigure.jdbc.DataSourceProperties' to allow for resolving potential circular references
[DEBUG] Adding [Inlined Test Properties] PropertySource with lowest search precedence
[DEBUG] Adding [systemProperties] PropertySource with lowest search precedence
[DEBUG] Adding [systemEnvironment] PropertySource with lowest search precedence
[DEBUG] Adding [random] PropertySource with lowest search precedence
[DEBUG] Adding [applicationConfig: [classpath:/application.properties]] PropertySource with lowest search precedence
[DEBUG] Adding [class path resource [mail.properties]] PropertySource with lowest search precedence
[DEBUG] Adding [localProperties] PropertySource with lowest search precedence
[DEBUG] Adding [Inlined Test Properties] PropertySource with lowest search precedence
[DEBUG] Adding [systemProperties] PropertySource with lowest search precedence
[DEBUG] Adding [systemEnvironment] PropertySource with lowest search precedence
[DEBUG] Adding [random] PropertySource with lowest search precedence
[DEBUG] Adding [applicationConfig: [classpath:/application.properties]] PropertySource with lowest search precedence
[DEBUG] Adding [class path resource [mail.properties]] PropertySource with lowest search precedence
[DEBUG] Adding [localProperties] PropertySource with lowest search precedence
[DEBUG] Found key 'spring.datasource.url' in [applicationConfig: [classpath:/application.properties]] with type [String]
[DEBUG] Adding [Inlined Test Properties] PropertySource with lowest search precedence
[DEBUG] Adding [systemProperties] PropertySource with lowest search precedence
[DEBUG] Adding [systemEnvironment] PropertySource with lowest search precedence
[DEBUG] Adding [random] PropertySource with lowest search precedence
[DEBUG] Adding [applicationConfig: [classpath:/application.properties]] PropertySource with lowest search precedence
[DEBUG] Adding [class path resource [mail.properties]] PropertySource with lowest search precedence
[DEBUG] Adding [localProperties] PropertySource with lowest search precedence
[DEBUG] Found key 'spring.datasource.username' in [applicationConfig: [classpath:/application.properties]] with type [String]
[DEBUG] Adding [Inlined Test Properties] PropertySource with lowest search precedence
[DEBUG] Adding [systemProperties] PropertySource with lowest search precedence
[DEBUG] Adding [systemEnvironment] PropertySource with lowest search precedence
[DEBUG] Adding [random] PropertySource with lowest search precedence
[DEBUG] Adding [applicationConfig: [classpath:/application.properties]] PropertySource with lowest search precedence
[DEBUG] Adding [class path resource [mail.properties]] PropertySource with lowest search precedence
[DEBUG] Adding [localProperties] PropertySource with lowest search precedence
[DEBUG] Found key 'spring.datasource.driver-class-name' in [applicationConfig: [classpath:/application.properties]] with type [String]
[DEBUG] Adding [Inlined Test Properties] PropertySource with lowest search precedence
[DEBUG] Adding [systemProperties] PropertySource with lowest search precedence
[DEBUG] Adding [systemEnvironment] PropertySource with lowest search precedence
[DEBUG] Adding [random] PropertySource with lowest search precedence
[DEBUG] Adding [applicationConfig: [classpath:/application.properties]] PropertySource with lowest search precedence
[DEBUG] Adding [class path resource [mail.properties]] PropertySource with lowest search precedence
[DEBUG] Adding [localProperties] PropertySource with lowest search precedence
[DEBUG] Found key 'spring.datasource.password' in [applicationConfig: [classpath:/application.properties]] with type [String]
[DEBUG] Invoking afterPropertiesSet() on bean with name 'spring.datasource-org.springframework.boot.autoconfigure.jdbc.DataSourceProperties'
[DEBUG] Returning cached instance of singleton bean 'org.springframework.transaction.config.internalTransactionAdvisor'
[DEBUG] Returning cached instance of singleton bean 'org.springframework.transaction.config.internalTransactionAdvisor'
[DEBUG] Finished creating instance of bean 'spring.datasource-org.springframework.boot.autoconfigure.jdbc.DataSourceProperties'
[DEBUG] Autowiring by type from bean name 'dataSource' via factory method to bean named 'spring.datasource-org.springframework.boot.autoconfigure.jdbc.DataSourceProperties'
[DEBUG] Eagerly caching bean 'dataSource' to allow for resolving potential circular references
[DEBUG] Adding [Inlined Test Properties] PropertySource with lowest search precedence
[DEBUG] Adding [systemProperties] PropertySource with lowest search precedence
[DEBUG] Adding [systemEnvironment] PropertySource with lowest search precedence
[DEBUG] Adding [random] PropertySource with lowest search precedence
[DEBUG] Adding [applicationConfig: [classpath:/application.properties]] PropertySource with lowest search precedence
[DEBUG] Adding [class path resource [mail.properties]] PropertySource with lowest search precedence
[DEBUG] Adding [localProperties] PropertySource with lowest search precedence
[DEBUG] Returning cached instance of singleton bean 'org.springframework.transaction.config.internalTransactionAdvisor'
[DEBUG] Returning cached instance of singleton bean 'org.springframework.transaction.config.internalTransactionAdvisor'
[DEBUG] Creating shared instance of singleton bean 'dataSourceInitializer'
[DEBUG] Creating instance of bean 'dataSourceInitializer'
[DEBUG] Returning cached instance of singleton bean 'org.springframework.transaction.config.internalTransactionAdvisor'
[DEBUG] Creating shared instance of singleton bean 'org.springframework.boot.autoconfigure.jdbc.DataSourceAutoConfiguration'
[DEBUG] Creating instance of bean 'org.springframework.boot.autoconfigure.jdbc.DataSourceAutoConfiguration'
[DEBUG] Returning cached instance of singleton bean 'org.springframework.transaction.config.internalTransactionAdvisor'
[DEBUG] Eagerly caching bean 'org.springframework.boot.autoconfigure.jdbc.DataSourceAutoConfiguration' to allow for resolving potential circular references
[DEBUG] Returning cached instance of singleton bean 'org.springframework.transaction.config.internalTransactionAdvisor'
[DEBUG] Returning cached instance of singleton bean 'org.springframework.transaction.config.internalTransactionAdvisor'
[DEBUG] Finished creating instance of bean 'org.springframework.boot.autoconfigure.jdbc.DataSourceAutoConfiguration'
[DEBUG] Returning cached instance of singleton bean 'spring.datasource-org.springframework.boot.autoconfigure.jdbc.DataSourceProperties'
[DEBUG] Autowiring by type from bean name 'dataSourceInitializer' via factory method to bean named 'spring.datasource-org.springframework.boot.autoconfigure.jdbc.DataSourceProperties'
[DEBUG] Autowiring by type from bean name 'dataSourceInitializer' via factory method to bean named 'org.springframework.web.context.support.GenericWebApplicationContext@4e187cd6'
[DEBUG] Found init method on class [org.springframework.boot.autoconfigure.jdbc.DataSourceInitializer]: public void org.springframework.boot.autoconfigure.jdbc.DataSourceInitializer.init()
[DEBUG] Registered init method on class [org.springframework.boot.autoconfigure.jdbc.DataSourceInitializer]: org.springframework.beans.factory.annotation.InitDestroyAnnotationBeanPostProcessor$LifecycleElement@316510
[DEBUG] Eagerly caching bean 'dataSourceInitializer' to allow for resolving potential circular references
[DEBUG] Invoking init method on bean 'dataSourceInitializer': public void org.springframework.boot.autoconfigure.jdbc.DataSourceInitializer.init()
[DEBUG] Returning eagerly cached instance of singleton bean 'dataSource' that is not fully initialized yet - a consequence of a circular reference
[DEBUG] Resolved classpath location [schema-all.sql] to resources []
[DEBUG] Resolved classpath location [schema.sql] to resources []
[DEBUG] Returning cached instance of singleton bean 'org.springframework.transaction.config.internalTransactionAdvisor'
[DEBUG] Returning cached instance of singleton bean 'org.springframework.transaction.config.internalTransactionAdvisor'
[DEBUG] Finished creating instance of bean 'dataSourceInitializer'
[DEBUG] Finished creating instance of bean 'dataSource'
[DEBUG] Creating shared instance of singleton bean 'spring.jpa-org.springframework.boot.autoconfigure.orm.jpa.JpaProperties'
[DEBUG] Creating instance of bean 'spring.jpa-org.springframework.boot.autoconfigure.orm.jpa.JpaProperties'
[DEBUG] Returning cached instance of singleton bean 'org.springframework.transaction.config.internalTransactionAdvisor'
[DEBUG] Eagerly caching bean 'spring.jpa-org.springframework.boot.autoconfigure.orm.jpa.JpaProperties' to allow for resolving potential circular references
[DEBUG] Adding [Inlined Test Properties] PropertySource with lowest search precedence
[DEBUG] Adding [systemProperties] PropertySource with lowest search precedence
[DEBUG] Adding [systemEnvironment] PropertySource with lowest search precedence
[DEBUG] Adding [random] PropertySource with lowest search precedence
[DEBUG] Adding [applicationConfig: [classpath:/application.properties]] PropertySource with lowest search precedence
[DEBUG] Adding [class path resource [mail.properties]] PropertySource with lowest search precedence
[DEBUG] Adding [localProperties] PropertySource with lowest search precedence
[DEBUG] Adding [Inlined Test Properties] PropertySource with lowest search precedence
[DEBUG] Adding [systemProperties] PropertySource with lowest search precedence
[DEBUG] Adding [systemEnvironment] PropertySource with lowest search precedence
[DEBUG] Adding [random] PropertySource with lowest search precedence
[DEBUG] Adding [applicationConfig: [classpath:/application.properties]] PropertySource with lowest search precedence
[DEBUG] Adding [class path resource [mail.properties]] PropertySource with lowest search precedence
[DEBUG] Adding [localProperties] PropertySource with lowest search precedence
[DEBUG] Found key 'spring.jpa.hibernate.ddl-auto' in [applicationConfig: [classpath:/application.properties]] with type [String]
[DEBUG] Adding [Inlined Test Properties] PropertySource with lowest search precedence
[DEBUG] Adding [systemProperties] PropertySource with lowest search precedence
[DEBUG] Adding [systemEnvironment] PropertySource with lowest search precedence
[DEBUG] Adding [random] PropertySource with lowest search precedence
[DEBUG] Adding [applicationConfig: [classpath:/application.properties]] PropertySource with lowest search precedence
[DEBUG] Adding [class path resource [mail.properties]] PropertySource with lowest search precedence
[DEBUG] Adding [localProperties] PropertySource with lowest search precedence
[DEBUG] Found key 'spring.jpa.database' in [applicationConfig: [classpath:/application.properties]] with type [String]
[DEBUG] Adding [Inlined Test Properties] PropertySource with lowest search precedence
[DEBUG] Adding [systemProperties] PropertySource with lowest search precedence
[DEBUG] Adding [systemEnvironment] PropertySource with lowest search precedence
[DEBUG] Adding [random] PropertySource with lowest search precedence
[DEBUG] Adding [applicationConfig: [classpath:/application.properties]] PropertySource with lowest search precedence
[DEBUG] Adding [class path resource [mail.properties]] PropertySource with lowest search precedence
[DEBUG] Adding [localProperties] PropertySource with lowest search precedence
[DEBUG] Found key 'spring.jpa.hibernate.naming-strategy' in [applicationConfig: [classpath:/application.properties]] with type [String]
[DEBUG] Adding [Inlined Test Properties] PropertySource with lowest search precedence
[DEBUG] Adding [systemProperties] PropertySource with lowest search precedence
[DEBUG] Adding [systemEnvironment] PropertySource with lowest search precedence
[DEBUG] Adding [random] PropertySource with lowest search precedence
[DEBUG] Adding [applicationConfig: [classpath:/application.properties]] PropertySource with lowest search precedence
[DEBUG] Adding [class path resource [mail.properties]] PropertySource with lowest search precedence
[DEBUG] Adding [localProperties] PropertySource with lowest search precedence
[DEBUG] Found key 'spring.jpa.properties.hibernate.dialect' in [applicationConfig: [classpath:/application.properties]] with type [String]
[DEBUG] Adding [Inlined Test Properties] PropertySource with lowest search precedence
[DEBUG] Adding [systemProperties] PropertySource with lowest search precedence
[DEBUG] Adding [systemEnvironment] PropertySource with lowest search precedence
[DEBUG] Adding [random] PropertySource with lowest search precedence
[DEBUG] Adding [applicationConfig: [classpath:/application.properties]] PropertySource with lowest search precedence
[DEBUG] Adding [class path resource [mail.properties]] PropertySource with lowest search precedence
[DEBUG] Adding [localProperties] PropertySource with lowest search precedence
[DEBUG] Found key 'spring.jpa.show-sql' in [applicationConfig: [classpath:/application.properties]] with type [String]
[DEBUG] Returning cached instance of singleton bean 'org.springframework.transaction.config.internalTransactionAdvisor'
[DEBUG] Returning cached instance of singleton bean 'org.springframework.transaction.config.internalTransactionAdvisor'
[DEBUG] Finished creating instance of bean 'spring.jpa-org.springframework.boot.autoconfigure.orm.jpa.JpaProperties'
[DEBUG] Autowiring by type from bean name 'org.springframework.boot.autoconfigure.orm.jpa.HibernateJpaAutoConfiguration' via constructor to bean named 'dataSource'
[DEBUG] Autowiring by type from bean name 'org.springframework.boot.autoconfigure.orm.jpa.HibernateJpaAutoConfiguration' via constructor to bean named 'spring.jpa-org.springframework.boot.autoconfigure.orm.jpa.JpaProperties'
[DEBUG] Creating shared instance of singleton bean 'platformTransactionManagerCustomizers'
[DEBUG] Creating instance of bean 'platformTransactionManagerCustomizers'
[DEBUG] Returning cached instance of singleton bean 'org.springframework.transaction.config.internalTransactionAdvisor'
[DEBUG] Creating shared instance of singleton bean 'org.springframework.boot.autoconfigure.transaction.TransactionAutoConfiguration'
[DEBUG] Creating instance of bean 'org.springframework.boot.autoconfigure.transaction.TransactionAutoConfiguration'
[DEBUG] Returning cached instance of singleton bean 'org.springframework.transaction.config.internalTransactionAdvisor'
[DEBUG] Eagerly caching bean 'org.springframework.boot.autoconfigure.transaction.TransactionAutoConfiguration' to allow for resolving potential circular references
[DEBUG] Returning cached instance of singleton bean 'org.springframework.transaction.config.internalTransactionAdvisor'
[DEBUG] Returning cached instance of singleton bean 'org.springframework.transaction.config.internalTransactionAdvisor'
[DEBUG] Finished creating instance of bean 'org.springframework.boot.autoconfigure.transaction.TransactionAutoConfiguration'
[DEBUG] Creating shared instance of singleton bean 'spring.transaction-org.springframework.boot.autoconfigure.transaction.TransactionProperties'
[DEBUG] Creating instance of bean 'spring.transaction-org.springframework.boot.autoconfigure.transaction.TransactionProperties'
[DEBUG] Returning cached instance of singleton bean 'org.springframework.transaction.config.internalTransactionAdvisor'
[DEBUG] Eagerly caching bean 'spring.transaction-org.springframework.boot.autoconfigure.transaction.TransactionProperties' to allow for resolving potential circular references
[DEBUG] Adding [Inlined Test Properties] PropertySource with lowest search precedence
[DEBUG] Adding [systemProperties] PropertySource with lowest search precedence
[DEBUG] Adding [systemEnvironment] PropertySource with lowest search precedence
[DEBUG] Adding [random] PropertySource with lowest search precedence
[DEBUG] Adding [applicationConfig: [classpath:/application.properties]] PropertySource with lowest search precedence
[DEBUG] Adding [class path resource [mail.properties]] PropertySource with lowest search precedence
[DEBUG] Adding [localProperties] PropertySource with lowest search precedence
[DEBUG] Returning cached instance of singleton bean 'org.springframework.transaction.config.internalTransactionAdvisor'
[DEBUG] Returning cached instance of singleton bean 'org.springframework.transaction.config.internalTransactionAdvisor'
[DEBUG] Finished creating instance of bean 'spring.transaction-org.springframework.boot.autoconfigure.transaction.TransactionProperties'
[DEBUG] Eagerly caching bean 'platformTransactionManagerCustomizers' to allow for resolving potential circular references
[DEBUG] Returning cached instance of singleton bean 'org.springframework.transaction.config.internalTransactionAdvisor'
[DEBUG] Returning cached instance of singleton bean 'org.springframework.transaction.config.internalTransactionAdvisor'
[DEBUG] Finished creating instance of bean 'platformTransactionManagerCustomizers'
[DEBUG] Eagerly caching bean 'org.springframework.boot.autoconfigure.orm.jpa.HibernateJpaAutoConfiguration' to allow for resolving potential circular references
[DEBUG] Returning cached instance of singleton bean 'org.springframework.transaction.config.internalTransactionAdvisor'
[DEBUG] Returning cached instance of singleton bean 'org.springframework.transaction.config.internalTransactionAdvisor'
[DEBUG] Finished creating instance of bean 'org.springframework.boot.autoconfigure.orm.jpa.HibernateJpaAutoConfiguration'
[DEBUG] Creating shared instance of singleton bean 'entityManagerFactoryBuilder'
[DEBUG] Creating instance of bean 'entityManagerFactoryBuilder'
[DEBUG] Returning cached instance of singleton bean 'org.springframework.transaction.config.internalTransactionAdvisor'
[DEBUG] Returning cached instance of singleton bean 'org.springframework.boot.autoconfigure.orm.jpa.HibernateJpaAutoConfiguration'
[DEBUG] Creating shared instance of singleton bean 'jpaVendorAdapter'
[DEBUG] Creating instance of bean 'jpaVendorAdapter'
[DEBUG] Returning cached instance of singleton bean 'org.springframework.transaction.config.internalTransactionAdvisor'
[DEBUG] Returning cached instance of singleton bean 'org.springframework.boot.autoconfigure.orm.jpa.HibernateJpaAutoConfiguration'
[DEBUG] Eagerly caching bean 'jpaVendorAdapter' to allow for resolving potential circular references
[DEBUG] Returning cached instance of singleton bean 'org.springframework.transaction.config.internalTransactionAdvisor'
[DEBUG] Returning cached instance of singleton bean 'org.springframework.transaction.config.internalTransactionAdvisor'
[DEBUG] Finished creating instance of bean 'jpaVendorAdapter'
[DEBUG] Autowiring by type from bean name 'entityManagerFactoryBuilder' via factory method to bean named 'jpaVendorAdapter'
[DEBUG] Eagerly caching bean 'entityManagerFactoryBuilder' to allow for resolving potential circular references
[DEBUG] Returning cached instance of singleton bean 'org.springframework.transaction.config.internalTransactionAdvisor'
[DEBUG] Returning cached instance of singleton bean 'org.springframework.transaction.config.internalTransactionAdvisor'
[DEBUG] Finished creating instance of bean 'entityManagerFactoryBuilder'
[DEBUG] Autowiring by type from bean name 'entityManagerFactory' via factory method to bean named 'entityManagerFactoryBuilder'
[DEBUG] Returning cached instance of singleton bean 'org.springframework.boot.autoconfigure.AutoConfigurationPackages'
[DEBUG] Returning cached instance of singleton bean 'org.springframework.boot.autoconfigure.AutoConfigurationPackages'
[DEBUG] Eagerly caching bean 'entityManagerFactory' to allow for resolving potential circular references
[DEBUG] Invoking afterPropertiesSet() on bean with name 'entityManagerFactory'
[DEBUG] Resolved classpath location [META-INF/persistence.xml] to resources []
[DEBUG] Resolved classpath location [mx/com/restaurante/] to resources [URL [file:/C:/Users/ChristianFV/Documents/workspace-sts-3.8.3.RELEASE/SistemaReservaciones/build/instrumented_classes/mx/com/restaurante/], URL [file:/C:/Users/ChristianFV/Documents/workspace-sts-3.8.3.RELEASE/SistemaReservaciones/build/classes/test/mx/com/restaurante/], URL [file:/C:/Users/ChristianFV/Documents/workspace-sts-3.8.3.RELEASE/SistemaReservaciones/build/classes/main/mx/com/restaurante/]]
[DEBUG] Looking for matching resources in directory tree [C:\Users\ChristianFV\Documents\workspace-sts-3.8.3.RELEASE\SistemaReservaciones\build\instrumented_classes\mx\com\restaurante]
[DEBUG] Searching directory [C:\Users\ChristianFV\Documents\workspace-sts-3.8.3.RELEASE\SistemaReservaciones\build\instrumented_classes\mx\com\restaurante] for files matching pattern [C:/Users/ChristianFV/Documents/workspace-sts-3.8.3.RELEASE/SistemaReservaciones/build/instrumented_classes/mx/com/restaurante/**/*.class]
[DEBUG] Searching directory [C:\Users\ChristianFV\Documents\workspace-sts-3.8.3.RELEASE\SistemaReservaciones\build\instrumented_classes\mx\com\restaurante\controller] for files matching pattern [C:/Users/ChristianFV/Documents/workspace-sts-3.8.3.RELEASE/SistemaReservaciones/build/instrumented_classes/mx/com/restaurante/**/*.class]
[DEBUG] Searching directory [C:\Users\ChristianFV\Documents\workspace-sts-3.8.3.RELEASE\SistemaReservaciones\build\instrumented_classes\mx\com\restaurante\domain] for files matching pattern [C:/Users/ChristianFV/Documents/workspace-sts-3.8.3.RELEASE/SistemaReservaciones/build/instrumented_classes/mx/com/restaurante/**/*.class]
[DEBUG] Searching directory [C:\Users\ChristianFV\Documents\workspace-sts-3.8.3.RELEASE\SistemaReservaciones\build\instrumented_classes\mx\com\restaurante\domain\repository] for files matching pattern [C:/Users/ChristianFV/Documents/workspace-sts-3.8.3.RELEASE/SistemaReservaciones/build/instrumented_classes/mx/com/restaurante/**/*.class]
[DEBUG] Searching directory [C:\Users\ChristianFV\Documents\workspace-sts-3.8.3.RELEASE\SistemaReservaciones\build\instrumented_classes\mx\com\restaurante\service] for files matching pattern [C:/Users/ChristianFV/Documents/workspace-sts-3.8.3.RELEASE/SistemaReservaciones/build/instrumented_classes/mx/com/restaurante/**/*.class]
[DEBUG] Searching directory [C:\Users\ChristianFV\Documents\workspace-sts-3.8.3.RELEASE\SistemaReservaciones\build\instrumented_classes\mx\com\restaurante\service\impl] for files matching pattern [C:/Users/ChristianFV/Documents/workspace-sts-3.8.3.RELEASE/SistemaReservaciones/build/instrumented_classes/mx/com/restaurante/**/*.class]
[DEBUG] Searching directory [C:\Users\ChristianFV\Documents\workspace-sts-3.8.3.RELEASE\SistemaReservaciones\build\instrumented_classes\mx\com\restaurante\util] for files matching pattern [C:/Users/ChristianFV/Documents/workspace-sts-3.8.3.RELEASE/SistemaReservaciones/build/instrumented_classes/mx/com/restaurante/**/*.class]
[DEBUG] Looking for matching resources in directory tree [C:\Users\ChristianFV\Documents\workspace-sts-3.8.3.RELEASE\SistemaReservaciones\build\classes\test\mx\com\restaurante]
[DEBUG] Searching directory [C:\Users\ChristianFV\Documents\workspace-sts-3.8.3.RELEASE\SistemaReservaciones\build\classes\test\mx\com\restaurante] for files matching pattern [C:/Users/ChristianFV/Documents/workspace-sts-3.8.3.RELEASE/SistemaReservaciones/build/classes/test/mx/com/restaurante/**/*.class]
[DEBUG] Searching directory [C:\Users\ChristianFV\Documents\workspace-sts-3.8.3.RELEASE\SistemaReservaciones\build\classes\test\mx\com\restaurante\test] for files matching pattern [C:/Users/ChristianFV/Documents/workspace-sts-3.8.3.RELEASE/SistemaReservaciones/build/classes/test/mx/com/restaurante/**/*.class]
[DEBUG] Searching directory [C:\Users\ChristianFV\Documents\workspace-sts-3.8.3.RELEASE\SistemaReservaciones\build\classes\test\mx\com\restaurante\test\controller] for files matching pattern [C:/Users/ChristianFV/Documents/workspace-sts-3.8.3.RELEASE/SistemaReservaciones/build/classes/test/mx/com/restaurante/**/*.class]
[DEBUG] Searching directory [C:\Users\ChristianFV\Documents\workspace-sts-3.8.3.RELEASE\SistemaReservaciones\build\classes\test\mx\com\restaurante\test\domain] for files matching pattern [C:/Users/ChristianFV/Documents/workspace-sts-3.8.3.RELEASE/SistemaReservaciones/build/classes/test/mx/com/restaurante/**/*.class]
[DEBUG] Searching directory [C:\Users\ChristianFV\Documents\workspace-sts-3.8.3.RELEASE\SistemaReservaciones\build\classes\test\mx\com\restaurante\test\service] for files matching pattern [C:/Users/ChristianFV/Documents/workspace-sts-3.8.3.RELEASE/SistemaReservaciones/build/classes/test/mx/com/restaurante/**/*.class]
[DEBUG] Looking for matching resources in directory tree [C:\Users\ChristianFV\Documents\workspace-sts-3.8.3.RELEASE\SistemaReservaciones\build\classes\main\mx\com\restaurante]
[DEBUG] Searching directory [C:\Users\ChristianFV\Documents\workspace-sts-3.8.3.RELEASE\SistemaReservaciones\build\classes\main\mx\com\restaurante] for files matching pattern [C:/Users/ChristianFV/Documents/workspace-sts-3.8.3.RELEASE/SistemaReservaciones/build/classes/main/mx/com/restaurante/**/*.class]
[DEBUG] Searching directory [C:\Users\ChristianFV\Documents\workspace-sts-3.8.3.RELEASE\SistemaReservaciones\build\classes\main\mx\com\restaurante\controller] for files matching pattern [C:/Users/ChristianFV/Documents/workspace-sts-3.8.3.RELEASE/SistemaReservaciones/build/classes/main/mx/com/restaurante/**/*.class]
[DEBUG] Searching directory [C:\Users\ChristianFV\Documents\workspace-sts-3.8.3.RELEASE\SistemaReservaciones\build\classes\main\mx\com\restaurante\domain] for files matching pattern [C:/Users/ChristianFV/Documents/workspace-sts-3.8.3.RELEASE/SistemaReservaciones/build/classes/main/mx/com/restaurante/**/*.class]
[DEBUG] Searching directory [C:\Users\ChristianFV\Documents\workspace-sts-3.8.3.RELEASE\SistemaReservaciones\build\classes\main\mx\com\restaurante\domain\repository] for files matching pattern [C:/Users/ChristianFV/Documents/workspace-sts-3.8.3.RELEASE/SistemaReservaciones/build/classes/main/mx/com/restaurante/**/*.class]
[DEBUG] Searching directory [C:\Users\ChristianFV\Documents\workspace-sts-3.8.3.RELEASE\SistemaReservaciones\build\classes\main\mx\com\restaurante\service] for files matching pattern [C:/Users/ChristianFV/Documents/workspace-sts-3.8.3.RELEASE/SistemaReservaciones/build/classes/main/mx/com/restaurante/**/*.class]
[DEBUG] Searching directory [C:\Users\ChristianFV\Documents\workspace-sts-3.8.3.RELEASE\SistemaReservaciones\build\classes\main\mx\com\restaurante\service\impl] for files matching pattern [C:/Users/ChristianFV/Documents/workspace-sts-3.8.3.RELEASE/SistemaReservaciones/build/classes/main/mx/com/restaurante/**/*.class]
[DEBUG] Searching directory [C:\Users\ChristianFV\Documents\workspace-sts-3.8.3.RELEASE\SistemaReservaciones\build\classes\main\mx\com\restaurante\util] for files matching pattern [C:/Users/ChristianFV/Documents/workspace-sts-3.8.3.RELEASE/SistemaReservaciones/build/classes/main/mx/com/restaurante/**/*.class]
[DEBUG] Resolved location pattern [classpath*:mx/com/restaurante/**/*.class] to resources [file [C:\Users\ChristianFV\Documents\workspace-sts-3.8.3.RELEASE\SistemaReservaciones\build\instrumented_classes\mx\com\restaurante\Application.class], file [C:\Users\ChristianFV\Documents\workspace-sts-3.8.3.RELEASE\SistemaReservaciones\build\instrumented_classes\mx\com\restaurante\controller\ClienteController.class], file [C:\Users\ChristianFV\Documents\workspace-sts-3.8.3.RELEASE\SistemaReservaciones\build\instrumented_classes\mx\com\restaurante\controller\LoginController.class], file [C:\Users\ChristianFV\Documents\workspace-sts-3.8.3.RELEASE\SistemaReservaciones\build\instrumented_classes\mx\com\restaurante\controller\ReservacionController.class], file [C:\Users\ChristianFV\Documents\workspace-sts-3.8.3.RELEASE\SistemaReservaciones\build\instrumented_classes\mx\com\restaurante\domain\Cliente.class], file [C:\Users\ChristianFV\Documents\workspace-sts-3.8.3.RELEASE\SistemaReservaciones\build\instrumented_classes\mx\com\restaurante\domain\repository\ClienteRepository.class], file [C:\Users\ChristianFV\Documents\workspace-sts-3.8.3.RELEASE\SistemaReservaciones\build\instrumented_classes\mx\com\restaurante\domain\repository\ReservacionRepository.class], file [C:\Users\ChristianFV\Documents\workspace-sts-3.8.3.RELEASE\SistemaReservaciones\build\instrumented_classes\mx\com\restaurante\domain\Reservacion.class], file [C:\Users\ChristianFV\Documents\workspace-sts-3.8.3.RELEASE\SistemaReservaciones\build\instrumented_classes\mx\com\restaurante\MailConfiguration.class], file [C:\Users\ChristianFV\Documents\workspace-sts-3.8.3.RELEASE\SistemaReservaciones\build\instrumented_classes\mx\com\restaurante\MvcConfig.class], file [C:\Users\ChristianFV\Documents\workspace-sts-3.8.3.RELEASE\SistemaReservaciones\build\instrumented_classes\mx\com\restaurante\service\ClienteService.class], file [C:\Users\ChristianFV\Documents\workspace-sts-3.8.3.RELEASE\SistemaReservaciones\build\instrumented_classes\mx\com\restaurante\service\impl\ClienteServiceImpl.class], file [C:\Users\ChristianFV\Documents\workspace-sts-3.8.3.RELEASE\SistemaReservaciones\build\instrumented_classes\mx\com\restaurante\service\impl\ReservacionServiceImpl.class], file [C:\Users\ChristianFV\Documents\workspace-sts-3.8.3.RELEASE\SistemaReservaciones\build\instrumented_classes\mx\com\restaurante\service\ReservacionService.class], file [C:\Users\ChristianFV\Documents\workspace-sts-3.8.3.RELEASE\SistemaReservaciones\build\instrumented_classes\mx\com\restaurante\util\DBUnitData.class], file [C:\Users\ChristianFV\Documents\workspace-sts-3.8.3.RELEASE\SistemaReservaciones\build\instrumented_classes\mx\com\restaurante\WebSecurityConfig.class], file [C:\Users\ChristianFV\Documents\workspace-sts-3.8.3.RELEASE\SistemaReservaciones\build\classes\test\mx\com\restaurante\test\controller\ClienteTestController.class], file [C:\Users\ChristianFV\Documents\workspace-sts-3.8.3.RELEASE\SistemaReservaciones\build\classes\test\mx\com\restaurante\test\controller\gestionReservacionTestController.class], file [C:\Users\ChristianFV\Documents\workspace-sts-3.8.3.RELEASE\SistemaReservaciones\build\classes\test\mx\com\restaurante\test\controller\ReservacionTestController.class], file [C:\Users\ChristianFV\Documents\workspace-sts-3.8.3.RELEASE\SistemaReservaciones\build\classes\test\mx\com\restaurante\test\DBUnitDataTest.class], file [C:\Users\ChristianFV\Documents\workspace-sts-3.8.3.RELEASE\SistemaReservaciones\build\classes\test\mx\com\restaurante\test\domain\ClienteDomainTest.class], file [C:\Users\ChristianFV\Documents\workspace-sts-3.8.3.RELEASE\SistemaReservaciones\build\classes\test\mx\com\restaurante\test\service\ClienteServiceTest.class], file [C:\Users\ChristianFV\Documents\workspace-sts-3.8.3.RELEASE\SistemaReservaciones\build\classes\test\mx\com\restaurante\test\service\ReservacionServiceTest.class], file [C:\Users\ChristianFV\Documents\workspace-sts-3.8.3.RELEASE\SistemaReservaciones\build\classes\main\mx\com\restaurante\Application.class], file [C:\Users\ChristianFV\Documents\workspace-sts-3.8.3.RELEASE\SistemaReservaciones\build\classes\main\mx\com\restaurante\controller\ClienteController.class], file [C:\Users\ChristianFV\Documents\workspace-sts-3.8.3.RELEASE\SistemaReservaciones\build\classes\main\mx\com\restaurante\controller\LoginController.class], file [C:\Users\ChristianFV\Documents\workspace-sts-3.8.3.RELEASE\SistemaReservaciones\build\classes\main\mx\com\restaurante\controller\ReservacionController.class], file [C:\Users\ChristianFV\Documents\workspace-sts-3.8.3.RELEASE\SistemaReservaciones\build\classes\main\mx\com\restaurante\domain\Cliente.class], file [C:\Users\ChristianFV\Documents\workspace-sts-3.8.3.RELEASE\SistemaReservaciones\build\classes\main\mx\com\restaurante\domain\repository\ClienteRepository.class], file [C:\Users\ChristianFV\Documents\workspace-sts-3.8.3.RELEASE\SistemaReservaciones\build\classes\main\mx\com\restaurante\domain\repository\ReservacionRepository.class], file [C:\Users\ChristianFV\Documents\workspace-sts-3.8.3.RELEASE\SistemaReservaciones\build\classes\main\mx\com\restaurante\domain\Reservacion.class], file [C:\Users\ChristianFV\Documents\workspace-sts-3.8.3.RELEASE\SistemaReservaciones\build\classes\main\mx\com\restaurante\MailConfiguration.class], file [C:\Users\ChristianFV\Documents\workspace-sts-3.8.3.RELEASE\SistemaReservaciones\build\classes\main\mx\com\restaurante\MvcConfig.class], file [C:\Users\ChristianFV\Documents\workspace-sts-3.8.3.RELEASE\SistemaReservaciones\build\classes\main\mx\com\restaurante\service\ClienteService.class], file [C:\Users\ChristianFV\Documents\workspace-sts-3.8.3.RELEASE\SistemaReservaciones\build\classes\main\mx\com\restaurante\service\impl\ClienteServiceImpl.class], file [C:\Users\ChristianFV\Documents\workspace-sts-3.8.3.RELEASE\SistemaReservaciones\build\classes\main\mx\com\restaurante\service\impl\ReservacionServiceImpl.class], file [C:\Users\ChristianFV\Documents\workspace-sts-3.8.3.RELEASE\SistemaReservaciones\build\classes\main\mx\com\restaurante\service\ReservacionService.class], file [C:\Users\ChristianFV\Documents\workspace-sts-3.8.3.RELEASE\SistemaReservaciones\build\classes\main\mx\com\restaurante\util\DBUnitData.class], file [C:\Users\ChristianFV\Documents\workspace-sts-3.8.3.RELEASE\SistemaReservaciones\build\classes\main\mx\com\restaurante\WebSecurityConfig.class]]
[INFO] Building JPA container EntityManagerFactory for persistence unit 'default'
[DEBUG] PersistenceUnitInfo [
	name: default
	persistence provider classname: null
	classloader: sun.misc.Launcher$AppClassLoader@73d16e93
	excludeUnlistedClasses: true
	JTA datasource: null
	Non JTA datasource: org.apache.tomcat.jdbc.pool.DataSource@3fb6eddf{ConnectionPool[defaultAutoCommit=null; defaultReadOnly=null; defaultTransactionIsolation=-1; defaultCatalog=null; driverClassName=com.mysql.jdbc.Driver; maxActive=100; maxIdle=100; minIdle=10; initialSize=10; maxWait=30000; testOnBorrow=true; testOnReturn=false; timeBetweenEvictionRunsMillis=5000; numTestsPerEvictionRun=0; minEvictableIdleTimeMillis=60000; testWhileIdle=false; testOnConnect=false; password=********; url=jdbc:mysql://localhost/restaurante; username=root; validationQuery=SELECT 1; validationQueryTimeout=-1; validatorClassName=null; validationInterval=3000; accessToUnderlyingConnectionAllowed=true; removeAbandoned=false; removeAbandonedTimeout=60; logAbandoned=false; connectionProperties=null; initSQL=null; jdbcInterceptors=null; jmxEnabled=true; fairQueue=true; useEquals=true; abandonWhenPercentageFull=0; maxAge=0; useLock=false; dataSource=null; dataSourceJNDI=null; suspectTimeout=0; alternateUsernameAllowed=false; commitOnReturn=false; rollbackOnReturn=false; useDisposableConnectionFacade=true; logValidationErrors=false; propagateInterruptState=false; ignoreExceptionOnPreLoad=false; }
	Transaction type: RESOURCE_LOCAL
	PU root URL: file:/C:/Users/ChristianFV/Documents/workspace-sts-3.8.3.RELEASE/SistemaReservaciones/build/instrumented_classes/
	Shared Cache Mode: UNSPECIFIED
	Validation Mode: AUTO
	Jar files URLs []
	Managed classes names [
		mx.com.restaurante.domain.Cliente
		mx.com.restaurante.domain.Reservacion
		mx.com.restaurante.domain.Cliente
		mx.com.restaurante.domain.Reservacion]
	Mapping files names []
	Properties []
[DEBUG] Adding Integrator [org.hibernate.cfg.beanvalidation.BeanValidationIntegrator].
[DEBUG] Adding Integrator [org.hibernate.secure.spi.JaccIntegrator].
[DEBUG] Adding Integrator [org.hibernate.cache.internal.CollectionCacheInvalidator].
[DEBUG] Adding Integrator [org.hibernate.jpa.event.spi.JpaIntegrator].
[DEBUG] Overriding existing service binding [org.hibernate.secure.spi.JaccService]
[DEBUG] Cache region factory : org.hibernate.cache.internal.NoCachingRegionFactory
[DEBUG] Adding type registration boolean -> org.hibernate.type.BooleanType@352f14a
[DEBUG] Adding type registration boolean -> org.hibernate.type.BooleanType@352f14a
[DEBUG] Adding type registration java.lang.Boolean -> org.hibernate.type.BooleanType@352f14a
[DEBUG] Adding type registration numeric_boolean -> org.hibernate.type.NumericBooleanType@4e57587c
[DEBUG] Adding type registration true_false -> org.hibernate.type.TrueFalseType@4dcf3570
[DEBUG] Adding type registration yes_no -> org.hibernate.type.YesNoType@f240f97
[DEBUG] Adding type registration byte -> org.hibernate.type.ByteType@43c8aa66
[DEBUG] Adding type registration byte -> org.hibernate.type.ByteType@43c8aa66
[DEBUG] Adding type registration java.lang.Byte -> org.hibernate.type.ByteType@43c8aa66
[DEBUG] Adding type registration character -> org.hibernate.type.CharacterType@593550e3
[DEBUG] Adding type registration char -> org.hibernate.type.CharacterType@593550e3
[DEBUG] Adding type registration java.lang.Character -> org.hibernate.type.CharacterType@593550e3
[DEBUG] Adding type registration short -> org.hibernate.type.ShortType@4e9db7e6
[DEBUG] Adding type registration short -> org.hibernate.type.ShortType@4e9db7e6
[DEBUG] Adding type registration java.lang.Short -> org.hibernate.type.ShortType@4e9db7e6
[DEBUG] Adding type registration integer -> org.hibernate.type.IntegerType@5ec0787b
[DEBUG] Adding type registration int -> org.hibernate.type.IntegerType@5ec0787b
[DEBUG] Adding type registration java.lang.Integer -> org.hibernate.type.IntegerType@5ec0787b
[DEBUG] Adding type registration long -> org.hibernate.type.LongType@5c321529
[DEBUG] Adding type registration long -> org.hibernate.type.LongType@5c321529
[DEBUG] Adding type registration java.lang.Long -> org.hibernate.type.LongType@5c321529
[DEBUG] Adding type registration float -> org.hibernate.type.FloatType@18e6fdc4
[DEBUG] Adding type registration float -> org.hibernate.type.FloatType@18e6fdc4
[DEBUG] Adding type registration java.lang.Float -> org.hibernate.type.FloatType@18e6fdc4
[DEBUG] Adding type registration double -> org.hibernate.type.DoubleType@733eb119
[DEBUG] Adding type registration double -> org.hibernate.type.DoubleType@733eb119
[DEBUG] Adding type registration java.lang.Double -> org.hibernate.type.DoubleType@733eb119
[DEBUG] Adding type registration big_decimal -> org.hibernate.type.BigDecimalType@6b9ce7b1
[DEBUG] Adding type registration java.math.BigDecimal -> org.hibernate.type.BigDecimalType@6b9ce7b1
[DEBUG] Adding type registration big_integer -> org.hibernate.type.BigIntegerType@7cbfe302
[DEBUG] Adding type registration java.math.BigInteger -> org.hibernate.type.BigIntegerType@7cbfe302
[DEBUG] Adding type registration string -> org.hibernate.type.StringType@4b32ef00
[DEBUG] Adding type registration java.lang.String -> org.hibernate.type.StringType@4b32ef00
[DEBUG] Adding type registration nstring -> org.hibernate.type.StringNVarcharType@1a686dad
[DEBUG] Adding type registration ncharacter -> org.hibernate.type.CharacterNCharType@77c5a831
[DEBUG] Adding type registration url -> org.hibernate.type.UrlType@2287f50b
[DEBUG] Adding type registration java.net.URL -> org.hibernate.type.UrlType@2287f50b
[DEBUG] Adding type registration date -> org.hibernate.type.DateType@cd72734
[DEBUG] Adding type registration java.sql.Date -> org.hibernate.type.DateType@cd72734
[DEBUG] Adding type registration time -> org.hibernate.type.TimeType@3c10abda
[DEBUG] Adding type registration java.sql.Time -> org.hibernate.type.TimeType@3c10abda
[DEBUG] Adding type registration timestamp -> org.hibernate.type.TimestampType@2aa1558f
[DEBUG] Adding type registration java.sql.Timestamp -> org.hibernate.type.TimestampType@2aa1558f
[DEBUG] Adding type registration java.util.Date -> org.hibernate.type.TimestampType@2aa1558f
[DEBUG] Adding type registration dbtimestamp -> org.hibernate.type.DbTimestampType@73511f96
[DEBUG] Adding type registration calendar -> org.hibernate.type.CalendarType@3d0c08c5
[DEBUG] Adding type registration java.util.Calendar -> org.hibernate.type.CalendarType@3d0c08c5
[DEBUG] Adding type registration java.util.GregorianCalendar -> org.hibernate.type.CalendarType@3d0c08c5
[DEBUG] Adding type registration calendar_date -> org.hibernate.type.CalendarDateType@3be7f0ad
[DEBUG] Adding type registration locale -> org.hibernate.type.LocaleType@7a4f6093
[DEBUG] Adding type registration java.util.Locale -> org.hibernate.type.LocaleType@7a4f6093
[DEBUG] Adding type registration currency -> org.hibernate.type.CurrencyType@656e2092
[DEBUG] Adding type registration java.util.Currency -> org.hibernate.type.CurrencyType@656e2092
[DEBUG] Adding type registration timezone -> org.hibernate.type.TimeZoneType@51efe93c
[DEBUG] Adding type registration java.util.TimeZone -> org.hibernate.type.TimeZoneType@51efe93c
[DEBUG] Adding type registration class -> org.hibernate.type.ClassType@4306c2a1
[DEBUG] Adding type registration java.lang.Class -> org.hibernate.type.ClassType@4306c2a1
[DEBUG] Adding type registration uuid-binary -> org.hibernate.type.UUIDBinaryType@31d11124
[DEBUG] Adding type registration java.util.UUID -> org.hibernate.type.UUIDBinaryType@31d11124
[DEBUG] Adding type registration uuid-char -> org.hibernate.type.UUIDCharType@735f4afa
[DEBUG] Adding type registration binary -> org.hibernate.type.BinaryType@cbfdc51
[DEBUG] Adding type registration byte[] -> org.hibernate.type.BinaryType@cbfdc51
[DEBUG] Adding type registration [B -> org.hibernate.type.BinaryType@cbfdc51
[DEBUG] Adding type registration wrapper-binary -> org.hibernate.type.WrapperBinaryType@d6903f8
[DEBUG] Adding type registration Byte[] -> org.hibernate.type.WrapperBinaryType@d6903f8
[DEBUG] Adding type registration [Ljava.lang.Byte; -> org.hibernate.type.WrapperBinaryType@d6903f8
[DEBUG] Adding type registration row_version -> org.hibernate.type.RowVersionType@57091781
[DEBUG] Adding type registration image -> org.hibernate.type.ImageType@2c651f62
[DEBUG] Adding type registration characters -> org.hibernate.type.CharArrayType@2309cad
[DEBUG] Adding type registration char[] -> org.hibernate.type.CharArrayType@2309cad
[DEBUG] Adding type registration [C -> org.hibernate.type.CharArrayType@2309cad
[DEBUG] Adding type registration wrapper-characters -> org.hibernate.type.CharacterArrayType@2c04ade8
[DEBUG] Adding type registration [Ljava.lang.Character; -> org.hibernate.type.CharacterArrayType@2c04ade8
[DEBUG] Adding type registration Character[] -> org.hibernate.type.CharacterArrayType@2c04ade8
[DEBUG] Adding type registration text -> org.hibernate.type.TextType@35960577
[DEBUG] Adding type registration ntext -> org.hibernate.type.NTextType@5783df3d
[DEBUG] Adding type registration blob -> org.hibernate.type.BlobType@2a313dcb
[DEBUG] Adding type registration java.sql.Blob -> org.hibernate.type.BlobType@2a313dcb
[DEBUG] Adding type registration materialized_blob -> org.hibernate.type.MaterializedBlobType@51619e9e
[DEBUG] Adding type registration clob -> org.hibernate.type.ClobType@343de021
[DEBUG] Adding type registration java.sql.Clob -> org.hibernate.type.ClobType@343de021
[DEBUG] Adding type registration nclob -> org.hibernate.type.NClobType@14a8eed7
[DEBUG] Adding type registration java.sql.NClob -> org.hibernate.type.NClobType@14a8eed7
[DEBUG] Adding type registration materialized_clob -> org.hibernate.type.MaterializedClobType@4b0c69d
[DEBUG] Adding type registration materialized_nclob -> org.hibernate.type.MaterializedNClobType@67606e68
[DEBUG] Adding type registration serializable -> org.hibernate.type.SerializableType@1c2bb4c2
[DEBUG] Adding type registration object -> org.hibernate.type.ObjectType@4c211e3d
[DEBUG] Adding type registration java.lang.Object -> org.hibernate.type.ObjectType@4c211e3d
[DEBUG] Adding type registration imm_date -> org.hibernate.type.AdaptedImmutableType@247ab8ae
[DEBUG] Adding type registration imm_time -> org.hibernate.type.AdaptedImmutableType@1b7a19cf
[DEBUG] Adding type registration imm_timestamp -> org.hibernate.type.AdaptedImmutableType@6e45fb70
[DEBUG] Adding type registration imm_dbtimestamp -> org.hibernate.type.AdaptedImmutableType@7732a23d
[DEBUG] Adding type registration imm_calendar -> org.hibernate.type.AdaptedImmutableType@67ccbbd
[DEBUG] Adding type registration imm_calendar_date -> org.hibernate.type.AdaptedImmutableType@4d031edc
[DEBUG] Adding type registration imm_binary -> org.hibernate.type.AdaptedImmutableType@cdce277
[DEBUG] Adding type registration imm_serializable -> org.hibernate.type.AdaptedImmutableType@6e9d9a9b
[DEBUG] Database ->
       name : MySQL
    version : 5.6.17
      major : 5
      minor : 6
[DEBUG] Driver ->
       name : MySQL Connector Java
    version : mysql-connector-java-5.1.31 ( Revision: alexander.soklakov@oracle.com-20140520065950-groqzzbvxprqdmnz )
      major : 5
      minor : 1
[DEBUG] JDBC version : 4.0
[INFO] HHH000400: Using dialect: org.hibernate.dialect.MySQL5Dialect
[DEBUG] JDBC driver metadata reported database stores quoted identifiers in more than one case
[DEBUG] IdentifierCaseStrategy for both quoted and unquoted identifiers was set to the same strategy [LOWER]; that will likely lead to problems in schema update and validation if using quoted identifiers
[DEBUG] Registering IdentifierGenerator strategy [uuid2] -> [org.hibernate.id.UUIDGenerator]
[DEBUG] Registering IdentifierGenerator strategy [guid] -> [org.hibernate.id.GUIDGenerator]
[DEBUG] Registering IdentifierGenerator strategy [uuid] -> [org.hibernate.id.UUIDHexGenerator]
[DEBUG] Registering IdentifierGenerator strategy [uuid.hex] -> [org.hibernate.id.UUIDHexGenerator]
[DEBUG] Registering IdentifierGenerator strategy [assigned] -> [org.hibernate.id.Assigned]
[DEBUG] Registering IdentifierGenerator strategy [identity] -> [org.hibernate.id.IdentityGenerator]
[DEBUG] Registering IdentifierGenerator strategy [select] -> [org.hibernate.id.SelectGenerator]
[DEBUG] Registering IdentifierGenerator strategy [sequence] -> [org.hibernate.id.enhanced.SequenceStyleGenerator]
[DEBUG] Registering IdentifierGenerator strategy [seqhilo] -> [org.hibernate.id.SequenceHiLoGenerator]
[DEBUG] Registering IdentifierGenerator strategy [increment] -> [org.hibernate.id.IncrementGenerator]
[DEBUG] Registering IdentifierGenerator strategy [foreign] -> [org.hibernate.id.ForeignGenerator]
[DEBUG] Registering IdentifierGenerator strategy [sequence-identity] -> [org.hibernate.id.SequenceIdentityGenerator]
[DEBUG] Registering IdentifierGenerator strategy [enhanced-sequence] -> [org.hibernate.id.enhanced.SequenceStyleGenerator]
[DEBUG] Registering IdentifierGenerator strategy [enhanced-table] -> [org.hibernate.id.enhanced.TableGenerator]
[DEBUG] Registering IdentifierGenerator strategy [sequence] -> [org.hibernate.id.SequenceGenerator]
[DEBUG]     - overriding [org.hibernate.id.enhanced.SequenceStyleGenerator]
[DEBUG] Created database namespace [logicalName=Name{catalog=null, schema=null}, physicalName=Name{catalog=null, schema=null}]
[DEBUG] Binding entity from annotated class: mx.com.restaurante.domain.Cliente
[DEBUG] Binding column: Ejb3DiscriminatorColumn{logicalColumnName'DTYPE', discriminatorTypeName='string'}
[DEBUG] Import with entity name Cliente
[DEBUG] Bind entity mx.com.restaurante.domain.Cliente on table cliente
[DEBUG] Binding column: Ejb3Column{table=org.hibernate.mapping.Table(cliente), mappingColumn=idcliente, insertable=true, updatable=true, unique=false}
[DEBUG] MetadataSourceProcessor property id with lazy=false
[DEBUG] Attempting to locate auto-apply AttributeConverter for property [mx.com.restaurante.domain.Cliente:id]
[DEBUG] building SimpleValue for id
[DEBUG] Building property id
[DEBUG] Binding column: Ejb3Column{table=org.hibernate.mapping.Table(cliente), mappingColumn=comentario, insertable=true, updatable=true, unique=false}
[DEBUG] MetadataSourceProcessor property comentario with lazy=false
[DEBUG] Attempting to locate auto-apply AttributeConverter for property [mx.com.restaurante.domain.Cliente:comentario]
[DEBUG] building SimpleValue for comentario
[DEBUG] Building property comentario
[DEBUG] Binding column: Ejb3Column{table=org.hibernate.mapping.Table(cliente), mappingColumn=email, insertable=true, updatable=true, unique=false}
[DEBUG] MetadataSourceProcessor property email with lazy=false
[DEBUG] Attempting to locate auto-apply AttributeConverter for property [mx.com.restaurante.domain.Cliente:email]
[DEBUG] building SimpleValue for email
[DEBUG] Building property email
[DEBUG] Binding column: Ejb3Column{table=org.hibernate.mapping.Table(cliente), mappingColumn=nombre, insertable=true, updatable=true, unique=false}
[DEBUG] MetadataSourceProcessor property nombre with lazy=false
[DEBUG] Attempting to locate auto-apply AttributeConverter for property [mx.com.restaurante.domain.Cliente:nombre]
[DEBUG] building SimpleValue for nombre
[DEBUG] Building property nombre
[DEBUG] Binding column: Ejb3JoinColumn{logicalColumnName='null', referencedColumn='null', mappedBy='cliente'}
[DEBUG] Binding column: Ejb3Column{table=org.hibernate.mapping.Table(cliente), mappingColumn=reservaciones, insertable=true, updatable=true, unique=false}
[DEBUG] Binding column: Ejb3Column{table=org.hibernate.mapping.Table(cliente), mappingColumn=null, insertable=true, updatable=true, unique=false}
[DEBUG] Binding column: Ejb3Column{table=org.hibernate.mapping.Table(cliente), mappingColumn=element, insertable=true, updatable=true, unique=false}
[DEBUG] Binding column: Ejb3Column{table=org.hibernate.mapping.Table(cliente), mappingColumn=reservaciones_key, insertable=true, updatable=true, unique=false}
[DEBUG] Binding column: Ejb3JoinColumn{logicalColumnName='reservaciones_KEY', referencedColumn='null', mappedBy='null'}
[DEBUG] Binding column: Ejb3JoinColumn{logicalColumnName='null', referencedColumn='null', mappedBy='cliente'}
[DEBUG] Binding column: Ejb3JoinColumn{logicalColumnName='null', referencedColumn='null', mappedBy='cliente'}
[DEBUG] Collection role: mx.com.restaurante.domain.Cliente.reservaciones
[DEBUG] Building property reservaciones
[DEBUG] Binding column: Ejb3Column{table=org.hibernate.mapping.Table(cliente), mappingColumn=telefono, insertable=true, updatable=true, unique=false}
[DEBUG] MetadataSourceProcessor property telefono with lazy=false
[DEBUG] Attempting to locate auto-apply AttributeConverter for property [mx.com.restaurante.domain.Cliente:telefono]
[DEBUG] building SimpleValue for telefono
[DEBUG] Building property telefono
[DEBUG] Binding entity from annotated class: mx.com.restaurante.domain.Reservacion
[DEBUG] Binding column: Ejb3DiscriminatorColumn{logicalColumnName'DTYPE', discriminatorTypeName='string'}
[DEBUG] Import with entity name Reservacion
[DEBUG] Bind entity mx.com.restaurante.domain.Reservacion on table reservacion
[DEBUG] Binding column: Ejb3Column{table=org.hibernate.mapping.Table(reservacion), mappingColumn=idreservacion, insertable=true, updatable=true, unique=false}
[DEBUG] MetadataSourceProcessor property id with lazy=false
[DEBUG] Attempting to locate auto-apply AttributeConverter for property [mx.com.restaurante.domain.Reservacion:id]
[DEBUG] building SimpleValue for id
[DEBUG] Building property id
[DEBUG] Binding column: Ejb3JoinColumn{logicalColumnName='idcliente', referencedColumn='', mappedBy=''}
[DEBUG] Binding column: Ejb3Column{table=org.hibernate.mapping.Table(reservacion), mappingColumn=cliente, insertable=true, updatable=true, unique=false}
[DEBUG] Building property cliente
[DEBUG] Binding column: Ejb3Column{table=org.hibernate.mapping.Table(reservacion), mappingColumn=fecha, insertable=true, updatable=true, unique=false}
[DEBUG] MetadataSourceProcessor property fecha with lazy=false
[DEBUG] Attempting to locate auto-apply AttributeConverter for property [mx.com.restaurante.domain.Reservacion:fecha]
[DEBUG] building SimpleValue for fecha
[DEBUG] Building property fecha
[DEBUG] Binding column: Ejb3Column{table=org.hibernate.mapping.Table(reservacion), mappingColumn=horario, insertable=true, updatable=true, unique=false}
[DEBUG] MetadataSourceProcessor property horario with lazy=false
[DEBUG] Attempting to locate auto-apply AttributeConverter for property [mx.com.restaurante.domain.Reservacion:horario]
[DEBUG] building SimpleValue for horario
[DEBUG] Building property horario
[DEBUG] Binding column: Ejb3Column{table=org.hibernate.mapping.Table(reservacion), mappingColumn=num_mesas, insertable=true, updatable=true, unique=false}
[DEBUG] MetadataSourceProcessor property numMesas with lazy=false
[DEBUG] Attempting to locate auto-apply AttributeConverter for property [mx.com.restaurante.domain.Reservacion:numMesas]
[DEBUG] building SimpleValue for numMesas
[DEBUG] Building property numMesas
[DEBUG] Binding column: Ejb3Column{table=org.hibernate.mapping.Table(reservacion), mappingColumn=num_personas, insertable=true, updatable=true, unique=false}
[DEBUG] MetadataSourceProcessor property numPersonas with lazy=false
[DEBUG] Attempting to locate auto-apply AttributeConverter for property [mx.com.restaurante.domain.Reservacion:numPersonas]
[DEBUG] building SimpleValue for numPersonas
[DEBUG] Building property numPersonas
[DEBUG] Starting fillSimpleValue for id
[DEBUG] Starting fillSimpleValue for comentario
[DEBUG] Starting fillSimpleValue for email
[DEBUG] Starting fillSimpleValue for nombre
[DEBUG] Starting fillSimpleValue for telefono
[DEBUG] Starting fillSimpleValue for id
[DEBUG] Starting fillSimpleValue for fecha
[DEBUG] Starting fillSimpleValue for horario
[DEBUG] Starting fillSimpleValue for numMesas
[DEBUG] Starting fillSimpleValue for numPersonas
[DEBUG] Forcing column [idcliente] to be non-null as it is part of the primary key for table [cliente]
[DEBUG] Forcing column [idreservacion] to be non-null as it is part of the primary key for table [reservacion]
[DEBUG] Second pass for collection: mx.com.restaurante.domain.Cliente.reservaciones
[DEBUG] Binding a OneToMany: mx.com.restaurante.domain.Cliente.reservaciones through a foreign key
[DEBUG] Mapping collection: mx.com.restaurante.domain.Cliente.reservaciones -> reservacion
[DEBUG] Retrieving property mx.com.restaurante.domain.Reservacion.cliente
[DEBUG] Mapped collection key: idcliente, one-to-many: mx.com.restaurante.domain.Reservacion
[DEBUG] Resolving reference to class: mx.com.restaurante.domain.Cliente
[DEBUG] Resolving reference to class: mx.com.restaurante.domain.Cliente
[DEBUG] Building session factory
[DEBUG] SessionFactory name : null
[DEBUG] Automatic flush during beforeCompletion(): disabled
[DEBUG] Automatic session close at end of transaction: disabled
[DEBUG] Statistics: disabled
[DEBUG] Deleted entity synthetic identifier rollback: disabled
[DEBUG] Default entity-mode: pojo
[DEBUG] Check Nullability in Core (should be disabled when Bean Validation is on): enabled
[DEBUG] Allow initialization of lazy state outside session : disabled
[DEBUG] Using BatchFetchStyle : LEGACY
[DEBUG] Default batch fetch size: -1
[DEBUG] Maximum outer join fetch depth: 2
[DEBUG] Default null ordering: NONE
[DEBUG] Order SQL updates by primary key: disabled
[DEBUG] Order SQL inserts for batching: disabled
[DEBUG] multi-tenancy strategy : NONE
[DEBUG] JTA Track by Thread: enabled
[DEBUG] Query language substitutions: {}
[DEBUG] JPA query language strict compliance: disabled
[DEBUG] Named query checking : enabled
[DEBUG] Second-level cache: enabled
[DEBUG] Second-level query cache: disabled
[DEBUG] Second-level query cache factory: org.hibernate.cache.internal.StandardQueryCacheFactory@2d7f4bc4
[DEBUG] Second-level cache region prefix: null
[DEBUG] Optimize second-level cache for minimal puts: disabled
[DEBUG] Structured second-level cache entries: disabled
[DEBUG] Second-level cache direct-reference entries: disabled
[DEBUG] Automatic eviction of collection cache: disabled
[DEBUG] JDBC batch size: 15
[DEBUG] JDBC batch updates for versioned data: enabled
[DEBUG] Scrollable result sets: enabled
[DEBUG] Wrap result sets: disabled
[DEBUG] JDBC3 getGeneratedKeys(): enabled
[DEBUG] JDBC result set fetch size: null
[DEBUG] Connection release mode: ON_CLOSE
[DEBUG] Generate SQL with comments: disabled
[DEBUG] Returning a Reference to the SessionFactory
[DEBUG] Session factory constructed with filter configurations : {}
[DEBUG] Instantiating session factory with properties: {java.vendor=Oracle Corporation, sun.java.launcher=SUN_STANDARD, sun.management.compiler=HotSpot 64-Bit Tiered Compilers, hibernate.implicit_naming_strategy=org.springframework.boot.orm.jpa.hibernate.SpringImplicitNamingStrategy, os.name=Windows 10, sun.boot.class.path=C:\Program Files\Java\jdk1.8.0_121\jre\lib\resources.jar;C:\Program Files\Java\jdk1.8.0_121\jre\lib\rt.jar;C:\Program Files\Java\jdk1.8.0_121\jre\lib\sunrsasign.jar;C:\Program Files\Java\jdk1.8.0_121\jre\lib\jsse.jar;C:\Program Files\Java\jdk1.8.0_121\jre\lib\jce.jar;C:\Program Files\Java\jdk1.8.0_121\jre\lib\charsets.jar;C:\Program Files\Java\jdk1.8.0_121\jre\lib\jfr.jar;C:\Program Files\Java\jdk1.8.0_121\jre\classes, sun.desktop=windows, java.vm.specification.vendor=Oracle Corporation, net.sourceforge.cobertura.datafile=C:\Users\ChristianFV\Documents\workspace-sts-3.8.3.RELEASE\SistemaReservaciones\build\cobertura\cobertura.ser, java.runtime.version=1.8.0_121-b13, user.name=ChristianFV, javax.persistence.validation.mode=AUTO, user.language=es, sun.boot.library.path=C:\Program Files\Java\jdk1.8.0_121\jre\bin, PID=9572, java.version=1.8.0_121, user.timezone=America/Mexico_City, sun.arch.data.model=64, java.endorsed.dirs=C:\Program Files\Java\jdk1.8.0_121\jre\lib\endorsed, sun.cpu.isalist=amd64, sun.jnu.encoding=Cp1252, file.encoding.pkg=sun.io, file.separator=\, java.specification.name=Java Platform API Specification, java.class.version=52.0, user.country=MX, java.home=C:\Program Files\Java\jdk1.8.0_121\jre, java.vm.info=mixed mode, os.version=10.0, hibernate.boot.CfgXmlAccessService.key=org.hibernate.boot.cfgxml.spi.LoadedConfig@65575449, hibernate.connection.datasource=org.apache.tomcat.jdbc.pool.DataSource@3fb6eddf{ConnectionPool[defaultAutoCommit=null; defaultReadOnly=null; defaultTransactionIsolation=-1; defaultCatalog=null; driverClassName=com.mysql.jdbc.Driver; maxActive=100; maxIdle=100; minIdle=10; initialSize=10; maxWait=30000; testOnBorrow=true; testOnReturn=false; timeBetweenEvictionRunsMillis=5000; numTestsPerEvictionRun=0; minEvictableIdleTimeMillis=60000; testWhileIdle=false; testOnConnect=false; password=********; url=jdbc:mysql://localhost/restaurante; username=root; validationQuery=SELECT 1; validationQueryTimeout=-1; validatorClassName=null; validationInterval=3000; accessToUnderlyingConnectionAllowed=true; removeAbandoned=false; removeAbandonedTimeout=60; logAbandoned=false; connectionProperties=null; initSQL=null; jdbcInterceptors=null; jmxEnabled=true; fairQueue=true; useEquals=true; abandonWhenPercentageFull=0; maxAge=0; useLock=false; dataSource=null; dataSourceJNDI=null; suspectTimeout=0; alternateUsernameAllowed=false; commitOnReturn=false; rollbackOnReturn=false; useDisposableConnectionFacade=true; logValidationErrors=false; propagateInterruptState=false; ignoreExceptionOnPreLoad=false; }, path.separator=;, java.vm.version=25.121-b13, org.jboss.logging.provider=slf4j, user.variant=, hibernate.id.new_generator_mappings=false, java.awt.printerjob=sun.awt.windows.WPrinterJob, sun.io.unicode.encoding=UnicodeLittle, awt.toolkit=sun.awt.windows.WToolkit, user.script=, user.home=C:\Users\ChristianFV, java.specification.vendor=Oracle Corporation, hibernate.transaction.coordinator_class=class org.hibernate.resource.transaction.backend.jdbc.internal.JdbcResourceLocalTransactionCoordinatorBuilderImpl, hibernate.hbm2ddl.auto=update, org.gradle.test.worker=1, java.library.path=C:\Program Files\Java\jdk1.8.0_121\bin;C:\WINDOWS\Sun\Java\bin;C:\WINDOWS\system32;C:\WINDOWS;C:\oraclexe\app\oracle\product\11.2.0\server\bin;C:\ProgramData\Oracle\Java\javapath;C:\Program Files (x86)\Intel\iCLS Client\;C:\Program Files\Intel\iCLS Client\;C:\WINDOWS\system32;C:\WINDOWS;C:\WINDOWS\System32\Wbem;C:\WINDOWS\System32\WindowsPowerShell\v1.0\;C:\Program Files (x86)\Intel\Intel(R) Management Engine Components\DAL;C:\Program Files\Intel\Intel(R) Management Engine Components\DAL;C:\Program Files (x86)\Intel\Intel(R) Management Engine Components\IPT;C:\Program Files\Intel\Intel(R) Management Engine Components\IPT;C:\Program Files\Java\jdk1.8.0_121\bin;C:\gradle-3.3\bin;C:\Windows\SysWOW64\instantclient_11_2;C:\wamp\bin\php\php5.5.12\ext;C:\Program Files (x86)\Brackets\command;C:\Users\ChristianFV\AppData\Local\Microsoft\WindowsApps;;., java.vendor.url=http://java.oracle.com/, spring.beaninfo.ignore=true, java.vm.vendor=Oracle Corporation, hibernate.dialect=org.hibernate.dialect.MySQL5Dialect, hibernate.ejb.persistenceUnitName=default, java.runtime.name=Java(TM) SE Runtime Environment, sun.java.command=worker.org.gradle.process.internal.worker.GradleWorkerMain 'Gradle Test Executor 1', java.class.path=C:\Users\ChristianFV\Documents\workspace-sts-3.8.3.RELEASE\SistemaReservaciones\build\instrumented_classes;C:\Users\ChristianFV\Documents\workspace-sts-3.8.3.RELEASE\SistemaReservaciones\build\classes\test;C:\Users\ChristianFV\Documents\workspace-sts-3.8.3.RELEASE\SistemaReservaciones\build\resources\test;C:\Users\ChristianFV\Documents\workspace-sts-3.8.3.RELEASE\SistemaReservaciones\build\classes\main;C:\Users\ChristianFV\Documents\workspace-sts-3.8.3.RELEASE\SistemaReservaciones\build\resources\main;C:\Users\ChristianFV\.gradle\caches\modules-2\files-2.1\org.springframework.boot\spring-boot-starter-web\1.5.2.RELEASE\27f29876980c079b46be16b759eafe92720f3338\spring-boot-starter-web-1.5.2.RELEASE.jar;C:\Users\ChristianFV\.gradle\caches\modules-2\files-2.1\org.springframework.boot\spring-boot-starter-test\1.5.2.RELEASE\d1d42ca043ea8b25cdf0ac8a2108ee924bfae707\spring-boot-starter-test-1.5.2.RELEASE.jar;C:\Users\ChristianFV\.gradle\caches\modules-2\files-2.1\org.springframework.boot\spring-boot-starter-data-jpa\1.5.2.RELEASE\9e2dfd470f0df4a7ba00a71ca462aeefbd382a4d\spring-boot-starter-data-jpa-1.5.2.RELEASE.jar;C:\Users\ChristianFV\.gradle\caches\modules-2\files-2.1\org.springframework.boot\spring-boot-starter-security\1.5.2.RELEASE\9d7dcade0fd23664247d8d1ab1bb44cf7ed1edf7\spring-boot-starter-security-1.5.2.RELEASE.jar;C:\Users\ChristianFV\.gradle\caches\modules-2\files-2.1\org.springframework.boot\spring-boot-starter-mail\1.5.2.RELEASE\29606d1ad113a8ed57b6771555157b3415db5cb8\spring-boot-starter-mail-1.5.2.RELEASE.jar;C:\Users\ChristianFV\.gradle\caches\modules-2\files-2.1\org.dbunit\dbunit\2.5.2\80b5acbbcb14366ee69bd2800f9fad59634761a5\dbunit-2.5.2.jar;C:\Users\ChristianFV\.gradle\caches\modules-2\files-2.1\org.thymeleaf\thymeleaf-spring4\2.1.5.RELEASE\74cb9028e99597b5d71a98e919fd531a7fc290b4\thymeleaf-spring4-2.1.5.RELEASE.jar;C:\Users\ChristianFV\.gradle\caches\modules-2\files-2.1\mysql\mysql-connector-java\5.1.31\95baa522c5ae4dbff61e8ebd1b2578665d6853a0\mysql-connector-java-5.1.31.jar;C:\Users\ChristianFV\.gradle\caches\modules-2\files-2.1\com.google.guava\guava\11.0.2\35a3c69e19d72743cac83778aecbee68680f63eb\guava-11.0.2.jar;C:\Users\ChristianFV\.gradle\caches\modules-2\files-2.1\junit\junit\4.12\2973d150c0dc1fefe998f834810d68f278ea58ec\junit-4.12.jar;C:\Users\ChristianFV\.gradle\caches\modules-2\files-2.1\org.springframework.boot\spring-boot-starter\1.5.2.RELEASE\c72938c86ed3beadb385f29bc2954c8ca3aa47ab\spring-boot-starter-1.5.2.RELEASE.jar;C:\Users\ChristianFV\.gradle\caches\modules-2\files-2.1\org.springframework.boot\spring-boot-starter-tomcat\1.5.2.RELEASE\354320ef371fc4fc126d1bb8564cd73085a48823\spring-boot-starter-tomcat-1.5.2.RELEASE.jar;C:\Users\ChristianFV\.gradle\caches\modules-2\files-2.1\org.hibernate\hibernate-validator\5.3.4.Final\2f6c8c0b646afe18e3ad205726729d3c4a85fe2e\hibernate-validator-5.3.4.Final.jar;C:\Users\ChristianFV\.gradle\caches\modules-2\files-2.1\com.fasterxml.jackson.core\jackson-databind\2.8.7\6c3257ef458ac58a8da69a6dca3d2a15286d88c8\jackson-databind-2.8.7.jar;C:\Users\ChristianFV\.gradle\caches\modules-2\files-2.1\org.springframework\spring-web\4.3.7.RELEASE\7b69fc68cdb74c1c92f72905af6995696fcb56aa\spring-web-4.3.7.RELEASE.jar;C:\Users\ChristianFV\.gradle\caches\modules-2\files-2.1\org.springframework\spring-webmvc\4.3.7.RELEASE\d25b11a605589f176e3ecf1dcae62a991a18b377\spring-webmvc-4.3.7.RELEASE.jar;C:\Users\ChristianFV\.gradle\caches\modules-2\files-2.1\org.springframework.boot\spring-boot-test\1.5.2.RELEASE\7dcdee8bc720b379d6072c742e2a48ccbb00aa09\spring-boot-test-1.5.2.RELEASE.jar;C:\Users\ChristianFV\.gradle\caches\modules-2\files-2.1\org.springframework.boot\spring-boot-test-autoconfigure\1.5.2.RELEASE\5fb69965871626aea437c0d676d3be6186d2415d\spring-boot-test-autoconfigure-1.5.2.RELEASE.jar;C:\Users\ChristianFV\.gradle\caches\modules-2\files-2.1\com.jayway.jsonpath\json-path\2.2.0\22290d17944bd239fabf5ac69005a60a7ecbbbcb\json-path-2.2.0.jar;C:\Users\ChristianFV\.gradle\caches\modules-2\files-2.1\org.assertj\assertj-core\2.6.0\b532c3fc4f66bcfee4989a3514f1cd56203a33ad\assertj-core-2.6.0.jar;C:\Users\ChristianFV\.gradle\caches\modules-2\files-2.1\org.mockito\mockito-core\1.10.19\e8546f5bef4e061d8dd73895b4e8f40e3fe6effe\mockito-core-1.10.19.jar;C:\Users\ChristianFV\.gradle\caches\modules-2\files-2.1\org.hamcrest\hamcrest-core\1.3\42a25dc3219429f0e5d060061f71acb49bf010a0\hamcrest-core-1.3.jar;C:\Users\ChristianFV\.gradle\caches\modules-2\files-2.1\org.hamcrest\hamcrest-library\1.3\4785a3c21320980282f9f33d0d1264a69040538f\hamcrest-library-1.3.jar;C:\Users\ChristianFV\.gradle\caches\modules-2\files-2.1\org.skyscreamer\jsonassert\1.4.0\9cdbb373a06f6513e51e8c545ee6a5e981463edb\jsonassert-1.4.0.jar;C:\Users\ChristianFV\.gradle\caches\modules-2\files-2.1\org.springframework\spring-core\4.3.7.RELEASE\54fa2db94cc7222edc90ec71354e47cd1dc07f7b\spring-core-4.3.7.RELEASE.jar;C:\Users\ChristianFV\.gradle\caches\modules-2\files-2.1\org.springframework\spring-test\4.3.7.RELEASE\480fc4673b53daa1993eb1940711828ebf35807b\spring-test-4.3.7.RELEASE.jar;C:\Users\ChristianFV\.gradle\caches\modules-2\files-2.1\org.springframework.boot\spring-boot-starter-aop\1.5.2.RELEASE\9a21295c00a62bfaaa930ba5f7909fe26eea2562\spring-boot-starter-aop-1.5.2.RELEASE.jar;C:\Users\ChristianFV\.gradle\caches\modules-2\files-2.1\org.springframework.boot\spring-boot-starter-jdbc\1.5.2.RELEASE\bf431678f6e201fadac9b06f4627358c1554d4e0\spring-boot-starter-jdbc-1.5.2.RELEASE.jar;C:\Users\ChristianFV\.gradle\caches\modules-2\files-2.1\org.hibernate\hibernate-core\5.0.12.Final\e58bf1c660e6706d8e2cbb53bae110f574366102\hibernate-core-5.0.12.Final.jar;C:\Users\ChristianFV\.gradle\caches\modules-2\files-2.1\org.hibernate\hibernate-entitymanager\5.0.12.Final\302a526f5058290e9cbd719a5caf9f248d344719\hibernate-entitymanager-5.0.12.Final.jar;C:\Users\ChristianFV\.gradle\caches\modules-2\files-2.1\javax.transaction\javax.transaction-api\1.2\d81aff979d603edd90dcd8db2abc1f4ce6479e3e\javax.transaction-api-1.2.jar;C:\Users\ChristianFV\.gradle\caches\modules-2\files-2.1\org.springframework.data\spring-data-jpa\1.11.1.RELEASE\fa362aecd78883991f57a5d64e19f34b57a2c34d\spring-data-jpa-1.11.1.RELEASE.jar;C:\Users\ChristianFV\.gradle\caches\modules-2\files-2.1\org.springframework\spring-aspects\4.3.7.RELEASE\fa0671826a42f6bac5145ffbc78075493dcb4e8b\spring-aspects-4.3.7.RELEASE.jar;C:\Users\ChristianFV\.gradle\caches\modules-2\files-2.1\org.springframework\spring-aop\4.3.7.RELEASE\3f243d685e4a8a78a0c291445c6d85560ec4d339\spring-aop-4.3.7.RELEASE.jar;C:\Users\ChristianFV\.gradle\caches\modules-2\files-2.1\org.springframework.security\spring-security-config\4.2.2.RELEASE\1129e18946a6af408f96e4e0c42c4313f6e191b4\spring-security-config-4.2.2.RELEASE.jar;C:\Users\ChristianFV\.gradle\caches\modules-2\files-2.1\org.springframework.security\spring-security-web\4.2.2.RELEASE\632c66fc1c826748f64867689c6688765db593c9\spring-security-web-4.2.2.RELEASE.jar;C:\Users\ChristianFV\.gradle\caches\modules-2\files-2.1\org.springframework\spring-context\4.3.7.RELEASE\34b66b0b7910122ef95ba4fff6da9238ef80a5de\spring-context-4.3.7.RELEASE.jar;C:\Users\ChristianFV\.gradle\caches\modules-2\files-2.1\org.springframework\spring-context-support\4.3.7.RELEASE\7e48f8daf207c06cf0229889a456073832359742\spring-context-support-4.3.7.RELEASE.jar;C:\Users\ChristianFV\.gradle\caches\modules-2\files-2.1\com.sun.mail\javax.mail\1.5.6\ab5daef2f881c42c8e280cbe918ec4d7fdfd7efe\javax.mail-1.5.6.jar;C:\Users\ChristianFV\.gradle\caches\modules-2\files-2.1\org.slf4j\slf4j-api\1.7.24\3f6b4bd4f8dbe8d4bea06d107a3826469b85c3e9\slf4j-api-1.7.24.jar;C:\Users\ChristianFV\.gradle\caches\modules-2\files-2.1\commons-collections\commons-collections\3.2.2\8ad72fe39fa8c91eaaf12aadb21e0c3661fe26d5\commons-collections-3.2.2.jar;C:\Users\ChristianFV\.gradle\caches\modules-2\files-2.1\org.apache.poi\poi-ooxml\3.11\e87975291fbb65888468b09fda2cf00e2996c2a0\poi-ooxml-3.11.jar;C:\Users\ChristianFV\.gradle\caches\modules-2\files-2.1\org.thymeleaf\thymeleaf\2.1.5.RELEASE\513bffa3daaac277460c1a0a2dccb228fa40569e\thymeleaf-2.1.5.RELEASE.jar;C:\Users\ChristianFV\.gradle\caches\modules-2\files-2.1\com.google.code.findbugs\jsr305\1.3.9\40719ea6961c0cb6afaeb6a921eaa1f6afd4cfdf\jsr305-1.3.9.jar;C:\Users\ChristianFV\.gradle\caches\modules-2\files-2.1\org.springframework.boot\spring-boot\1.5.2.RELEASE\46bb5d8c9ab5d3ef9e158ca5906ee7d3569befc1\spring-boot-1.5.2.RELEASE.jar;C:\Users\ChristianFV\.gradle\caches\modules-2\files-2.1\org.springframework.boot\spring-boot-autoconfigure\1.5.2.RELEASE\8a9b8c747bc2c86eefde10330cb2984541bcb9d1\spring-boot-autoconfigure-1.5.2.RELEASE.jar;C:\Users\ChristianFV\.gradle\caches\modules-2\files-2.1\org.springframework.boot\spring-boot-starter-logging\1.5.2.RELEASE\32210889e1f9bb09ac134b9f43a117ed62f0bed2\spring-boot-starter-logging-1.5.2.RELEASE.jar;C:\Users\ChristianFV\.gradle\caches\modules-2\files-2.1\org.yaml\snakeyaml\1.17\7a27ea250c5130b2922b86dea63cbb1cc10a660c\snakeyaml-1.17.jar;C:\Users\ChristianFV\.gradle\caches\modules-2\files-2.1\org.apache.tomcat.embed\tomcat-embed-core\8.5.11\72761f51fc7cef3ee19d4aafc7adc605df9f611f\tomcat-embed-core-8.5.11.jar;C:\Users\ChristianFV\.gradle\caches\modules-2\files-2.1\org.apache.tomcat.embed\tomcat-embed-el\8.5.11\60253815b897166903bf5ec41219c5bb15333a69\tomcat-embed-el-8.5.11.jar;C:\Users\ChristianFV\.gradle\caches\modules-2\files-2.1\org.apache.tomcat.embed\tomcat-embed-websocket\8.5.11\dfa65e7857d46630761c0571758a56f7cbd1e9ba\tomcat-embed-websocket-8.5.11.jar;C:\Users\ChristianFV\.gradle\caches\modules-2\files-2.1\javax.validation\validation-api\1.1.0.Final\8613ae82954779d518631e05daa73a6a954817d5\validation-api-1.1.0.Final.jar;C:\Users\ChristianFV\.gradle\caches\modules-2\files-2.1\org.jboss.logging\jboss-logging\3.3.0.Final\3616bb87707910296e2c195dc016287080bba5af\jboss-logging-3.3.0.Final.jar;C:\Users\ChristianFV\.gradle\caches\modules-2\files-2.1\com.fasterxml\classmate\1.3.3\864c8e370a691e343210cc7c532fc198cee460d8\classmate-1.3.3.jar;C:\Users\ChristianFV\.gradle\caches\modules-2\files-2.1\com.fasterxml.jackson.core\jackson-annotations\2.8.0\45b426f7796b741035581a176744d91090e2e6fb\jackson-annotations-2.8.0.jar;C:\Users\ChristianFV\.gradle\caches\modules-2\files-2.1\com.fasterxml.jackson.core\jackson-core\2.8.7\8b46f39c78476fb848c81a49fa807a9e9506dddd\jackson-core-2.8.7.jar;C:\Users\ChristianFV\.gradle\caches\modules-2\files-2.1\org.springframework\spring-beans\4.3.7.RELEASE\2de9f59f3202965438f3a02057d6ad8274636044\spring-beans-4.3.7.RELEASE.jar;C:\Users\ChristianFV\.gradle\caches\modules-2\files-2.1\org.springframework\spring-expression\4.3.7.RELEASE\5257b6486e43d8c05674323fea5b415d4da72f38\spring-expression-4.3.7.RELEASE.jar;C:\Users\ChristianFV\.gradle\caches\modules-2\files-2.1\net.minidev\json-smart\2.2.1\5b9e5df7a62d1279b70dc882b041d249c4f0b002\json-smart-2.2.1.jar;C:\Users\ChristianFV\.gradle\caches\modules-2\files-2.1\org.objenesis\objenesis\2.1\87c0ea803b69252868d09308b4618f766f135a96\objenesis-2.1.jar;C:\Users\ChristianFV\.gradle\caches\modules-2\files-2.1\com.vaadin.external.google\android-json\0.0.20131108.vaadin1\fa26d351fe62a6a17f5cda1287c1c6110dec413f\android-json-0.0.20131108.vaadin1.jar;C:\Users\ChristianFV\.gradle\caches\modules-2\files-2.1\org.aspectj\aspectjweaver\1.8.9\db28774f477f07220eac18d5ec9c4e01f48589d7\aspectjweaver-1.8.9.jar;C:\Users\ChristianFV\.gradle\caches\modules-2\files-2.1\org.apache.tomcat\tomcat-jdbc\8.5.11\4d156969f12963b5f9232e9fe68ab710c3318ad5\tomcat-jdbc-8.5.11.jar;C:\Users\ChristianFV\.gradle\caches\modules-2\files-2.1\org.springframework\spring-jdbc\4.3.7.RELEASE\305c8db0f9552948aec093528cd01393cc98a646\spring-jdbc-4.3.7.RELEASE.jar;C:\Users\ChristianFV\.gradle\caches\modules-2\files-2.1\org.hibernate.javax.persistence\hibernate-jpa-2.1-api\1.0.0.Final\5e731d961297e5a07290bfaf3db1fbc8bbbf405a\hibernate-jpa-2.1-api-1.0.0.Final.jar;C:\Users\ChristianFV\.gradle\caches\modules-2\files-2.1\org.javassist\javassist\3.21.0-GA\598244f595db5c5fb713731eddbb1c91a58d959b\javassist-3.21.0-GA.jar;C:\Users\ChristianFV\.gradle\caches\modules-2\files-2.1\antlr\antlr\2.7.7\83cd2cd674a217ade95a4bb83a8a14f351f48bd0\antlr-2.7.7.jar;C:\Users\ChristianFV\.gradle\caches\modules-2\files-2.1\org.jboss\jandex\2.0.0.Final\3e899258936f94649c777193e1be846387ed54b3\jandex-2.0.0.Final.jar;C:\Users\ChristianFV\.gradle\caches\modules-2\files-2.1\dom4j\dom4j\1.6.1\5d3ccc056b6f056dbf0dddfdf43894b9065a8f94\dom4j-1.6.1.jar;C:\Users\ChristianFV\.gradle\caches\modules-2\files-2.1\org.hibernate.common\hibernate-commons-annotations\5.0.1.Final\71e1cff3fcb20d3b3af4f3363c3ddb24d33c6879\hibernate-commons-annotations-5.0.1.Final.jar;C:\Users\ChristianFV\.gradle\caches\modules-2\files-2.1\org.springframework.data\spring-data-commons\1.13.1.RELEASE\4e4257f2eb3f191613b4b000d43e8d0c3ff4457e\spring-data-commons-1.13.1.RELEASE.jar;C:\Users\ChristianFV\.gradle\caches\modules-2\files-2.1\org.springframework\spring-orm\4.3.7.RELEASE\d9b193994609086ea1f067af07e0af5f53303d92\spring-orm-4.3.7.RELEASE.jar;C:\Users\ChristianFV\.gradle\caches\modules-2\files-2.1\org.springframework\spring-tx\4.3.7.RELEASE\b761cc783e49b5aa998ac63a721495a9f0f69f9c\spring-tx-4.3.7.RELEASE.jar;C:\Users\ChristianFV\.gradle\caches\modules-2\files-2.1\org.slf4j\jcl-over-slf4j\1.7.24\e6a8629079856a2aa7862c6327ccf6dd1988d7fc\jcl-over-slf4j-1.7.24.jar;C:\Users\ChristianFV\.gradle\caches\modules-2\files-2.1\org.springframework.security\spring-security-core\4.2.2.RELEASE\b4797b71d9f7d1a4b76b5d095ac20868369a8c31\spring-security-core-4.2.2.RELEASE.jar;C:\Users\ChristianFV\.gradle\caches\modules-2\files-2.1\javax.activation\activation\1.1\e6cb541461c2834bdea3eb920f1884d1eb508b50\activation-1.1.jar;C:\Users\ChristianFV\.gradle\caches\modules-2\files-2.1\org.apache.poi\poi\3.11\51058d9db469437a5ed0aa508e7de8937019e1d9\poi-3.11.jar;C:\Users\ChristianFV\.gradle\caches\modules-2\files-2.1\org.apache.poi\poi-ooxml-schemas\3.11\4f015e9125a65351a2e1d27c1f8c6af0ff4a34c8\poi-ooxml-schemas-3.11.jar;C:\Users\ChristianFV\.gradle\caches\modules-2\files-2.1\ognl\ognl\3.0.8\37e1aebfde7eb7baebc9ad4f85116ef9009c5fc5\ognl-3.0.8.jar;C:\Users\ChristianFV\.gradle\caches\modules-2\files-2.1\org.unbescape\unbescape\1.1.0.RELEASE\ab0db4fe0a6fa89fb8da2a40008a4e63a7f3f5b9\unbescape-1.1.0.RELEASE.jar;C:\Users\ChristianFV\.gradle\caches\modules-2\files-2.1\ch.qos.logback\logback-classic\1.1.11\ccedfbacef4a6515d2983e3f89ed753d5d4fb665\logback-classic-1.1.11.jar;C:\Users\ChristianFV\.gradle\caches\modules-2\files-2.1\org.slf4j\jul-to-slf4j\1.7.24\25a2be668cb2ad1d05d76c0773df73b4b53617fd\jul-to-slf4j-1.7.24.jar;C:\Users\ChristianFV\.gradle\caches\modules-2\files-2.1\org.slf4j\log4j-over-slf4j\1.7.24\6ab46c51a3848286a0db3ba7b22037b3834c3c44\log4j-over-slf4j-1.7.24.jar;C:\Users\ChristianFV\.gradle\caches\modules-2\files-2.1\net.minidev\accessors-smart\1.1\a527213f2fea112a04c9bdf0ec0264e34104cd08\accessors-smart-1.1.jar;C:\Users\ChristianFV\.gradle\caches\modules-2\files-2.1\org.apache.tomcat\tomcat-juli\8.5.11\fa0b261ce002175b65ebb6ae8eb4345cb7e57da3\tomcat-juli-8.5.11.jar;C:\Users\ChristianFV\.gradle\caches\modules-2\files-2.1\commons-codec\commons-codec\1.10\4b95f4897fa13f2cd904aee711aeafc0c5295cd8\commons-codec-1.10.jar;C:\Users\ChristianFV\.gradle\caches\modules-2\files-2.1\org.apache.xmlbeans\xmlbeans\2.6.0\29e80d2dd51f9dcdef8f9ffaee0d4dc1c9bbfc87\xmlbeans-2.6.0.jar;C:\Users\ChristianFV\.gradle\caches\modules-2\files-2.1\ch.qos.logback\logback-core\1.1.11\88b8df40340eed549fb07e2613879bf6b006704d\logback-core-1.1.11.jar;C:\Users\ChristianFV\.gradle\caches\modules-2\files-2.1\org.ow2.asm\asm\5.0.3\dcc2193db20e19e1feca8b1240dbbc4e190824fa\asm-5.0.3.jar;C:\Users\ChristianFV\.gradle\caches\modules-2\files-2.1\stax\stax-api\1.0.1\49c100caf72d658aca8e58bd74a4ba90fa2b0d70\stax-api-1.0.1.jar;C:\Users\ChristianFV\.gradle\caches\modules-2\files-2.1\net.sourceforge.cobertura\cobertura\2.1.1\eab984794b3f7d0d37736a9e5b7f790128f611b5\cobertura-2.1.1.jar;C:\Users\ChristianFV\.gradle\caches\modules-2\files-2.1\org.ow2.asm\asm\5.0.1\2fd56467a018aafe6ec6a73ccba520be4a7e1565\asm-5.0.1.jar;C:\Users\ChristianFV\.gradle\caches\modules-2\files-2.1\org.ow2.asm\asm-tree\5.0.1\1b1e6e9d869acd704056d0a4223071a511c619e6\asm-tree-5.0.1.jar;C:\Users\ChristianFV\.gradle\caches\modules-2\files-2.1\org.ow2.asm\asm-commons\5.0.1\7b7147a390a93a14d2edfdcf3f7b0e87a0939c3e\asm-commons-5.0.1.jar;C:\Users\ChristianFV\.gradle\caches\modules-2\files-2.1\org.ow2.asm\asm-util\5.0.1\7c8caddfbd0b2d7b844f8fcc75175b9cb9cf4724\asm-util-5.0.1.jar;C:\Users\ChristianFV\.gradle\caches\modules-2\files-2.1\org.ow2.asm\asm-analysis\5.0.1\e286fbee48efacb4e7c175f7948d9d8b2ab52352\asm-analysis-5.0.1.jar;C:\Users\ChristianFV\.gradle\caches\modules-2\files-2.1\oro\oro\2.0.8\5592374f834645c4ae250f4c9fbb314c9369d698\oro-2.0.8.jar;C:\Users\ChristianFV\.gradle\caches\modules-2\files-2.1\jaxen\jaxen\1.1.6\3f8c36d9a0578e8e98f030c662b69888b1430ac0\jaxen-1.1.6.jar;C:\Users\ChristianFV\.gradle\caches\modules-2\files-2.1\org.apache.ant\ant\1.8.3\77c746ecab048b9839c7a8e39e55fe8636c5b11\ant-1.8.3.jar;C:\Users\ChristianFV\.gradle\caches\modules-2\files-2.1\org.apache.ant\ant-junit\1.8.3\9f77eec4e103241602fb0cdd97b3ec3237e0bd9\ant-junit-1.8.3.jar;C:\Users\ChristianFV\.gradle\caches\modules-2\files-2.1\org.mortbay.jetty\servlet-api-2.5\6.1.14\5f07601ab7d7c85dd9e38a17c0e1b0edfbd4a191\servlet-api-2.5-6.1.14.jar;C:\Users\ChristianFV\.gradle\caches\modules-2\files-2.1\org.mortbay.jetty\jetty\6.1.14\5ded67b609e59c27e82ff61b510773d28c9bef56\jetty-6.1.14.jar;C:\Users\ChristianFV\.gradle\caches\modules-2\files-2.1\org.mortbay.jetty\jetty-util\6.1.14\1b707d5884e35c9b97114a24aa9ee94ca531fa21\jetty-util-6.1.14.jar;C:\Users\ChristianFV\.gradle\caches\modules-2\files-2.1\org.apache.commons\commons-lang3\3.3.2\90a3822c38ec8c996e84c16a3477ef632cbc87a3\commons-lang3-3.3.2.jar;C:\Users\ChristianFV\.gradle\caches\modules-2\files-2.1\org.apache.ant\ant-launcher\1.8.3\a22bcf9438c41828b04c13b052c4886606abac2\ant-launcher-1.8.3.jar, hibernate.bytecode.use_reflection_optimizer=false, java.vm.specification.name=Java Virtual Machine Specification, java.vm.specification.version=1.8, sun.cpu.endian=little, sun.os.patch.level=, java.awt.headless=true, java.io.tmpdir=C:\Users\CHRIST~1\AppData\Local\Temp\, java.vendor.url.bug=http://bugreport.sun.com/bugreport/, javax.persistence.sharedCache.mode=UNSPECIFIED, os.arch=amd64, java.awt.graphicsenv=sun.awt.Win32GraphicsEnvironment, hibernate.physical_naming_strategy=org.springframework.boot.orm.jpa.hibernate.SpringPhysicalNamingStrategy, java.ext.dirs=C:\Program Files\Java\jdk1.8.0_121\jre\lib\ext;C:\WINDOWS\Sun\Java\lib\ext, user.dir=C:\Users\ChristianFV\Documents\workspace-sts-3.8.3.RELEASE\SistemaReservaciones, line.separator=
, java.vm.name=Java HotSpot(TM) 64-Bit Server VM, hibernate.transaction.jta.platform=org.hibernate.engine.transaction.jta.platform.internal.NoJtaPlatform@1cbb4ca7, file.encoding=windows-1252, java.specification.version=1.8, hibernate.show_sql=true}
[DEBUG] Found javax.persistence.Persistence on classpath containing 'getPersistenceUtil'. Assuming JPA 2 environment. Trying to instantiate JPA aware TraversableResolver
[DEBUG] Instantiated JPA aware TraversableResolver of type org.hibernate.validator.internal.engine.resolver.JPATraversableResolver.
[DEBUG] Trying to load META-INF/validation.xml for XML based Validator configuration.
[DEBUG] Trying to load META-INF/validation.xml via TCCL
[DEBUG] Trying to load META-INF/validation.xml via Hibernate Validator's class loader
[DEBUG] No META-INF/validation.xml found. Using annotation based configuration only.
[DEBUG] Not known whether passed class name [mx.com.restaurante.domain.Cliente] is safe
[DEBUG] No temp ClassLoader provided; using live ClassLoader for loading potentially unsafe class : mx.com.restaurante.domain.Cliente
[DEBUG] Not known whether passed class name [mx.com.restaurante.domain.Reservacion] is safe
[DEBUG] No temp ClassLoader provided; using live ClassLoader for loading potentially unsafe class : mx.com.restaurante.domain.Reservacion
[DEBUG] Skipping JACC integration as it was not enabled
[DEBUG] External cascade style regsitration [persist : STYLE_PERSIST_SKIPLAZY] overrode base registration [STYLE_PERSIST_SKIPLAZY]
[DEBUG] Not known whether passed class name [mx.com.restaurante.domain.Cliente] is safe
[DEBUG] No temp ClassLoader provided; using live ClassLoader for loading potentially unsafe class : mx.com.restaurante.domain.Cliente
[DEBUG] Not known whether passed class name [mx.com.restaurante.domain.Cliente] is safe
[DEBUG] No temp ClassLoader provided; using live ClassLoader for loading potentially unsafe class : mx.com.restaurante.domain.Cliente
[DEBUG] Not known whether passed class name [mx.com.restaurante.domain.Reservacion] is safe
[DEBUG] No temp ClassLoader provided; using live ClassLoader for loading potentially unsafe class : mx.com.restaurante.domain.Reservacion
[DEBUG] Not known whether passed class name [mx.com.restaurante.domain.Reservacion] is safe
[DEBUG] No temp ClassLoader provided; using live ClassLoader for loading potentially unsafe class : mx.com.restaurante.domain.Reservacion
[DEBUG] Static SQL for collection: mx.com.restaurante.domain.Cliente.reservaciones
[DEBUG]  Row insert: update reservacion set idcliente=? where idreservacion=?
[DEBUG]  Row update: update reservacion set  where idreservacion=?
[DEBUG]  Row delete: update reservacion set idcliente=null where idcliente=? and idreservacion=?
[DEBUG]  One-shot delete: update reservacion set idcliente=null where idcliente=?
[DEBUG] Static SQL for entity: mx.com.restaurante.domain.Cliente
[DEBUG]  Version select: select idcliente from cliente where idcliente =?
[DEBUG]  Snapshot select: select cliente_.idcliente, cliente_.comentario as comentar2_0_, cliente_.email as email3_0_, cliente_.nombre as nombre4_0_, cliente_.telefono as telefono5_0_ from cliente cliente_ where cliente_.idcliente=?
[DEBUG]  Insert 0: insert into cliente (comentario, email, nombre, telefono, idcliente) values (?, ?, ?, ?, ?)
[DEBUG]  Update 0: update cliente set comentario=?, email=?, nombre=?, telefono=? where idcliente=?
[DEBUG]  Delete 0: delete from cliente where idcliente=?
[DEBUG]  Identity insert: insert into cliente (comentario, email, nombre, telefono) values (?, ?, ?, ?)
[DEBUG] Adding QuerySpace : uid = <gen:0> -> org.hibernate.loader.plan.build.internal.spaces.EntityQuerySpaceImpl@5678fe07]
[DEBUG] Visiting attribute path : comentario
[DEBUG] Visiting attribute path : email
[DEBUG] Visiting attribute path : nombre
[DEBUG] Visiting attribute path : reservaciones
[DEBUG] Adding QuerySpace : uid = <gen:1> -> org.hibernate.loader.plan.build.internal.spaces.CollectionQuerySpaceImpl@3a84c441]
[DEBUG] Adding QuerySpace : uid = <gen:2> -> org.hibernate.loader.plan.build.internal.spaces.EntityQuerySpaceImpl@4b153cb]
[DEBUG] Visiting attribute path : reservaciones.cliente
[DEBUG] Property path deemed to be circular : reservaciones.cliente
[DEBUG] Visiting attribute path : reservaciones.fecha
[DEBUG] Visiting attribute path : reservaciones.horario
[DEBUG] Visiting attribute path : reservaciones.numMesas
[DEBUG] Visiting attribute path : reservaciones.numPersonas
[DEBUG] Visiting attribute path : telefono
[DEBUG] Building LoadPlan...
[DEBUG] processing queryspace <gen:0>
[DEBUG] LoadPlan(entity=mx.com.restaurante.domain.Cliente)
    - Returns
       - EntityReturnImpl(entity=mx.com.restaurante.domain.Cliente, querySpaceUid=<gen:0>, path=mx.com.restaurante.domain.Cliente)
          - CollectionAttributeFetchImpl(collection=mx.com.restaurante.domain.Cliente.reservaciones, querySpaceUid=<gen:1>, path=mx.com.restaurante.domain.Cliente.reservaciones)
             - (collection element) CollectionFetchableElementEntityGraph(entity=mx.com.restaurante.domain.Reservacion, querySpaceUid=<gen:2>, path=mx.com.restaurante.domain.Cliente.reservaciones.<elements>)
    - QuerySpaces
       - EntityQuerySpaceImpl(uid=<gen:0>, entity=mx.com.restaurante.domain.Cliente)
          - SQL table alias mapping - cliente0_
          - alias suffix - 0_
          - suffixed key columns - {idclient1_0_0_}
          - JOIN (JoinDefinedByMetadata(reservaciones)) : <gen:0> -> <gen:1>
             - CollectionQuerySpaceImpl(uid=<gen:1>, collection=mx.com.restaurante.domain.Cliente.reservaciones)
                - SQL table alias mapping - reservacio1_
                - alias suffix - 1_
                - suffixed key columns - {idclient6_1_1_}
                - entity-element alias suffix - 2_
                - 2_entity-element suffixed key columns - idreserv1_1_2_
                - JOIN (JoinDefinedByMetadata(elements)) : <gen:1> -> <gen:2>
                   - EntityQuerySpaceImpl(uid=<gen:2>, entity=mx.com.restaurante.domain.Reservacion)
                      - SQL table alias mapping - reservacio1_
                      - alias suffix - 2_
                      - suffixed key columns - {idreserv1_1_2_}

[DEBUG] Static select for entity mx.com.restaurante.domain.Cliente [NONE]: select cliente0_.idcliente as idclient1_0_0_, cliente0_.comentario as comentar2_0_0_, cliente0_.email as email3_0_0_, cliente0_.nombre as nombre4_0_0_, cliente0_.telefono as telefono5_0_0_, reservacio1_.idcliente as idclient6_1_1_, reservacio1_.idreservacion as idreserv1_1_1_, reservacio1_.idreservacion as idreserv1_1_2_, reservacio1_.idcliente as idclient6_1_2_, reservacio1_.fecha as fecha2_1_2_, reservacio1_.horario as horario3_1_2_, reservacio1_.num_mesas as num_mesa4_1_2_, reservacio1_.num_personas as num_pers5_1_2_ from cliente cliente0_ left outer join reservacion reservacio1_ on cliente0_.idcliente=reservacio1_.idcliente where cliente0_.idcliente=?
[DEBUG] Adding QuerySpace : uid = <gen:0> -> org.hibernate.loader.plan.build.internal.spaces.EntityQuerySpaceImpl@7e0d0c20]
[DEBUG] Visiting attribute path : comentario
[DEBUG] Visiting attribute path : email
[DEBUG] Visiting attribute path : nombre
[DEBUG] Visiting attribute path : reservaciones
[DEBUG] Adding QuerySpace : uid = <gen:1> -> org.hibernate.loader.plan.build.internal.spaces.CollectionQuerySpaceImpl@25bd8055]
[DEBUG] Adding QuerySpace : uid = <gen:2> -> org.hibernate.loader.plan.build.internal.spaces.EntityQuerySpaceImpl@7c04d63b]
[DEBUG] Visiting attribute path : reservaciones.cliente
[DEBUG] Property path deemed to be circular : reservaciones.cliente
[DEBUG] Visiting attribute path : reservaciones.fecha
[DEBUG] Visiting attribute path : reservaciones.horario
[DEBUG] Visiting attribute path : reservaciones.numMesas
[DEBUG] Visiting attribute path : reservaciones.numPersonas
[DEBUG] Visiting attribute path : telefono
[DEBUG] Building LoadPlan...
[DEBUG] processing queryspace <gen:0>
[DEBUG] LoadPlan(entity=mx.com.restaurante.domain.Cliente)
    - Returns
       - EntityReturnImpl(entity=mx.com.restaurante.domain.Cliente, querySpaceUid=<gen:0>, path=mx.com.restaurante.domain.Cliente)
          - CollectionAttributeFetchImpl(collection=mx.com.restaurante.domain.Cliente.reservaciones, querySpaceUid=<gen:1>, path=mx.com.restaurante.domain.Cliente.reservaciones)
             - (collection element) CollectionFetchableElementEntityGraph(entity=mx.com.restaurante.domain.Reservacion, querySpaceUid=<gen:2>, path=mx.com.restaurante.domain.Cliente.reservaciones.<elements>)
    - QuerySpaces
       - EntityQuerySpaceImpl(uid=<gen:0>, entity=mx.com.restaurante.domain.Cliente)
          - SQL table alias mapping - cliente0_
          - alias suffix - 0_
          - suffixed key columns - {idclient1_0_0_}
          - JOIN (JoinDefinedByMetadata(reservaciones)) : <gen:0> -> <gen:1>
             - CollectionQuerySpaceImpl(uid=<gen:1>, collection=mx.com.restaurante.domain.Cliente.reservaciones)
                - SQL table alias mapping - reservacio1_
                - alias suffix - 1_
                - suffixed key columns - {idclient6_1_1_}
                - entity-element alias suffix - 2_
                - 2_entity-element suffixed key columns - idreserv1_1_2_
                - JOIN (JoinDefinedByMetadata(elements)) : <gen:1> -> <gen:2>
                   - EntityQuerySpaceImpl(uid=<gen:2>, entity=mx.com.restaurante.domain.Reservacion)
                      - SQL table alias mapping - reservacio1_
                      - alias suffix - 2_
                      - suffixed key columns - {idreserv1_1_2_}

[DEBUG] Static select for entity mx.com.restaurante.domain.Cliente [READ]: select cliente0_.idcliente as idclient1_0_0_, cliente0_.comentario as comentar2_0_0_, cliente0_.email as email3_0_0_, cliente0_.nombre as nombre4_0_0_, cliente0_.telefono as telefono5_0_0_, reservacio1_.idcliente as idclient6_1_1_, reservacio1_.idreservacion as idreserv1_1_1_, reservacio1_.idreservacion as idreserv1_1_2_, reservacio1_.idcliente as idclient6_1_2_, reservacio1_.fecha as fecha2_1_2_, reservacio1_.horario as horario3_1_2_, reservacio1_.num_mesas as num_mesa4_1_2_, reservacio1_.num_personas as num_pers5_1_2_ from cliente cliente0_ left outer join reservacion reservacio1_ on cliente0_.idcliente=reservacio1_.idcliente where cliente0_.idcliente=?
[DEBUG] Adding QuerySpace : uid = <gen:0> -> org.hibernate.loader.plan.build.internal.spaces.EntityQuerySpaceImpl@328c86d4]
[DEBUG] Visiting attribute path : comentario
[DEBUG] Visiting attribute path : email
[DEBUG] Visiting attribute path : nombre
[DEBUG] Visiting attribute path : reservaciones
[DEBUG] Adding QuerySpace : uid = <gen:1> -> org.hibernate.loader.plan.build.internal.spaces.CollectionQuerySpaceImpl@77ce852a]
[DEBUG] Adding QuerySpace : uid = <gen:2> -> org.hibernate.loader.plan.build.internal.spaces.EntityQuerySpaceImpl@5c69b9bb]
[DEBUG] Visiting attribute path : telefono
[DEBUG] Building LoadPlan...
[DEBUG] processing queryspace <gen:0>
[DEBUG] LoadPlan(entity=mx.com.restaurante.domain.Cliente)
    - Returns
       - EntityReturnImpl(entity=mx.com.restaurante.domain.Cliente, querySpaceUid=<gen:0>, path=mx.com.restaurante.domain.Cliente)
          - CollectionAttributeFetchImpl(collection=mx.com.restaurante.domain.Cliente.reservaciones, querySpaceUid=<gen:1>, path=mx.com.restaurante.domain.Cliente.reservaciones)
             - (collection element) CollectionFetchableElementEntityGraph(entity=mx.com.restaurante.domain.Reservacion, querySpaceUid=<gen:2>, path=mx.com.restaurante.domain.Cliente.reservaciones.<elements>)
    - QuerySpaces
       - EntityQuerySpaceImpl(uid=<gen:0>, entity=mx.com.restaurante.domain.Cliente)
          - SQL table alias mapping - cliente0_
          - alias suffix - 0_
          - suffixed key columns - {idclient1_0_0_}

[DEBUG] Static select for entity mx.com.restaurante.domain.Cliente [UPGRADE]: select cliente0_.idcliente as idclient1_0_0_, cliente0_.comentario as comentar2_0_0_, cliente0_.email as email3_0_0_, cliente0_.nombre as nombre4_0_0_, cliente0_.telefono as telefono5_0_0_ from cliente cliente0_ where cliente0_.idcliente=? for update
[DEBUG] Adding QuerySpace : uid = <gen:0> -> org.hibernate.loader.plan.build.internal.spaces.EntityQuerySpaceImpl@a852ec4]
[DEBUG] Visiting attribute path : comentario
[DEBUG] Visiting attribute path : email
[DEBUG] Visiting attribute path : nombre
[DEBUG] Visiting attribute path : reservaciones
[DEBUG] Adding QuerySpace : uid = <gen:1> -> org.hibernate.loader.plan.build.internal.spaces.CollectionQuerySpaceImpl@78ae8709]
[DEBUG] Adding QuerySpace : uid = <gen:2> -> org.hibernate.loader.plan.build.internal.spaces.EntityQuerySpaceImpl@691b5dc6]
[DEBUG] Visiting attribute path : telefono
[DEBUG] Building LoadPlan...
[DEBUG] processing queryspace <gen:0>
[DEBUG] LoadPlan(entity=mx.com.restaurante.domain.Cliente)
    - Returns
       - EntityReturnImpl(entity=mx.com.restaurante.domain.Cliente, querySpaceUid=<gen:0>, path=mx.com.restaurante.domain.Cliente)
          - CollectionAttributeFetchImpl(collection=mx.com.restaurante.domain.Cliente.reservaciones, querySpaceUid=<gen:1>, path=mx.com.restaurante.domain.Cliente.reservaciones)
             - (collection element) CollectionFetchableElementEntityGraph(entity=mx.com.restaurante.domain.Reservacion, querySpaceUid=<gen:2>, path=mx.com.restaurante.domain.Cliente.reservaciones.<elements>)
    - QuerySpaces
       - EntityQuerySpaceImpl(uid=<gen:0>, entity=mx.com.restaurante.domain.Cliente)
          - SQL table alias mapping - cliente0_
          - alias suffix - 0_
          - suffixed key columns - {idclient1_0_0_}

[DEBUG] Static select for entity mx.com.restaurante.domain.Cliente [UPGRADE_NOWAIT]: select cliente0_.idcliente as idclient1_0_0_, cliente0_.comentario as comentar2_0_0_, cliente0_.email as email3_0_0_, cliente0_.nombre as nombre4_0_0_, cliente0_.telefono as telefono5_0_0_ from cliente cliente0_ where cliente0_.idcliente=? for update
[DEBUG] Adding QuerySpace : uid = <gen:0> -> org.hibernate.loader.plan.build.internal.spaces.EntityQuerySpaceImpl@4acbbd2f]
[DEBUG] Visiting attribute path : comentario
[DEBUG] Visiting attribute path : email
[DEBUG] Visiting attribute path : nombre
[DEBUG] Visiting attribute path : reservaciones
[DEBUG] Adding QuerySpace : uid = <gen:1> -> org.hibernate.loader.plan.build.internal.spaces.CollectionQuerySpaceImpl@6861bdf2]
[DEBUG] Adding QuerySpace : uid = <gen:2> -> org.hibernate.loader.plan.build.internal.spaces.EntityQuerySpaceImpl@5ba73855]
[DEBUG] Visiting attribute path : telefono
[DEBUG] Building LoadPlan...
[DEBUG] processing queryspace <gen:0>
[DEBUG] LoadPlan(entity=mx.com.restaurante.domain.Cliente)
    - Returns
       - EntityReturnImpl(entity=mx.com.restaurante.domain.Cliente, querySpaceUid=<gen:0>, path=mx.com.restaurante.domain.Cliente)
          - CollectionAttributeFetchImpl(collection=mx.com.restaurante.domain.Cliente.reservaciones, querySpaceUid=<gen:1>, path=mx.com.restaurante.domain.Cliente.reservaciones)
             - (collection element) CollectionFetchableElementEntityGraph(entity=mx.com.restaurante.domain.Reservacion, querySpaceUid=<gen:2>, path=mx.com.restaurante.domain.Cliente.reservaciones.<elements>)
    - QuerySpaces
       - EntityQuerySpaceImpl(uid=<gen:0>, entity=mx.com.restaurante.domain.Cliente)
          - SQL table alias mapping - cliente0_
          - alias suffix - 0_
          - suffixed key columns - {idclient1_0_0_}

[DEBUG] Static select for entity mx.com.restaurante.domain.Cliente [UPGRADE_SKIPLOCKED]: select cliente0_.idcliente as idclient1_0_0_, cliente0_.comentario as comentar2_0_0_, cliente0_.email as email3_0_0_, cliente0_.nombre as nombre4_0_0_, cliente0_.telefono as telefono5_0_0_ from cliente cliente0_ where cliente0_.idcliente=? for update
[DEBUG] Adding QuerySpace : uid = <gen:0> -> org.hibernate.loader.plan.build.internal.spaces.EntityQuerySpaceImpl@4c12c4cb]
[DEBUG] Visiting attribute path : comentario
[DEBUG] Visiting attribute path : email
[DEBUG] Visiting attribute path : nombre
[DEBUG] Visiting attribute path : reservaciones
[DEBUG] Adding QuerySpace : uid = <gen:1> -> org.hibernate.loader.plan.build.internal.spaces.CollectionQuerySpaceImpl@12fc7eef]
[DEBUG] Adding QuerySpace : uid = <gen:2> -> org.hibernate.loader.plan.build.internal.spaces.EntityQuerySpaceImpl@707b8975]
[DEBUG] Visiting attribute path : telefono
[DEBUG] Building LoadPlan...
[DEBUG] processing queryspace <gen:0>
[DEBUG] LoadPlan(entity=mx.com.restaurante.domain.Cliente)
    - Returns
       - EntityReturnImpl(entity=mx.com.restaurante.domain.Cliente, querySpaceUid=<gen:0>, path=mx.com.restaurante.domain.Cliente)
          - CollectionAttributeFetchImpl(collection=mx.com.restaurante.domain.Cliente.reservaciones, querySpaceUid=<gen:1>, path=mx.com.restaurante.domain.Cliente.reservaciones)
             - (collection element) CollectionFetchableElementEntityGraph(entity=mx.com.restaurante.domain.Reservacion, querySpaceUid=<gen:2>, path=mx.com.restaurante.domain.Cliente.reservaciones.<elements>)
    - QuerySpaces
       - EntityQuerySpaceImpl(uid=<gen:0>, entity=mx.com.restaurante.domain.Cliente)
          - SQL table alias mapping - cliente0_
          - alias suffix - 0_
          - suffixed key columns - {idclient1_0_0_}

[DEBUG] Static select for entity mx.com.restaurante.domain.Cliente [FORCE]: select cliente0_.idcliente as idclient1_0_0_, cliente0_.comentario as comentar2_0_0_, cliente0_.email as email3_0_0_, cliente0_.nombre as nombre4_0_0_, cliente0_.telefono as telefono5_0_0_ from cliente cliente0_ where cliente0_.idcliente=? for update
[DEBUG] Adding QuerySpace : uid = <gen:0> -> org.hibernate.loader.plan.build.internal.spaces.EntityQuerySpaceImpl@2a953f2d]
[DEBUG] Visiting attribute path : comentario
[DEBUG] Visiting attribute path : email
[DEBUG] Visiting attribute path : nombre
[DEBUG] Visiting attribute path : reservaciones
[DEBUG] Adding QuerySpace : uid = <gen:1> -> org.hibernate.loader.plan.build.internal.spaces.CollectionQuerySpaceImpl@12af61ed]
[DEBUG] Adding QuerySpace : uid = <gen:2> -> org.hibernate.loader.plan.build.internal.spaces.EntityQuerySpaceImpl@3eb362ec]
[DEBUG] Visiting attribute path : telefono
[DEBUG] Building LoadPlan...
[DEBUG] processing queryspace <gen:0>
[DEBUG] LoadPlan(entity=mx.com.restaurante.domain.Cliente)
    - Returns
       - EntityReturnImpl(entity=mx.com.restaurante.domain.Cliente, querySpaceUid=<gen:0>, path=mx.com.restaurante.domain.Cliente)
          - CollectionAttributeFetchImpl(collection=mx.com.restaurante.domain.Cliente.reservaciones, querySpaceUid=<gen:1>, path=mx.com.restaurante.domain.Cliente.reservaciones)
             - (collection element) CollectionFetchableElementEntityGraph(entity=mx.com.restaurante.domain.Reservacion, querySpaceUid=<gen:2>, path=mx.com.restaurante.domain.Cliente.reservaciones.<elements>)
    - QuerySpaces
       - EntityQuerySpaceImpl(uid=<gen:0>, entity=mx.com.restaurante.domain.Cliente)
          - SQL table alias mapping - cliente0_
          - alias suffix - 0_
          - suffixed key columns - {idclient1_0_0_}

[DEBUG] Static select for entity mx.com.restaurante.domain.Cliente [PESSIMISTIC_READ]: select cliente0_.idcliente as idclient1_0_0_, cliente0_.comentario as comentar2_0_0_, cliente0_.email as email3_0_0_, cliente0_.nombre as nombre4_0_0_, cliente0_.telefono as telefono5_0_0_ from cliente cliente0_ where cliente0_.idcliente=? lock in share mode
[DEBUG] Adding QuerySpace : uid = <gen:0> -> org.hibernate.loader.plan.build.internal.spaces.EntityQuerySpaceImpl@3d5c4e40]
[DEBUG] Visiting attribute path : comentario
[DEBUG] Visiting attribute path : email
[DEBUG] Visiting attribute path : nombre
[DEBUG] Visiting attribute path : reservaciones
[DEBUG] Adding QuerySpace : uid = <gen:1> -> org.hibernate.loader.plan.build.internal.spaces.CollectionQuerySpaceImpl@1c8bb8c9]
[DEBUG] Adding QuerySpace : uid = <gen:2> -> org.hibernate.loader.plan.build.internal.spaces.EntityQuerySpaceImpl@390a1db6]
[DEBUG] Visiting attribute path : telefono
[DEBUG] Building LoadPlan...
[DEBUG] processing queryspace <gen:0>
[DEBUG] LoadPlan(entity=mx.com.restaurante.domain.Cliente)
    - Returns
       - EntityReturnImpl(entity=mx.com.restaurante.domain.Cliente, querySpaceUid=<gen:0>, path=mx.com.restaurante.domain.Cliente)
          - CollectionAttributeFetchImpl(collection=mx.com.restaurante.domain.Cliente.reservaciones, querySpaceUid=<gen:1>, path=mx.com.restaurante.domain.Cliente.reservaciones)
             - (collection element) CollectionFetchableElementEntityGraph(entity=mx.com.restaurante.domain.Reservacion, querySpaceUid=<gen:2>, path=mx.com.restaurante.domain.Cliente.reservaciones.<elements>)
    - QuerySpaces
       - EntityQuerySpaceImpl(uid=<gen:0>, entity=mx.com.restaurante.domain.Cliente)
          - SQL table alias mapping - cliente0_
          - alias suffix - 0_
          - suffixed key columns - {idclient1_0_0_}

[DEBUG] Static select for entity mx.com.restaurante.domain.Cliente [PESSIMISTIC_WRITE]: select cliente0_.idcliente as idclient1_0_0_, cliente0_.comentario as comentar2_0_0_, cliente0_.email as email3_0_0_, cliente0_.nombre as nombre4_0_0_, cliente0_.telefono as telefono5_0_0_ from cliente cliente0_ where cliente0_.idcliente=? for update
[DEBUG] Adding QuerySpace : uid = <gen:0> -> org.hibernate.loader.plan.build.internal.spaces.EntityQuerySpaceImpl@66fb7a99]
[DEBUG] Visiting attribute path : comentario
[DEBUG] Visiting attribute path : email
[DEBUG] Visiting attribute path : nombre
[DEBUG] Visiting attribute path : reservaciones
[DEBUG] Adding QuerySpace : uid = <gen:1> -> org.hibernate.loader.plan.build.internal.spaces.CollectionQuerySpaceImpl@42acc239]
[DEBUG] Adding QuerySpace : uid = <gen:2> -> org.hibernate.loader.plan.build.internal.spaces.EntityQuerySpaceImpl@2b228077]
[DEBUG] Visiting attribute path : telefono
[DEBUG] Building LoadPlan...
[DEBUG] processing queryspace <gen:0>
[DEBUG] LoadPlan(entity=mx.com.restaurante.domain.Cliente)
    - Returns
       - EntityReturnImpl(entity=mx.com.restaurante.domain.Cliente, querySpaceUid=<gen:0>, path=mx.com.restaurante.domain.Cliente)
          - CollectionAttributeFetchImpl(collection=mx.com.restaurante.domain.Cliente.reservaciones, querySpaceUid=<gen:1>, path=mx.com.restaurante.domain.Cliente.reservaciones)
             - (collection element) CollectionFetchableElementEntityGraph(entity=mx.com.restaurante.domain.Reservacion, querySpaceUid=<gen:2>, path=mx.com.restaurante.domain.Cliente.reservaciones.<elements>)
    - QuerySpaces
       - EntityQuerySpaceImpl(uid=<gen:0>, entity=mx.com.restaurante.domain.Cliente)
          - SQL table alias mapping - cliente0_
          - alias suffix - 0_
          - suffixed key columns - {idclient1_0_0_}

[DEBUG] Static select for entity mx.com.restaurante.domain.Cliente [PESSIMISTIC_FORCE_INCREMENT]: select cliente0_.idcliente as idclient1_0_0_, cliente0_.comentario as comentar2_0_0_, cliente0_.email as email3_0_0_, cliente0_.nombre as nombre4_0_0_, cliente0_.telefono as telefono5_0_0_ from cliente cliente0_ where cliente0_.idcliente=? for update
[DEBUG] Adding QuerySpace : uid = <gen:0> -> org.hibernate.loader.plan.build.internal.spaces.EntityQuerySpaceImpl@16301838]
[DEBUG] Visiting attribute path : comentario
[DEBUG] Visiting attribute path : email
[DEBUG] Visiting attribute path : nombre
[DEBUG] Visiting attribute path : reservaciones
[DEBUG] Adding QuerySpace : uid = <gen:1> -> org.hibernate.loader.plan.build.internal.spaces.CollectionQuerySpaceImpl@32f22bab]
[DEBUG] Adding QuerySpace : uid = <gen:2> -> org.hibernate.loader.plan.build.internal.spaces.EntityQuerySpaceImpl@dec34ba]
[DEBUG] Visiting attribute path : telefono
[DEBUG] Building LoadPlan...
[DEBUG] processing queryspace <gen:0>
[DEBUG] LoadPlan(entity=mx.com.restaurante.domain.Cliente)
    - Returns
       - EntityReturnImpl(entity=mx.com.restaurante.domain.Cliente, querySpaceUid=<gen:0>, path=mx.com.restaurante.domain.Cliente)
          - CollectionAttributeFetchImpl(collection=mx.com.restaurante.domain.Cliente.reservaciones, querySpaceUid=<gen:1>, path=mx.com.restaurante.domain.Cliente.reservaciones)
             - (collection element) CollectionFetchableElementEntityGraph(entity=mx.com.restaurante.domain.Reservacion, querySpaceUid=<gen:2>, path=mx.com.restaurante.domain.Cliente.reservaciones.<elements>)
    - QuerySpaces
       - EntityQuerySpaceImpl(uid=<gen:0>, entity=mx.com.restaurante.domain.Cliente)
          - SQL table alias mapping - cliente0_
          - alias suffix - 0_
          - suffixed key columns - {idclient1_0_0_}

[DEBUG] Static select for entity mx.com.restaurante.domain.Cliente [OPTIMISTIC]: select cliente0_.idcliente as idclient1_0_0_, cliente0_.comentario as comentar2_0_0_, cliente0_.email as email3_0_0_, cliente0_.nombre as nombre4_0_0_, cliente0_.telefono as telefono5_0_0_ from cliente cliente0_ where cliente0_.idcliente=?
[DEBUG] Adding QuerySpace : uid = <gen:0> -> org.hibernate.loader.plan.build.internal.spaces.EntityQuerySpaceImpl@1b8b1ce7]
[DEBUG] Visiting attribute path : comentario
[DEBUG] Visiting attribute path : email
[DEBUG] Visiting attribute path : nombre
[DEBUG] Visiting attribute path : reservaciones
[DEBUG] Adding QuerySpace : uid = <gen:1> -> org.hibernate.loader.plan.build.internal.spaces.CollectionQuerySpaceImpl@72546606]
[DEBUG] Adding QuerySpace : uid = <gen:2> -> org.hibernate.loader.plan.build.internal.spaces.EntityQuerySpaceImpl@1e71c512]
[DEBUG] Visiting attribute path : telefono
[DEBUG] Building LoadPlan...
[DEBUG] processing queryspace <gen:0>
[DEBUG] LoadPlan(entity=mx.com.restaurante.domain.Cliente)
    - Returns
       - EntityReturnImpl(entity=mx.com.restaurante.domain.Cliente, querySpaceUid=<gen:0>, path=mx.com.restaurante.domain.Cliente)
          - CollectionAttributeFetchImpl(collection=mx.com.restaurante.domain.Cliente.reservaciones, querySpaceUid=<gen:1>, path=mx.com.restaurante.domain.Cliente.reservaciones)
             - (collection element) CollectionFetchableElementEntityGraph(entity=mx.com.restaurante.domain.Reservacion, querySpaceUid=<gen:2>, path=mx.com.restaurante.domain.Cliente.reservaciones.<elements>)
    - QuerySpaces
       - EntityQuerySpaceImpl(uid=<gen:0>, entity=mx.com.restaurante.domain.Cliente)
          - SQL table alias mapping - cliente0_
          - alias suffix - 0_
          - suffixed key columns - {idclient1_0_0_}

[DEBUG] Static select for entity mx.com.restaurante.domain.Cliente [OPTIMISTIC_FORCE_INCREMENT]: select cliente0_.idcliente as idclient1_0_0_, cliente0_.comentario as comentar2_0_0_, cliente0_.email as email3_0_0_, cliente0_.nombre as nombre4_0_0_, cliente0_.telefono as telefono5_0_0_ from cliente cliente0_ where cliente0_.idcliente=?
[DEBUG] Static select for action ACTION_MERGE on entity mx.com.restaurante.domain.Cliente: select cliente0_.idcliente as idclient1_0_1_, cliente0_.comentario as comentar2_0_1_, cliente0_.email as email3_0_1_, cliente0_.nombre as nombre4_0_1_, cliente0_.telefono as telefono5_0_1_, reservacio1_.idcliente as idclient6_1_3_, reservacio1_.idreservacion as idreserv1_1_3_, reservacio1_.idreservacion as idreserv1_1_0_, reservacio1_.idcliente as idclient6_1_0_, reservacio1_.fecha as fecha2_1_0_, reservacio1_.horario as horario3_1_0_, reservacio1_.num_mesas as num_mesa4_1_0_, reservacio1_.num_personas as num_pers5_1_0_ from cliente cliente0_ left outer join reservacion reservacio1_ on cliente0_.idcliente=reservacio1_.idcliente where cliente0_.idcliente=?
[DEBUG] Static select for action ACTION_REFRESH on entity mx.com.restaurante.domain.Cliente: select cliente0_.idcliente as idclient1_0_1_, cliente0_.comentario as comentar2_0_1_, cliente0_.email as email3_0_1_, cliente0_.nombre as nombre4_0_1_, cliente0_.telefono as telefono5_0_1_, reservacio1_.idcliente as idclient6_1_3_, reservacio1_.idreservacion as idreserv1_1_3_, reservacio1_.idreservacion as idreserv1_1_0_, reservacio1_.idcliente as idclient6_1_0_, reservacio1_.fecha as fecha2_1_0_, reservacio1_.horario as horario3_1_0_, reservacio1_.num_mesas as num_mesa4_1_0_, reservacio1_.num_personas as num_pers5_1_0_ from cliente cliente0_ left outer join reservacion reservacio1_ on cliente0_.idcliente=reservacio1_.idcliente where cliente0_.idcliente=?
[DEBUG] Static SQL for entity: mx.com.restaurante.domain.Reservacion
[DEBUG]  Version select: select idreservacion from reservacion where idreservacion =?
[DEBUG]  Snapshot select: select reservacio_.idreservacion, reservacio_.idcliente as idclient6_1_, reservacio_.fecha as fecha2_1_, reservacio_.horario as horario3_1_, reservacio_.num_mesas as num_mesa4_1_, reservacio_.num_personas as num_pers5_1_ from reservacion reservacio_ where reservacio_.idreservacion=?
[DEBUG]  Insert 0: insert into reservacion (idcliente, fecha, horario, num_mesas, num_personas, idreservacion) values (?, ?, ?, ?, ?, ?)
[DEBUG]  Update 0: update reservacion set idcliente=?, fecha=?, horario=?, num_mesas=?, num_personas=? where idreservacion=?
[DEBUG]  Delete 0: delete from reservacion where idreservacion=?
[DEBUG]  Identity insert: insert into reservacion (idcliente, fecha, horario, num_mesas, num_personas) values (?, ?, ?, ?, ?)
[DEBUG] Adding QuerySpace : uid = <gen:0> -> org.hibernate.loader.plan.build.internal.spaces.EntityQuerySpaceImpl@5dde8e1f]
[DEBUG] Visiting attribute path : cliente
[DEBUG] Adding QuerySpace : uid = <gen:1> -> org.hibernate.loader.plan.build.internal.spaces.EntityQuerySpaceImpl@1820e93b]
[DEBUG] Visiting attribute path : cliente.comentario
[DEBUG] Visiting attribute path : cliente.email
[DEBUG] Visiting attribute path : cliente.nombre
[DEBUG] Visiting attribute path : cliente.reservaciones
[DEBUG] Property path deemed to be circular : cliente.reservaciones
[DEBUG] Visiting attribute path : cliente.telefono
[DEBUG] Visiting attribute path : fecha
[DEBUG] Visiting attribute path : horario
[DEBUG] Visiting attribute path : numMesas
[DEBUG] Visiting attribute path : numPersonas
[DEBUG] Building LoadPlan...
[DEBUG] processing queryspace <gen:0>
[DEBUG] LoadPlan(entity=mx.com.restaurante.domain.Reservacion)
    - Returns
       - EntityReturnImpl(entity=mx.com.restaurante.domain.Reservacion, querySpaceUid=<gen:0>, path=mx.com.restaurante.domain.Reservacion)
          - EntityAttributeFetchImpl(entity=mx.com.restaurante.domain.Cliente, querySpaceUid=<gen:1>, path=mx.com.restaurante.domain.Reservacion.cliente)
    - QuerySpaces
       - EntityQuerySpaceImpl(uid=<gen:0>, entity=mx.com.restaurante.domain.Reservacion)
          - SQL table alias mapping - reservacio0_
          - alias suffix - 0_
          - suffixed key columns - {idreserv1_1_0_}
          - JOIN (JoinDefinedByMetadata(cliente)) : <gen:0> -> <gen:1>
             - EntityQuerySpaceImpl(uid=<gen:1>, entity=mx.com.restaurante.domain.Cliente)
                - SQL table alias mapping - cliente1_
                - alias suffix - 1_
                - suffixed key columns - {idclient1_0_1_}

[DEBUG] Static select for entity mx.com.restaurante.domain.Reservacion [NONE]: select reservacio0_.idreservacion as idreserv1_1_0_, reservacio0_.idcliente as idclient6_1_0_, reservacio0_.fecha as fecha2_1_0_, reservacio0_.horario as horario3_1_0_, reservacio0_.num_mesas as num_mesa4_1_0_, reservacio0_.num_personas as num_pers5_1_0_, cliente1_.idcliente as idclient1_0_1_, cliente1_.comentario as comentar2_0_1_, cliente1_.email as email3_0_1_, cliente1_.nombre as nombre4_0_1_, cliente1_.telefono as telefono5_0_1_ from reservacion reservacio0_ left outer join cliente cliente1_ on reservacio0_.idcliente=cliente1_.idcliente where reservacio0_.idreservacion=?
[DEBUG] Adding QuerySpace : uid = <gen:0> -> org.hibernate.loader.plan.build.internal.spaces.EntityQuerySpaceImpl@216e2f0c]
[DEBUG] Visiting attribute path : cliente
[DEBUG] Adding QuerySpace : uid = <gen:1> -> org.hibernate.loader.plan.build.internal.spaces.EntityQuerySpaceImpl@59f8f6a9]
[DEBUG] Visiting attribute path : cliente.comentario
[DEBUG] Visiting attribute path : cliente.email
[DEBUG] Visiting attribute path : cliente.nombre
[DEBUG] Visiting attribute path : cliente.reservaciones
[DEBUG] Property path deemed to be circular : cliente.reservaciones
[DEBUG] Visiting attribute path : cliente.telefono
[DEBUG] Visiting attribute path : fecha
[DEBUG] Visiting attribute path : horario
[DEBUG] Visiting attribute path : numMesas
[DEBUG] Visiting attribute path : numPersonas
[DEBUG] Building LoadPlan...
[DEBUG] processing queryspace <gen:0>
[DEBUG] LoadPlan(entity=mx.com.restaurante.domain.Reservacion)
    - Returns
       - EntityReturnImpl(entity=mx.com.restaurante.domain.Reservacion, querySpaceUid=<gen:0>, path=mx.com.restaurante.domain.Reservacion)
          - EntityAttributeFetchImpl(entity=mx.com.restaurante.domain.Cliente, querySpaceUid=<gen:1>, path=mx.com.restaurante.domain.Reservacion.cliente)
    - QuerySpaces
       - EntityQuerySpaceImpl(uid=<gen:0>, entity=mx.com.restaurante.domain.Reservacion)
          - SQL table alias mapping - reservacio0_
          - alias suffix - 0_
          - suffixed key columns - {idreserv1_1_0_}
          - JOIN (JoinDefinedByMetadata(cliente)) : <gen:0> -> <gen:1>
             - EntityQuerySpaceImpl(uid=<gen:1>, entity=mx.com.restaurante.domain.Cliente)
                - SQL table alias mapping - cliente1_
                - alias suffix - 1_
                - suffixed key columns - {idclient1_0_1_}

[DEBUG] Static select for entity mx.com.restaurante.domain.Reservacion [READ]: select reservacio0_.idreservacion as idreserv1_1_0_, reservacio0_.idcliente as idclient6_1_0_, reservacio0_.fecha as fecha2_1_0_, reservacio0_.horario as horario3_1_0_, reservacio0_.num_mesas as num_mesa4_1_0_, reservacio0_.num_personas as num_pers5_1_0_, cliente1_.idcliente as idclient1_0_1_, cliente1_.comentario as comentar2_0_1_, cliente1_.email as email3_0_1_, cliente1_.nombre as nombre4_0_1_, cliente1_.telefono as telefono5_0_1_ from reservacion reservacio0_ left outer join cliente cliente1_ on reservacio0_.idcliente=cliente1_.idcliente where reservacio0_.idreservacion=?
[DEBUG] Adding QuerySpace : uid = <gen:0> -> org.hibernate.loader.plan.build.internal.spaces.EntityQuerySpaceImpl@4e234b57]
[DEBUG] Visiting attribute path : cliente
[DEBUG] Adding QuerySpace : uid = <gen:1> -> org.hibernate.loader.plan.build.internal.spaces.EntityQuerySpaceImpl@63feb565]
[DEBUG] Visiting attribute path : fecha
[DEBUG] Visiting attribute path : horario
[DEBUG] Visiting attribute path : numMesas
[DEBUG] Visiting attribute path : numPersonas
[DEBUG] Building LoadPlan...
[DEBUG] processing queryspace <gen:0>
[DEBUG] LoadPlan(entity=mx.com.restaurante.domain.Reservacion)
    - Returns
       - EntityReturnImpl(entity=mx.com.restaurante.domain.Reservacion, querySpaceUid=<gen:0>, path=mx.com.restaurante.domain.Reservacion)
          - EntityAttributeFetchImpl(entity=mx.com.restaurante.domain.Cliente, querySpaceUid=<gen:1>, path=mx.com.restaurante.domain.Reservacion.cliente)
    - QuerySpaces
       - EntityQuerySpaceImpl(uid=<gen:0>, entity=mx.com.restaurante.domain.Reservacion)
          - SQL table alias mapping - reservacio0_
          - alias suffix - 0_
          - suffixed key columns - {idreserv1_1_0_}

[DEBUG] Static select for entity mx.com.restaurante.domain.Reservacion [UPGRADE]: select reservacio0_.idreservacion as idreserv1_1_0_, reservacio0_.idcliente as idclient6_1_0_, reservacio0_.fecha as fecha2_1_0_, reservacio0_.horario as horario3_1_0_, reservacio0_.num_mesas as num_mesa4_1_0_, reservacio0_.num_personas as num_pers5_1_0_ from reservacion reservacio0_ where reservacio0_.idreservacion=? for update
[DEBUG] Adding QuerySpace : uid = <gen:0> -> org.hibernate.loader.plan.build.internal.spaces.EntityQuerySpaceImpl@55a38383]
[DEBUG] Visiting attribute path : cliente
[DEBUG] Adding QuerySpace : uid = <gen:1> -> org.hibernate.loader.plan.build.internal.spaces.EntityQuerySpaceImpl@16fa8104]
[DEBUG] Visiting attribute path : fecha
[DEBUG] Visiting attribute path : horario
[DEBUG] Visiting attribute path : numMesas
[DEBUG] Visiting attribute path : numPersonas
[DEBUG] Building LoadPlan...
[DEBUG] processing queryspace <gen:0>
[DEBUG] LoadPlan(entity=mx.com.restaurante.domain.Reservacion)
    - Returns
       - EntityReturnImpl(entity=mx.com.restaurante.domain.Reservacion, querySpaceUid=<gen:0>, path=mx.com.restaurante.domain.Reservacion)
          - EntityAttributeFetchImpl(entity=mx.com.restaurante.domain.Cliente, querySpaceUid=<gen:1>, path=mx.com.restaurante.domain.Reservacion.cliente)
    - QuerySpaces
       - EntityQuerySpaceImpl(uid=<gen:0>, entity=mx.com.restaurante.domain.Reservacion)
          - SQL table alias mapping - reservacio0_
          - alias suffix - 0_
          - suffixed key columns - {idreserv1_1_0_}

[DEBUG] Static select for entity mx.com.restaurante.domain.Reservacion [UPGRADE_NOWAIT]: select reservacio0_.idreservacion as idreserv1_1_0_, reservacio0_.idcliente as idclient6_1_0_, reservacio0_.fecha as fecha2_1_0_, reservacio0_.horario as horario3_1_0_, reservacio0_.num_mesas as num_mesa4_1_0_, reservacio0_.num_personas as num_pers5_1_0_ from reservacion reservacio0_ where reservacio0_.idreservacion=? for update
[DEBUG] Adding QuerySpace : uid = <gen:0> -> org.hibernate.loader.plan.build.internal.spaces.EntityQuerySpaceImpl@395b23]
[DEBUG] Visiting attribute path : cliente
[DEBUG] Adding QuerySpace : uid = <gen:1> -> org.hibernate.loader.plan.build.internal.spaces.EntityQuerySpaceImpl@382cff0d]
[DEBUG] Visiting attribute path : fecha
[DEBUG] Visiting attribute path : horario
[DEBUG] Visiting attribute path : numMesas
[DEBUG] Visiting attribute path : numPersonas
[DEBUG] Building LoadPlan...
[DEBUG] processing queryspace <gen:0>
[DEBUG] LoadPlan(entity=mx.com.restaurante.domain.Reservacion)
    - Returns
       - EntityReturnImpl(entity=mx.com.restaurante.domain.Reservacion, querySpaceUid=<gen:0>, path=mx.com.restaurante.domain.Reservacion)
          - EntityAttributeFetchImpl(entity=mx.com.restaurante.domain.Cliente, querySpaceUid=<gen:1>, path=mx.com.restaurante.domain.Reservacion.cliente)
    - QuerySpaces
       - EntityQuerySpaceImpl(uid=<gen:0>, entity=mx.com.restaurante.domain.Reservacion)
          - SQL table alias mapping - reservacio0_
          - alias suffix - 0_
          - suffixed key columns - {idreserv1_1_0_}

[DEBUG] Static select for entity mx.com.restaurante.domain.Reservacion [UPGRADE_SKIPLOCKED]: select reservacio0_.idreservacion as idreserv1_1_0_, reservacio0_.idcliente as idclient6_1_0_, reservacio0_.fecha as fecha2_1_0_, reservacio0_.horario as horario3_1_0_, reservacio0_.num_mesas as num_mesa4_1_0_, reservacio0_.num_personas as num_pers5_1_0_ from reservacion reservacio0_ where reservacio0_.idreservacion=? for update
[DEBUG] Adding QuerySpace : uid = <gen:0> -> org.hibernate.loader.plan.build.internal.spaces.EntityQuerySpaceImpl@7a9cbbad]
[DEBUG] Visiting attribute path : cliente
[DEBUG] Adding QuerySpace : uid = <gen:1> -> org.hibernate.loader.plan.build.internal.spaces.EntityQuerySpaceImpl@2b2a82b]
[DEBUG] Visiting attribute path : fecha
[DEBUG] Visiting attribute path : horario
[DEBUG] Visiting attribute path : numMesas
[DEBUG] Visiting attribute path : numPersonas
[DEBUG] Building LoadPlan...
[DEBUG] processing queryspace <gen:0>
[DEBUG] LoadPlan(entity=mx.com.restaurante.domain.Reservacion)
    - Returns
       - EntityReturnImpl(entity=mx.com.restaurante.domain.Reservacion, querySpaceUid=<gen:0>, path=mx.com.restaurante.domain.Reservacion)
          - EntityAttributeFetchImpl(entity=mx.com.restaurante.domain.Cliente, querySpaceUid=<gen:1>, path=mx.com.restaurante.domain.Reservacion.cliente)
    - QuerySpaces
       - EntityQuerySpaceImpl(uid=<gen:0>, entity=mx.com.restaurante.domain.Reservacion)
          - SQL table alias mapping - reservacio0_
          - alias suffix - 0_
          - suffixed key columns - {idreserv1_1_0_}

[DEBUG] Static select for entity mx.com.restaurante.domain.Reservacion [FORCE]: select reservacio0_.idreservacion as idreserv1_1_0_, reservacio0_.idcliente as idclient6_1_0_, reservacio0_.fecha as fecha2_1_0_, reservacio0_.horario as horario3_1_0_, reservacio0_.num_mesas as num_mesa4_1_0_, reservacio0_.num_personas as num_pers5_1_0_ from reservacion reservacio0_ where reservacio0_.idreservacion=? for update
[DEBUG] Adding QuerySpace : uid = <gen:0> -> org.hibernate.loader.plan.build.internal.spaces.EntityQuerySpaceImpl@5db9ebe7]
[DEBUG] Visiting attribute path : cliente
[DEBUG] Adding QuerySpace : uid = <gen:1> -> org.hibernate.loader.plan.build.internal.spaces.EntityQuerySpaceImpl@42ed071b]
[DEBUG] Visiting attribute path : fecha
[DEBUG] Visiting attribute path : horario
[DEBUG] Visiting attribute path : numMesas
[DEBUG] Visiting attribute path : numPersonas
[DEBUG] Building LoadPlan...
[DEBUG] processing queryspace <gen:0>
[DEBUG] LoadPlan(entity=mx.com.restaurante.domain.Reservacion)
    - Returns
       - EntityReturnImpl(entity=mx.com.restaurante.domain.Reservacion, querySpaceUid=<gen:0>, path=mx.com.restaurante.domain.Reservacion)
          - EntityAttributeFetchImpl(entity=mx.com.restaurante.domain.Cliente, querySpaceUid=<gen:1>, path=mx.com.restaurante.domain.Reservacion.cliente)
    - QuerySpaces
       - EntityQuerySpaceImpl(uid=<gen:0>, entity=mx.com.restaurante.domain.Reservacion)
          - SQL table alias mapping - reservacio0_
          - alias suffix - 0_
          - suffixed key columns - {idreserv1_1_0_}

[DEBUG] Static select for entity mx.com.restaurante.domain.Reservacion [PESSIMISTIC_READ]: select reservacio0_.idreservacion as idreserv1_1_0_, reservacio0_.idcliente as idclient6_1_0_, reservacio0_.fecha as fecha2_1_0_, reservacio0_.horario as horario3_1_0_, reservacio0_.num_mesas as num_mesa4_1_0_, reservacio0_.num_personas as num_pers5_1_0_ from reservacion reservacio0_ where reservacio0_.idreservacion=? lock in share mode
[DEBUG] Adding QuerySpace : uid = <gen:0> -> org.hibernate.loader.plan.build.internal.spaces.EntityQuerySpaceImpl@55890c9d]
[DEBUG] Visiting attribute path : cliente
[DEBUG] Adding QuerySpace : uid = <gen:1> -> org.hibernate.loader.plan.build.internal.spaces.EntityQuerySpaceImpl@3e72dfcb]
[DEBUG] Visiting attribute path : fecha
[DEBUG] Visiting attribute path : horario
[DEBUG] Visiting attribute path : numMesas
[DEBUG] Visiting attribute path : numPersonas
[DEBUG] Building LoadPlan...
[DEBUG] processing queryspace <gen:0>
[DEBUG] LoadPlan(entity=mx.com.restaurante.domain.Reservacion)
    - Returns
       - EntityReturnImpl(entity=mx.com.restaurante.domain.Reservacion, querySpaceUid=<gen:0>, path=mx.com.restaurante.domain.Reservacion)
          - EntityAttributeFetchImpl(entity=mx.com.restaurante.domain.Cliente, querySpaceUid=<gen:1>, path=mx.com.restaurante.domain.Reservacion.cliente)
    - QuerySpaces
       - EntityQuerySpaceImpl(uid=<gen:0>, entity=mx.com.restaurante.domain.Reservacion)
          - SQL table alias mapping - reservacio0_
          - alias suffix - 0_
          - suffixed key columns - {idreserv1_1_0_}

[DEBUG] Static select for entity mx.com.restaurante.domain.Reservacion [PESSIMISTIC_WRITE]: select reservacio0_.idreservacion as idreserv1_1_0_, reservacio0_.idcliente as idclient6_1_0_, reservacio0_.fecha as fecha2_1_0_, reservacio0_.horario as horario3_1_0_, reservacio0_.num_mesas as num_mesa4_1_0_, reservacio0_.num_personas as num_pers5_1_0_ from reservacion reservacio0_ where reservacio0_.idreservacion=? for update
[DEBUG] Adding QuerySpace : uid = <gen:0> -> org.hibernate.loader.plan.build.internal.spaces.EntityQuerySpaceImpl@148dd2c1]
[DEBUG] Visiting attribute path : cliente
[DEBUG] Adding QuerySpace : uid = <gen:1> -> org.hibernate.loader.plan.build.internal.spaces.EntityQuerySpaceImpl@27b64eed]
[DEBUG] Visiting attribute path : fecha
[DEBUG] Visiting attribute path : horario
[DEBUG] Visiting attribute path : numMesas
[DEBUG] Visiting attribute path : numPersonas
[DEBUG] Building LoadPlan...
[DEBUG] processing queryspace <gen:0>
[DEBUG] LoadPlan(entity=mx.com.restaurante.domain.Reservacion)
    - Returns
       - EntityReturnImpl(entity=mx.com.restaurante.domain.Reservacion, querySpaceUid=<gen:0>, path=mx.com.restaurante.domain.Reservacion)
          - EntityAttributeFetchImpl(entity=mx.com.restaurante.domain.Cliente, querySpaceUid=<gen:1>, path=mx.com.restaurante.domain.Reservacion.cliente)
    - QuerySpaces
       - EntityQuerySpaceImpl(uid=<gen:0>, entity=mx.com.restaurante.domain.Reservacion)
          - SQL table alias mapping - reservacio0_
          - alias suffix - 0_
          - suffixed key columns - {idreserv1_1_0_}

[DEBUG] Static select for entity mx.com.restaurante.domain.Reservacion [PESSIMISTIC_FORCE_INCREMENT]: select reservacio0_.idreservacion as idreserv1_1_0_, reservacio0_.idcliente as idclient6_1_0_, reservacio0_.fecha as fecha2_1_0_, reservacio0_.horario as horario3_1_0_, reservacio0_.num_mesas as num_mesa4_1_0_, reservacio0_.num_personas as num_pers5_1_0_ from reservacion reservacio0_ where reservacio0_.idreservacion=? for update
[DEBUG] Adding QuerySpace : uid = <gen:0> -> org.hibernate.loader.plan.build.internal.spaces.EntityQuerySpaceImpl@f925157]
[DEBUG] Visiting attribute path : cliente
[DEBUG] Adding QuerySpace : uid = <gen:1> -> org.hibernate.loader.plan.build.internal.spaces.EntityQuerySpaceImpl@12a03ab8]
[DEBUG] Visiting attribute path : fecha
[DEBUG] Visiting attribute path : horario
[DEBUG] Visiting attribute path : numMesas
[DEBUG] Visiting attribute path : numPersonas
[DEBUG] Building LoadPlan...
[DEBUG] processing queryspace <gen:0>
[DEBUG] LoadPlan(entity=mx.com.restaurante.domain.Reservacion)
    - Returns
       - EntityReturnImpl(entity=mx.com.restaurante.domain.Reservacion, querySpaceUid=<gen:0>, path=mx.com.restaurante.domain.Reservacion)
          - EntityAttributeFetchImpl(entity=mx.com.restaurante.domain.Cliente, querySpaceUid=<gen:1>, path=mx.com.restaurante.domain.Reservacion.cliente)
    - QuerySpaces
       - EntityQuerySpaceImpl(uid=<gen:0>, entity=mx.com.restaurante.domain.Reservacion)
          - SQL table alias mapping - reservacio0_
          - alias suffix - 0_
          - suffixed key columns - {idreserv1_1_0_}

[DEBUG] Static select for entity mx.com.restaurante.domain.Reservacion [OPTIMISTIC]: select reservacio0_.idreservacion as idreserv1_1_0_, reservacio0_.idcliente as idclient6_1_0_, reservacio0_.fecha as fecha2_1_0_, reservacio0_.horario as horario3_1_0_, reservacio0_.num_mesas as num_mesa4_1_0_, reservacio0_.num_personas as num_pers5_1_0_ from reservacion reservacio0_ where reservacio0_.idreservacion=?
[DEBUG] Adding QuerySpace : uid = <gen:0> -> org.hibernate.loader.plan.build.internal.spaces.EntityQuerySpaceImpl@774df27]
[DEBUG] Visiting attribute path : cliente
[DEBUG] Adding QuerySpace : uid = <gen:1> -> org.hibernate.loader.plan.build.internal.spaces.EntityQuerySpaceImpl@736622f6]
[DEBUG] Visiting attribute path : fecha
[DEBUG] Visiting attribute path : horario
[DEBUG] Visiting attribute path : numMesas
[DEBUG] Visiting attribute path : numPersonas
[DEBUG] Building LoadPlan...
[DEBUG] processing queryspace <gen:0>
[DEBUG] LoadPlan(entity=mx.com.restaurante.domain.Reservacion)
    - Returns
       - EntityReturnImpl(entity=mx.com.restaurante.domain.Reservacion, querySpaceUid=<gen:0>, path=mx.com.restaurante.domain.Reservacion)
          - EntityAttributeFetchImpl(entity=mx.com.restaurante.domain.Cliente, querySpaceUid=<gen:1>, path=mx.com.restaurante.domain.Reservacion.cliente)
    - QuerySpaces
       - EntityQuerySpaceImpl(uid=<gen:0>, entity=mx.com.restaurante.domain.Reservacion)
          - SQL table alias mapping - reservacio0_
          - alias suffix - 0_
          - suffixed key columns - {idreserv1_1_0_}

[DEBUG] Static select for entity mx.com.restaurante.domain.Reservacion [OPTIMISTIC_FORCE_INCREMENT]: select reservacio0_.idreservacion as idreserv1_1_0_, reservacio0_.idcliente as idclient6_1_0_, reservacio0_.fecha as fecha2_1_0_, reservacio0_.horario as horario3_1_0_, reservacio0_.num_mesas as num_mesa4_1_0_, reservacio0_.num_personas as num_pers5_1_0_ from reservacion reservacio0_ where reservacio0_.idreservacion=?
[DEBUG] Static select for action ACTION_MERGE on entity mx.com.restaurante.domain.Reservacion: select reservacio0_.idreservacion as idreserv1_1_0_, reservacio0_.idcliente as idclient6_1_0_, reservacio0_.fecha as fecha2_1_0_, reservacio0_.horario as horario3_1_0_, reservacio0_.num_mesas as num_mesa4_1_0_, reservacio0_.num_personas as num_pers5_1_0_ from reservacion reservacio0_ where reservacio0_.idreservacion=?
[DEBUG] Static select for action ACTION_REFRESH on entity mx.com.restaurante.domain.Reservacion: select reservacio0_.idreservacion as idreserv1_1_0_, reservacio0_.idcliente as idclient6_1_0_, reservacio0_.fecha as fecha2_1_0_, reservacio0_.horario as horario3_1_0_, reservacio0_.num_mesas as num_mesa4_1_0_, reservacio0_.num_personas as num_pers5_1_0_ from reservacion reservacio0_ where reservacio0_.idreservacion=?
[DEBUG] Adding QuerySpace : uid = <gen:0> -> org.hibernate.loader.plan.build.internal.spaces.CollectionQuerySpaceImpl@6000a3d8]
[DEBUG] Adding QuerySpace : uid = <gen:1> -> org.hibernate.loader.plan.build.internal.spaces.EntityQuerySpaceImpl@412cc518]
[DEBUG] Visiting attribute path : cliente
[DEBUG] Property path deemed to be circular : cliente
[DEBUG] Visiting attribute path : fecha
[DEBUG] Visiting attribute path : horario
[DEBUG] Visiting attribute path : numMesas
[DEBUG] Visiting attribute path : numPersonas
[DEBUG] Building LoadPlan...
[DEBUG] processing queryspace <gen:0>
[DEBUG] LoadPlan(collection=mx.com.restaurante.domain.Cliente.reservaciones)
    - Returns
       - CollectionReturnImpl(collection=mx.com.restaurante.domain.Cliente.reservaciones, querySpaceUid=<gen:0>, path=[mx.com.restaurante.domain.Cliente.reservaciones])
          - (collection element) CollectionFetchableElementEntityGraph(entity=mx.com.restaurante.domain.Reservacion, querySpaceUid=<gen:1>, path=[mx.com.restaurante.domain.Cliente.reservaciones].<elements>)
    - QuerySpaces
       - CollectionQuerySpaceImpl(uid=<gen:0>, collection=mx.com.restaurante.domain.Cliente.reservaciones)
          - SQL table alias mapping - reservacio0_
          - alias suffix - 0_
          - suffixed key columns - {idclient6_1_0_}
          - entity-element alias suffix - 1_
          - 1_entity-element suffixed key columns - idreserv1_1_1_
          - JOIN (JoinDefinedByMetadata(elements)) : <gen:0> -> <gen:1>
             - EntityQuerySpaceImpl(uid=<gen:1>, entity=mx.com.restaurante.domain.Reservacion)
                - SQL table alias mapping - reservacio0_
                - alias suffix - 1_
                - suffixed key columns - {idreserv1_1_1_}

[DEBUG] Static select for collection mx.com.restaurante.domain.Cliente.reservaciones: select reservacio0_.idcliente as idclient6_1_0_, reservacio0_.idreservacion as idreserv1_1_0_, reservacio0_.idreservacion as idreserv1_1_1_, reservacio0_.idcliente as idclient6_1_1_, reservacio0_.fecha as fecha2_1_1_, reservacio0_.horario as horario3_1_1_, reservacio0_.num_mesas as num_mesa4_1_1_, reservacio0_.num_personas as num_pers5_1_1_ from reservacion reservacio0_ where reservacio0_.idcliente=?
[DEBUG] Instantiated session factory
[INFO] HHH000228: Running hbm2ddl schema update
[DEBUG] No alter strings for table : cliente
[DEBUG] No alter strings for table : reservacion
[DEBUG] Checking 0 named HQL queries
[DEBUG] Checking 0 named SQL queries
[DEBUG] Registering SessionFactory: 20731633-2217-4451-8f4d-e23c4c4a4fbd (<unnamed>)
[DEBUG] Not binding SessionFactory to JNDI, no JNDI name configured
[DEBUG] No actions specified; doing nothing
[DEBUG] Registering EntityManagerFactory: default 
[WARN] HHH000436: Entity manager factory name (default) is already registered.  If entity manager will be clustered or passivated, specify a unique value for property 'hibernate.ejb.entitymanager_factory_name'
[INFO] Initialized JPA EntityManagerFactory for persistence unit 'default'
[DEBUG] Returning cached instance of singleton bean 'org.springframework.transaction.config.internalTransactionAdvisor'
[DEBUG] Returning cached instance of singleton bean 'org.springframework.transaction.config.internalTransactionAdvisor'
[DEBUG] Finished creating instance of bean 'entityManagerFactory'
[DEBUG] Pre-instantiating singletons in org.springframework.beans.factory.support.DefaultListableBeanFactory@7074d98f: defining beans [org.springframework.boot.test.mock.mockito.MockitoPostProcessor$SpyPostProcessor,org.springframework.boot.test.mock.mockito.MockitoPostProcessor,org.springframework.context.annotation.internalConfigurationAnnotationProcessor,org.springframework.context.annotation.internalAutowiredAnnotationProcessor,org.springframework.context.annotation.internalRequiredAnnotationProcessor,org.springframework.context.annotation.internalCommonAnnotationProcessor,org.springframework.context.annotation.internalPersistenceAnnotationProcessor,org.springframework.context.event.internalEventListenerProcessor,org.springframework.context.event.internalEventListenerFactory,application,org.springframework.boot.autoconfigure.internalCachingMetadataReaderFactory,clienteController,loginController,reservacionController,mailConfiguration,mvcConfig,clienteServiceImpl,reservacionServiceImpl,webSecurityConfig,javaMailSender,org.springframework.security.config.annotation.configuration.ObjectPostProcessorConfiguration,objectPostProcessor,org.springframework.security.config.annotation.authentication.configuration.AuthenticationConfiguration,authenticationManagerBuilder,enableGlobalAuthenticationAutowiredConfigurer,initializeUserDetailsBeanManagerConfigurer,initializeAuthenticationProviderBeanManagerConfigurer,org.springframework.security.config.annotation.web.configuration.WebSecurityConfiguration,delegatingApplicationListener,webSecurityExpressionHandler,springSecurityFilterChain,privilegeEvaluator,autowiredWebSecurityConfigurersIgnoreParents,org.springframework.security.config.annotation.web.configuration.WebMvcSecurityConfiguration,requestDataValueProcessor,org.springframework.boot.autoconfigure.AutoConfigurationPackages,org.springframework.boot.autoconfigure.condition.BeanTypeRegistry,org.springframework.boot.autoconfigure.context.MessageSourceAutoConfiguration,messageSource,org.springframework.boot.context.properties.ConfigurationPropertiesBindingPostProcessor,org.springframework.boot.context.properties.ConfigurationPropertiesBindingPostProcessor.store,org.springframework.boot.autoconfigure.context.PropertyPlaceholderAutoConfiguration,propertySourcesPlaceholderConfigurer,org.springframework.boot.autoconfigure.jackson.JacksonAutoConfiguration$Jackson2ObjectMapperBuilderCustomizerConfiguration,standardJacksonObjectMapperBuilderCustomizer,spring.jackson-org.springframework.boot.autoconfigure.jackson.JacksonProperties,org.springframework.boot.autoconfigure.jackson.JacksonAutoConfiguration$JacksonObjectMapperBuilderConfiguration,jacksonObjectMapperBuilder,org.springframework.boot.autoconfigure.jackson.JacksonAutoConfiguration$JacksonObjectMapperConfiguration,jacksonObjectMapper,org.springframework.boot.autoconfigure.jackson.JacksonAutoConfiguration,jsonComponentModule,org.springframework.boot.autoconfigure.websocket.WebSocketAutoConfiguration$TomcatWebSocketConfiguration,websocketContainerCustomizer,org.springframework.boot.autoconfigure.websocket.WebSocketAutoConfiguration,org.springframework.boot.autoconfigure.web.EmbeddedServletContainerAutoConfiguration$EmbeddedTomcat,tomcatEmbeddedServletContainerFactory,org.springframework.boot.autoconfigure.web.EmbeddedServletContainerAutoConfiguration,embeddedServletContainerCustomizerBeanPostProcessor,errorPageRegistrarBeanPostProcessor,org.springframework.boot.autoconfigure.web.DispatcherServletAutoConfiguration$DispatcherServletConfiguration,dispatcherServlet,spring.mvc-org.springframework.boot.autoconfigure.web.WebMvcProperties,org.springframework.boot.autoconfigure.web.DispatcherServletAutoConfiguration$DispatcherServletRegistrationConfiguration,dispatcherServletRegistration,org.springframework.boot.autoconfigure.web.DispatcherServletAutoConfiguration,org.springframework.boot.autoconfigure.validation.ValidationAutoConfiguration,jsr303Validator,methodValidationPostProcessor,org.springframework.boot.autoconfigure.web.ErrorMvcAutoConfiguration$DefaultErrorViewResolverConfiguration,conventionErrorViewResolver,org.springframework.boot.autoconfigure.web.ErrorMvcAutoConfiguration,errorAttributes,basicErrorController,errorPageCustomizer,preserveErrorControllerTargetClassPostProcessor,spring.resources-org.springframework.boot.autoconfigure.web.ResourceProperties,org.springframework.boot.autoconfigure.web.WebMvcAutoConfiguration$EnableWebMvcConfiguration,requestMappingHandlerAdapter,requestMappingHandlerMapping,mvcValidator,mvcPathMatcher,mvcUrlPathHelper,mvcContentNegotiationManager,viewControllerHandlerMapping,beanNameHandlerMapping,resourceHandlerMapping,mvcResourceUrlProvider,defaultServletHandlerMapping,mvcConversionService,mvcUriComponentsContributor,httpRequestHandlerAdapter,simpleControllerHandlerAdapter,handlerExceptionResolver,mvcViewResolver,org.springframework.boot.autoconfigure.web.WebMvcAutoConfiguration$WebMvcAutoConfigurationAdapter$FaviconConfiguration,faviconHandlerMapping,faviconRequestHandler,org.springframework.boot.autoconfigure.web.WebMvcAutoConfiguration$WebMvcAutoConfigurationAdapter,defaultViewResolver,viewResolver,welcomePageHandlerMapping,requestContextFilter,org.springframework.boot.autoconfigure.web.WebMvcAutoConfiguration,hiddenHttpMethodFilter,httpPutFormContentFilter,org.springframework.boot.autoconfigure.aop.AopAutoConfiguration$JdkDynamicAutoProxyConfiguration,org.springframework.aop.config.internalAutoProxyCreator,org.springframework.boot.autoconfigure.aop.AopAutoConfiguration,org.springframework.boot.autoconfigure.transaction.jta.JtaAutoConfiguration,spring.jta-org.springframework.boot.autoconfigure.transaction.jta.JtaProperties,org.springframework.boot.autoconfigure.jdbc.DataSourceConfiguration$Tomcat,dataSource,org.springframework.boot.autoconfigure.jdbc.DataSourceAutoConfiguration$PooledDataSourceConfiguration,org.springframework.boot.autoconfigure.jdbc.metadata.DataSourcePoolMetadataProvidersConfiguration$TomcatDataSourcePoolMetadataProviderConfiguration,tomcatPoolDataSourceMetadataProvider,org.springframework.boot.autoconfigure.jdbc.metadata.DataSourcePoolMetadataProvidersConfiguration,org.springframework.boot.autoconfigure.jdbc.DataSourceAutoConfiguration,dataSourceInitializer,spring.datasource-org.springframework.boot.autoconfigure.jdbc.DataSourceProperties,dataSourceInitializerPostProcessor,org.springframework.boot.autoconfigure.orm.jpa.JpaBaseConfiguration$JpaWebConfiguration$JpaWebMvcConfiguration,openEntityManagerInViewInterceptor,org.springframework.boot.autoconfigure.orm.jpa.JpaBaseConfiguration$JpaWebConfiguration,org.springframework.boot.autoconfigure.orm.jpa.HibernateJpaAutoConfiguration,transactionManager,jpaVendorAdapter,entityManagerFactoryBuilder,entityManagerFactory,spring.jpa-org.springframework.boot.autoconfigure.orm.jpa.JpaProperties,dataSourceInitializedPublisher,org.springframework.boot.autoconfigure.context.ConfigurationPropertiesAutoConfiguration,org.springframework.boot.autoconfigure.dao.PersistenceExceptionTranslationAutoConfiguration,persistenceExceptionTranslationPostProcessor,org.springframework.boot.autoconfigure.data.jpa.JpaRepositoriesAutoConfiguration,emBeanDefinitionRegistrarPostProcessor,jpaMappingContext,jpaContext,clienteRepository,reservacionRepository,org.springframework.transaction.annotation.ProxyTransactionManagementConfiguration,org.springframework.transaction.config.internalTransactionAdvisor,transactionAttributeSource,transactionInterceptor,org.springframework.transaction.config.internalTransactionalEventListenerFactory,org.springframework.boot.autoconfigure.jdbc.DataSourceTransactionManagerAutoConfiguration$TransactionManagementConfiguration,org.springframework.boot.autoconfigure.jdbc.DataSourceTransactionManagerAutoConfiguration$DataSourceTransactionManagerConfiguration,org.springframework.boot.autoconfigure.jdbc.DataSourceTransactionManagerAutoConfiguration,org.springframework.boot.autoconfigure.transaction.TransactionAutoConfiguration$TransactionTemplateConfiguration,transactionTemplate,org.springframework.boot.autoconfigure.transaction.TransactionAutoConfiguration,platformTransactionManagerCustomizers,spring.transaction-org.springframework.boot.autoconfigure.transaction.TransactionProperties,org.springframework.boot.autoconfigure.web.HttpMessageConvertersAutoConfiguration$StringHttpMessageConverterConfiguration,stringHttpMessageConverter,spring.http.encoding-org.springframework.boot.autoconfigure.web.HttpEncodingProperties,org.springframework.boot.autoconfigure.web.JacksonHttpMessageConvertersConfiguration$MappingJackson2HttpMessageConverterConfiguration,mappingJackson2HttpMessageConverter,org.springframework.boot.autoconfigure.web.JacksonHttpMessageConvertersConfiguration,org.springframework.boot.autoconfigure.web.HttpMessageConvertersAutoConfiguration,messageConverters,org.springframework.data.web.config.SpringDataWebConfiguration,pageableResolver,sortResolver,org.springframework.data.web.config.SpringDataJacksonConfiguration,jacksonGeoModule,org.springframework.boot.autoconfigure.data.web.SpringDataWebAutoConfiguration,org.springframework.boot.autoconfigure.security.AuthenticationManagerConfiguration,authenticationManager,springBootAuthenticationConfigurerAdapter,authenticationManagerConfigurationListener,org.springframework.boot.autoconfigure.security.BootGlobalAuthenticationConfiguration,bootGlobalAuthenticationConfigurationAdapter,org.springframework.boot.autoconfigure.security.SecurityAutoConfiguration,authenticationEventPublisher,securityProperties,org.springframework.boot.autoconfigure.info.ProjectInfoAutoConfiguration,spring.info-org.springframework.boot.autoconfigure.info.ProjectInfoProperties,org.springframework.boot.autoconfigure.jdbc.JdbcTemplateAutoConfiguration,jdbcTemplate,namedParameterJdbcTemplate,org.springframework.boot.autoconfigure.thymeleaf.ThymeleafAutoConfiguration$ThymeleafResourceHandlingConfig,org.springframework.boot.autoconfigure.thymeleaf.ThymeleafAutoConfiguration$ThymeleafDefaultConfiguration,templateEngine,org.springframework.boot.autoconfigure.thymeleaf.ThymeleafAutoConfiguration$Thymeleaf2Configuration$Thymeleaf2ViewResolverConfiguration,thymeleafViewResolver,org.springframework.boot.autoconfigure.thymeleaf.ThymeleafAutoConfiguration$Thymeleaf2Configuration$DefaultTemplateResolverConfiguration,thymeleafResourceResolver,defaultTemplateResolver,org.springframework.boot.autoconfigure.thymeleaf.ThymeleafAutoConfiguration$Thymeleaf2Configuration,org.springframework.boot.autoconfigure.thymeleaf.ThymeleafAutoConfiguration,spring.thymeleaf-org.springframework.boot.autoconfigure.thymeleaf.ThymeleafProperties,org.springframework.boot.autoconfigure.security.SecurityFilterAutoConfiguration,securityFilterChainRegistration,org.springframework.boot.autoconfigure.web.HttpEncodingAutoConfiguration,characterEncodingFilter,localeCharsetMappingsCustomizer,org.springframework.boot.autoconfigure.web.MultipartAutoConfiguration,multipartConfigElement,multipartResolver,spring.http.multipart-org.springframework.boot.autoconfigure.web.MultipartProperties,org.springframework.boot.autoconfigure.web.ServerPropertiesAutoConfiguration,serverProperties,duplicateServerPropertiesDetector,org.springframework.boot.autoconfigure.web.WebClientAutoConfiguration$RestTemplateConfiguration,restTemplateBuilder,org.springframework.boot.autoconfigure.web.WebClientAutoConfiguration,org.springframework.orm.jpa.SharedEntityManagerCreator#0]; root of factory hierarchy
[DEBUG] Returning cached instance of singleton bean 'org.springframework.boot.test.mock.mockito.MockitoPostProcessor$SpyPostProcessor'
[DEBUG] Returning cached instance of singleton bean 'org.springframework.boot.test.mock.mockito.MockitoPostProcessor'
[DEBUG] Returning cached instance of singleton bean 'org.springframework.context.annotation.internalConfigurationAnnotationProcessor'
[DEBUG] Returning cached instance of singleton bean 'org.springframework.context.annotation.internalAutowiredAnnotationProcessor'
[DEBUG] Returning cached instance of singleton bean 'org.springframework.context.annotation.internalRequiredAnnotationProcessor'
[DEBUG] Returning cached instance of singleton bean 'org.springframework.context.annotation.internalCommonAnnotationProcessor'
[DEBUG] Returning cached instance of singleton bean 'org.springframework.context.annotation.internalPersistenceAnnotationProcessor'
[DEBUG] Creating shared instance of singleton bean 'org.springframework.context.event.internalEventListenerProcessor'
[DEBUG] Creating instance of bean 'org.springframework.context.event.internalEventListenerProcessor'
[DEBUG] Returning cached instance of singleton bean 'org.springframework.transaction.config.internalTransactionAdvisor'
[DEBUG] Eagerly caching bean 'org.springframework.context.event.internalEventListenerProcessor' to allow for resolving potential circular references
[DEBUG] Returning cached instance of singleton bean 'org.springframework.transaction.config.internalTransactionAdvisor'
[DEBUG] Returning cached instance of singleton bean 'org.springframework.transaction.config.internalTransactionAdvisor'
[DEBUG] Finished creating instance of bean 'org.springframework.context.event.internalEventListenerProcessor'
[DEBUG] Creating shared instance of singleton bean 'org.springframework.context.event.internalEventListenerFactory'
[DEBUG] Creating instance of bean 'org.springframework.context.event.internalEventListenerFactory'
[DEBUG] Returning cached instance of singleton bean 'org.springframework.transaction.config.internalTransactionAdvisor'
[DEBUG] Eagerly caching bean 'org.springframework.context.event.internalEventListenerFactory' to allow for resolving potential circular references
[DEBUG] Returning cached instance of singleton bean 'org.springframework.transaction.config.internalTransactionAdvisor'
[DEBUG] Returning cached instance of singleton bean 'org.springframework.transaction.config.internalTransactionAdvisor'
[DEBUG] Finished creating instance of bean 'org.springframework.context.event.internalEventListenerFactory'
[DEBUG] Creating shared instance of singleton bean 'application'
[DEBUG] Creating instance of bean 'application'
[DEBUG] Returning cached instance of singleton bean 'org.springframework.transaction.config.internalTransactionAdvisor'
[DEBUG] Eagerly caching bean 'application' to allow for resolving potential circular references
[DEBUG] Returning cached instance of singleton bean 'org.springframework.transaction.config.internalTransactionAdvisor'
[DEBUG] Returning cached instance of singleton bean 'org.springframework.transaction.config.internalTransactionAdvisor'
[DEBUG] Finished creating instance of bean 'application'
[DEBUG] Returning cached instance of singleton bean 'org.springframework.boot.autoconfigure.internalCachingMetadataReaderFactory'
[DEBUG] Creating shared instance of singleton bean 'clienteController'
[DEBUG] Creating instance of bean 'clienteController'
[DEBUG] Returning cached instance of singleton bean 'org.springframework.transaction.config.internalTransactionAdvisor'
[DEBUG] Registered injected element on class [mx.com.restaurante.controller.ClienteController]: AutowiredFieldElement for mx.com.restaurante.service.ClienteService mx.com.restaurante.controller.ClienteController.clienteService
[DEBUG] Eagerly caching bean 'clienteController' to allow for resolving potential circular references
[DEBUG] Processing injected element of bean 'clienteController': AutowiredFieldElement for mx.com.restaurante.service.ClienteService mx.com.restaurante.controller.ClienteController.clienteService
[DEBUG] Creating shared instance of singleton bean 'clienteServiceImpl'
[DEBUG] Creating instance of bean 'clienteServiceImpl'
[DEBUG] Returning cached instance of singleton bean 'org.springframework.transaction.config.internalTransactionAdvisor'
[DEBUG] Registered injected element on class [mx.com.restaurante.service.impl.ClienteServiceImpl]: AutowiredFieldElement for org.springframework.context.MessageSource mx.com.restaurante.service.impl.ClienteServiceImpl.messages
[DEBUG] Registered injected element on class [mx.com.restaurante.service.impl.ClienteServiceImpl]: AutowiredFieldElement for mx.com.restaurante.domain.repository.ClienteRepository mx.com.restaurante.service.impl.ClienteServiceImpl.clienteRepository
[DEBUG] Eagerly caching bean 'clienteServiceImpl' to allow for resolving potential circular references
[DEBUG] Processing injected element of bean 'clienteServiceImpl': AutowiredFieldElement for org.springframework.context.MessageSource mx.com.restaurante.service.impl.ClienteServiceImpl.messages
[DEBUG] Returning cached instance of singleton bean 'messageSource'
[DEBUG] Autowiring by type from bean name 'clienteServiceImpl' to bean named 'messageSource'
[DEBUG] Processing injected element of bean 'clienteServiceImpl': AutowiredFieldElement for mx.com.restaurante.domain.repository.ClienteRepository mx.com.restaurante.service.impl.ClienteServiceImpl.clienteRepository
[DEBUG] Creating shared instance of singleton bean 'clienteRepository'
[DEBUG] Creating instance of bean 'clienteRepository'
[DEBUG] Returning cached instance of singleton bean 'org.springframework.transaction.config.internalTransactionAdvisor'
[DEBUG] Registered injected element on class [org.springframework.data.jpa.repository.support.JpaRepositoryFactoryBean]: PersistenceElement for public void org.springframework.data.jpa.repository.support.JpaRepositoryFactoryBean.setEntityManager(javax.persistence.EntityManager)
[DEBUG] Eagerly caching bean 'clienteRepository' to allow for resolving potential circular references
[DEBUG] Processing injected element of bean 'clienteRepository': PersistenceElement for public void org.springframework.data.jpa.repository.support.JpaRepositoryFactoryBean.setEntityManager(javax.persistence.EntityManager)
[DEBUG] Creating instance of bean '(inner bean)#43b1bb9'
[DEBUG] Returning cached instance of singleton bean 'org.springframework.transaction.config.internalTransactionAdvisor'
[DEBUG] Creating instance of bean '(inner bean)#3a6c8ffb'
[DEBUG] Returning cached instance of singleton bean 'org.springframework.transaction.config.internalTransactionAdvisor'
[DEBUG] Resolved classpath location [META-INF/jpa-named-queries.properties] to resources []
[DEBUG] Invoking afterPropertiesSet() on bean with name '(inner bean)#3a6c8ffb'
[DEBUG] Returning cached instance of singleton bean 'org.springframework.transaction.config.internalTransactionAdvisor'
[DEBUG] Returning cached instance of singleton bean 'org.springframework.transaction.config.internalTransactionAdvisor'
[DEBUG] Finished creating instance of bean '(inner bean)#3a6c8ffb'
[DEBUG] Returning cached instance of singleton bean 'org.springframework.transaction.config.internalTransactionAdvisor'
[DEBUG] Returning cached instance of singleton bean 'org.springframework.transaction.config.internalTransactionAdvisor'
[DEBUG] Returning cached instance of singleton bean 'org.springframework.transaction.config.internalTransactionAdvisor'
[DEBUG] Returning cached instance of singleton bean 'org.springframework.transaction.config.internalTransactionAdvisor'
[DEBUG] Finished creating instance of bean '(inner bean)#43b1bb9'
[DEBUG] Creating instance of bean '(inner bean)#4a33a453'
[DEBUG] Returning cached instance of singleton bean 'org.springframework.transaction.config.internalTransactionAdvisor'
[DEBUG] Returning cached instance of singleton bean 'org.springframework.transaction.config.internalTransactionAdvisor'
[DEBUG] Returning cached instance of singleton bean 'org.springframework.transaction.config.internalTransactionAdvisor'
[DEBUG] Finished creating instance of bean '(inner bean)#4a33a453'
[DEBUG] Creating instance of bean '(inner bean)#7e5f7a65'
[DEBUG] Returning cached instance of singleton bean 'org.springframework.transaction.config.internalTransactionAdvisor'
[DEBUG] Returning cached instance of singleton bean 'entityManagerFactory'
[DEBUG] Returning cached instance of singleton bean 'org.springframework.transaction.config.internalTransactionAdvisor'
[DEBUG] Returning cached instance of singleton bean 'org.springframework.transaction.config.internalTransactionAdvisor'
[DEBUG] Creating shared instance of singleton bean 'delegatingApplicationListener'
[DEBUG] Creating instance of bean 'delegatingApplicationListener'
[DEBUG] Returning cached instance of singleton bean 'org.springframework.transaction.config.internalTransactionAdvisor'
[DEBUG] Eagerly caching bean 'delegatingApplicationListener' to allow for resolving potential circular references
[DEBUG] Returning cached instance of singleton bean 'org.springframework.transaction.config.internalTransactionAdvisor'
[DEBUG] Returning cached instance of singleton bean 'org.springframework.transaction.config.internalTransactionAdvisor'
[DEBUG] Finished creating instance of bean 'delegatingApplicationListener'
[DEBUG] Returning cached instance of singleton bean 'dataSourceInitializer'
[DEBUG] Resolved classpath location [data-all.sql] to resources []
[DEBUG] Resolved classpath location [data.sql] to resources []
[DEBUG] Returning cached instance of singleton bean 'org.springframework.transaction.config.internalTransactionAdvisor'
[DEBUG] Returning cached instance of singleton bean 'org.springframework.transaction.config.internalTransactionAdvisor'
[DEBUG] Finished creating instance of bean '(inner bean)#7e5f7a65'
[DEBUG] Creating shared instance of singleton bean 'jpaMappingContext'
[DEBUG] Creating instance of bean 'jpaMappingContext'
[DEBUG] Returning cached instance of singleton bean 'org.springframework.transaction.config.internalTransactionAdvisor'
[DEBUG] Eagerly caching bean 'jpaMappingContext' to allow for resolving potential circular references
[DEBUG] Invoking afterPropertiesSet() on bean with name 'jpaMappingContext'
[DEBUG] Returning cached instance of singleton bean 'entityManagerFactory'
[DEBUG] Returning cached instance of singleton bean 'org.springframework.transaction.config.internalTransactionAdvisor'
[DEBUG] Returning cached instance of singleton bean 'org.springframework.transaction.config.internalTransactionAdvisor'
[DEBUG] Finished creating instance of bean 'jpaMappingContext'
[DEBUG] Returning cached instance of singleton bean 'org.springframework.transaction.config.internalTransactionAdvisor'
[DEBUG] Returning cached instance of singleton bean 'org.springframework.transaction.config.internalTransactionAdvisor'
[DEBUG] Invoking afterPropertiesSet() on bean with name 'clienteRepository'
[DEBUG] Creating new EntityManager for shared EntityManager invocation
[DEBUG] Statistics initialized [enabled=false]
[DEBUG] Closing JPA EntityManager
[DEBUG] Creating new EntityManager for shared EntityManager invocation
[DEBUG] Closing JPA EntityManager
[DEBUG] Creating JDK dynamic proxy: target source is org.springframework.data.jpa.repository.support.CrudMethodMetadataPostProcessor$ThreadBoundTargetSource@21235623
[DEBUG] Creating new EntityManager for shared EntityManager invocation
[DEBUG] Closing JPA EntityManager
[DEBUG] Looking up query for method findByNombre
[DEBUG] Looking up named query Cliente.findByNombre
[DEBUG] Mark transaction for rollback
[DEBUG] Did not find named query Cliente.findByNombre
[DEBUG] Creating JDK dynamic proxy: target source is SingletonTargetSource for target object [org.springframework.data.jpa.repository.support.SimpleJpaRepository@2a1f9e2a]
[DEBUG] Returning cached instance of singleton bean 'org.springframework.transaction.config.internalTransactionAdvisor'
[DEBUG] Returning cached instance of singleton bean 'org.springframework.transaction.config.internalTransactionAdvisor'
[DEBUG] Finished creating instance of bean 'clienteRepository'
[DEBUG] Returning cached instance of singleton bean 'org.springframework.transaction.config.internalTransactionAdvisor'
[DEBUG] Returning cached instance of singleton bean 'org.springframework.transaction.config.internalTransactionAdvisor'
[DEBUG] Autowiring by type from bean name 'clienteServiceImpl' to bean named 'clienteRepository'
[DEBUG] Returning cached instance of singleton bean 'org.springframework.transaction.config.internalTransactionAdvisor'
[DEBUG] Returning cached instance of singleton bean 'org.springframework.transaction.config.internalTransactionAdvisor'
[DEBUG] Finished creating instance of bean 'clienteServiceImpl'
[DEBUG] Autowiring by type from bean name 'clienteController' to bean named 'clienteServiceImpl'
[DEBUG] Returning cached instance of singleton bean 'org.springframework.transaction.config.internalTransactionAdvisor'
[DEBUG] Returning cached instance of singleton bean 'org.springframework.transaction.config.internalTransactionAdvisor'
[DEBUG] Finished creating instance of bean 'clienteController'
[DEBUG] Creating shared instance of singleton bean 'loginController'
[DEBUG] Creating instance of bean 'loginController'
[DEBUG] Returning cached instance of singleton bean 'org.springframework.transaction.config.internalTransactionAdvisor'
[DEBUG] Registered injected element on class [mx.com.restaurante.controller.LoginController]: AutowiredFieldElement for mx.com.restaurante.service.ClienteService mx.com.restaurante.controller.LoginController.clienteService
[DEBUG] Registered injected element on class [mx.com.restaurante.controller.LoginController]: AutowiredFieldElement for mx.com.restaurante.service.ReservacionService mx.com.restaurante.controller.LoginController.reservacionService
[DEBUG] Eagerly caching bean 'loginController' to allow for resolving potential circular references
[DEBUG] Processing injected element of bean 'loginController': AutowiredFieldElement for mx.com.restaurante.service.ClienteService mx.com.restaurante.controller.LoginController.clienteService
[DEBUG] Returning cached instance of singleton bean 'clienteServiceImpl'
[DEBUG] Autowiring by type from bean name 'loginController' to bean named 'clienteServiceImpl'
[DEBUG] Processing injected element of bean 'loginController': AutowiredFieldElement for mx.com.restaurante.service.ReservacionService mx.com.restaurante.controller.LoginController.reservacionService
[DEBUG] Creating shared instance of singleton bean 'reservacionServiceImpl'
[DEBUG] Creating instance of bean 'reservacionServiceImpl'
[DEBUG] Returning cached instance of singleton bean 'org.springframework.transaction.config.internalTransactionAdvisor'
[DEBUG] Registered injected element on class [mx.com.restaurante.service.impl.ReservacionServiceImpl]: AutowiredFieldElement for org.springframework.context.MessageSource mx.com.restaurante.service.impl.ReservacionServiceImpl.messages
[DEBUG] Registered injected element on class [mx.com.restaurante.service.impl.ReservacionServiceImpl]: AutowiredFieldElement for mx.com.restaurante.domain.repository.ReservacionRepository mx.com.restaurante.service.impl.ReservacionServiceImpl.reservacionRepository
[DEBUG] Eagerly caching bean 'reservacionServiceImpl' to allow for resolving potential circular references
[DEBUG] Processing injected element of bean 'reservacionServiceImpl': AutowiredFieldElement for org.springframework.context.MessageSource mx.com.restaurante.service.impl.ReservacionServiceImpl.messages
[DEBUG] Returning cached instance of singleton bean 'messageSource'
[DEBUG] Autowiring by type from bean name 'reservacionServiceImpl' to bean named 'messageSource'
[DEBUG] Processing injected element of bean 'reservacionServiceImpl': AutowiredFieldElement for mx.com.restaurante.domain.repository.ReservacionRepository mx.com.restaurante.service.impl.ReservacionServiceImpl.reservacionRepository
[DEBUG] Creating shared instance of singleton bean 'reservacionRepository'
[DEBUG] Creating instance of bean 'reservacionRepository'
[DEBUG] Returning cached instance of singleton bean 'org.springframework.transaction.config.internalTransactionAdvisor'
[DEBUG] Registered injected element on class [org.springframework.data.jpa.repository.support.JpaRepositoryFactoryBean]: PersistenceElement for public void org.springframework.data.jpa.repository.support.JpaRepositoryFactoryBean.setEntityManager(javax.persistence.EntityManager)
[DEBUG] Eagerly caching bean 'reservacionRepository' to allow for resolving potential circular references
[DEBUG] Processing injected element of bean 'reservacionRepository': PersistenceElement for public void org.springframework.data.jpa.repository.support.JpaRepositoryFactoryBean.setEntityManager(javax.persistence.EntityManager)
[DEBUG] Creating instance of bean '(inner bean)#37974180'
[DEBUG] Returning cached instance of singleton bean 'org.springframework.transaction.config.internalTransactionAdvisor'
[DEBUG] Creating instance of bean '(inner bean)#13683e07'
[DEBUG] Returning cached instance of singleton bean 'org.springframework.transaction.config.internalTransactionAdvisor'
[DEBUG] Resolved classpath location [META-INF/jpa-named-queries.properties] to resources []
[DEBUG] Invoking afterPropertiesSet() on bean with name '(inner bean)#13683e07'
[DEBUG] Returning cached instance of singleton bean 'org.springframework.transaction.config.internalTransactionAdvisor'
[DEBUG] Returning cached instance of singleton bean 'org.springframework.transaction.config.internalTransactionAdvisor'
[DEBUG] Finished creating instance of bean '(inner bean)#13683e07'
[DEBUG] Returning cached instance of singleton bean 'org.springframework.transaction.config.internalTransactionAdvisor'
[DEBUG] Returning cached instance of singleton bean 'org.springframework.transaction.config.internalTransactionAdvisor'
[DEBUG] Returning cached instance of singleton bean 'org.springframework.transaction.config.internalTransactionAdvisor'
[DEBUG] Returning cached instance of singleton bean 'org.springframework.transaction.config.internalTransactionAdvisor'
[DEBUG] Finished creating instance of bean '(inner bean)#37974180'
[DEBUG] Creating instance of bean '(inner bean)#6498ddb0'
[DEBUG] Returning cached instance of singleton bean 'org.springframework.transaction.config.internalTransactionAdvisor'
[DEBUG] Returning cached instance of singleton bean 'org.springframework.transaction.config.internalTransactionAdvisor'
[DEBUG] Returning cached instance of singleton bean 'org.springframework.transaction.config.internalTransactionAdvisor'
[DEBUG] Finished creating instance of bean '(inner bean)#6498ddb0'
[DEBUG] Creating instance of bean '(inner bean)#53513124'
[DEBUG] Returning cached instance of singleton bean 'org.springframework.transaction.config.internalTransactionAdvisor'
[DEBUG] Returning cached instance of singleton bean 'entityManagerFactory'
[DEBUG] Returning cached instance of singleton bean 'org.springframework.transaction.config.internalTransactionAdvisor'
[DEBUG] Returning cached instance of singleton bean 'org.springframework.transaction.config.internalTransactionAdvisor'
[DEBUG] Finished creating instance of bean '(inner bean)#53513124'
[DEBUG] Returning cached instance of singleton bean 'jpaMappingContext'
[DEBUG] Invoking afterPropertiesSet() on bean with name 'reservacionRepository'
[DEBUG] Creating new EntityManager for shared EntityManager invocation
[DEBUG] Closing JPA EntityManager
[DEBUG] Creating new EntityManager for shared EntityManager invocation
[DEBUG] Closing JPA EntityManager
[DEBUG] Creating JDK dynamic proxy: target source is org.springframework.data.jpa.repository.support.CrudMethodMetadataPostProcessor$ThreadBoundTargetSource@222b60d2
[DEBUG] Creating new EntityManager for shared EntityManager invocation
[DEBUG] Closing JPA EntityManager
[DEBUG] Creating JDK dynamic proxy: target source is SingletonTargetSource for target object [org.springframework.data.jpa.repository.support.SimpleJpaRepository@33cb0ab0]
[DEBUG] Returning cached instance of singleton bean 'org.springframework.transaction.config.internalTransactionAdvisor'
[DEBUG] Returning cached instance of singleton bean 'org.springframework.transaction.config.internalTransactionAdvisor'
[DEBUG] Finished creating instance of bean 'reservacionRepository'
[DEBUG] Returning cached instance of singleton bean 'org.springframework.transaction.config.internalTransactionAdvisor'
[DEBUG] Returning cached instance of singleton bean 'org.springframework.transaction.config.internalTransactionAdvisor'
[DEBUG] Autowiring by type from bean name 'reservacionServiceImpl' to bean named 'reservacionRepository'
[DEBUG] Returning cached instance of singleton bean 'org.springframework.transaction.config.internalTransactionAdvisor'
[DEBUG] Returning cached instance of singleton bean 'org.springframework.transaction.config.internalTransactionAdvisor'
[DEBUG] Finished creating instance of bean 'reservacionServiceImpl'
[DEBUG] Autowiring by type from bean name 'loginController' to bean named 'reservacionServiceImpl'
[DEBUG] Returning cached instance of singleton bean 'org.springframework.transaction.config.internalTransactionAdvisor'
[DEBUG] Returning cached instance of singleton bean 'org.springframework.transaction.config.internalTransactionAdvisor'
[DEBUG] Finished creating instance of bean 'loginController'
[DEBUG] Creating shared instance of singleton bean 'reservacionController'
[DEBUG] Creating instance of bean 'reservacionController'
[DEBUG] Returning cached instance of singleton bean 'org.springframework.transaction.config.internalTransactionAdvisor'
[DEBUG] Registered injected element on class [mx.com.restaurante.controller.ReservacionController]: AutowiredFieldElement for private org.springframework.core.env.Environment mx.com.restaurante.controller.ReservacionController.env
[DEBUG] Registered injected element on class [mx.com.restaurante.controller.ReservacionController]: AutowiredFieldElement for private org.springframework.context.MessageSource mx.com.restaurante.controller.ReservacionController.messages
[DEBUG] Registered injected element on class [mx.com.restaurante.controller.ReservacionController]: AutowiredFieldElement for mx.com.restaurante.domain.repository.ReservacionRepository mx.com.restaurante.controller.ReservacionController.reservacionRepository
[DEBUG] Registered injected element on class [mx.com.restaurante.controller.ReservacionController]: AutowiredFieldElement for mx.com.restaurante.service.ClienteService mx.com.restaurante.controller.ReservacionController.clienteService
[DEBUG] Registered injected element on class [mx.com.restaurante.controller.ReservacionController]: AutowiredMethodElement for public void mx.com.restaurante.controller.ReservacionController.setJavaMailSender(org.springframework.mail.javamail.JavaMailSender)
[DEBUG] Eagerly caching bean 'reservacionController' to allow for resolving potential circular references
[DEBUG] Processing injected element of bean 'reservacionController': AutowiredFieldElement for private org.springframework.core.env.Environment mx.com.restaurante.controller.ReservacionController.env
[DEBUG] Returning cached instance of singleton bean 'environment'
[DEBUG] Autowiring by type from bean name 'reservacionController' to bean named 'environment'
[DEBUG] Processing injected element of bean 'reservacionController': AutowiredFieldElement for private org.springframework.context.MessageSource mx.com.restaurante.controller.ReservacionController.messages
[DEBUG] Returning cached instance of singleton bean 'messageSource'
[DEBUG] Autowiring by type from bean name 'reservacionController' to bean named 'messageSource'
[DEBUG] Processing injected element of bean 'reservacionController': AutowiredFieldElement for mx.com.restaurante.domain.repository.ReservacionRepository mx.com.restaurante.controller.ReservacionController.reservacionRepository
[DEBUG] Returning cached instance of singleton bean 'reservacionRepository'
[DEBUG] Autowiring by type from bean name 'reservacionController' to bean named 'reservacionRepository'
[DEBUG] Processing injected element of bean 'reservacionController': AutowiredFieldElement for mx.com.restaurante.service.ClienteService mx.com.restaurante.controller.ReservacionController.clienteService
[DEBUG] Returning cached instance of singleton bean 'clienteServiceImpl'
[DEBUG] Autowiring by type from bean name 'reservacionController' to bean named 'clienteServiceImpl'
[DEBUG] Processing injected element of bean 'reservacionController': AutowiredMethodElement for public void mx.com.restaurante.controller.ReservacionController.setJavaMailSender(org.springframework.mail.javamail.JavaMailSender)
[DEBUG] Creating shared instance of singleton bean 'javaMailSender'
[DEBUG] Creating instance of bean 'javaMailSender'
[DEBUG] Returning cached instance of singleton bean 'org.springframework.transaction.config.internalTransactionAdvisor'
[DEBUG] Creating shared instance of singleton bean 'mailConfiguration'
[DEBUG] Creating instance of bean 'mailConfiguration'
[DEBUG] Returning cached instance of singleton bean 'org.springframework.transaction.config.internalTransactionAdvisor'
[DEBUG] Registered injected element on class [mx.com.restaurante.MailConfiguration$$EnhancerBySpringCGLIB$$197270ae]: AutowiredFieldElement for private java.lang.String mx.com.restaurante.MailConfiguration.protocolo
[DEBUG] Registered injected element on class [mx.com.restaurante.MailConfiguration$$EnhancerBySpringCGLIB$$197270ae]: AutowiredFieldElement for private java.lang.String mx.com.restaurante.MailConfiguration.host
[DEBUG] Registered injected element on class [mx.com.restaurante.MailConfiguration$$EnhancerBySpringCGLIB$$197270ae]: AutowiredFieldElement for private int mx.com.restaurante.MailConfiguration.port
[DEBUG] Registered injected element on class [mx.com.restaurante.MailConfiguration$$EnhancerBySpringCGLIB$$197270ae]: AutowiredFieldElement for private boolean mx.com.restaurante.MailConfiguration.auth
[DEBUG] Registered injected element on class [mx.com.restaurante.MailConfiguration$$EnhancerBySpringCGLIB$$197270ae]: AutowiredFieldElement for private boolean mx.com.restaurante.MailConfiguration.starttls
[DEBUG] Registered injected element on class [mx.com.restaurante.MailConfiguration$$EnhancerBySpringCGLIB$$197270ae]: AutowiredFieldElement for private java.lang.String mx.com.restaurante.MailConfiguration.from
[DEBUG] Registered injected element on class [mx.com.restaurante.MailConfiguration$$EnhancerBySpringCGLIB$$197270ae]: AutowiredFieldElement for private java.lang.String mx.com.restaurante.MailConfiguration.username
[DEBUG] Registered injected element on class [mx.com.restaurante.MailConfiguration$$EnhancerBySpringCGLIB$$197270ae]: AutowiredFieldElement for private java.lang.String mx.com.restaurante.MailConfiguration.password
[DEBUG] Eagerly caching bean 'mailConfiguration' to allow for resolving potential circular references
[DEBUG] Processing injected element of bean 'mailConfiguration': AutowiredFieldElement for private java.lang.String mx.com.restaurante.MailConfiguration.protocolo
[DEBUG] Found key 'mail.protocolo' in [class path resource [mail.properties]] with type [String]
[DEBUG] Found key 'mail.protocolo' in [environmentProperties] with type [String]
[DEBUG] Processing injected element of bean 'mailConfiguration': AutowiredFieldElement for private java.lang.String mx.com.restaurante.MailConfiguration.host
[DEBUG] Found key 'mail.host' in [class path resource [mail.properties]] with type [String]
[DEBUG] Found key 'mail.host' in [environmentProperties] with type [String]
[DEBUG] Processing injected element of bean 'mailConfiguration': AutowiredFieldElement for private int mx.com.restaurante.MailConfiguration.port
[DEBUG] Found key 'mail.port' in [class path resource [mail.properties]] with type [String]
[DEBUG] Found key 'mail.port' in [environmentProperties] with type [String]
[DEBUG] Processing injected element of bean 'mailConfiguration': AutowiredFieldElement for private boolean mx.com.restaurante.MailConfiguration.auth
[DEBUG] Found key 'mail.smtp.auth' in [class path resource [mail.properties]] with type [String]
[DEBUG] Found key 'mail.smtp.auth' in [environmentProperties] with type [String]
[DEBUG] Processing injected element of bean 'mailConfiguration': AutowiredFieldElement for private boolean mx.com.restaurante.MailConfiguration.starttls
[DEBUG] Found key 'mail.smtp.starttls.enable' in [class path resource [mail.properties]] with type [String]
[DEBUG] Found key 'mail.smtp.starttls.enable' in [environmentProperties] with type [String]
[DEBUG] Processing injected element of bean 'mailConfiguration': AutowiredFieldElement for private java.lang.String mx.com.restaurante.MailConfiguration.from
[DEBUG] Found key 'mail.from' in [class path resource [mail.properties]] with type [String]
[DEBUG] Found key 'mail.from' in [environmentProperties] with type [String]
[DEBUG] Processing injected element of bean 'mailConfiguration': AutowiredFieldElement for private java.lang.String mx.com.restaurante.MailConfiguration.username
[DEBUG] Found key 'mail.username' in [class path resource [mail.properties]] with type [String]
[DEBUG] Found key 'mail.username' in [environmentProperties] with type [String]
[DEBUG] Processing injected element of bean 'mailConfiguration': AutowiredFieldElement for private java.lang.String mx.com.restaurante.MailConfiguration.password
[DEBUG] Found key 'mail.password' in [class path resource [mail.properties]] with type [String]
[DEBUG] Found key 'mail.password' in [environmentProperties] with type [String]
[DEBUG] Returning cached instance of singleton bean 'org.springframework.transaction.config.internalTransactionAdvisor'
[DEBUG] Returning cached instance of singleton bean 'org.springframework.transaction.config.internalTransactionAdvisor'
[DEBUG] Finished creating instance of bean 'mailConfiguration'
[DEBUG] Eagerly caching bean 'javaMailSender' to allow for resolving potential circular references
[DEBUG] Returning cached instance of singleton bean 'org.springframework.transaction.config.internalTransactionAdvisor'
[DEBUG] Returning cached instance of singleton bean 'org.springframework.transaction.config.internalTransactionAdvisor'
[DEBUG] Finished creating instance of bean 'javaMailSender'
[DEBUG] Autowiring by type from bean name 'reservacionController' to bean named 'javaMailSender'
[DEBUG] Returning cached instance of singleton bean 'org.springframework.transaction.config.internalTransactionAdvisor'
[DEBUG] Returning cached instance of singleton bean 'org.springframework.transaction.config.internalTransactionAdvisor'
[DEBUG] Finished creating instance of bean 'reservacionController'
[DEBUG] Returning cached instance of singleton bean 'mailConfiguration'
[DEBUG] Creating shared instance of singleton bean 'mvcConfig'
[DEBUG] Creating instance of bean 'mvcConfig'
[DEBUG] Returning cached instance of singleton bean 'org.springframework.transaction.config.internalTransactionAdvisor'
[DEBUG] Eagerly caching bean 'mvcConfig' to allow for resolving potential circular references
[DEBUG] Returning cached instance of singleton bean 'org.springframework.transaction.config.internalTransactionAdvisor'
[DEBUG] Returning cached instance of singleton bean 'org.springframework.transaction.config.internalTransactionAdvisor'
[DEBUG] Finished creating instance of bean 'mvcConfig'
[DEBUG] Returning cached instance of singleton bean 'clienteServiceImpl'
[DEBUG] Returning cached instance of singleton bean 'reservacionServiceImpl'
[DEBUG] Creating shared instance of singleton bean 'webSecurityConfig'
[DEBUG] Creating instance of bean 'webSecurityConfig'
[DEBUG] Returning cached instance of singleton bean 'org.springframework.transaction.config.internalTransactionAdvisor'
[DEBUG] Registered injected element on class [mx.com.restaurante.WebSecurityConfig$$EnhancerBySpringCGLIB$$4595b325]: AutowiredMethodElement for public void org.springframework.security.config.annotation.web.configuration.WebSecurityConfigurerAdapter.setApplicationContext(org.springframework.context.ApplicationContext)
[DEBUG] Registered injected element on class [mx.com.restaurante.WebSecurityConfig$$EnhancerBySpringCGLIB$$4595b325]: AutowiredMethodElement for public void org.springframework.security.config.annotation.web.configuration.WebSecurityConfigurerAdapter.setObjectPostProcessor(org.springframework.security.config.annotation.ObjectPostProcessor)
[DEBUG] Registered injected element on class [mx.com.restaurante.WebSecurityConfig$$EnhancerBySpringCGLIB$$4595b325]: AutowiredMethodElement for public void org.springframework.security.config.annotation.web.configuration.WebSecurityConfigurerAdapter.setTrustResolver(org.springframework.security.authentication.AuthenticationTrustResolver)
[DEBUG] Registered injected element on class [mx.com.restaurante.WebSecurityConfig$$EnhancerBySpringCGLIB$$4595b325]: AutowiredMethodElement for public void org.springframework.security.config.annotation.web.configuration.WebSecurityConfigurerAdapter.setContentNegotationStrategy(org.springframework.web.accept.ContentNegotiationStrategy)
[DEBUG] Registered injected element on class [mx.com.restaurante.WebSecurityConfig$$EnhancerBySpringCGLIB$$4595b325]: AutowiredMethodElement for public void org.springframework.security.config.annotation.web.configuration.WebSecurityConfigurerAdapter.setAuthenticationConfiguration(org.springframework.security.config.annotation.authentication.configuration.AuthenticationConfiguration)
[DEBUG] Registered injected element on class [mx.com.restaurante.WebSecurityConfig$$EnhancerBySpringCGLIB$$4595b325]: AutowiredMethodElement for public void mx.com.restaurante.WebSecurityConfig.configureGlobal(org.springframework.security.config.annotation.authentication.builders.AuthenticationManagerBuilder) throws java.lang.Exception
[DEBUG] Eagerly caching bean 'webSecurityConfig' to allow for resolving potential circular references
[DEBUG] Processing injected element of bean 'webSecurityConfig': AutowiredMethodElement for public void org.springframework.security.config.annotation.web.configuration.WebSecurityConfigurerAdapter.setApplicationContext(org.springframework.context.ApplicationContext)
[DEBUG] Autowiring by type from bean name 'webSecurityConfig' to bean named 'org.springframework.web.context.support.GenericWebApplicationContext@4e187cd6'
[DEBUG] Processing injected element of bean 'webSecurityConfig': AutowiredMethodElement for public void org.springframework.security.config.annotation.web.configuration.WebSecurityConfigurerAdapter.setObjectPostProcessor(org.springframework.security.config.annotation.ObjectPostProcessor)
[DEBUG] Creating shared instance of singleton bean 'objectPostProcessor'
[DEBUG] Creating instance of bean 'objectPostProcessor'
[DEBUG] Returning cached instance of singleton bean 'org.springframework.transaction.config.internalTransactionAdvisor'
[DEBUG] Creating shared instance of singleton bean 'org.springframework.security.config.annotation.configuration.ObjectPostProcessorConfiguration'
[DEBUG] Creating instance of bean 'org.springframework.security.config.annotation.configuration.ObjectPostProcessorConfiguration'
[DEBUG] Returning cached instance of singleton bean 'org.springframework.transaction.config.internalTransactionAdvisor'
[DEBUG] Eagerly caching bean 'org.springframework.security.config.annotation.configuration.ObjectPostProcessorConfiguration' to allow for resolving potential circular references
[DEBUG] Returning cached instance of singleton bean 'org.springframework.transaction.config.internalTransactionAdvisor'
[DEBUG] Returning cached instance of singleton bean 'org.springframework.transaction.config.internalTransactionAdvisor'
[DEBUG] Finished creating instance of bean 'org.springframework.security.config.annotation.configuration.ObjectPostProcessorConfiguration'
[DEBUG] Autowiring by type from bean name 'objectPostProcessor' via factory method to bean named 'org.springframework.beans.factory.support.DefaultListableBeanFactory@7074d98f'
[DEBUG] Eagerly caching bean 'objectPostProcessor' to allow for resolving potential circular references
[DEBUG] Returning cached instance of singleton bean 'org.springframework.transaction.config.internalTransactionAdvisor'
[DEBUG] Returning cached instance of singleton bean 'org.springframework.transaction.config.internalTransactionAdvisor'
[DEBUG] Finished creating instance of bean 'objectPostProcessor'
[DEBUG] Autowiring by type from bean name 'webSecurityConfig' to bean named 'objectPostProcessor'
[DEBUG] Processing injected element of bean 'webSecurityConfig': AutowiredMethodElement for public void org.springframework.security.config.annotation.web.configuration.WebSecurityConfigurerAdapter.setTrustResolver(org.springframework.security.authentication.AuthenticationTrustResolver)
[DEBUG] Processing injected element of bean 'webSecurityConfig': AutowiredMethodElement for public void org.springframework.security.config.annotation.web.configuration.WebSecurityConfigurerAdapter.setContentNegotationStrategy(org.springframework.web.accept.ContentNegotiationStrategy)
[DEBUG] Creating shared instance of singleton bean 'mvcContentNegotiationManager'
[DEBUG] Creating instance of bean 'mvcContentNegotiationManager'
[DEBUG] Returning cached instance of singleton bean 'org.springframework.transaction.config.internalTransactionAdvisor'
[DEBUG] Creating shared instance of singleton bean 'org.springframework.boot.autoconfigure.web.WebMvcAutoConfiguration$EnableWebMvcConfiguration'
[DEBUG] Creating instance of bean 'org.springframework.boot.autoconfigure.web.WebMvcAutoConfiguration$EnableWebMvcConfiguration'
[DEBUG] Returning cached instance of singleton bean 'org.springframework.transaction.config.internalTransactionAdvisor'
[DEBUG] Cannot find '.class' file for class [class org.springframework.boot.autoconfigure.web.WebMvcAutoConfiguration$EnableWebMvcConfiguration$$EnhancerBySpringCGLIB$$d2b439a9] - unable to determine constructor/method parameter names
[DEBUG] Autowiring by type from bean name 'org.springframework.boot.autoconfigure.web.WebMvcAutoConfiguration$EnableWebMvcConfiguration' via constructor to bean named 'org.springframework.beans.factory.support.DefaultListableBeanFactory@7074d98f'
[DEBUG] Creating shared instance of singleton bean 'spring.mvc-org.springframework.boot.autoconfigure.web.WebMvcProperties'
[DEBUG] Creating instance of bean 'spring.mvc-org.springframework.boot.autoconfigure.web.WebMvcProperties'
[DEBUG] Returning cached instance of singleton bean 'org.springframework.transaction.config.internalTransactionAdvisor'
[DEBUG] Eagerly caching bean 'spring.mvc-org.springframework.boot.autoconfigure.web.WebMvcProperties' to allow for resolving potential circular references
[DEBUG] Adding [Inlined Test Properties] PropertySource with lowest search precedence
[DEBUG] Adding [systemProperties] PropertySource with lowest search precedence
[DEBUG] Adding [systemEnvironment] PropertySource with lowest search precedence
[DEBUG] Adding [random] PropertySource with lowest search precedence
[DEBUG] Adding [applicationConfig: [classpath:/application.properties]] PropertySource with lowest search precedence
[DEBUG] Adding [class path resource [mail.properties]] PropertySource with lowest search precedence
[DEBUG] Adding [localProperties] PropertySource with lowest search precedence
[DEBUG] Returning cached instance of singleton bean 'org.springframework.transaction.config.internalTransactionAdvisor'
[DEBUG] Returning cached instance of singleton bean 'org.springframework.transaction.config.internalTransactionAdvisor'
[DEBUG] Finished creating instance of bean 'spring.mvc-org.springframework.boot.autoconfigure.web.WebMvcProperties'
[DEBUG] Registered injected element on class [org.springframework.boot.autoconfigure.web.WebMvcAutoConfiguration$EnableWebMvcConfiguration$$EnhancerBySpringCGLIB$$d2b439a9]: AutowiredMethodElement for public void org.springframework.web.servlet.config.annotation.DelegatingWebMvcConfiguration.setConfigurers(java.util.List)
[DEBUG] Eagerly caching bean 'org.springframework.boot.autoconfigure.web.WebMvcAutoConfiguration$EnableWebMvcConfiguration' to allow for resolving potential circular references
[DEBUG] Processing injected element of bean 'org.springframework.boot.autoconfigure.web.WebMvcAutoConfiguration$EnableWebMvcConfiguration': AutowiredMethodElement for public void org.springframework.web.servlet.config.annotation.DelegatingWebMvcConfiguration.setConfigurers(java.util.List)
[DEBUG] Returning cached instance of singleton bean 'mvcConfig'
[DEBUG] Creating shared instance of singleton bean 'org.springframework.security.config.annotation.web.configuration.WebMvcSecurityConfiguration'
[DEBUG] Creating instance of bean 'org.springframework.security.config.annotation.web.configuration.WebMvcSecurityConfiguration'
[DEBUG] Returning cached instance of singleton bean 'org.springframework.transaction.config.internalTransactionAdvisor'
[DEBUG] Eagerly caching bean 'org.springframework.security.config.annotation.web.configuration.WebMvcSecurityConfiguration' to allow for resolving potential circular references
[DEBUG] Returning cached instance of singleton bean 'org.springframework.transaction.config.internalTransactionAdvisor'
[DEBUG] Returning cached instance of singleton bean 'org.springframework.transaction.config.internalTransactionAdvisor'
[DEBUG] Finished creating instance of bean 'org.springframework.security.config.annotation.web.configuration.WebMvcSecurityConfiguration'
[DEBUG] Creating shared instance of singleton bean 'org.springframework.boot.autoconfigure.web.WebMvcAutoConfiguration$WebMvcAutoConfigurationAdapter'
[DEBUG] Creating instance of bean 'org.springframework.boot.autoconfigure.web.WebMvcAutoConfiguration$WebMvcAutoConfigurationAdapter'
[DEBUG] Returning cached instance of singleton bean 'org.springframework.transaction.config.internalTransactionAdvisor'
[DEBUG] Cannot find '.class' file for class [class org.springframework.boot.autoconfigure.web.WebMvcAutoConfiguration$WebMvcAutoConfigurationAdapter$$EnhancerBySpringCGLIB$$6689ef1c] - unable to determine constructor/method parameter names
[DEBUG] Creating shared instance of singleton bean 'spring.resources-org.springframework.boot.autoconfigure.web.ResourceProperties'
[DEBUG] Creating instance of bean 'spring.resources-org.springframework.boot.autoconfigure.web.ResourceProperties'
[DEBUG] Returning cached instance of singleton bean 'org.springframework.transaction.config.internalTransactionAdvisor'
[DEBUG] Eagerly caching bean 'spring.resources-org.springframework.boot.autoconfigure.web.ResourceProperties' to allow for resolving potential circular references
[DEBUG] Adding [Inlined Test Properties] PropertySource with lowest search precedence
[DEBUG] Adding [systemProperties] PropertySource with lowest search precedence
[DEBUG] Adding [systemEnvironment] PropertySource with lowest search precedence
[DEBUG] Adding [random] PropertySource with lowest search precedence
[DEBUG] Adding [applicationConfig: [classpath:/application.properties]] PropertySource with lowest search precedence
[DEBUG] Adding [class path resource [mail.properties]] PropertySource with lowest search precedence
[DEBUG] Adding [localProperties] PropertySource with lowest search precedence
[DEBUG] Returning cached instance of singleton bean 'org.springframework.transaction.config.internalTransactionAdvisor'
[DEBUG] Returning cached instance of singleton bean 'org.springframework.transaction.config.internalTransactionAdvisor'
[DEBUG] Finished creating instance of bean 'spring.resources-org.springframework.boot.autoconfigure.web.ResourceProperties'
[DEBUG] Returning cached instance of singleton bean 'spring.mvc-org.springframework.boot.autoconfigure.web.WebMvcProperties'
[DEBUG] Creating shared instance of singleton bean 'messageConverters'
[DEBUG] Creating instance of bean 'messageConverters'
[DEBUG] Returning cached instance of singleton bean 'org.springframework.transaction.config.internalTransactionAdvisor'
[DEBUG] Creating shared instance of singleton bean 'org.springframework.boot.autoconfigure.web.HttpMessageConvertersAutoConfiguration'
[DEBUG] Creating instance of bean 'org.springframework.boot.autoconfigure.web.HttpMessageConvertersAutoConfiguration'
[DEBUG] Returning cached instance of singleton bean 'org.springframework.transaction.config.internalTransactionAdvisor'
[DEBUG] Cannot find '.class' file for class [class org.springframework.boot.autoconfigure.web.HttpMessageConvertersAutoConfiguration$$EnhancerBySpringCGLIB$$c3eb600] - unable to determine constructor/method parameter names
[DEBUG] Creating shared instance of singleton bean 'stringHttpMessageConverter'
[DEBUG] Creating instance of bean 'stringHttpMessageConverter'
[DEBUG] Returning cached instance of singleton bean 'org.springframework.transaction.config.internalTransactionAdvisor'
[DEBUG] Creating shared instance of singleton bean 'org.springframework.boot.autoconfigure.web.HttpMessageConvertersAutoConfiguration$StringHttpMessageConverterConfiguration'
[DEBUG] Creating instance of bean 'org.springframework.boot.autoconfigure.web.HttpMessageConvertersAutoConfiguration$StringHttpMessageConverterConfiguration'
[DEBUG] Returning cached instance of singleton bean 'org.springframework.transaction.config.internalTransactionAdvisor'
[DEBUG] Cannot find '.class' file for class [class org.springframework.boot.autoconfigure.web.HttpMessageConvertersAutoConfiguration$StringHttpMessageConverterConfiguration$$EnhancerBySpringCGLIB$$c8b4c0a0] - unable to determine constructor/method parameter names
[DEBUG] Creating shared instance of singleton bean 'spring.http.encoding-org.springframework.boot.autoconfigure.web.HttpEncodingProperties'
[DEBUG] Creating instance of bean 'spring.http.encoding-org.springframework.boot.autoconfigure.web.HttpEncodingProperties'
[DEBUG] Returning cached instance of singleton bean 'org.springframework.transaction.config.internalTransactionAdvisor'
[DEBUG] Eagerly caching bean 'spring.http.encoding-org.springframework.boot.autoconfigure.web.HttpEncodingProperties' to allow for resolving potential circular references
[DEBUG] Adding [Inlined Test Properties] PropertySource with lowest search precedence
[DEBUG] Adding [systemProperties] PropertySource with lowest search precedence
[DEBUG] Adding [systemEnvironment] PropertySource with lowest search precedence
[DEBUG] Adding [random] PropertySource with lowest search precedence
[DEBUG] Adding [applicationConfig: [classpath:/application.properties]] PropertySource with lowest search precedence
[DEBUG] Adding [class path resource [mail.properties]] PropertySource with lowest search precedence
[DEBUG] Adding [localProperties] PropertySource with lowest search precedence
[DEBUG] Returning cached instance of singleton bean 'org.springframework.transaction.config.internalTransactionAdvisor'
[DEBUG] Returning cached instance of singleton bean 'org.springframework.transaction.config.internalTransactionAdvisor'
[DEBUG] Finished creating instance of bean 'spring.http.encoding-org.springframework.boot.autoconfigure.web.HttpEncodingProperties'
[DEBUG] Autowiring by type from bean name 'org.springframework.boot.autoconfigure.web.HttpMessageConvertersAutoConfiguration$StringHttpMessageConverterConfiguration' via constructor to bean named 'spring.http.encoding-org.springframework.boot.autoconfigure.web.HttpEncodingProperties'
[DEBUG] Eagerly caching bean 'org.springframework.boot.autoconfigure.web.HttpMessageConvertersAutoConfiguration$StringHttpMessageConverterConfiguration' to allow for resolving potential circular references
[DEBUG] Returning cached instance of singleton bean 'org.springframework.transaction.config.internalTransactionAdvisor'
[DEBUG] Returning cached instance of singleton bean 'org.springframework.transaction.config.internalTransactionAdvisor'
[DEBUG] Finished creating instance of bean 'org.springframework.boot.autoconfigure.web.HttpMessageConvertersAutoConfiguration$StringHttpMessageConverterConfiguration'
[DEBUG] Eagerly caching bean 'stringHttpMessageConverter' to allow for resolving potential circular references
[DEBUG] Returning cached instance of singleton bean 'org.springframework.transaction.config.internalTransactionAdvisor'
[DEBUG] Returning cached instance of singleton bean 'org.springframework.transaction.config.internalTransactionAdvisor'
[DEBUG] Finished creating instance of bean 'stringHttpMessageConverter'
[DEBUG] Creating shared instance of singleton bean 'mappingJackson2HttpMessageConverter'
[DEBUG] Creating instance of bean 'mappingJackson2HttpMessageConverter'
[DEBUG] Returning cached instance of singleton bean 'org.springframework.transaction.config.internalTransactionAdvisor'
[DEBUG] Creating shared instance of singleton bean 'org.springframework.boot.autoconfigure.web.JacksonHttpMessageConvertersConfiguration$MappingJackson2HttpMessageConverterConfiguration'
[DEBUG] Creating instance of bean 'org.springframework.boot.autoconfigure.web.JacksonHttpMessageConvertersConfiguration$MappingJackson2HttpMessageConverterConfiguration'
[DEBUG] Returning cached instance of singleton bean 'org.springframework.transaction.config.internalTransactionAdvisor'
[DEBUG] Eagerly caching bean 'org.springframework.boot.autoconfigure.web.JacksonHttpMessageConvertersConfiguration$MappingJackson2HttpMessageConverterConfiguration' to allow for resolving potential circular references
[DEBUG] Returning cached instance of singleton bean 'org.springframework.transaction.config.internalTransactionAdvisor'
[DEBUG] Returning cached instance of singleton bean 'org.springframework.transaction.config.internalTransactionAdvisor'
[DEBUG] Finished creating instance of bean 'org.springframework.boot.autoconfigure.web.JacksonHttpMessageConvertersConfiguration$MappingJackson2HttpMessageConverterConfiguration'
[DEBUG] Creating shared instance of singleton bean 'jacksonObjectMapper'
[DEBUG] Creating instance of bean 'jacksonObjectMapper'
[DEBUG] Returning cached instance of singleton bean 'org.springframework.transaction.config.internalTransactionAdvisor'
[DEBUG] Creating shared instance of singleton bean 'org.springframework.boot.autoconfigure.jackson.JacksonAutoConfiguration$JacksonObjectMapperConfiguration'
[DEBUG] Creating instance of bean 'org.springframework.boot.autoconfigure.jackson.JacksonAutoConfiguration$JacksonObjectMapperConfiguration'
[DEBUG] Returning cached instance of singleton bean 'org.springframework.transaction.config.internalTransactionAdvisor'
[DEBUG] Eagerly caching bean 'org.springframework.boot.autoconfigure.jackson.JacksonAutoConfiguration$JacksonObjectMapperConfiguration' to allow for resolving potential circular references
[DEBUG] Returning cached instance of singleton bean 'org.springframework.transaction.config.internalTransactionAdvisor'
[DEBUG] Returning cached instance of singleton bean 'org.springframework.transaction.config.internalTransactionAdvisor'
[DEBUG] Finished creating instance of bean 'org.springframework.boot.autoconfigure.jackson.JacksonAutoConfiguration$JacksonObjectMapperConfiguration'
[DEBUG] Creating shared instance of singleton bean 'jacksonObjectMapperBuilder'
[DEBUG] Creating instance of bean 'jacksonObjectMapperBuilder'
[DEBUG] Returning cached instance of singleton bean 'org.springframework.transaction.config.internalTransactionAdvisor'
[DEBUG] Creating shared instance of singleton bean 'org.springframework.boot.autoconfigure.jackson.JacksonAutoConfiguration$JacksonObjectMapperBuilderConfiguration'
[DEBUG] Creating instance of bean 'org.springframework.boot.autoconfigure.jackson.JacksonAutoConfiguration$JacksonObjectMapperBuilderConfiguration'
[DEBUG] Returning cached instance of singleton bean 'org.springframework.transaction.config.internalTransactionAdvisor'
[DEBUG] Cannot find '.class' file for class [class org.springframework.boot.autoconfigure.jackson.JacksonAutoConfiguration$JacksonObjectMapperBuilderConfiguration$$EnhancerBySpringCGLIB$$8966d94a] - unable to determine constructor/method parameter names
[DEBUG] Creating shared instance of singleton bean 'spring.jackson-org.springframework.boot.autoconfigure.jackson.JacksonProperties'
[DEBUG] Creating instance of bean 'spring.jackson-org.springframework.boot.autoconfigure.jackson.JacksonProperties'
[DEBUG] Returning cached instance of singleton bean 'org.springframework.transaction.config.internalTransactionAdvisor'
[DEBUG] Eagerly caching bean 'spring.jackson-org.springframework.boot.autoconfigure.jackson.JacksonProperties' to allow for resolving potential circular references
[DEBUG] Adding [Inlined Test Properties] PropertySource with lowest search precedence
[DEBUG] Adding [systemProperties] PropertySource with lowest search precedence
[DEBUG] Adding [systemEnvironment] PropertySource with lowest search precedence
[DEBUG] Adding [random] PropertySource with lowest search precedence
[DEBUG] Adding [applicationConfig: [classpath:/application.properties]] PropertySource with lowest search precedence
[DEBUG] Adding [class path resource [mail.properties]] PropertySource with lowest search precedence
[DEBUG] Adding [localProperties] PropertySource with lowest search precedence
[DEBUG] Returning cached instance of singleton bean 'org.springframework.transaction.config.internalTransactionAdvisor'
[DEBUG] Returning cached instance of singleton bean 'org.springframework.transaction.config.internalTransactionAdvisor'
[DEBUG] Finished creating instance of bean 'spring.jackson-org.springframework.boot.autoconfigure.jackson.JacksonProperties'
[DEBUG] Creating shared instance of singleton bean 'standardJacksonObjectMapperBuilderCustomizer'
[DEBUG] Creating instance of bean 'standardJacksonObjectMapperBuilderCustomizer'
[DEBUG] Returning cached instance of singleton bean 'org.springframework.transaction.config.internalTransactionAdvisor'
[DEBUG] Creating shared instance of singleton bean 'org.springframework.boot.autoconfigure.jackson.JacksonAutoConfiguration$Jackson2ObjectMapperBuilderCustomizerConfiguration'
[DEBUG] Creating instance of bean 'org.springframework.boot.autoconfigure.jackson.JacksonAutoConfiguration$Jackson2ObjectMapperBuilderCustomizerConfiguration'
[DEBUG] Returning cached instance of singleton bean 'org.springframework.transaction.config.internalTransactionAdvisor'
[DEBUG] Eagerly caching bean 'org.springframework.boot.autoconfigure.jackson.JacksonAutoConfiguration$Jackson2ObjectMapperBuilderCustomizerConfiguration' to allow for resolving potential circular references
[DEBUG] Returning cached instance of singleton bean 'org.springframework.transaction.config.internalTransactionAdvisor'
[DEBUG] Returning cached instance of singleton bean 'org.springframework.transaction.config.internalTransactionAdvisor'
[DEBUG] Finished creating instance of bean 'org.springframework.boot.autoconfigure.jackson.JacksonAutoConfiguration$Jackson2ObjectMapperBuilderCustomizerConfiguration'
[DEBUG] Returning cached instance of singleton bean 'spring.jackson-org.springframework.boot.autoconfigure.jackson.JacksonProperties'
[DEBUG] Autowiring by type from bean name 'standardJacksonObjectMapperBuilderCustomizer' via factory method to bean named 'org.springframework.web.context.support.GenericWebApplicationContext@4e187cd6'
[DEBUG] Autowiring by type from bean name 'standardJacksonObjectMapperBuilderCustomizer' via factory method to bean named 'spring.jackson-org.springframework.boot.autoconfigure.jackson.JacksonProperties'
[DEBUG] Eagerly caching bean 'standardJacksonObjectMapperBuilderCustomizer' to allow for resolving potential circular references
[DEBUG] Returning cached instance of singleton bean 'org.springframework.transaction.config.internalTransactionAdvisor'
[DEBUG] Returning cached instance of singleton bean 'org.springframework.transaction.config.internalTransactionAdvisor'
[DEBUG] Finished creating instance of bean 'standardJacksonObjectMapperBuilderCustomizer'
[DEBUG] Autowiring by type from bean name 'org.springframework.boot.autoconfigure.jackson.JacksonAutoConfiguration$JacksonObjectMapperBuilderConfiguration' via constructor to bean named 'org.springframework.web.context.support.GenericWebApplicationContext@4e187cd6'
[DEBUG] Autowiring by type from bean name 'org.springframework.boot.autoconfigure.jackson.JacksonAutoConfiguration$JacksonObjectMapperBuilderConfiguration' via constructor to bean named 'spring.jackson-org.springframework.boot.autoconfigure.jackson.JacksonProperties'
[DEBUG] Autowiring by type from bean name 'org.springframework.boot.autoconfigure.jackson.JacksonAutoConfiguration$JacksonObjectMapperBuilderConfiguration' via constructor to bean named 'standardJacksonObjectMapperBuilderCustomizer'
[DEBUG] Eagerly caching bean 'org.springframework.boot.autoconfigure.jackson.JacksonAutoConfiguration$JacksonObjectMapperBuilderConfiguration' to allow for resolving potential circular references
[DEBUG] Returning cached instance of singleton bean 'org.springframework.transaction.config.internalTransactionAdvisor'
[DEBUG] Returning cached instance of singleton bean 'org.springframework.transaction.config.internalTransactionAdvisor'
[DEBUG] Finished creating instance of bean 'org.springframework.boot.autoconfigure.jackson.JacksonAutoConfiguration$JacksonObjectMapperBuilderConfiguration'
[DEBUG] Returning cached instance of singleton bean 'standardJacksonObjectMapperBuilderCustomizer'
[DEBUG] Autowiring by type from bean name 'jacksonObjectMapperBuilder' via factory method to bean named 'standardJacksonObjectMapperBuilderCustomizer'
[DEBUG] Creating shared instance of singleton bean 'jsonComponentModule'
[DEBUG] Creating instance of bean 'jsonComponentModule'
[DEBUG] Returning cached instance of singleton bean 'org.springframework.transaction.config.internalTransactionAdvisor'
[DEBUG] Creating shared instance of singleton bean 'org.springframework.boot.autoconfigure.jackson.JacksonAutoConfiguration'
[DEBUG] Creating instance of bean 'org.springframework.boot.autoconfigure.jackson.JacksonAutoConfiguration'
[DEBUG] Returning cached instance of singleton bean 'org.springframework.transaction.config.internalTransactionAdvisor'
[DEBUG] Eagerly caching bean 'org.springframework.boot.autoconfigure.jackson.JacksonAutoConfiguration' to allow for resolving potential circular references
[DEBUG] Returning cached instance of singleton bean 'org.springframework.transaction.config.internalTransactionAdvisor'
[DEBUG] Returning cached instance of singleton bean 'org.springframework.transaction.config.internalTransactionAdvisor'
[DEBUG] Finished creating instance of bean 'org.springframework.boot.autoconfigure.jackson.JacksonAutoConfiguration'
[DEBUG] Found init method on class [org.springframework.boot.jackson.JsonComponentModule]: public void org.springframework.boot.jackson.JsonComponentModule.registerJsonComponents()
[DEBUG] Registered init method on class [org.springframework.boot.jackson.JsonComponentModule]: org.springframework.beans.factory.annotation.InitDestroyAnnotationBeanPostProcessor$LifecycleElement@65126ba1
[DEBUG] Eagerly caching bean 'jsonComponentModule' to allow for resolving potential circular references
[DEBUG] Invoking init method on bean 'jsonComponentModule': public void org.springframework.boot.jackson.JsonComponentModule.registerJsonComponents()
[DEBUG] Returning cached instance of singleton bean 'org.springframework.transaction.config.internalTransactionAdvisor'
[DEBUG] Returning cached instance of singleton bean 'org.springframework.transaction.config.internalTransactionAdvisor'
[DEBUG] Finished creating instance of bean 'jsonComponentModule'
[DEBUG] Creating shared instance of singleton bean 'jacksonGeoModule'
[DEBUG] Creating instance of bean 'jacksonGeoModule'
[DEBUG] Returning cached instance of singleton bean 'org.springframework.transaction.config.internalTransactionAdvisor'
[DEBUG] Creating shared instance of singleton bean 'org.springframework.data.web.config.SpringDataJacksonConfiguration'
[DEBUG] Creating instance of bean 'org.springframework.data.web.config.SpringDataJacksonConfiguration'
[DEBUG] Returning cached instance of singleton bean 'org.springframework.transaction.config.internalTransactionAdvisor'
[DEBUG] Eagerly caching bean 'org.springframework.data.web.config.SpringDataJacksonConfiguration' to allow for resolving potential circular references
[DEBUG] Returning cached instance of singleton bean 'org.springframework.transaction.config.internalTransactionAdvisor'
[DEBUG] Returning cached instance of singleton bean 'org.springframework.transaction.config.internalTransactionAdvisor'
[DEBUG] Finished creating instance of bean 'org.springframework.data.web.config.SpringDataJacksonConfiguration'
[DEBUG] Eagerly caching bean 'jacksonGeoModule' to allow for resolving potential circular references
[DEBUG] Returning cached instance of singleton bean 'org.springframework.transaction.config.internalTransactionAdvisor'
[DEBUG] Returning cached instance of singleton bean 'org.springframework.transaction.config.internalTransactionAdvisor'
[DEBUG] Finished creating instance of bean 'jacksonGeoModule'
[DEBUG] Eagerly caching bean 'jacksonObjectMapperBuilder' to allow for resolving potential circular references
[DEBUG] Returning cached instance of singleton bean 'org.springframework.transaction.config.internalTransactionAdvisor'
[DEBUG] Returning cached instance of singleton bean 'org.springframework.transaction.config.internalTransactionAdvisor'
[DEBUG] Finished creating instance of bean 'jacksonObjectMapperBuilder'
[DEBUG] Autowiring by type from bean name 'jacksonObjectMapper' via factory method to bean named 'jacksonObjectMapperBuilder'
[DEBUG] Eagerly caching bean 'jacksonObjectMapper' to allow for resolving potential circular references
[DEBUG] Returning cached instance of singleton bean 'org.springframework.transaction.config.internalTransactionAdvisor'
[DEBUG] Returning cached instance of singleton bean 'org.springframework.transaction.config.internalTransactionAdvisor'
[DEBUG] Finished creating instance of bean 'jacksonObjectMapper'
[DEBUG] Autowiring by type from bean name 'mappingJackson2HttpMessageConverter' via factory method to bean named 'jacksonObjectMapper'
[DEBUG] Eagerly caching bean 'mappingJackson2HttpMessageConverter' to allow for resolving potential circular references
[DEBUG] Returning cached instance of singleton bean 'org.springframework.transaction.config.internalTransactionAdvisor'
[DEBUG] Returning cached instance of singleton bean 'org.springframework.transaction.config.internalTransactionAdvisor'
[DEBUG] Finished creating instance of bean 'mappingJackson2HttpMessageConverter'
[DEBUG] Eagerly caching bean 'org.springframework.boot.autoconfigure.web.HttpMessageConvertersAutoConfiguration' to allow for resolving potential circular references
[DEBUG] Returning cached instance of singleton bean 'org.springframework.transaction.config.internalTransactionAdvisor'
[DEBUG] Returning cached instance of singleton bean 'org.springframework.transaction.config.internalTransactionAdvisor'
[DEBUG] Finished creating instance of bean 'org.springframework.boot.autoconfigure.web.HttpMessageConvertersAutoConfiguration'
[DEBUG] Eagerly caching bean 'messageConverters' to allow for resolving potential circular references
[DEBUG] Returning cached instance of singleton bean 'org.springframework.transaction.config.internalTransactionAdvisor'
[DEBUG] Returning cached instance of singleton bean 'org.springframework.transaction.config.internalTransactionAdvisor'
[DEBUG] Finished creating instance of bean 'messageConverters'
[DEBUG] Autowiring by type from bean name 'org.springframework.boot.autoconfigure.web.WebMvcAutoConfiguration$WebMvcAutoConfigurationAdapter' via constructor to bean named 'spring.resources-org.springframework.boot.autoconfigure.web.ResourceProperties'
[DEBUG] Autowiring by type from bean name 'org.springframework.boot.autoconfigure.web.WebMvcAutoConfiguration$WebMvcAutoConfigurationAdapter' via constructor to bean named 'spring.mvc-org.springframework.boot.autoconfigure.web.WebMvcProperties'
[DEBUG] Autowiring by type from bean name 'org.springframework.boot.autoconfigure.web.WebMvcAutoConfiguration$WebMvcAutoConfigurationAdapter' via constructor to bean named 'org.springframework.beans.factory.support.DefaultListableBeanFactory@7074d98f'
[DEBUG] Autowiring by type from bean name 'org.springframework.boot.autoconfigure.web.WebMvcAutoConfiguration$WebMvcAutoConfigurationAdapter' via constructor to bean named 'messageConverters'
[DEBUG] Eagerly caching bean 'org.springframework.boot.autoconfigure.web.WebMvcAutoConfiguration$WebMvcAutoConfigurationAdapter' to allow for resolving potential circular references
[DEBUG] Returning cached instance of singleton bean 'org.springframework.transaction.config.internalTransactionAdvisor'
[DEBUG] Returning cached instance of singleton bean 'org.springframework.transaction.config.internalTransactionAdvisor'
[DEBUG] Finished creating instance of bean 'org.springframework.boot.autoconfigure.web.WebMvcAutoConfiguration$WebMvcAutoConfigurationAdapter'
[DEBUG] Creating shared instance of singleton bean 'org.springframework.boot.autoconfigure.orm.jpa.JpaBaseConfiguration$JpaWebConfiguration$JpaWebMvcConfiguration'
[DEBUG] Creating instance of bean 'org.springframework.boot.autoconfigure.orm.jpa.JpaBaseConfiguration$JpaWebConfiguration$JpaWebMvcConfiguration'
[DEBUG] Returning cached instance of singleton bean 'org.springframework.transaction.config.internalTransactionAdvisor'
[DEBUG] Eagerly caching bean 'org.springframework.boot.autoconfigure.orm.jpa.JpaBaseConfiguration$JpaWebConfiguration$JpaWebMvcConfiguration' to allow for resolving potential circular references
[DEBUG] Returning cached instance of singleton bean 'org.springframework.transaction.config.internalTransactionAdvisor'
[DEBUG] Returning cached instance of singleton bean 'org.springframework.transaction.config.internalTransactionAdvisor'
[DEBUG] Finished creating instance of bean 'org.springframework.boot.autoconfigure.orm.jpa.JpaBaseConfiguration$JpaWebConfiguration$JpaWebMvcConfiguration'
[DEBUG] Creating shared instance of singleton bean 'org.springframework.data.web.config.SpringDataWebConfiguration'
[DEBUG] Creating instance of bean 'org.springframework.data.web.config.SpringDataWebConfiguration'
[DEBUG] Returning cached instance of singleton bean 'org.springframework.transaction.config.internalTransactionAdvisor'
[DEBUG] Registered injected element on class [org.springframework.data.web.config.SpringDataWebConfiguration$$EnhancerBySpringCGLIB$$dceac5f3]: AutowiredFieldElement for private org.springframework.context.ApplicationContext org.springframework.data.web.config.SpringDataWebConfiguration.context
[DEBUG] Registered injected element on class [org.springframework.data.web.config.SpringDataWebConfiguration$$EnhancerBySpringCGLIB$$dceac5f3]: AutowiredFieldElement for org.springframework.beans.factory.ObjectFactory org.springframework.data.web.config.SpringDataWebConfiguration.conversionService
[DEBUG] Eagerly caching bean 'org.springframework.data.web.config.SpringDataWebConfiguration' to allow for resolving potential circular references
[DEBUG] Processing injected element of bean 'org.springframework.data.web.config.SpringDataWebConfiguration': AutowiredFieldElement for private org.springframework.context.ApplicationContext org.springframework.data.web.config.SpringDataWebConfiguration.context
[DEBUG] Autowiring by type from bean name 'org.springframework.data.web.config.SpringDataWebConfiguration' to bean named 'org.springframework.web.context.support.GenericWebApplicationContext@4e187cd6'
[DEBUG] Processing injected element of bean 'org.springframework.data.web.config.SpringDataWebConfiguration': AutowiredFieldElement for org.springframework.beans.factory.ObjectFactory org.springframework.data.web.config.SpringDataWebConfiguration.conversionService
[DEBUG] Returning cached instance of singleton bean 'org.springframework.transaction.config.internalTransactionAdvisor'
[DEBUG] Returning cached instance of singleton bean 'org.springframework.transaction.config.internalTransactionAdvisor'
[DEBUG] Finished creating instance of bean 'org.springframework.data.web.config.SpringDataWebConfiguration'
[DEBUG] Autowiring by type from bean name 'org.springframework.boot.autoconfigure.web.WebMvcAutoConfiguration$EnableWebMvcConfiguration' to bean named 'mvcConfig'
[DEBUG] Autowiring by type from bean name 'org.springframework.boot.autoconfigure.web.WebMvcAutoConfiguration$EnableWebMvcConfiguration' to bean named 'org.springframework.security.config.annotation.web.configuration.WebMvcSecurityConfiguration'
[DEBUG] Autowiring by type from bean name 'org.springframework.boot.autoconfigure.web.WebMvcAutoConfiguration$EnableWebMvcConfiguration' to bean named 'org.springframework.boot.autoconfigure.web.WebMvcAutoConfiguration$WebMvcAutoConfigurationAdapter'
[DEBUG] Autowiring by type from bean name 'org.springframework.boot.autoconfigure.web.WebMvcAutoConfiguration$EnableWebMvcConfiguration' to bean named 'org.springframework.boot.autoconfigure.orm.jpa.JpaBaseConfiguration$JpaWebConfiguration$JpaWebMvcConfiguration'
[DEBUG] Autowiring by type from bean name 'org.springframework.boot.autoconfigure.web.WebMvcAutoConfiguration$EnableWebMvcConfiguration' to bean named 'org.springframework.data.web.config.SpringDataWebConfiguration'
[DEBUG] Returning cached instance of singleton bean 'org.springframework.transaction.config.internalTransactionAdvisor'
[DEBUG] Returning cached instance of singleton bean 'org.springframework.transaction.config.internalTransactionAdvisor'
[DEBUG] Finished creating instance of bean 'org.springframework.boot.autoconfigure.web.WebMvcAutoConfiguration$EnableWebMvcConfiguration'
[DEBUG] Eagerly caching bean 'mvcContentNegotiationManager' to allow for resolving potential circular references
[DEBUG] Returning cached instance of singleton bean 'org.springframework.transaction.config.internalTransactionAdvisor'
[DEBUG] Returning cached instance of singleton bean 'org.springframework.transaction.config.internalTransactionAdvisor'
[DEBUG] Finished creating instance of bean 'mvcContentNegotiationManager'
[DEBUG] Autowiring by type from bean name 'webSecurityConfig' to bean named 'mvcContentNegotiationManager'
[DEBUG] Processing injected element of bean 'webSecurityConfig': AutowiredMethodElement for public void org.springframework.security.config.annotation.web.configuration.WebSecurityConfigurerAdapter.setAuthenticationConfiguration(org.springframework.security.config.annotation.authentication.configuration.AuthenticationConfiguration)
[DEBUG] Creating shared instance of singleton bean 'org.springframework.security.config.annotation.authentication.configuration.AuthenticationConfiguration'
[DEBUG] Creating instance of bean 'org.springframework.security.config.annotation.authentication.configuration.AuthenticationConfiguration'
[DEBUG] Returning cached instance of singleton bean 'org.springframework.transaction.config.internalTransactionAdvisor'
[DEBUG] Registered injected element on class [org.springframework.security.config.annotation.authentication.configuration.AuthenticationConfiguration$$EnhancerBySpringCGLIB$$5ffd6a4f]: AutowiredMethodElement for public void org.springframework.security.config.annotation.authentication.configuration.AuthenticationConfiguration.setApplicationContext(org.springframework.context.ApplicationContext)
[DEBUG] Registered injected element on class [org.springframework.security.config.annotation.authentication.configuration.AuthenticationConfiguration$$EnhancerBySpringCGLIB$$5ffd6a4f]: AutowiredMethodElement for public void org.springframework.security.config.annotation.authentication.configuration.AuthenticationConfiguration.setObjectPostProcessor(org.springframework.security.config.annotation.ObjectPostProcessor)
[DEBUG] Registered injected element on class [org.springframework.security.config.annotation.authentication.configuration.AuthenticationConfiguration$$EnhancerBySpringCGLIB$$5ffd6a4f]: AutowiredMethodElement for public void org.springframework.security.config.annotation.authentication.configuration.AuthenticationConfiguration.setGlobalAuthenticationConfigurers(java.util.List) throws java.lang.Exception
[DEBUG] Eagerly caching bean 'org.springframework.security.config.annotation.authentication.configuration.AuthenticationConfiguration' to allow for resolving potential circular references
[DEBUG] Processing injected element of bean 'org.springframework.security.config.annotation.authentication.configuration.AuthenticationConfiguration': AutowiredMethodElement for public void org.springframework.security.config.annotation.authentication.configuration.AuthenticationConfiguration.setApplicationContext(org.springframework.context.ApplicationContext)
[DEBUG] Autowiring by type from bean name 'org.springframework.security.config.annotation.authentication.configuration.AuthenticationConfiguration' to bean named 'org.springframework.web.context.support.GenericWebApplicationContext@4e187cd6'
[DEBUG] Processing injected element of bean 'org.springframework.security.config.annotation.authentication.configuration.AuthenticationConfiguration': AutowiredMethodElement for public void org.springframework.security.config.annotation.authentication.configuration.AuthenticationConfiguration.setObjectPostProcessor(org.springframework.security.config.annotation.ObjectPostProcessor)
[DEBUG] Returning cached instance of singleton bean 'objectPostProcessor'
[DEBUG] Autowiring by type from bean name 'org.springframework.security.config.annotation.authentication.configuration.AuthenticationConfiguration' to bean named 'objectPostProcessor'
[DEBUG] Processing injected element of bean 'org.springframework.security.config.annotation.authentication.configuration.AuthenticationConfiguration': AutowiredMethodElement for public void org.springframework.security.config.annotation.authentication.configuration.AuthenticationConfiguration.setGlobalAuthenticationConfigurers(java.util.List) throws java.lang.Exception
[DEBUG] Creating shared instance of singleton bean 'enableGlobalAuthenticationAutowiredConfigurer'
[DEBUG] Creating instance of bean 'enableGlobalAuthenticationAutowiredConfigurer'
[DEBUG] Returning cached instance of singleton bean 'org.springframework.transaction.config.internalTransactionAdvisor'
[DEBUG] Autowiring by type from bean name 'enableGlobalAuthenticationAutowiredConfigurer' via factory method to bean named 'org.springframework.web.context.support.GenericWebApplicationContext@4e187cd6'
[DEBUG] Eagerly caching bean 'enableGlobalAuthenticationAutowiredConfigurer' to allow for resolving potential circular references
[DEBUG] Returning cached instance of singleton bean 'org.springframework.transaction.config.internalTransactionAdvisor'
[DEBUG] Returning cached instance of singleton bean 'org.springframework.transaction.config.internalTransactionAdvisor'
[DEBUG] Finished creating instance of bean 'enableGlobalAuthenticationAutowiredConfigurer'
[DEBUG] Creating shared instance of singleton bean 'initializeUserDetailsBeanManagerConfigurer'
[DEBUG] Creating instance of bean 'initializeUserDetailsBeanManagerConfigurer'
[DEBUG] Returning cached instance of singleton bean 'org.springframework.transaction.config.internalTransactionAdvisor'
[DEBUG] Autowiring by type from bean name 'initializeUserDetailsBeanManagerConfigurer' via factory method to bean named 'org.springframework.web.context.support.GenericWebApplicationContext@4e187cd6'
[DEBUG] Eagerly caching bean 'initializeUserDetailsBeanManagerConfigurer' to allow for resolving potential circular references
[DEBUG] Returning cached instance of singleton bean 'org.springframework.transaction.config.internalTransactionAdvisor'
[DEBUG] Returning cached instance of singleton bean 'org.springframework.transaction.config.internalTransactionAdvisor'
[DEBUG] Finished creating instance of bean 'initializeUserDetailsBeanManagerConfigurer'
[DEBUG] Creating shared instance of singleton bean 'initializeAuthenticationProviderBeanManagerConfigurer'
[DEBUG] Creating instance of bean 'initializeAuthenticationProviderBeanManagerConfigurer'
[DEBUG] Returning cached instance of singleton bean 'org.springframework.transaction.config.internalTransactionAdvisor'
[DEBUG] Autowiring by type from bean name 'initializeAuthenticationProviderBeanManagerConfigurer' via factory method to bean named 'org.springframework.web.context.support.GenericWebApplicationContext@4e187cd6'
[DEBUG] Eagerly caching bean 'initializeAuthenticationProviderBeanManagerConfigurer' to allow for resolving potential circular references
[DEBUG] Returning cached instance of singleton bean 'org.springframework.transaction.config.internalTransactionAdvisor'
[DEBUG] Returning cached instance of singleton bean 'org.springframework.transaction.config.internalTransactionAdvisor'
[DEBUG] Finished creating instance of bean 'initializeAuthenticationProviderBeanManagerConfigurer'
[DEBUG] Creating shared instance of singleton bean 'springBootAuthenticationConfigurerAdapter'
[DEBUG] Creating instance of bean 'springBootAuthenticationConfigurerAdapter'
[DEBUG] Returning cached instance of singleton bean 'org.springframework.transaction.config.internalTransactionAdvisor'
[DEBUG] Creating shared instance of singleton bean 'securityProperties'
[DEBUG] Creating instance of bean 'securityProperties'
[DEBUG] Returning cached instance of singleton bean 'org.springframework.transaction.config.internalTransactionAdvisor'
[DEBUG] Creating shared instance of singleton bean 'org.springframework.boot.autoconfigure.security.SecurityAutoConfiguration'
[DEBUG] Creating instance of bean 'org.springframework.boot.autoconfigure.security.SecurityAutoConfiguration'
[DEBUG] Returning cached instance of singleton bean 'org.springframework.transaction.config.internalTransactionAdvisor'
[DEBUG] Eagerly caching bean 'org.springframework.boot.autoconfigure.security.SecurityAutoConfiguration' to allow for resolving potential circular references
[DEBUG] Returning cached instance of singleton bean 'org.springframework.transaction.config.internalTransactionAdvisor'
[DEBUG] Returning cached instance of singleton bean 'org.springframework.transaction.config.internalTransactionAdvisor'
[DEBUG] Finished creating instance of bean 'org.springframework.boot.autoconfigure.security.SecurityAutoConfiguration'
[DEBUG] Eagerly caching bean 'securityProperties' to allow for resolving potential circular references
[DEBUG] Adding [Inlined Test Properties] PropertySource with lowest search precedence
[DEBUG] Adding [systemProperties] PropertySource with lowest search precedence
[DEBUG] Adding [systemEnvironment] PropertySource with lowest search precedence
[DEBUG] Adding [random] PropertySource with lowest search precedence
[DEBUG] Adding [applicationConfig: [classpath:/application.properties]] PropertySource with lowest search precedence
[DEBUG] Adding [class path resource [mail.properties]] PropertySource with lowest search precedence
[DEBUG] Adding [localProperties] PropertySource with lowest search precedence
[DEBUG] Returning cached instance of singleton bean 'org.springframework.transaction.config.internalTransactionAdvisor'
[DEBUG] Returning cached instance of singleton bean 'org.springframework.transaction.config.internalTransactionAdvisor'
[DEBUG] Finished creating instance of bean 'securityProperties'
[DEBUG] Returning cached instance of singleton bean 'securityProperties'
[DEBUG] Autowiring by type from bean name 'springBootAuthenticationConfigurerAdapter' via factory method to bean named 'securityProperties'
[DEBUG] Eagerly caching bean 'springBootAuthenticationConfigurerAdapter' to allow for resolving potential circular references
[DEBUG] Returning cached instance of singleton bean 'org.springframework.transaction.config.internalTransactionAdvisor'
[DEBUG] Returning cached instance of singleton bean 'org.springframework.transaction.config.internalTransactionAdvisor'
[DEBUG] Finished creating instance of bean 'springBootAuthenticationConfigurerAdapter'
[DEBUG] Creating shared instance of singleton bean 'bootGlobalAuthenticationConfigurationAdapter'
[DEBUG] Creating instance of bean 'bootGlobalAuthenticationConfigurationAdapter'
[DEBUG] Returning cached instance of singleton bean 'org.springframework.transaction.config.internalTransactionAdvisor'
[DEBUG] Autowiring by type from bean name 'bootGlobalAuthenticationConfigurationAdapter' via factory method to bean named 'org.springframework.web.context.support.GenericWebApplicationContext@4e187cd6'
[DEBUG] Eagerly caching bean 'bootGlobalAuthenticationConfigurationAdapter' to allow for resolving potential circular references
[DEBUG] Returning cached instance of singleton bean 'org.springframework.transaction.config.internalTransactionAdvisor'
[DEBUG] Returning cached instance of singleton bean 'org.springframework.transaction.config.internalTransactionAdvisor'
[DEBUG] Finished creating instance of bean 'bootGlobalAuthenticationConfigurationAdapter'
[DEBUG] Autowiring by type from bean name 'org.springframework.security.config.annotation.authentication.configuration.AuthenticationConfiguration' to bean named 'enableGlobalAuthenticationAutowiredConfigurer'
[DEBUG] Autowiring by type from bean name 'org.springframework.security.config.annotation.authentication.configuration.AuthenticationConfiguration' to bean named 'initializeUserDetailsBeanManagerConfigurer'
[DEBUG] Autowiring by type from bean name 'org.springframework.security.config.annotation.authentication.configuration.AuthenticationConfiguration' to bean named 'initializeAuthenticationProviderBeanManagerConfigurer'
[DEBUG] Autowiring by type from bean name 'org.springframework.security.config.annotation.authentication.configuration.AuthenticationConfiguration' to bean named 'springBootAuthenticationConfigurerAdapter'
[DEBUG] Autowiring by type from bean name 'org.springframework.security.config.annotation.authentication.configuration.AuthenticationConfiguration' to bean named 'bootGlobalAuthenticationConfigurationAdapter'
[DEBUG] Returning cached instance of singleton bean 'org.springframework.transaction.config.internalTransactionAdvisor'
[DEBUG] Returning cached instance of singleton bean 'org.springframework.transaction.config.internalTransactionAdvisor'
[DEBUG] Finished creating instance of bean 'org.springframework.security.config.annotation.authentication.configuration.AuthenticationConfiguration'
[DEBUG] Autowiring by type from bean name 'webSecurityConfig' to bean named 'org.springframework.security.config.annotation.authentication.configuration.AuthenticationConfiguration'
[DEBUG] Processing injected element of bean 'webSecurityConfig': AutowiredMethodElement for public void mx.com.restaurante.WebSecurityConfig.configureGlobal(org.springframework.security.config.annotation.authentication.builders.AuthenticationManagerBuilder) throws java.lang.Exception
[DEBUG] Creating shared instance of singleton bean 'authenticationManagerBuilder'
[DEBUG] Creating instance of bean 'authenticationManagerBuilder'
[DEBUG] Returning cached instance of singleton bean 'org.springframework.transaction.config.internalTransactionAdvisor'
[DEBUG] Returning cached instance of singleton bean 'org.springframework.security.config.annotation.authentication.configuration.AuthenticationConfiguration'
[DEBUG] Returning cached instance of singleton bean 'objectPostProcessor'
[DEBUG] Autowiring by type from bean name 'authenticationManagerBuilder' via factory method to bean named 'objectPostProcessor'
[DEBUG] Eagerly caching bean 'authenticationManagerBuilder' to allow for resolving potential circular references
[DEBUG] Returning cached instance of singleton bean 'org.springframework.transaction.config.internalTransactionAdvisor'
[DEBUG] Returning cached instance of singleton bean 'org.springframework.transaction.config.internalTransactionAdvisor'
[DEBUG] Finished creating instance of bean 'authenticationManagerBuilder'
[DEBUG] Autowiring by type from bean name 'webSecurityConfig' to bean named 'authenticationManagerBuilder'
[DEBUG] Returning cached instance of singleton bean 'org.springframework.transaction.config.internalTransactionAdvisor'
[DEBUG] Returning cached instance of singleton bean 'org.springframework.transaction.config.internalTransactionAdvisor'
[DEBUG] Finished creating instance of bean 'webSecurityConfig'
[DEBUG] Returning cached instance of singleton bean 'javaMailSender'
[DEBUG] Returning cached instance of singleton bean 'org.springframework.security.config.annotation.configuration.ObjectPostProcessorConfiguration'
[DEBUG] Returning cached instance of singleton bean 'objectPostProcessor'
[DEBUG] Returning cached instance of singleton bean 'org.springframework.security.config.annotation.authentication.configuration.AuthenticationConfiguration'
[DEBUG] Returning cached instance of singleton bean 'authenticationManagerBuilder'
[DEBUG] Returning cached instance of singleton bean 'enableGlobalAuthenticationAutowiredConfigurer'
[DEBUG] Returning cached instance of singleton bean 'initializeUserDetailsBeanManagerConfigurer'
[DEBUG] Returning cached instance of singleton bean 'initializeAuthenticationProviderBeanManagerConfigurer'
[DEBUG] Creating shared instance of singleton bean 'org.springframework.security.config.annotation.web.configuration.WebSecurityConfiguration'
[DEBUG] Creating instance of bean 'org.springframework.security.config.annotation.web.configuration.WebSecurityConfiguration'
[DEBUG] Returning cached instance of singleton bean 'org.springframework.transaction.config.internalTransactionAdvisor'
[DEBUG] Registered injected element on class [org.springframework.security.config.annotation.web.configuration.WebSecurityConfiguration$$EnhancerBySpringCGLIB$$22b7c493]: AutowiredFieldElement for private org.springframework.security.config.annotation.ObjectPostProcessor org.springframework.security.config.annotation.web.configuration.WebSecurityConfiguration.objectObjectPostProcessor
[DEBUG] Registered injected element on class [org.springframework.security.config.annotation.web.configuration.WebSecurityConfiguration$$EnhancerBySpringCGLIB$$22b7c493]: AutowiredMethodElement for public void org.springframework.security.config.annotation.web.configuration.WebSecurityConfiguration.setFilterChainProxySecurityConfigurer(org.springframework.security.config.annotation.ObjectPostProcessor,java.util.List) throws java.lang.Exception
[DEBUG] Eagerly caching bean 'org.springframework.security.config.annotation.web.configuration.WebSecurityConfiguration' to allow for resolving potential circular references
[DEBUG] Processing injected element of bean 'org.springframework.security.config.annotation.web.configuration.WebSecurityConfiguration': AutowiredFieldElement for private org.springframework.security.config.annotation.ObjectPostProcessor org.springframework.security.config.annotation.web.configuration.WebSecurityConfiguration.objectObjectPostProcessor
[DEBUG] Returning cached instance of singleton bean 'objectPostProcessor'
[DEBUG] Autowiring by type from bean name 'org.springframework.security.config.annotation.web.configuration.WebSecurityConfiguration' to bean named 'objectPostProcessor'
[DEBUG] Processing injected element of bean 'org.springframework.security.config.annotation.web.configuration.WebSecurityConfiguration': AutowiredMethodElement for public void org.springframework.security.config.annotation.web.configuration.WebSecurityConfiguration.setFilterChainProxySecurityConfigurer(org.springframework.security.config.annotation.ObjectPostProcessor,java.util.List) throws java.lang.Exception
[DEBUG] Returning cached instance of singleton bean 'objectPostProcessor'
[DEBUG] Creating shared instance of singleton bean 'autowiredWebSecurityConfigurersIgnoreParents'
[DEBUG] Creating instance of bean 'autowiredWebSecurityConfigurersIgnoreParents'
[DEBUG] Returning cached instance of singleton bean 'org.springframework.transaction.config.internalTransactionAdvisor'
[DEBUG] Returning cached instance of singleton bean 'org.springframework.transaction.config.internalTransactionAdvisor'
[DEBUG] Returning cached instance of singleton bean 'org.springframework.transaction.config.internalTransactionAdvisor'
[DEBUG] Returning eagerly cached instance of singleton bean 'org.springframework.security.config.annotation.web.configuration.WebSecurityConfiguration' that is not fully initialized yet - a consequence of a circular reference
[DEBUG] Autowiring by type from bean name 'autowiredWebSecurityConfigurersIgnoreParents' via factory method to bean named 'org.springframework.beans.factory.support.DefaultListableBeanFactory@7074d98f'
[DEBUG] Eagerly caching bean 'autowiredWebSecurityConfigurersIgnoreParents' to allow for resolving potential circular references
[DEBUG] Returning cached instance of singleton bean 'org.springframework.transaction.config.internalTransactionAdvisor'
[DEBUG] Returning cached instance of singleton bean 'org.springframework.transaction.config.internalTransactionAdvisor'
[DEBUG] Finished creating instance of bean 'autowiredWebSecurityConfigurersIgnoreParents'
[DEBUG] Returning cached instance of singleton bean 'webSecurityConfig'
[DEBUG] Autowiring by type from bean name 'org.springframework.security.config.annotation.web.configuration.WebSecurityConfiguration' to bean named 'objectPostProcessor'
[DEBUG] Returning cached instance of singleton bean 'org.springframework.transaction.config.internalTransactionAdvisor'
[DEBUG] Returning cached instance of singleton bean 'org.springframework.transaction.config.internalTransactionAdvisor'
[DEBUG] Returning cached instance of singleton bean 'org.springframework.context.annotation.ConfigurationClassPostProcessor.importRegistry'
[DEBUG] Finished creating instance of bean 'org.springframework.security.config.annotation.web.configuration.WebSecurityConfiguration'
[DEBUG] Returning cached instance of singleton bean 'delegatingApplicationListener'
[DEBUG] Creating shared instance of singleton bean 'springSecurityFilterChain'
[DEBUG] Creating instance of bean 'springSecurityFilterChain'
[DEBUG] Returning cached instance of singleton bean 'org.springframework.transaction.config.internalTransactionAdvisor'
[DEBUG] Returning cached instance of singleton bean 'org.springframework.security.config.annotation.web.configuration.WebSecurityConfiguration'
[DEBUG] Returning cached instance of singleton bean 'org.springframework.transaction.config.internalTransactionAdvisor'
[DEBUG] Returning cached instance of singleton bean 'org.springframework.transaction.config.internalTransactionAdvisor'
[DEBUG] Returning cached instance of singleton bean 'webSecurityConfig'
[DEBUG] Eagerly initializing {webSecurityConfig=mx.com.restaurante.WebSecurityConfig$$EnhancerBySpringCGLIB$$4595b325@f2fd6ed}
[DEBUG] Returning cached instance of singleton bean 'application'
[DEBUG] Eagerly initializing {application=mx.com.restaurante.Application$$EnhancerBySpringCGLIB$$6350c21f@136e7f38}
[DEBUG] Invoking afterPropertiesSet() on bean with name 'org.springframework.security.authentication.dao.DaoAuthenticationProvider@5e58f86e'
[DEBUG] Returning cached instance of singleton bean 'org.springframework.transaction.config.internalTransactionAdvisor'
[DEBUG] Returning cached instance of singleton bean 'org.springframework.transaction.config.internalTransactionAdvisor'
[DEBUG] Invoking afterPropertiesSet() on bean with name 'org.springframework.security.authentication.ProviderManager@1142328b'
[DEBUG] Returning cached instance of singleton bean 'org.springframework.transaction.config.internalTransactionAdvisor'
[DEBUG] Returning cached instance of singleton bean 'org.springframework.transaction.config.internalTransactionAdvisor'
[DEBUG] Returning cached instance of singleton bean 'authenticationManagerBuilder'
[DEBUG] Adding [servletConfigInitParams] PropertySource with lowest search precedence
[DEBUG] Adding [servletContextInitParams] PropertySource with lowest search precedence
[DEBUG] Adding [systemProperties] PropertySource with lowest search precedence
[DEBUG] Adding [systemEnvironment] PropertySource with lowest search precedence
[DEBUG] Initialized StandardServletEnvironment with PropertySources [servletConfigInitParams,servletContextInitParams,systemProperties,systemEnvironment]
[DEBUG] Adding [servletConfigInitParams] PropertySource with lowest search precedence
[DEBUG] Adding [servletContextInitParams] PropertySource with lowest search precedence
[DEBUG] Adding [systemProperties] PropertySource with lowest search precedence
[DEBUG] Adding [systemEnvironment] PropertySource with lowest search precedence
[DEBUG] Initialized StandardServletEnvironment with PropertySources [servletConfigInitParams,servletContextInitParams,systemProperties,systemEnvironment]
[DEBUG] Adding [servletConfigInitParams] PropertySource with lowest search precedence
[DEBUG] Adding [servletContextInitParams] PropertySource with lowest search precedence
[DEBUG] Adding [systemProperties] PropertySource with lowest search precedence
[DEBUG] Adding [systemEnvironment] PropertySource with lowest search precedence
[DEBUG] Initialized StandardServletEnvironment with PropertySources [servletConfigInitParams,servletContextInitParams,systemProperties,systemEnvironment]
[DEBUG] Adding [servletConfigInitParams] PropertySource with lowest search precedence
[DEBUG] Adding [servletContextInitParams] PropertySource with lowest search precedence
[DEBUG] Adding [systemProperties] PropertySource with lowest search precedence
[DEBUG] Adding [systemEnvironment] PropertySource with lowest search precedence
[DEBUG] Initialized StandardServletEnvironment with PropertySources [servletConfigInitParams,servletContextInitParams,systemProperties,systemEnvironment]
[DEBUG] Returning cached instance of singleton bean 'org.springframework.transaction.config.internalTransactionAdvisor'
[DEBUG] Returning cached instance of singleton bean 'org.springframework.transaction.config.internalTransactionAdvisor'
[DEBUG] Returning cached instance of singleton bean 'org.springframework.transaction.config.internalTransactionAdvisor'
[DEBUG] Returning cached instance of singleton bean 'org.springframework.transaction.config.internalTransactionAdvisor'
[DEBUG] Adding [servletConfigInitParams] PropertySource with lowest search precedence
[DEBUG] Adding [servletContextInitParams] PropertySource with lowest search precedence
[DEBUG] Adding [systemProperties] PropertySource with lowest search precedence
[DEBUG] Adding [systemEnvironment] PropertySource with lowest search precedence
[DEBUG] Initialized StandardServletEnvironment with PropertySources [servletConfigInitParams,servletContextInitParams,systemProperties,systemEnvironment]
[DEBUG] Returning cached instance of singleton bean 'org.springframework.transaction.config.internalTransactionAdvisor'
[DEBUG] Returning cached instance of singleton bean 'org.springframework.transaction.config.internalTransactionAdvisor'
[DEBUG] Invoking afterPropertiesSet() on bean with name 'org.springframework.security.web.authentication.LoginUrlAuthenticationEntryPoint@68fbb366'
[DEBUG] Returning cached instance of singleton bean 'org.springframework.transaction.config.internalTransactionAdvisor'
[DEBUG] Returning cached instance of singleton bean 'org.springframework.transaction.config.internalTransactionAdvisor'
[DEBUG] Invoking afterPropertiesSet() on bean with name 'org.springframework.security.authentication.ProviderManager@7448d551'
[DEBUG] Returning cached instance of singleton bean 'org.springframework.transaction.config.internalTransactionAdvisor'
[DEBUG] Returning cached instance of singleton bean 'org.springframework.transaction.config.internalTransactionAdvisor'
[DEBUG] Adding [servletConfigInitParams] PropertySource with lowest search precedence
[DEBUG] Adding [servletContextInitParams] PropertySource with lowest search precedence
[DEBUG] Adding [systemProperties] PropertySource with lowest search precedence
[DEBUG] Adding [systemEnvironment] PropertySource with lowest search precedence
[DEBUG] Initialized StandardServletEnvironment with PropertySources [servletConfigInitParams,servletContextInitParams,systemProperties,systemEnvironment]
[DEBUG] Invoking afterPropertiesSet() on bean with name 'org.springframework.security.web.access.ExceptionTranslationFilter@649a893b'
[DEBUG] Returning cached instance of singleton bean 'org.springframework.transaction.config.internalTransactionAdvisor'
[DEBUG] Returning cached instance of singleton bean 'org.springframework.transaction.config.internalTransactionAdvisor'
[DEBUG] Adding [servletConfigInitParams] PropertySource with lowest search precedence
[DEBUG] Adding [servletContextInitParams] PropertySource with lowest search precedence
[DEBUG] Adding [systemProperties] PropertySource with lowest search precedence
[DEBUG] Adding [systemEnvironment] PropertySource with lowest search precedence
[DEBUG] Initialized StandardServletEnvironment with PropertySources [servletConfigInitParams,servletContextInitParams,systemProperties,systemEnvironment]
[DEBUG] Invoking afterPropertiesSet() on bean with name 'org.springframework.security.web.header.HeaderWriterFilter@514f764d'
[DEBUG] Returning cached instance of singleton bean 'org.springframework.transaction.config.internalTransactionAdvisor'
[DEBUG] Returning cached instance of singleton bean 'org.springframework.transaction.config.internalTransactionAdvisor'
[DEBUG] Adding [servletConfigInitParams] PropertySource with lowest search precedence
[DEBUG] Adding [servletContextInitParams] PropertySource with lowest search precedence
[DEBUG] Adding [systemProperties] PropertySource with lowest search precedence
[DEBUG] Adding [systemEnvironment] PropertySource with lowest search precedence
[DEBUG] Initialized StandardServletEnvironment with PropertySources [servletConfigInitParams,servletContextInitParams,systemProperties,systemEnvironment]
[DEBUG] Invoking afterPropertiesSet() on bean with name 'org.springframework.security.web.session.SessionManagementFilter@54aea34b'
[DEBUG] Returning cached instance of singleton bean 'org.springframework.transaction.config.internalTransactionAdvisor'
[DEBUG] Returning cached instance of singleton bean 'org.springframework.transaction.config.internalTransactionAdvisor'
[DEBUG] Adding [servletConfigInitParams] PropertySource with lowest search precedence
[DEBUG] Adding [servletContextInitParams] PropertySource with lowest search precedence
[DEBUG] Adding [systemProperties] PropertySource with lowest search precedence
[DEBUG] Adding [systemEnvironment] PropertySource with lowest search precedence
[DEBUG] Initialized StandardServletEnvironment with PropertySources [servletConfigInitParams,servletContextInitParams,systemProperties,systemEnvironment]
[DEBUG] Invoking afterPropertiesSet() on bean with name 'org.springframework.security.web.context.SecurityContextPersistenceFilter@66fe06d2'
[DEBUG] Returning cached instance of singleton bean 'org.springframework.transaction.config.internalTransactionAdvisor'
[DEBUG] Returning cached instance of singleton bean 'org.springframework.transaction.config.internalTransactionAdvisor'
[DEBUG] Adding [servletConfigInitParams] PropertySource with lowest search precedence
[DEBUG] Adding [servletContextInitParams] PropertySource with lowest search precedence
[DEBUG] Adding [systemProperties] PropertySource with lowest search precedence
[DEBUG] Adding [systemEnvironment] PropertySource with lowest search precedence
[DEBUG] Initialized StandardServletEnvironment with PropertySources [servletConfigInitParams,servletContextInitParams,systemProperties,systemEnvironment]
[DEBUG] Invoking afterPropertiesSet() on bean with name 'org.springframework.security.web.savedrequest.RequestCacheAwareFilter@561d8867'
[DEBUG] Returning cached instance of singleton bean 'org.springframework.transaction.config.internalTransactionAdvisor'
[DEBUG] Returning cached instance of singleton bean 'org.springframework.transaction.config.internalTransactionAdvisor'
[DEBUG] Invoking afterPropertiesSet() on bean with name 'org.springframework.security.web.servletapi.SecurityContextHolderAwareRequestFilter@7cca61f7'
[DEBUG] Returning cached instance of singleton bean 'org.springframework.transaction.config.internalTransactionAdvisor'
[DEBUG] Returning cached instance of singleton bean 'org.springframework.transaction.config.internalTransactionAdvisor'
[DEBUG] Adding [servletConfigInitParams] PropertySource with lowest search precedence
[DEBUG] Adding [servletContextInitParams] PropertySource with lowest search precedence
[DEBUG] Adding [systemProperties] PropertySource with lowest search precedence
[DEBUG] Adding [systemEnvironment] PropertySource with lowest search precedence
[DEBUG] Initialized StandardServletEnvironment with PropertySources [servletConfigInitParams,servletContextInitParams,systemProperties,systemEnvironment]
[DEBUG] Invoking afterPropertiesSet() on bean with name 'org.springframework.security.web.authentication.logout.LogoutFilter@5ddf21de'
[DEBUG] Returning cached instance of singleton bean 'org.springframework.transaction.config.internalTransactionAdvisor'
[DEBUG] Returning cached instance of singleton bean 'org.springframework.transaction.config.internalTransactionAdvisor'
[DEBUG] Adding web access control expression 'permitAll', for ExactUrl [processUrl='/login?error']
[DEBUG] Adding web access control expression 'permitAll', for ExactUrl [processUrl='/login']
[DEBUG] Adding web access control expression 'permitAll', for ExactUrl [processUrl='/login']
[DEBUG] Adding web access control expression 'permitAll', for OrRequestMatcher [requestMatchers=[Ant [pattern='/logout', GET], Ant [pattern='/logout', POST], Ant [pattern='/logout', PUT], Ant [pattern='/logout', DELETE]]]
[DEBUG] Adding web access control expression 'permitAll', for ExactUrl [processUrl='/login?logout']
[DEBUG] Adding web access control expression 'permitAll', for Ant [pattern='/']
[DEBUG] Adding web access control expression 'permitAll', for Ant [pattern='/home']
[DEBUG] Adding web access control expression 'permitAll', for Ant [pattern='/reservacion']
[DEBUG] Adding web access control expression 'permitAll', for Ant [pattern='/reservacion/confirmacion*']
[DEBUG] Adding web access control expression 'permitAll', for Ant [pattern='/gestionReservaciones*']
[DEBUG] Adding web access control expression 'permitAll', for Ant [pattern='/css/**']
[DEBUG] Invoking afterPropertiesSet() on bean with name 'org.springframework.security.access.vote.AffirmativeBased@451fbafc'
[DEBUG] Returning cached instance of singleton bean 'org.springframework.transaction.config.internalTransactionAdvisor'
[DEBUG] Returning cached instance of singleton bean 'org.springframework.transaction.config.internalTransactionAdvisor'
[DEBUG] Validated configuration attributes
[DEBUG] Invoking afterPropertiesSet() on bean with name 'org.springframework.security.web.access.intercept.FilterSecurityInterceptor@332a264c'
[DEBUG] Validated configuration attributes
[DEBUG] Returning cached instance of singleton bean 'org.springframework.transaction.config.internalTransactionAdvisor'
[DEBUG] Returning cached instance of singleton bean 'org.springframework.transaction.config.internalTransactionAdvisor'
[DEBUG] Invoking afterPropertiesSet() on bean with name 'org.springframework.security.web.authentication.UsernamePasswordAuthenticationFilter@64ca3696'
[DEBUG] Returning cached instance of singleton bean 'org.springframework.transaction.config.internalTransactionAdvisor'
[DEBUG] Returning cached instance of singleton bean 'org.springframework.transaction.config.internalTransactionAdvisor'
[INFO] Creating filter chain: org.springframework.security.web.util.matcher.AnyRequestMatcher@1, [org.springframework.security.web.context.request.async.WebAsyncManagerIntegrationFilter@263215a8, org.springframework.security.web.context.SecurityContextPersistenceFilter@66fe06d2, org.springframework.security.web.header.HeaderWriterFilter@514f764d, org.springframework.security.web.authentication.logout.LogoutFilter@5ddf21de, org.springframework.security.web.authentication.UsernamePasswordAuthenticationFilter@64ca3696, org.springframework.security.web.savedrequest.RequestCacheAwareFilter@561d8867, org.springframework.security.web.servletapi.SecurityContextHolderAwareRequestFilter@7cca61f7, org.springframework.security.web.authentication.AnonymousAuthenticationFilter@449d00cc, org.springframework.security.web.session.SessionManagementFilter@54aea34b, org.springframework.security.web.access.ExceptionTranslationFilter@649a893b, org.springframework.security.web.access.intercept.FilterSecurityInterceptor@332a264c]
[DEBUG] Adding [servletConfigInitParams] PropertySource with lowest search precedence
[DEBUG] Adding [servletContextInitParams] PropertySource with lowest search precedence
[DEBUG] Adding [systemProperties] PropertySource with lowest search precedence
[DEBUG] Adding [systemEnvironment] PropertySource with lowest search precedence
[DEBUG] Initialized StandardServletEnvironment with PropertySources [servletConfigInitParams,servletContextInitParams,systemProperties,systemEnvironment]
[DEBUG] Eagerly caching bean 'springSecurityFilterChain' to allow for resolving potential circular references
[DEBUG] Invoking afterPropertiesSet() on bean with name 'springSecurityFilterChain'
[DEBUG] Returning cached instance of singleton bean 'org.springframework.transaction.config.internalTransactionAdvisor'
[DEBUG] Returning cached instance of singleton bean 'org.springframework.transaction.config.internalTransactionAdvisor'
[DEBUG] Finished creating instance of bean 'springSecurityFilterChain'
[DEBUG] Creating shared instance of singleton bean 'webSecurityExpressionHandler'
[DEBUG] Creating instance of bean 'webSecurityExpressionHandler'
[DEBUG] Returning cached instance of singleton bean 'org.springframework.security.config.annotation.web.configuration.WebSecurityConfiguration'
[DEBUG] Eagerly caching bean 'webSecurityExpressionHandler' to allow for resolving potential circular references
[DEBUG] Finished creating instance of bean 'webSecurityExpressionHandler'
[DEBUG] Returning cached instance of singleton bean 'springSecurityFilterChain'
[DEBUG] Returning cached instance of singleton bean 'springSecurityFilterChain'
[DEBUG] Creating shared instance of singleton bean 'privilegeEvaluator'
[DEBUG] Creating instance of bean 'privilegeEvaluator'
[DEBUG] Returning cached instance of singleton bean 'org.springframework.transaction.config.internalTransactionAdvisor'
[DEBUG] Returning cached instance of singleton bean 'org.springframework.security.config.annotation.web.configuration.WebSecurityConfiguration'
[DEBUG] Eagerly caching bean 'privilegeEvaluator' to allow for resolving potential circular references
[DEBUG] Returning cached instance of singleton bean 'org.springframework.transaction.config.internalTransactionAdvisor'
[DEBUG] Returning cached instance of singleton bean 'org.springframework.transaction.config.internalTransactionAdvisor'
[DEBUG] Finished creating instance of bean 'privilegeEvaluator'
[DEBUG] Returning cached instance of singleton bean 'autowiredWebSecurityConfigurersIgnoreParents'
[DEBUG] Returning cached instance of singleton bean 'org.springframework.security.config.annotation.web.configuration.WebMvcSecurityConfiguration'
[DEBUG] Creating shared instance of singleton bean 'requestDataValueProcessor'
[DEBUG] Creating instance of bean 'requestDataValueProcessor'
[DEBUG] Returning cached instance of singleton bean 'org.springframework.transaction.config.internalTransactionAdvisor'
[DEBUG] Returning cached instance of singleton bean 'org.springframework.security.config.annotation.web.configuration.WebMvcSecurityConfiguration'
[DEBUG] Eagerly caching bean 'requestDataValueProcessor' to allow for resolving potential circular references
[DEBUG] Returning cached instance of singleton bean 'org.springframework.transaction.config.internalTransactionAdvisor'
[DEBUG] Returning cached instance of singleton bean 'org.springframework.transaction.config.internalTransactionAdvisor'
[DEBUG] Finished creating instance of bean 'requestDataValueProcessor'
[DEBUG] Returning cached instance of singleton bean 'org.springframework.boot.autoconfigure.AutoConfigurationPackages'
[DEBUG] Returning cached instance of singleton bean 'org.springframework.boot.autoconfigure.condition.BeanTypeRegistry'
[DEBUG] Returning cached instance of singleton bean 'org.springframework.boot.autoconfigure.context.MessageSourceAutoConfiguration'
[DEBUG] Returning cached instance of singleton bean 'messageSource'
[DEBUG] Returning cached instance of singleton bean 'org.springframework.boot.context.properties.ConfigurationPropertiesBindingPostProcessor'
[DEBUG] Returning cached instance of singleton bean 'org.springframework.boot.context.properties.ConfigurationPropertiesBindingPostProcessor.store'
[DEBUG] Creating shared instance of singleton bean 'org.springframework.boot.autoconfigure.context.PropertyPlaceholderAutoConfiguration'
[DEBUG] Creating instance of bean 'org.springframework.boot.autoconfigure.context.PropertyPlaceholderAutoConfiguration'
[DEBUG] Returning cached instance of singleton bean 'org.springframework.transaction.config.internalTransactionAdvisor'
[DEBUG] Eagerly caching bean 'org.springframework.boot.autoconfigure.context.PropertyPlaceholderAutoConfiguration' to allow for resolving potential circular references
[DEBUG] Returning cached instance of singleton bean 'org.springframework.transaction.config.internalTransactionAdvisor'
[DEBUG] Returning cached instance of singleton bean 'org.springframework.transaction.config.internalTransactionAdvisor'
[DEBUG] Finished creating instance of bean 'org.springframework.boot.autoconfigure.context.PropertyPlaceholderAutoConfiguration'
[DEBUG] Returning cached instance of singleton bean 'propertySourcesPlaceholderConfigurer'
[DEBUG] Returning cached instance of singleton bean 'org.springframework.boot.autoconfigure.jackson.JacksonAutoConfiguration$Jackson2ObjectMapperBuilderCustomizerConfiguration'
[DEBUG] Returning cached instance of singleton bean 'standardJacksonObjectMapperBuilderCustomizer'
[DEBUG] Returning cached instance of singleton bean 'spring.jackson-org.springframework.boot.autoconfigure.jackson.JacksonProperties'
[DEBUG] Returning cached instance of singleton bean 'org.springframework.boot.autoconfigure.jackson.JacksonAutoConfiguration$JacksonObjectMapperBuilderConfiguration'
[DEBUG] Returning cached instance of singleton bean 'jacksonObjectMapperBuilder'
[DEBUG] Returning cached instance of singleton bean 'org.springframework.boot.autoconfigure.jackson.JacksonAutoConfiguration$JacksonObjectMapperConfiguration'
[DEBUG] Returning cached instance of singleton bean 'jacksonObjectMapper'
[DEBUG] Returning cached instance of singleton bean 'org.springframework.boot.autoconfigure.jackson.JacksonAutoConfiguration'
[DEBUG] Returning cached instance of singleton bean 'jsonComponentModule'
[DEBUG] Creating shared instance of singleton bean 'org.springframework.boot.autoconfigure.websocket.WebSocketAutoConfiguration$TomcatWebSocketConfiguration'
[DEBUG] Creating instance of bean 'org.springframework.boot.autoconfigure.websocket.WebSocketAutoConfiguration$TomcatWebSocketConfiguration'
[DEBUG] Returning cached instance of singleton bean 'org.springframework.transaction.config.internalTransactionAdvisor'
[DEBUG] Eagerly caching bean 'org.springframework.boot.autoconfigure.websocket.WebSocketAutoConfiguration$TomcatWebSocketConfiguration' to allow for resolving potential circular references
[DEBUG] Returning cached instance of singleton bean 'org.springframework.transaction.config.internalTransactionAdvisor'
[DEBUG] Returning cached instance of singleton bean 'org.springframework.transaction.config.internalTransactionAdvisor'
[DEBUG] Finished creating instance of bean 'org.springframework.boot.autoconfigure.websocket.WebSocketAutoConfiguration$TomcatWebSocketConfiguration'
[DEBUG] Creating shared instance of singleton bean 'websocketContainerCustomizer'
[DEBUG] Creating instance of bean 'websocketContainerCustomizer'
[DEBUG] Returning cached instance of singleton bean 'org.springframework.transaction.config.internalTransactionAdvisor'
[DEBUG] Returning cached instance of singleton bean 'org.springframework.boot.autoconfigure.websocket.WebSocketAutoConfiguration$TomcatWebSocketConfiguration'
[DEBUG] Eagerly caching bean 'websocketContainerCustomizer' to allow for resolving potential circular references
[DEBUG] Returning cached instance of singleton bean 'org.springframework.transaction.config.internalTransactionAdvisor'
[DEBUG] Returning cached instance of singleton bean 'org.springframework.transaction.config.internalTransactionAdvisor'
[DEBUG] Finished creating instance of bean 'websocketContainerCustomizer'
[DEBUG] Creating shared instance of singleton bean 'org.springframework.boot.autoconfigure.websocket.WebSocketAutoConfiguration'
[DEBUG] Creating instance of bean 'org.springframework.boot.autoconfigure.websocket.WebSocketAutoConfiguration'
[DEBUG] Returning cached instance of singleton bean 'org.springframework.transaction.config.internalTransactionAdvisor'
[DEBUG] Eagerly caching bean 'org.springframework.boot.autoconfigure.websocket.WebSocketAutoConfiguration' to allow for resolving potential circular references
[DEBUG] Returning cached instance of singleton bean 'org.springframework.transaction.config.internalTransactionAdvisor'
[DEBUG] Returning cached instance of singleton bean 'org.springframework.transaction.config.internalTransactionAdvisor'
[DEBUG] Finished creating instance of bean 'org.springframework.boot.autoconfigure.websocket.WebSocketAutoConfiguration'
[DEBUG] Creating shared instance of singleton bean 'org.springframework.boot.autoconfigure.web.EmbeddedServletContainerAutoConfiguration$EmbeddedTomcat'
[DEBUG] Creating instance of bean 'org.springframework.boot.autoconfigure.web.EmbeddedServletContainerAutoConfiguration$EmbeddedTomcat'
[DEBUG] Returning cached instance of singleton bean 'org.springframework.transaction.config.internalTransactionAdvisor'
[DEBUG] Eagerly caching bean 'org.springframework.boot.autoconfigure.web.EmbeddedServletContainerAutoConfiguration$EmbeddedTomcat' to allow for resolving potential circular references
[DEBUG] Returning cached instance of singleton bean 'org.springframework.transaction.config.internalTransactionAdvisor'
[DEBUG] Returning cached instance of singleton bean 'org.springframework.transaction.config.internalTransactionAdvisor'
[DEBUG] Finished creating instance of bean 'org.springframework.boot.autoconfigure.web.EmbeddedServletContainerAutoConfiguration$EmbeddedTomcat'
[DEBUG] Creating shared instance of singleton bean 'tomcatEmbeddedServletContainerFactory'
[DEBUG] Creating instance of bean 'tomcatEmbeddedServletContainerFactory'
[DEBUG] Returning cached instance of singleton bean 'org.springframework.transaction.config.internalTransactionAdvisor'
[DEBUG] Returning cached instance of singleton bean 'org.springframework.boot.autoconfigure.web.EmbeddedServletContainerAutoConfiguration$EmbeddedTomcat'
[DEBUG] Eagerly caching bean 'tomcatEmbeddedServletContainerFactory' to allow for resolving potential circular references
[DEBUG] Returning cached instance of singleton bean 'websocketContainerCustomizer'
[DEBUG] Creating shared instance of singleton bean 'localeCharsetMappingsCustomizer'
[DEBUG] Creating instance of bean 'localeCharsetMappingsCustomizer'
[DEBUG] Returning cached instance of singleton bean 'org.springframework.transaction.config.internalTransactionAdvisor'
[DEBUG] Creating shared instance of singleton bean 'org.springframework.boot.autoconfigure.web.HttpEncodingAutoConfiguration'
[DEBUG] Creating instance of bean 'org.springframework.boot.autoconfigure.web.HttpEncodingAutoConfiguration'
[DEBUG] Returning cached instance of singleton bean 'org.springframework.transaction.config.internalTransactionAdvisor'
[DEBUG] Cannot find '.class' file for class [class org.springframework.boot.autoconfigure.web.HttpEncodingAutoConfiguration$$EnhancerBySpringCGLIB$$5272fe4b] - unable to determine constructor/method parameter names
[DEBUG] Returning cached instance of singleton bean 'spring.http.encoding-org.springframework.boot.autoconfigure.web.HttpEncodingProperties'
[DEBUG] Autowiring by type from bean name 'org.springframework.boot.autoconfigure.web.HttpEncodingAutoConfiguration' via constructor to bean named 'spring.http.encoding-org.springframework.boot.autoconfigure.web.HttpEncodingProperties'
[DEBUG] Eagerly caching bean 'org.springframework.boot.autoconfigure.web.HttpEncodingAutoConfiguration' to allow for resolving potential circular references
[DEBUG] Returning cached instance of singleton bean 'org.springframework.transaction.config.internalTransactionAdvisor'
[DEBUG] Returning cached instance of singleton bean 'org.springframework.transaction.config.internalTransactionAdvisor'
[DEBUG] Finished creating instance of bean 'org.springframework.boot.autoconfigure.web.HttpEncodingAutoConfiguration'
[DEBUG] Eagerly caching bean 'localeCharsetMappingsCustomizer' to allow for resolving potential circular references
[DEBUG] Returning cached instance of singleton bean 'org.springframework.transaction.config.internalTransactionAdvisor'
[DEBUG] Returning cached instance of singleton bean 'org.springframework.transaction.config.internalTransactionAdvisor'
[DEBUG] Finished creating instance of bean 'localeCharsetMappingsCustomizer'
[DEBUG] Creating shared instance of singleton bean 'serverProperties'
[DEBUG] Creating instance of bean 'serverProperties'
[DEBUG] Returning cached instance of singleton bean 'org.springframework.transaction.config.internalTransactionAdvisor'
[DEBUG] Creating shared instance of singleton bean 'org.springframework.boot.autoconfigure.web.ServerPropertiesAutoConfiguration'
[DEBUG] Creating instance of bean 'org.springframework.boot.autoconfigure.web.ServerPropertiesAutoConfiguration'
[DEBUG] Returning cached instance of singleton bean 'org.springframework.transaction.config.internalTransactionAdvisor'
[DEBUG] Eagerly caching bean 'org.springframework.boot.autoconfigure.web.ServerPropertiesAutoConfiguration' to allow for resolving potential circular references
[DEBUG] Returning cached instance of singleton bean 'org.springframework.transaction.config.internalTransactionAdvisor'
[DEBUG] Returning cached instance of singleton bean 'org.springframework.transaction.config.internalTransactionAdvisor'
[DEBUG] Finished creating instance of bean 'org.springframework.boot.autoconfigure.web.ServerPropertiesAutoConfiguration'
[DEBUG] Eagerly caching bean 'serverProperties' to allow for resolving potential circular references
[DEBUG] Adding [Inlined Test Properties] PropertySource with lowest search precedence
[DEBUG] Adding [systemProperties] PropertySource with lowest search precedence
[DEBUG] Adding [systemEnvironment] PropertySource with lowest search precedence
[DEBUG] Adding [random] PropertySource with lowest search precedence
[DEBUG] Adding [applicationConfig: [classpath:/application.properties]] PropertySource with lowest search precedence
[DEBUG] Adding [class path resource [mail.properties]] PropertySource with lowest search precedence
[DEBUG] Adding [localProperties] PropertySource with lowest search precedence
[DEBUG] Adding [Inlined Test Properties] PropertySource with lowest search precedence
[DEBUG] Adding [systemProperties] PropertySource with lowest search precedence
[DEBUG] Adding [systemEnvironment] PropertySource with lowest search precedence
[DEBUG] Adding [random] PropertySource with lowest search precedence
[DEBUG] Adding [applicationConfig: [classpath:/application.properties]] PropertySource with lowest search precedence
[DEBUG] Adding [class path resource [mail.properties]] PropertySource with lowest search precedence
[DEBUG] Adding [localProperties] PropertySource with lowest search precedence
[DEBUG] Found key 'server.port' in [Inlined Test Properties] with type [String]
[DEBUG] Returning cached instance of singleton bean 'org.springframework.transaction.config.internalTransactionAdvisor'
[DEBUG] Returning cached instance of singleton bean 'org.springframework.transaction.config.internalTransactionAdvisor'
[DEBUG] Finished creating instance of bean 'serverProperties'
[DEBUG] Creating shared instance of singleton bean 'duplicateServerPropertiesDetector'
[DEBUG] Creating instance of bean 'duplicateServerPropertiesDetector'
[DEBUG] Returning cached instance of singleton bean 'org.springframework.transaction.config.internalTransactionAdvisor'
[DEBUG] Returning cached instance of singleton bean 'org.springframework.boot.autoconfigure.web.ServerPropertiesAutoConfiguration'
[DEBUG] Eagerly caching bean 'duplicateServerPropertiesDetector' to allow for resolving potential circular references
[DEBUG] Returning cached instance of singleton bean 'org.springframework.transaction.config.internalTransactionAdvisor'
[DEBUG] Returning cached instance of singleton bean 'org.springframework.transaction.config.internalTransactionAdvisor'
[DEBUG] Finished creating instance of bean 'duplicateServerPropertiesDetector'
[DEBUG] Creating shared instance of singleton bean 'errorPageCustomizer'
[DEBUG] Creating instance of bean 'errorPageCustomizer'
[DEBUG] Returning cached instance of singleton bean 'org.springframework.transaction.config.internalTransactionAdvisor'
[DEBUG] Creating shared instance of singleton bean 'org.springframework.boot.autoconfigure.web.ErrorMvcAutoConfiguration'
[DEBUG] Creating instance of bean 'org.springframework.boot.autoconfigure.web.ErrorMvcAutoConfiguration'
[DEBUG] Returning cached instance of singleton bean 'org.springframework.transaction.config.internalTransactionAdvisor'
[DEBUG] Cannot find '.class' file for class [class org.springframework.boot.autoconfigure.web.ErrorMvcAutoConfiguration$$EnhancerBySpringCGLIB$$3181a194] - unable to determine constructor/method parameter names
[DEBUG] Returning cached instance of singleton bean 'serverProperties'
[DEBUG] Autowiring by type from bean name 'org.springframework.boot.autoconfigure.web.ErrorMvcAutoConfiguration' via constructor to bean named 'serverProperties'
[DEBUG] Creating shared instance of singleton bean 'conventionErrorViewResolver'
[DEBUG] Creating instance of bean 'conventionErrorViewResolver'
[DEBUG] Returning cached instance of singleton bean 'org.springframework.transaction.config.internalTransactionAdvisor'
[DEBUG] Creating shared instance of singleton bean 'org.springframework.boot.autoconfigure.web.ErrorMvcAutoConfiguration$DefaultErrorViewResolverConfiguration'
[DEBUG] Creating instance of bean 'org.springframework.boot.autoconfigure.web.ErrorMvcAutoConfiguration$DefaultErrorViewResolverConfiguration'
[DEBUG] Returning cached instance of singleton bean 'org.springframework.transaction.config.internalTransactionAdvisor'
[DEBUG] Cannot find '.class' file for class [class org.springframework.boot.autoconfigure.web.ErrorMvcAutoConfiguration$DefaultErrorViewResolverConfiguration$$EnhancerBySpringCGLIB$$3e1eaaf4] - unable to determine constructor/method parameter names
[DEBUG] Returning cached instance of singleton bean 'spring.resources-org.springframework.boot.autoconfigure.web.ResourceProperties'
[DEBUG] Autowiring by type from bean name 'org.springframework.boot.autoconfigure.web.ErrorMvcAutoConfiguration$DefaultErrorViewResolverConfiguration' via constructor to bean named 'org.springframework.web.context.support.GenericWebApplicationContext@4e187cd6'
[DEBUG] Autowiring by type from bean name 'org.springframework.boot.autoconfigure.web.ErrorMvcAutoConfiguration$DefaultErrorViewResolverConfiguration' via constructor to bean named 'spring.resources-org.springframework.boot.autoconfigure.web.ResourceProperties'
[DEBUG] Eagerly caching bean 'org.springframework.boot.autoconfigure.web.ErrorMvcAutoConfiguration$DefaultErrorViewResolverConfiguration' to allow for resolving potential circular references
[DEBUG] Returning cached instance of singleton bean 'org.springframework.transaction.config.internalTransactionAdvisor'
[DEBUG] Returning cached instance of singleton bean 'org.springframework.transaction.config.internalTransactionAdvisor'
[DEBUG] Finished creating instance of bean 'org.springframework.boot.autoconfigure.web.ErrorMvcAutoConfiguration$DefaultErrorViewResolverConfiguration'
[DEBUG] Eagerly caching bean 'conventionErrorViewResolver' to allow for resolving potential circular references
[DEBUG] Returning cached instance of singleton bean 'org.springframework.transaction.config.internalTransactionAdvisor'
[DEBUG] Returning cached instance of singleton bean 'org.springframework.transaction.config.internalTransactionAdvisor'
[DEBUG] Finished creating instance of bean 'conventionErrorViewResolver'
[DEBUG] Eagerly caching bean 'org.springframework.boot.autoconfigure.web.ErrorMvcAutoConfiguration' to allow for resolving potential circular references
[DEBUG] Returning cached instance of singleton bean 'org.springframework.transaction.config.internalTransactionAdvisor'
[DEBUG] Returning cached instance of singleton bean 'org.springframework.transaction.config.internalTransactionAdvisor'
[DEBUG] Finished creating instance of bean 'org.springframework.boot.autoconfigure.web.ErrorMvcAutoConfiguration'
[DEBUG] Eagerly caching bean 'errorPageCustomizer' to allow for resolving potential circular references
[DEBUG] Returning cached instance of singleton bean 'org.springframework.transaction.config.internalTransactionAdvisor'
[DEBUG] Returning cached instance of singleton bean 'org.springframework.transaction.config.internalTransactionAdvisor'
[DEBUG] Finished creating instance of bean 'errorPageCustomizer'
[DEBUG] Returning cached instance of singleton bean 'org.springframework.transaction.config.internalTransactionAdvisor'
[DEBUG] Returning cached instance of singleton bean 'org.springframework.transaction.config.internalTransactionAdvisor'
[DEBUG] Finished creating instance of bean 'tomcatEmbeddedServletContainerFactory'
[DEBUG] Creating shared instance of singleton bean 'org.springframework.boot.autoconfigure.web.EmbeddedServletContainerAutoConfiguration'
[DEBUG] Creating instance of bean 'org.springframework.boot.autoconfigure.web.EmbeddedServletContainerAutoConfiguration'
[DEBUG] Returning cached instance of singleton bean 'org.springframework.transaction.config.internalTransactionAdvisor'
[DEBUG] Eagerly caching bean 'org.springframework.boot.autoconfigure.web.EmbeddedServletContainerAutoConfiguration' to allow for resolving potential circular references
[DEBUG] Returning cached instance of singleton bean 'org.springframework.transaction.config.internalTransactionAdvisor'
[DEBUG] Returning cached instance of singleton bean 'org.springframework.transaction.config.internalTransactionAdvisor'
[DEBUG] Finished creating instance of bean 'org.springframework.boot.autoconfigure.web.EmbeddedServletContainerAutoConfiguration'
[DEBUG] Returning cached instance of singleton bean 'embeddedServletContainerCustomizerBeanPostProcessor'
[DEBUG] Returning cached instance of singleton bean 'errorPageRegistrarBeanPostProcessor'
[DEBUG] Creating shared instance of singleton bean 'org.springframework.boot.autoconfigure.web.DispatcherServletAutoConfiguration$DispatcherServletConfiguration'
[DEBUG] Creating instance of bean 'org.springframework.boot.autoconfigure.web.DispatcherServletAutoConfiguration$DispatcherServletConfiguration'
[DEBUG] Returning cached instance of singleton bean 'org.springframework.transaction.config.internalTransactionAdvisor'
[DEBUG] Cannot find '.class' file for class [class org.springframework.boot.autoconfigure.web.DispatcherServletAutoConfiguration$DispatcherServletConfiguration$$EnhancerBySpringCGLIB$$21ec46f2] - unable to determine constructor/method parameter names
[DEBUG] Returning cached instance of singleton bean 'spring.mvc-org.springframework.boot.autoconfigure.web.WebMvcProperties'
[DEBUG] Autowiring by type from bean name 'org.springframework.boot.autoconfigure.web.DispatcherServletAutoConfiguration$DispatcherServletConfiguration' via constructor to bean named 'spring.mvc-org.springframework.boot.autoconfigure.web.WebMvcProperties'
[DEBUG] Eagerly caching bean 'org.springframework.boot.autoconfigure.web.DispatcherServletAutoConfiguration$DispatcherServletConfiguration' to allow for resolving potential circular references
[DEBUG] Returning cached instance of singleton bean 'org.springframework.transaction.config.internalTransactionAdvisor'
[DEBUG] Returning cached instance of singleton bean 'org.springframework.transaction.config.internalTransactionAdvisor'
[DEBUG] Finished creating instance of bean 'org.springframework.boot.autoconfigure.web.DispatcherServletAutoConfiguration$DispatcherServletConfiguration'
[DEBUG] Creating shared instance of singleton bean 'dispatcherServlet'
[DEBUG] Creating instance of bean 'dispatcherServlet'
[DEBUG] Returning cached instance of singleton bean 'org.springframework.transaction.config.internalTransactionAdvisor'
[DEBUG] Returning cached instance of singleton bean 'org.springframework.boot.autoconfigure.web.DispatcherServletAutoConfiguration$DispatcherServletConfiguration'
[DEBUG] Eagerly caching bean 'dispatcherServlet' to allow for resolving potential circular references
[DEBUG] Returning cached instance of singleton bean 'org.springframework.transaction.config.internalTransactionAdvisor'
[DEBUG] Returning cached instance of singleton bean 'org.springframework.transaction.config.internalTransactionAdvisor'
[DEBUG] Finished creating instance of bean 'dispatcherServlet'
[DEBUG] Returning cached instance of singleton bean 'spring.mvc-org.springframework.boot.autoconfigure.web.WebMvcProperties'
[DEBUG] Creating shared instance of singleton bean 'org.springframework.boot.autoconfigure.web.DispatcherServletAutoConfiguration$DispatcherServletRegistrationConfiguration'
[DEBUG] Creating instance of bean 'org.springframework.boot.autoconfigure.web.DispatcherServletAutoConfiguration$DispatcherServletRegistrationConfiguration'
[DEBUG] Returning cached instance of singleton bean 'org.springframework.transaction.config.internalTransactionAdvisor'
[DEBUG] Cannot find '.class' file for class [class org.springframework.boot.autoconfigure.web.DispatcherServletAutoConfiguration$DispatcherServletRegistrationConfiguration$$EnhancerBySpringCGLIB$$9cdbd619] - unable to determine constructor/method parameter names
[DEBUG] Returning cached instance of singleton bean 'serverProperties'
[DEBUG] Returning cached instance of singleton bean 'spring.mvc-org.springframework.boot.autoconfigure.web.WebMvcProperties'
[DEBUG] Autowiring by type from bean name 'org.springframework.boot.autoconfigure.web.DispatcherServletAutoConfiguration$DispatcherServletRegistrationConfiguration' via constructor to bean named 'serverProperties'
[DEBUG] Autowiring by type from bean name 'org.springframework.boot.autoconfigure.web.DispatcherServletAutoConfiguration$DispatcherServletRegistrationConfiguration' via constructor to bean named 'spring.mvc-org.springframework.boot.autoconfigure.web.WebMvcProperties'
[DEBUG] Creating shared instance of singleton bean 'multipartConfigElement'
[DEBUG] Creating instance of bean 'multipartConfigElement'
[DEBUG] Returning cached instance of singleton bean 'org.springframework.transaction.config.internalTransactionAdvisor'
[DEBUG] Creating shared instance of singleton bean 'org.springframework.boot.autoconfigure.web.MultipartAutoConfiguration'
[DEBUG] Creating instance of bean 'org.springframework.boot.autoconfigure.web.MultipartAutoConfiguration'
[DEBUG] Returning cached instance of singleton bean 'org.springframework.transaction.config.internalTransactionAdvisor'
[DEBUG] Cannot find '.class' file for class [class org.springframework.boot.autoconfigure.web.MultipartAutoConfiguration$$EnhancerBySpringCGLIB$$36344ae6] - unable to determine constructor/method parameter names
[DEBUG] Creating shared instance of singleton bean 'spring.http.multipart-org.springframework.boot.autoconfigure.web.MultipartProperties'
[DEBUG] Creating instance of bean 'spring.http.multipart-org.springframework.boot.autoconfigure.web.MultipartProperties'
[DEBUG] Returning cached instance of singleton bean 'org.springframework.transaction.config.internalTransactionAdvisor'
[DEBUG] Eagerly caching bean 'spring.http.multipart-org.springframework.boot.autoconfigure.web.MultipartProperties' to allow for resolving potential circular references
[DEBUG] Adding [Inlined Test Properties] PropertySource with lowest search precedence
[DEBUG] Adding [systemProperties] PropertySource with lowest search precedence
[DEBUG] Adding [systemEnvironment] PropertySource with lowest search precedence
[DEBUG] Adding [random] PropertySource with lowest search precedence
[DEBUG] Adding [applicationConfig: [classpath:/application.properties]] PropertySource with lowest search precedence
[DEBUG] Adding [class path resource [mail.properties]] PropertySource with lowest search precedence
[DEBUG] Adding [localProperties] PropertySource with lowest search precedence
[DEBUG] Returning cached instance of singleton bean 'org.springframework.transaction.config.internalTransactionAdvisor'
[DEBUG] Returning cached instance of singleton bean 'org.springframework.transaction.config.internalTransactionAdvisor'
[DEBUG] Finished creating instance of bean 'spring.http.multipart-org.springframework.boot.autoconfigure.web.MultipartProperties'
[DEBUG] Autowiring by type from bean name 'org.springframework.boot.autoconfigure.web.MultipartAutoConfiguration' via constructor to bean named 'spring.http.multipart-org.springframework.boot.autoconfigure.web.MultipartProperties'
[DEBUG] Eagerly caching bean 'org.springframework.boot.autoconfigure.web.MultipartAutoConfiguration' to allow for resolving potential circular references
[DEBUG] Returning cached instance of singleton bean 'org.springframework.transaction.config.internalTransactionAdvisor'
[DEBUG] Returning cached instance of singleton bean 'org.springframework.transaction.config.internalTransactionAdvisor'
[DEBUG] Finished creating instance of bean 'org.springframework.boot.autoconfigure.web.MultipartAutoConfiguration'
[DEBUG] Eagerly caching bean 'multipartConfigElement' to allow for resolving potential circular references
[DEBUG] Returning cached instance of singleton bean 'org.springframework.transaction.config.internalTransactionAdvisor'
[DEBUG] Returning cached instance of singleton bean 'org.springframework.transaction.config.internalTransactionAdvisor'
[DEBUG] Finished creating instance of bean 'multipartConfigElement'
[DEBUG] Eagerly caching bean 'org.springframework.boot.autoconfigure.web.DispatcherServletAutoConfiguration$DispatcherServletRegistrationConfiguration' to allow for resolving potential circular references
[DEBUG] Returning cached instance of singleton bean 'org.springframework.transaction.config.internalTransactionAdvisor'
[DEBUG] Returning cached instance of singleton bean 'org.springframework.transaction.config.internalTransactionAdvisor'
[DEBUG] Finished creating instance of bean 'org.springframework.boot.autoconfigure.web.DispatcherServletAutoConfiguration$DispatcherServletRegistrationConfiguration'
[DEBUG] Creating shared instance of singleton bean 'dispatcherServletRegistration'
[DEBUG] Creating instance of bean 'dispatcherServletRegistration'
[DEBUG] Returning cached instance of singleton bean 'org.springframework.transaction.config.internalTransactionAdvisor'
[DEBUG] Returning cached instance of singleton bean 'org.springframework.boot.autoconfigure.web.DispatcherServletAutoConfiguration$DispatcherServletRegistrationConfiguration'
[DEBUG] Returning cached instance of singleton bean 'dispatcherServlet'
[DEBUG] Autowiring by type from bean name 'dispatcherServletRegistration' via factory method to bean named 'dispatcherServlet'
[DEBUG] Eagerly caching bean 'dispatcherServletRegistration' to allow for resolving potential circular references
[DEBUG] Returning cached instance of singleton bean 'org.springframework.transaction.config.internalTransactionAdvisor'
[DEBUG] Returning cached instance of singleton bean 'org.springframework.transaction.config.internalTransactionAdvisor'
[DEBUG] Finished creating instance of bean 'dispatcherServletRegistration'
[DEBUG] Creating shared instance of singleton bean 'org.springframework.boot.autoconfigure.web.DispatcherServletAutoConfiguration'
[DEBUG] Creating instance of bean 'org.springframework.boot.autoconfigure.web.DispatcherServletAutoConfiguration'
[DEBUG] Returning cached instance of singleton bean 'org.springframework.transaction.config.internalTransactionAdvisor'
[DEBUG] Eagerly caching bean 'org.springframework.boot.autoconfigure.web.DispatcherServletAutoConfiguration' to allow for resolving potential circular references
[DEBUG] Returning cached instance of singleton bean 'org.springframework.transaction.config.internalTransactionAdvisor'
[DEBUG] Returning cached instance of singleton bean 'org.springframework.transaction.config.internalTransactionAdvisor'
[DEBUG] Finished creating instance of bean 'org.springframework.boot.autoconfigure.web.DispatcherServletAutoConfiguration'
[DEBUG] Creating shared instance of singleton bean 'org.springframework.boot.autoconfigure.validation.ValidationAutoConfiguration'
[DEBUG] Creating instance of bean 'org.springframework.boot.autoconfigure.validation.ValidationAutoConfiguration'
[DEBUG] Returning cached instance of singleton bean 'org.springframework.transaction.config.internalTransactionAdvisor'
[DEBUG] Eagerly caching bean 'org.springframework.boot.autoconfigure.validation.ValidationAutoConfiguration' to allow for resolving potential circular references
[DEBUG] Returning cached instance of singleton bean 'org.springframework.transaction.config.internalTransactionAdvisor'
[DEBUG] Returning cached instance of singleton bean 'org.springframework.transaction.config.internalTransactionAdvisor'
[DEBUG] Finished creating instance of bean 'org.springframework.boot.autoconfigure.validation.ValidationAutoConfiguration'
[DEBUG] Returning cached instance of singleton bean 'jsr303Validator'
[DEBUG] Returning cached instance of singleton bean 'methodValidationPostProcessor'
[DEBUG] Returning cached instance of singleton bean 'org.springframework.boot.autoconfigure.web.ErrorMvcAutoConfiguration$DefaultErrorViewResolverConfiguration'
[DEBUG] Returning cached instance of singleton bean 'conventionErrorViewResolver'
[DEBUG] Returning cached instance of singleton bean 'org.springframework.boot.autoconfigure.web.ErrorMvcAutoConfiguration'
[DEBUG] Creating shared instance of singleton bean 'errorAttributes'
[DEBUG] Creating instance of bean 'errorAttributes'
[DEBUG] Returning cached instance of singleton bean 'org.springframework.transaction.config.internalTransactionAdvisor'
[DEBUG] Returning cached instance of singleton bean 'org.springframework.boot.autoconfigure.web.ErrorMvcAutoConfiguration'
[DEBUG] Eagerly caching bean 'errorAttributes' to allow for resolving potential circular references
[DEBUG] Returning cached instance of singleton bean 'org.springframework.transaction.config.internalTransactionAdvisor'
[DEBUG] Returning cached instance of singleton bean 'org.springframework.transaction.config.internalTransactionAdvisor'
[DEBUG] Finished creating instance of bean 'errorAttributes'
[DEBUG] Creating shared instance of singleton bean 'basicErrorController'
[DEBUG] Creating instance of bean 'basicErrorController'
[DEBUG] Returning cached instance of singleton bean 'org.springframework.transaction.config.internalTransactionAdvisor'
[DEBUG] Returning cached instance of singleton bean 'org.springframework.boot.autoconfigure.web.ErrorMvcAutoConfiguration'
[DEBUG] Returning cached instance of singleton bean 'errorAttributes'
[DEBUG] Autowiring by type from bean name 'basicErrorController' via factory method to bean named 'errorAttributes'
[DEBUG] Eagerly caching bean 'basicErrorController' to allow for resolving potential circular references
[DEBUG] Returning cached instance of singleton bean 'org.springframework.transaction.config.internalTransactionAdvisor'
[DEBUG] Returning cached instance of singleton bean 'org.springframework.transaction.config.internalTransactionAdvisor'
[DEBUG] Finished creating instance of bean 'basicErrorController'
[DEBUG] Returning cached instance of singleton bean 'errorPageCustomizer'
[DEBUG] Returning cached instance of singleton bean 'preserveErrorControllerTargetClassPostProcessor'
[DEBUG] Returning cached instance of singleton bean 'spring.resources-org.springframework.boot.autoconfigure.web.ResourceProperties'
[DEBUG] Returning cached instance of singleton bean 'org.springframework.boot.autoconfigure.web.WebMvcAutoConfiguration$EnableWebMvcConfiguration'
[DEBUG] Creating shared instance of singleton bean 'requestMappingHandlerAdapter'
[DEBUG] Creating instance of bean 'requestMappingHandlerAdapter'
[DEBUG] Returning cached instance of singleton bean 'org.springframework.transaction.config.internalTransactionAdvisor'
[DEBUG] Returning cached instance of singleton bean 'org.springframework.boot.autoconfigure.web.WebMvcAutoConfiguration$EnableWebMvcConfiguration'
[DEBUG] Returning cached instance of singleton bean 'mvcContentNegotiationManager'
[DEBUG] Creating shared instance of singleton bean 'mvcConversionService'
[DEBUG] Creating instance of bean 'mvcConversionService'
[DEBUG] Returning cached instance of singleton bean 'org.springframework.transaction.config.internalTransactionAdvisor'
[DEBUG] Returning cached instance of singleton bean 'org.springframework.boot.autoconfigure.web.WebMvcAutoConfiguration$EnableWebMvcConfiguration'
[DEBUG] Returning cached instance of singleton bean 'clienteRepository'
[DEBUG] Returning cached instance of singleton bean 'reservacionRepository'
[DEBUG] Eagerly caching bean 'mvcConversionService' to allow for resolving potential circular references
[DEBUG] Returning cached instance of singleton bean 'org.springframework.transaction.config.internalTransactionAdvisor'
[DEBUG] Returning cached instance of singleton bean 'org.springframework.transaction.config.internalTransactionAdvisor'
[DEBUG] Finished creating instance of bean 'mvcConversionService'
[DEBUG] Creating shared instance of singleton bean 'mvcValidator'
[DEBUG] Creating instance of bean 'mvcValidator'
[DEBUG] Returning cached instance of singleton bean 'org.springframework.transaction.config.internalTransactionAdvisor'
[DEBUG] Returning cached instance of singleton bean 'org.springframework.boot.autoconfigure.web.WebMvcAutoConfiguration$EnableWebMvcConfiguration'
[DEBUG] Returning cached instance of singleton bean 'jsr303Validator'
[DEBUG] Eagerly caching bean 'mvcValidator' to allow for resolving potential circular references
[DEBUG] Invoking afterPropertiesSet() on bean with name 'mvcValidator'
[DEBUG] Returning cached instance of singleton bean 'org.springframework.transaction.config.internalTransactionAdvisor'
[DEBUG] Returning cached instance of singleton bean 'org.springframework.transaction.config.internalTransactionAdvisor'
[DEBUG] Finished creating instance of bean 'mvcValidator'
[DEBUG] Creating shared instance of singleton bean 'sortResolver'
[DEBUG] Creating instance of bean 'sortResolver'
[DEBUG] Returning cached instance of singleton bean 'org.springframework.transaction.config.internalTransactionAdvisor'
[DEBUG] Returning cached instance of singleton bean 'org.springframework.data.web.config.SpringDataWebConfiguration'
[DEBUG] Eagerly caching bean 'sortResolver' to allow for resolving potential circular references
[DEBUG] Returning cached instance of singleton bean 'org.springframework.transaction.config.internalTransactionAdvisor'
[DEBUG] Returning cached instance of singleton bean 'org.springframework.transaction.config.internalTransactionAdvisor'
[DEBUG] Finished creating instance of bean 'sortResolver'
[DEBUG] Creating shared instance of singleton bean 'pageableResolver'
[DEBUG] Creating instance of bean 'pageableResolver'
[DEBUG] Returning cached instance of singleton bean 'org.springframework.transaction.config.internalTransactionAdvisor'
[DEBUG] Returning cached instance of singleton bean 'org.springframework.data.web.config.SpringDataWebConfiguration'
[DEBUG] Returning cached instance of singleton bean 'sortResolver'
[DEBUG] Eagerly caching bean 'pageableResolver' to allow for resolving potential circular references
[DEBUG] Returning cached instance of singleton bean 'org.springframework.transaction.config.internalTransactionAdvisor'
[DEBUG] Returning cached instance of singleton bean 'org.springframework.transaction.config.internalTransactionAdvisor'
[DEBUG] Finished creating instance of bean 'pageableResolver'
[DEBUG] Returning cached instance of singleton bean 'mvcConversionService'
[DEBUG] Eagerly caching bean 'requestMappingHandlerAdapter' to allow for resolving potential circular references
[DEBUG] Invoking afterPropertiesSet() on bean with name 'requestMappingHandlerAdapter'
[INFO] Looking for @ControllerAdvice: org.springframework.web.context.support.GenericWebApplicationContext@4e187cd6: startup date [Fri Jun 09 11:30:24 CDT 2017]; root of context hierarchy
[DEBUG] Returning cached instance of singleton bean 'org.springframework.transaction.config.internalTransactionAdvisor'
[DEBUG] Returning cached instance of singleton bean 'org.springframework.transaction.config.internalTransactionAdvisor'
[DEBUG] Finished creating instance of bean 'requestMappingHandlerAdapter'
[DEBUG] Creating shared instance of singleton bean 'requestMappingHandlerMapping'
[DEBUG] Creating instance of bean 'requestMappingHandlerMapping'
[DEBUG] Returning cached instance of singleton bean 'org.springframework.transaction.config.internalTransactionAdvisor'
[DEBUG] Returning cached instance of singleton bean 'org.springframework.boot.autoconfigure.web.WebMvcAutoConfiguration$EnableWebMvcConfiguration'
[DEBUG] Creating shared instance of singleton bean 'openEntityManagerInViewInterceptor'
[DEBUG] Creating instance of bean 'openEntityManagerInViewInterceptor'
[DEBUG] Returning cached instance of singleton bean 'org.springframework.transaction.config.internalTransactionAdvisor'
[DEBUG] Returning cached instance of singleton bean 'org.springframework.boot.autoconfigure.orm.jpa.JpaBaseConfiguration$JpaWebConfiguration$JpaWebMvcConfiguration'
[DEBUG] Eagerly caching bean 'openEntityManagerInViewInterceptor' to allow for resolving potential circular references
[DEBUG] Returning cached instance of singleton bean 'entityManagerFactory'
[DEBUG] Returning cached instance of singleton bean 'org.springframework.transaction.config.internalTransactionAdvisor'
[DEBUG] Returning cached instance of singleton bean 'org.springframework.transaction.config.internalTransactionAdvisor'
[DEBUG] Finished creating instance of bean 'openEntityManagerInViewInterceptor'
[DEBUG] Returning cached instance of singleton bean 'mvcConversionService'
[DEBUG] Creating shared instance of singleton bean 'mvcResourceUrlProvider'
[DEBUG] Creating instance of bean 'mvcResourceUrlProvider'
[DEBUG] Returning cached instance of singleton bean 'org.springframework.transaction.config.internalTransactionAdvisor'
[DEBUG] Returning cached instance of singleton bean 'org.springframework.boot.autoconfigure.web.WebMvcAutoConfiguration$EnableWebMvcConfiguration'
[DEBUG] Eagerly caching bean 'mvcResourceUrlProvider' to allow for resolving potential circular references
[DEBUG] Returning cached instance of singleton bean 'org.springframework.transaction.config.internalTransactionAdvisor'
[DEBUG] Returning cached instance of singleton bean 'org.springframework.transaction.config.internalTransactionAdvisor'
[DEBUG] Finished creating instance of bean 'mvcResourceUrlProvider'
[DEBUG] Returning cached instance of singleton bean 'mvcContentNegotiationManager'
[DEBUG] Eagerly caching bean 'requestMappingHandlerMapping' to allow for resolving potential circular references
[DEBUG] Invoking afterPropertiesSet() on bean with name 'requestMappingHandlerMapping'
[DEBUG] Looking for request mappings in application context: org.springframework.web.context.support.GenericWebApplicationContext@4e187cd6: startup date [Fri Jun 09 11:30:24 CDT 2017]; root of context hierarchy
[DEBUG] 2 request handler methods found on class mx.com.restaurante.controller.ClienteController: {public java.lang.String mx.com.restaurante.controller.ClienteController.home(java.util.Map)={[/],methods=[GET]}, public java.lang.String mx.com.restaurante.controller.ClienteController.registrarCliente(java.lang.String,java.lang.String,java.lang.String,java.lang.String,org.springframework.ui.Model)={[/reservacion],methods=[POST]}}
[INFO] Mapped "{[/],methods=[GET]}" onto public java.lang.String mx.com.restaurante.controller.ClienteController.home(java.util.Map<java.lang.String, java.lang.Object>)
[INFO] Mapped "{[/reservacion],methods=[POST]}" onto public java.lang.String mx.com.restaurante.controller.ClienteController.registrarCliente(java.lang.String,java.lang.String,java.lang.String,java.lang.String,org.springframework.ui.Model)
[DEBUG] 1 request handler methods found on class mx.com.restaurante.controller.LoginController: {public java.lang.String mx.com.restaurante.controller.LoginController.gestionReservaciones(java.util.Map)={[/gestionReservaciones],methods=[GET]}}
[INFO] Mapped "{[/gestionReservaciones],methods=[GET]}" onto public java.lang.String mx.com.restaurante.controller.LoginController.gestionReservaciones(java.util.Map<java.lang.String, java.lang.Object>)
[DEBUG] 2 request handler methods found on class mx.com.restaurante.controller.ReservacionController: {public java.lang.String mx.com.restaurante.controller.ReservacionController.reservacion(java.util.Map)={[/reservacion],methods=[GET]}, public java.lang.String mx.com.restaurante.controller.ReservacionController.registrarReservacionCliente(java.util.Date,java.lang.Integer,java.lang.Integer,java.lang.String,java.lang.Long)={[/reservacion/confirmacion],methods=[POST]}}
[INFO] Mapped "{[/reservacion],methods=[GET]}" onto public java.lang.String mx.com.restaurante.controller.ReservacionController.reservacion(java.util.Map<java.lang.String, java.lang.Object>)
[INFO] Mapped "{[/reservacion/confirmacion],methods=[POST]}" onto public java.lang.String mx.com.restaurante.controller.ReservacionController.registrarReservacionCliente(java.util.Date,java.lang.Integer,java.lang.Integer,java.lang.String,java.lang.Long)
[DEBUG] Could not find key 'error.path:/error' in any property source
[DEBUG] Could not find key 'error.path:/error' in any property source
[DEBUG] Could not find key 'error.path' in any property source
[DEBUG] Could not find key 'error.path' in any property source
[DEBUG] Could not find key 'server.error.path:/error' in any property source
[DEBUG] Could not find key 'server.error.path:/error' in any property source
[DEBUG] Could not find key 'server.error.path' in any property source
[DEBUG] Could not find key 'server.error.path' in any property source
[DEBUG] Could not find key 'error.path:/error' in any property source
[DEBUG] Could not find key 'error.path:/error' in any property source
[DEBUG] Could not find key 'error.path' in any property source
[DEBUG] Could not find key 'error.path' in any property source
[DEBUG] Could not find key 'server.error.path:/error' in any property source
[DEBUG] Could not find key 'server.error.path:/error' in any property source
[DEBUG] Could not find key 'server.error.path' in any property source
[DEBUG] Could not find key 'server.error.path' in any property source
[DEBUG] 2 request handler methods found on class org.springframework.boot.autoconfigure.web.BasicErrorController: {public org.springframework.http.ResponseEntity org.springframework.boot.autoconfigure.web.BasicErrorController.error(javax.servlet.http.HttpServletRequest)={[/error]}, public org.springframework.web.servlet.ModelAndView org.springframework.boot.autoconfigure.web.BasicErrorController.errorHtml(javax.servlet.http.HttpServletRequest,javax.servlet.http.HttpServletResponse)={[/error],produces=[text/html]}}
[INFO] Mapped "{[/error]}" onto public org.springframework.http.ResponseEntity<java.util.Map<java.lang.String, java.lang.Object>> org.springframework.boot.autoconfigure.web.BasicErrorController.error(javax.servlet.http.HttpServletRequest)
[INFO] Mapped "{[/error],produces=[text/html]}" onto public org.springframework.web.servlet.ModelAndView org.springframework.boot.autoconfigure.web.BasicErrorController.errorHtml(javax.servlet.http.HttpServletRequest,javax.servlet.http.HttpServletResponse)
[DEBUG] Returning cached instance of singleton bean 'org.springframework.transaction.config.internalTransactionAdvisor'
[DEBUG] Returning cached instance of singleton bean 'org.springframework.transaction.config.internalTransactionAdvisor'
[DEBUG] Finished creating instance of bean 'requestMappingHandlerMapping'
[DEBUG] Returning cached instance of singleton bean 'mvcValidator'
[DEBUG] Creating shared instance of singleton bean 'mvcPathMatcher'
[DEBUG] Creating instance of bean 'mvcPathMatcher'
[DEBUG] Returning cached instance of singleton bean 'org.springframework.transaction.config.internalTransactionAdvisor'
[DEBUG] Returning cached instance of singleton bean 'org.springframework.boot.autoconfigure.web.WebMvcAutoConfiguration$EnableWebMvcConfiguration'
[DEBUG] Eagerly caching bean 'mvcPathMatcher' to allow for resolving potential circular references
[DEBUG] Returning cached instance of singleton bean 'org.springframework.transaction.config.internalTransactionAdvisor'
[DEBUG] Returning cached instance of singleton bean 'org.springframework.transaction.config.internalTransactionAdvisor'
[DEBUG] Finished creating instance of bean 'mvcPathMatcher'
[DEBUG] Creating shared instance of singleton bean 'mvcUrlPathHelper'
[DEBUG] Creating instance of bean 'mvcUrlPathHelper'
[DEBUG] Returning cached instance of singleton bean 'org.springframework.transaction.config.internalTransactionAdvisor'
[DEBUG] Returning cached instance of singleton bean 'org.springframework.boot.autoconfigure.web.WebMvcAutoConfiguration$EnableWebMvcConfiguration'
[DEBUG] Eagerly caching bean 'mvcUrlPathHelper' to allow for resolving potential circular references
[DEBUG] Returning cached instance of singleton bean 'org.springframework.transaction.config.internalTransactionAdvisor'
[DEBUG] Returning cached instance of singleton bean 'org.springframework.transaction.config.internalTransactionAdvisor'
[DEBUG] Finished creating instance of bean 'mvcUrlPathHelper'
[DEBUG] Returning cached instance of singleton bean 'mvcContentNegotiationManager'
[DEBUG] Creating shared instance of singleton bean 'viewControllerHandlerMapping'
[DEBUG] Creating instance of bean 'viewControllerHandlerMapping'
[DEBUG] Returning cached instance of singleton bean 'org.springframework.transaction.config.internalTransactionAdvisor'
[DEBUG] Returning cached instance of singleton bean 'org.springframework.boot.autoconfigure.web.WebMvcAutoConfiguration$EnableWebMvcConfiguration'
[DEBUG] Returning cached instance of singleton bean 'mvcPathMatcher'
[DEBUG] Returning cached instance of singleton bean 'mvcUrlPathHelper'
[DEBUG] Eagerly caching bean 'viewControllerHandlerMapping' to allow for resolving potential circular references
[INFO] Root mapping to handler of type [class org.springframework.web.servlet.mvc.ParameterizableViewController]
[INFO] Mapped URL path [/reservacion] onto handler of type [class org.springframework.web.servlet.mvc.ParameterizableViewController]
[INFO] Mapped URL path [/login] onto handler of type [class org.springframework.web.servlet.mvc.ParameterizableViewController]
[INFO] Mapped URL path [/confirmacion] onto handler of type [class org.springframework.web.servlet.mvc.ParameterizableViewController]
[INFO] Mapped URL path [/gestionReservaciones] onto handler of type [class org.springframework.web.servlet.mvc.ParameterizableViewController]
[DEBUG] Returning cached instance of singleton bean 'org.springframework.transaction.config.internalTransactionAdvisor'
[DEBUG] Returning cached instance of singleton bean 'org.springframework.transaction.config.internalTransactionAdvisor'
[DEBUG] Finished creating instance of bean 'viewControllerHandlerMapping'
[DEBUG] Creating shared instance of singleton bean 'beanNameHandlerMapping'
[DEBUG] Creating instance of bean 'beanNameHandlerMapping'
[DEBUG] Returning cached instance of singleton bean 'org.springframework.transaction.config.internalTransactionAdvisor'
[DEBUG] Returning cached instance of singleton bean 'org.springframework.boot.autoconfigure.web.WebMvcAutoConfiguration$EnableWebMvcConfiguration'
[DEBUG] Eagerly caching bean 'beanNameHandlerMapping' to allow for resolving potential circular references
[DEBUG] Looking for URL mappings in application context: org.springframework.web.context.support.GenericWebApplicationContext@4e187cd6: startup date [Fri Jun 09 11:30:24 CDT 2017]; root of context hierarchy
[DEBUG] Rejected bean name 'org.springframework.boot.test.mock.mockito.MockitoPostProcessor$SpyPostProcessor': no URL paths identified
[DEBUG] Rejected bean name 'org.springframework.boot.test.mock.mockito.MockitoPostProcessor': no URL paths identified
[DEBUG] Rejected bean name 'org.springframework.context.annotation.internalConfigurationAnnotationProcessor': no URL paths identified
[DEBUG] Rejected bean name 'org.springframework.context.annotation.internalAutowiredAnnotationProcessor': no URL paths identified
[DEBUG] Rejected bean name 'org.springframework.context.annotation.internalRequiredAnnotationProcessor': no URL paths identified
[DEBUG] Rejected bean name 'org.springframework.context.annotation.internalCommonAnnotationProcessor': no URL paths identified
[DEBUG] Rejected bean name 'org.springframework.context.annotation.internalPersistenceAnnotationProcessor': no URL paths identified
[DEBUG] Rejected bean name 'org.springframework.context.event.internalEventListenerProcessor': no URL paths identified
[DEBUG] Rejected bean name 'org.springframework.context.event.internalEventListenerFactory': no URL paths identified
[DEBUG] Rejected bean name 'application': no URL paths identified
[DEBUG] Rejected bean name 'org.springframework.boot.autoconfigure.internalCachingMetadataReaderFactory': no URL paths identified
[DEBUG] Rejected bean name 'clienteController': no URL paths identified
[DEBUG] Rejected bean name 'loginController': no URL paths identified
[DEBUG] Rejected bean name 'reservacionController': no URL paths identified
[DEBUG] Rejected bean name 'mailConfiguration': no URL paths identified
[DEBUG] Rejected bean name 'mvcConfig': no URL paths identified
[DEBUG] Rejected bean name 'clienteServiceImpl': no URL paths identified
[DEBUG] Rejected bean name 'reservacionServiceImpl': no URL paths identified
[DEBUG] Rejected bean name 'webSecurityConfig': no URL paths identified
[DEBUG] Rejected bean name 'javaMailSender': no URL paths identified
[DEBUG] Rejected bean name 'org.springframework.security.config.annotation.configuration.ObjectPostProcessorConfiguration': no URL paths identified
[DEBUG] Rejected bean name 'objectPostProcessor': no URL paths identified
[DEBUG] Rejected bean name 'org.springframework.security.config.annotation.authentication.configuration.AuthenticationConfiguration': no URL paths identified
[DEBUG] Rejected bean name 'authenticationManagerBuilder': no URL paths identified
[DEBUG] Rejected bean name 'enableGlobalAuthenticationAutowiredConfigurer': no URL paths identified
[DEBUG] Rejected bean name 'initializeUserDetailsBeanManagerConfigurer': no URL paths identified
[DEBUG] Rejected bean name 'initializeAuthenticationProviderBeanManagerConfigurer': no URL paths identified
[DEBUG] Rejected bean name 'org.springframework.security.config.annotation.web.configuration.WebSecurityConfiguration': no URL paths identified
[DEBUG] Rejected bean name 'delegatingApplicationListener': no URL paths identified
[DEBUG] Rejected bean name 'webSecurityExpressionHandler': no URL paths identified
[DEBUG] Rejected bean name 'springSecurityFilterChain': no URL paths identified
[DEBUG] Rejected bean name 'privilegeEvaluator': no URL paths identified
[DEBUG] Rejected bean name 'autowiredWebSecurityConfigurersIgnoreParents': no URL paths identified
[DEBUG] Rejected bean name 'org.springframework.security.config.annotation.web.configuration.WebMvcSecurityConfiguration': no URL paths identified
[DEBUG] Rejected bean name 'requestDataValueProcessor': no URL paths identified
[DEBUG] Rejected bean name 'org.springframework.boot.autoconfigure.AutoConfigurationPackages': no URL paths identified
[DEBUG] Rejected bean name 'org.springframework.boot.autoconfigure.condition.BeanTypeRegistry': no URL paths identified
[DEBUG] Rejected bean name 'org.springframework.boot.autoconfigure.context.MessageSourceAutoConfiguration': no URL paths identified
[DEBUG] Rejected bean name 'messageSource': no URL paths identified
[DEBUG] Rejected bean name 'org.springframework.boot.context.properties.ConfigurationPropertiesBindingPostProcessor': no URL paths identified
[DEBUG] Rejected bean name 'org.springframework.boot.context.properties.ConfigurationPropertiesBindingPostProcessor.store': no URL paths identified
[DEBUG] Rejected bean name 'org.springframework.boot.autoconfigure.context.PropertyPlaceholderAutoConfiguration': no URL paths identified
[DEBUG] Rejected bean name 'propertySourcesPlaceholderConfigurer': no URL paths identified
[DEBUG] Rejected bean name 'org.springframework.boot.autoconfigure.jackson.JacksonAutoConfiguration$Jackson2ObjectMapperBuilderCustomizerConfiguration': no URL paths identified
[DEBUG] Rejected bean name 'standardJacksonObjectMapperBuilderCustomizer': no URL paths identified
[DEBUG] Rejected bean name 'spring.jackson-org.springframework.boot.autoconfigure.jackson.JacksonProperties': no URL paths identified
[DEBUG] Rejected bean name 'org.springframework.boot.autoconfigure.jackson.JacksonAutoConfiguration$JacksonObjectMapperBuilderConfiguration': no URL paths identified
[DEBUG] Rejected bean name 'jacksonObjectMapperBuilder': no URL paths identified
[DEBUG] Rejected bean name 'org.springframework.boot.autoconfigure.jackson.JacksonAutoConfiguration$JacksonObjectMapperConfiguration': no URL paths identified
[DEBUG] Rejected bean name 'jacksonObjectMapper': no URL paths identified
[DEBUG] Rejected bean name 'org.springframework.boot.autoconfigure.jackson.JacksonAutoConfiguration': no URL paths identified
[DEBUG] Rejected bean name 'jsonComponentModule': no URL paths identified
[DEBUG] Rejected bean name 'org.springframework.boot.autoconfigure.websocket.WebSocketAutoConfiguration$TomcatWebSocketConfiguration': no URL paths identified
[DEBUG] Rejected bean name 'websocketContainerCustomizer': no URL paths identified
[DEBUG] Rejected bean name 'org.springframework.boot.autoconfigure.websocket.WebSocketAutoConfiguration': no URL paths identified
[DEBUG] Rejected bean name 'org.springframework.boot.autoconfigure.web.EmbeddedServletContainerAutoConfiguration$EmbeddedTomcat': no URL paths identified
[DEBUG] Rejected bean name 'tomcatEmbeddedServletContainerFactory': no URL paths identified
[DEBUG] Rejected bean name 'org.springframework.boot.autoconfigure.web.EmbeddedServletContainerAutoConfiguration': no URL paths identified
[DEBUG] Rejected bean name 'embeddedServletContainerCustomizerBeanPostProcessor': no URL paths identified
[DEBUG] Rejected bean name 'errorPageRegistrarBeanPostProcessor': no URL paths identified
[DEBUG] Rejected bean name 'org.springframework.boot.autoconfigure.web.DispatcherServletAutoConfiguration$DispatcherServletConfiguration': no URL paths identified
[DEBUG] Rejected bean name 'dispatcherServlet': no URL paths identified
[DEBUG] Rejected bean name 'spring.mvc-org.springframework.boot.autoconfigure.web.WebMvcProperties': no URL paths identified
[DEBUG] Rejected bean name 'org.springframework.boot.autoconfigure.web.DispatcherServletAutoConfiguration$DispatcherServletRegistrationConfiguration': no URL paths identified
[DEBUG] Rejected bean name 'dispatcherServletRegistration': no URL paths identified
[DEBUG] Rejected bean name 'org.springframework.boot.autoconfigure.web.DispatcherServletAutoConfiguration': no URL paths identified
[DEBUG] Rejected bean name 'org.springframework.boot.autoconfigure.validation.ValidationAutoConfiguration': no URL paths identified
[DEBUG] Rejected bean name 'jsr303Validator': no URL paths identified
[DEBUG] Rejected bean name 'methodValidationPostProcessor': no URL paths identified
[DEBUG] Rejected bean name 'org.springframework.boot.autoconfigure.web.ErrorMvcAutoConfiguration$DefaultErrorViewResolverConfiguration': no URL paths identified
[DEBUG] Rejected bean name 'conventionErrorViewResolver': no URL paths identified
[DEBUG] Rejected bean name 'org.springframework.boot.autoconfigure.web.ErrorMvcAutoConfiguration': no URL paths identified
[DEBUG] Rejected bean name 'errorAttributes': no URL paths identified
[DEBUG] Rejected bean name 'basicErrorController': no URL paths identified
[DEBUG] Rejected bean name 'errorPageCustomizer': no URL paths identified
[DEBUG] Rejected bean name 'preserveErrorControllerTargetClassPostProcessor': no URL paths identified
[DEBUG] Rejected bean name 'spring.resources-org.springframework.boot.autoconfigure.web.ResourceProperties': no URL paths identified
[DEBUG] Rejected bean name 'org.springframework.boot.autoconfigure.web.WebMvcAutoConfiguration$EnableWebMvcConfiguration': no URL paths identified
[DEBUG] Rejected bean name 'requestMappingHandlerAdapter': no URL paths identified
[DEBUG] Rejected bean name 'requestMappingHandlerMapping': no URL paths identified
[DEBUG] Rejected bean name 'mvcValidator': no URL paths identified
[DEBUG] Rejected bean name 'mvcPathMatcher': no URL paths identified
[DEBUG] Rejected bean name 'mvcUrlPathHelper': no URL paths identified
[DEBUG] Rejected bean name 'mvcContentNegotiationManager': no URL paths identified
[DEBUG] Rejected bean name 'viewControllerHandlerMapping': no URL paths identified
[DEBUG] Rejected bean name 'beanNameHandlerMapping': no URL paths identified
[DEBUG] Rejected bean name 'resourceHandlerMapping': no URL paths identified
[DEBUG] Rejected bean name 'mvcResourceUrlProvider': no URL paths identified
[DEBUG] Rejected bean name 'defaultServletHandlerMapping': no URL paths identified
[DEBUG] Rejected bean name 'mvcConversionService': no URL paths identified
[DEBUG] Rejected bean name 'mvcUriComponentsContributor': no URL paths identified
[DEBUG] Rejected bean name 'httpRequestHandlerAdapter': no URL paths identified
[DEBUG] Rejected bean name 'simpleControllerHandlerAdapter': no URL paths identified
[DEBUG] Rejected bean name 'handlerExceptionResolver': no URL paths identified
[DEBUG] Rejected bean name 'mvcViewResolver': no URL paths identified
[DEBUG] Rejected bean name 'org.springframework.boot.autoconfigure.web.WebMvcAutoConfiguration$WebMvcAutoConfigurationAdapter$FaviconConfiguration': no URL paths identified
[DEBUG] Rejected bean name 'faviconHandlerMapping': no URL paths identified
[DEBUG] Rejected bean name 'faviconRequestHandler': no URL paths identified
[DEBUG] Rejected bean name 'org.springframework.boot.autoconfigure.web.WebMvcAutoConfiguration$WebMvcAutoConfigurationAdapter': no URL paths identified
[DEBUG] Rejected bean name 'defaultViewResolver': no URL paths identified
[DEBUG] Rejected bean name 'viewResolver': no URL paths identified
[DEBUG] Rejected bean name 'welcomePageHandlerMapping': no URL paths identified
[DEBUG] Rejected bean name 'requestContextFilter': no URL paths identified
[DEBUG] Rejected bean name 'org.springframework.boot.autoconfigure.web.WebMvcAutoConfiguration': no URL paths identified
[DEBUG] Rejected bean name 'hiddenHttpMethodFilter': no URL paths identified
[DEBUG] Rejected bean name 'httpPutFormContentFilter': no URL paths identified
[DEBUG] Rejected bean name 'org.springframework.boot.autoconfigure.aop.AopAutoConfiguration$JdkDynamicAutoProxyConfiguration': no URL paths identified
[DEBUG] Rejected bean name 'org.springframework.aop.config.internalAutoProxyCreator': no URL paths identified
[DEBUG] Rejected bean name 'org.springframework.boot.autoconfigure.aop.AopAutoConfiguration': no URL paths identified
[DEBUG] Rejected bean name 'org.springframework.boot.autoconfigure.transaction.jta.JtaAutoConfiguration': no URL paths identified
[DEBUG] Rejected bean name 'spring.jta-org.springframework.boot.autoconfigure.transaction.jta.JtaProperties': no URL paths identified
[DEBUG] Rejected bean name 'org.springframework.boot.autoconfigure.jdbc.DataSourceConfiguration$Tomcat': no URL paths identified
[DEBUG] Rejected bean name 'dataSource': no URL paths identified
[DEBUG] Rejected bean name 'org.springframework.boot.autoconfigure.jdbc.DataSourceAutoConfiguration$PooledDataSourceConfiguration': no URL paths identified
[DEBUG] Rejected bean name 'org.springframework.boot.autoconfigure.jdbc.metadata.DataSourcePoolMetadataProvidersConfiguration$TomcatDataSourcePoolMetadataProviderConfiguration': no URL paths identified
[DEBUG] Rejected bean name 'tomcatPoolDataSourceMetadataProvider': no URL paths identified
[DEBUG] Rejected bean name 'org.springframework.boot.autoconfigure.jdbc.metadata.DataSourcePoolMetadataProvidersConfiguration': no URL paths identified
[DEBUG] Rejected bean name 'org.springframework.boot.autoconfigure.jdbc.DataSourceAutoConfiguration': no URL paths identified
[DEBUG] Rejected bean name 'dataSourceInitializer': no URL paths identified
[DEBUG] Rejected bean name 'spring.datasource-org.springframework.boot.autoconfigure.jdbc.DataSourceProperties': no URL paths identified
[DEBUG] Rejected bean name 'dataSourceInitializerPostProcessor': no URL paths identified
[DEBUG] Rejected bean name 'org.springframework.boot.autoconfigure.orm.jpa.JpaBaseConfiguration$JpaWebConfiguration$JpaWebMvcConfiguration': no URL paths identified
[DEBUG] Rejected bean name 'openEntityManagerInViewInterceptor': no URL paths identified
[DEBUG] Rejected bean name 'org.springframework.boot.autoconfigure.orm.jpa.JpaBaseConfiguration$JpaWebConfiguration': no URL paths identified
[DEBUG] Rejected bean name 'org.springframework.boot.autoconfigure.orm.jpa.HibernateJpaAutoConfiguration': no URL paths identified
[DEBUG] Rejected bean name 'transactionManager': no URL paths identified
[DEBUG] Rejected bean name 'jpaVendorAdapter': no URL paths identified
[DEBUG] Rejected bean name 'entityManagerFactoryBuilder': no URL paths identified
[DEBUG] Rejected bean name 'entityManagerFactory': no URL paths identified
[DEBUG] Rejected bean name 'spring.jpa-org.springframework.boot.autoconfigure.orm.jpa.JpaProperties': no URL paths identified
[DEBUG] Rejected bean name 'dataSourceInitializedPublisher': no URL paths identified
[DEBUG] Rejected bean name 'org.springframework.boot.autoconfigure.context.ConfigurationPropertiesAutoConfiguration': no URL paths identified
[DEBUG] Rejected bean name 'org.springframework.boot.autoconfigure.dao.PersistenceExceptionTranslationAutoConfiguration': no URL paths identified
[DEBUG] Rejected bean name 'persistenceExceptionTranslationPostProcessor': no URL paths identified
[DEBUG] Rejected bean name 'org.springframework.boot.autoconfigure.data.jpa.JpaRepositoriesAutoConfiguration': no URL paths identified
[DEBUG] Rejected bean name 'emBeanDefinitionRegistrarPostProcessor': no URL paths identified
[DEBUG] Rejected bean name 'jpaMappingContext': no URL paths identified
[DEBUG] Rejected bean name 'jpaContext': no URL paths identified
[DEBUG] Rejected bean name 'clienteRepository': no URL paths identified
[DEBUG] Rejected bean name 'reservacionRepository': no URL paths identified
[DEBUG] Rejected bean name 'org.springframework.transaction.annotation.ProxyTransactionManagementConfiguration': no URL paths identified
[DEBUG] Rejected bean name 'org.springframework.transaction.config.internalTransactionAdvisor': no URL paths identified
[DEBUG] Rejected bean name 'transactionAttributeSource': no URL paths identified
[DEBUG] Rejected bean name 'transactionInterceptor': no URL paths identified
[DEBUG] Rejected bean name 'org.springframework.transaction.config.internalTransactionalEventListenerFactory': no URL paths identified
[DEBUG] Rejected bean name 'org.springframework.boot.autoconfigure.jdbc.DataSourceTransactionManagerAutoConfiguration$TransactionManagementConfiguration': no URL paths identified
[DEBUG] Rejected bean name 'org.springframework.boot.autoconfigure.jdbc.DataSourceTransactionManagerAutoConfiguration$DataSourceTransactionManagerConfiguration': no URL paths identified
[DEBUG] Rejected bean name 'org.springframework.boot.autoconfigure.jdbc.DataSourceTransactionManagerAutoConfiguration': no URL paths identified
[DEBUG] Rejected bean name 'org.springframework.boot.autoconfigure.transaction.TransactionAutoConfiguration$TransactionTemplateConfiguration': no URL paths identified
[DEBUG] Rejected bean name 'transactionTemplate': no URL paths identified
[DEBUG] Rejected bean name 'org.springframework.boot.autoconfigure.transaction.TransactionAutoConfiguration': no URL paths identified
[DEBUG] Rejected bean name 'platformTransactionManagerCustomizers': no URL paths identified
[DEBUG] Rejected bean name 'spring.transaction-org.springframework.boot.autoconfigure.transaction.TransactionProperties': no URL paths identified
[DEBUG] Rejected bean name 'org.springframework.boot.autoconfigure.web.HttpMessageConvertersAutoConfiguration$StringHttpMessageConverterConfiguration': no URL paths identified
[DEBUG] Rejected bean name 'stringHttpMessageConverter': no URL paths identified
[DEBUG] Rejected bean name 'spring.http.encoding-org.springframework.boot.autoconfigure.web.HttpEncodingProperties': no URL paths identified
[DEBUG] Rejected bean name 'org.springframework.boot.autoconfigure.web.JacksonHttpMessageConvertersConfiguration$MappingJackson2HttpMessageConverterConfiguration': no URL paths identified
[DEBUG] Rejected bean name 'mappingJackson2HttpMessageConverter': no URL paths identified
[DEBUG] Rejected bean name 'org.springframework.boot.autoconfigure.web.JacksonHttpMessageConvertersConfiguration': no URL paths identified
[DEBUG] Rejected bean name 'org.springframework.boot.autoconfigure.web.HttpMessageConvertersAutoConfiguration': no URL paths identified
[DEBUG] Rejected bean name 'messageConverters': no URL paths identified
[DEBUG] Rejected bean name 'org.springframework.data.web.config.SpringDataWebConfiguration': no URL paths identified
[DEBUG] Rejected bean name 'pageableResolver': no URL paths identified
[DEBUG] Rejected bean name 'sortResolver': no URL paths identified
[DEBUG] Rejected bean name 'org.springframework.data.web.config.SpringDataJacksonConfiguration': no URL paths identified
[DEBUG] Rejected bean name 'jacksonGeoModule': no URL paths identified
[DEBUG] Rejected bean name 'org.springframework.boot.autoconfigure.data.web.SpringDataWebAutoConfiguration': no URL paths identified
[DEBUG] Rejected bean name 'org.springframework.boot.autoconfigure.security.AuthenticationManagerConfiguration': no URL paths identified
[DEBUG] Rejected bean name 'authenticationManager': no URL paths identified
[DEBUG] Rejected bean name 'springBootAuthenticationConfigurerAdapter': no URL paths identified
[DEBUG] Rejected bean name 'authenticationManagerConfigurationListener': no URL paths identified
[DEBUG] Rejected bean name 'org.springframework.boot.autoconfigure.security.BootGlobalAuthenticationConfiguration': no URL paths identified
[DEBUG] Rejected bean name 'bootGlobalAuthenticationConfigurationAdapter': no URL paths identified
[DEBUG] Rejected bean name 'org.springframework.boot.autoconfigure.security.SecurityAutoConfiguration': no URL paths identified
[DEBUG] Rejected bean name 'authenticationEventPublisher': no URL paths identified
[DEBUG] Rejected bean name 'securityProperties': no URL paths identified
[DEBUG] Rejected bean name 'org.springframework.boot.autoconfigure.info.ProjectInfoAutoConfiguration': no URL paths identified
[DEBUG] Rejected bean name 'spring.info-org.springframework.boot.autoconfigure.info.ProjectInfoProperties': no URL paths identified
[DEBUG] Rejected bean name 'org.springframework.boot.autoconfigure.jdbc.JdbcTemplateAutoConfiguration': no URL paths identified
[DEBUG] Rejected bean name 'jdbcTemplate': no URL paths identified
[DEBUG] Rejected bean name 'namedParameterJdbcTemplate': no URL paths identified
[DEBUG] Rejected bean name 'org.springframework.boot.autoconfigure.thymeleaf.ThymeleafAutoConfiguration$ThymeleafResourceHandlingConfig': no URL paths identified
[DEBUG] Rejected bean name 'org.springframework.boot.autoconfigure.thymeleaf.ThymeleafAutoConfiguration$ThymeleafDefaultConfiguration': no URL paths identified
[DEBUG] Rejected bean name 'templateEngine': no URL paths identified
[DEBUG] Rejected bean name 'org.springframework.boot.autoconfigure.thymeleaf.ThymeleafAutoConfiguration$Thymeleaf2Configuration$Thymeleaf2ViewResolverConfiguration': no URL paths identified
[DEBUG] Rejected bean name 'thymeleafViewResolver': no URL paths identified
[DEBUG] Rejected bean name 'org.springframework.boot.autoconfigure.thymeleaf.ThymeleafAutoConfiguration$Thymeleaf2Configuration$DefaultTemplateResolverConfiguration': no URL paths identified
[DEBUG] Rejected bean name 'thymeleafResourceResolver': no URL paths identified
[DEBUG] Rejected bean name 'defaultTemplateResolver': no URL paths identified
[DEBUG] Rejected bean name 'org.springframework.boot.autoconfigure.thymeleaf.ThymeleafAutoConfiguration$Thymeleaf2Configuration': no URL paths identified
[DEBUG] Rejected bean name 'org.springframework.boot.autoconfigure.thymeleaf.ThymeleafAutoConfiguration': no URL paths identified
[DEBUG] Rejected bean name 'spring.thymeleaf-org.springframework.boot.autoconfigure.thymeleaf.ThymeleafProperties': no URL paths identified
[DEBUG] Rejected bean name 'org.springframework.boot.autoconfigure.security.SecurityFilterAutoConfiguration': no URL paths identified
[DEBUG] Rejected bean name 'securityFilterChainRegistration': no URL paths identified
[DEBUG] Rejected bean name 'org.springframework.boot.autoconfigure.web.HttpEncodingAutoConfiguration': no URL paths identified
[DEBUG] Rejected bean name 'characterEncodingFilter': no URL paths identified
[DEBUG] Rejected bean name 'localeCharsetMappingsCustomizer': no URL paths identified
[DEBUG] Rejected bean name 'org.springframework.boot.autoconfigure.web.MultipartAutoConfiguration': no URL paths identified
[DEBUG] Rejected bean name 'multipartConfigElement': no URL paths identified
[DEBUG] Rejected bean name 'multipartResolver': no URL paths identified
[DEBUG] Rejected bean name 'spring.http.multipart-org.springframework.boot.autoconfigure.web.MultipartProperties': no URL paths identified
[DEBUG] Rejected bean name 'org.springframework.boot.autoconfigure.web.ServerPropertiesAutoConfiguration': no URL paths identified
[DEBUG] Rejected bean name 'serverProperties': no URL paths identified
[DEBUG] Rejected bean name 'duplicateServerPropertiesDetector': no URL paths identified
[DEBUG] Rejected bean name 'org.springframework.boot.autoconfigure.web.WebClientAutoConfiguration$RestTemplateConfiguration': no URL paths identified
[DEBUG] Rejected bean name 'restTemplateBuilder': no URL paths identified
[DEBUG] Rejected bean name 'org.springframework.boot.autoconfigure.web.WebClientAutoConfiguration': no URL paths identified
[DEBUG] Rejected bean name 'org.springframework.orm.jpa.SharedEntityManagerCreator#0': no URL paths identified
[DEBUG] Rejected bean name 'autoConfigurationReport': no URL paths identified
[DEBUG] Rejected bean name 'org.springframework.boot.test.context.filter.TestTypeExcludeFilter': no URL paths identified
[DEBUG] Rejected bean name 'org.springframework.boot.test.autoconfigure.properties.PropertyMappingContextCustomizer$PropertyMappingCheckBeanPostProcessor': no URL paths identified
[DEBUG] Rejected bean name 'springApplicationArguments': no URL paths identified
[DEBUG] Rejected bean name 'springBootBanner': no URL paths identified
[DEBUG] Rejected bean name 'springBootLoggingSystem': no URL paths identified
[DEBUG] Rejected bean name 'environment': no URL paths identified
[DEBUG] Rejected bean name 'systemProperties': no URL paths identified
[DEBUG] Rejected bean name 'systemEnvironment': no URL paths identified
[DEBUG] Rejected bean name 'servletContext': no URL paths identified
[DEBUG] Rejected bean name 'contextParameters': no URL paths identified
[DEBUG] Rejected bean name 'contextAttributes': no URL paths identified
[DEBUG] Rejected bean name 'org.springframework.context.annotation.ConfigurationClassPostProcessor.importRegistry': no URL paths identified
[DEBUG] Rejected bean name 'org.springframework.boot.test.mock.mockito.MockitoBeans': no URL paths identified
[DEBUG] Rejected bean name 'applicationEventMulticaster': no URL paths identified
[DEBUG] Returning cached instance of singleton bean 'org.springframework.transaction.config.internalTransactionAdvisor'
[DEBUG] Returning cached instance of singleton bean 'org.springframework.transaction.config.internalTransactionAdvisor'
[DEBUG] Finished creating instance of bean 'beanNameHandlerMapping'
[DEBUG] Creating shared instance of singleton bean 'resourceHandlerMapping'
[DEBUG] Creating instance of bean 'resourceHandlerMapping'
[DEBUG] Returning cached instance of singleton bean 'org.springframework.transaction.config.internalTransactionAdvisor'
[DEBUG] Returning cached instance of singleton bean 'org.springframework.boot.autoconfigure.web.WebMvcAutoConfiguration$EnableWebMvcConfiguration'
[DEBUG] Returning cached instance of singleton bean 'mvcContentNegotiationManager'
[DEBUG] Returning cached instance of singleton bean 'mvcPathMatcher'
[DEBUG] Returning cached instance of singleton bean 'mvcUrlPathHelper'
[DEBUG] Returning cached instance of singleton bean 'mvcResourceUrlProvider'
[DEBUG] Eagerly caching bean 'resourceHandlerMapping' to allow for resolving potential circular references
[INFO] Mapped URL path [/webjars/**] onto handler of type [class org.springframework.web.servlet.resource.ResourceHttpRequestHandler]
[INFO] Mapped URL path [/**] onto handler of type [class org.springframework.web.servlet.resource.ResourceHttpRequestHandler]
[DEBUG] Returning cached instance of singleton bean 'org.springframework.transaction.config.internalTransactionAdvisor'
[DEBUG] Returning cached instance of singleton bean 'org.springframework.transaction.config.internalTransactionAdvisor'
[DEBUG] Finished creating instance of bean 'resourceHandlerMapping'
[DEBUG] Returning cached instance of singleton bean 'mvcResourceUrlProvider'
[DEBUG] Creating shared instance of singleton bean 'defaultServletHandlerMapping'
[DEBUG] Creating instance of bean 'defaultServletHandlerMapping'
[DEBUG] Returning cached instance of singleton bean 'org.springframework.transaction.config.internalTransactionAdvisor'
[DEBUG] Returning cached instance of singleton bean 'org.springframework.boot.autoconfigure.web.WebMvcAutoConfiguration$EnableWebMvcConfiguration'
[DEBUG] Eagerly caching bean 'defaultServletHandlerMapping' to allow for resolving potential circular references
[DEBUG] Returning cached instance of singleton bean 'org.springframework.transaction.config.internalTransactionAdvisor'
[DEBUG] Returning cached instance of singleton bean 'org.springframework.transaction.config.internalTransactionAdvisor'
[DEBUG] Finished creating instance of bean 'defaultServletHandlerMapping'
[DEBUG] Returning cached instance of singleton bean 'mvcConversionService'
[DEBUG] Creating shared instance of singleton bean 'mvcUriComponentsContributor'
[DEBUG] Creating instance of bean 'mvcUriComponentsContributor'
[DEBUG] Returning cached instance of singleton bean 'org.springframework.transaction.config.internalTransactionAdvisor'
[DEBUG] Returning cached instance of singleton bean 'org.springframework.boot.autoconfigure.web.WebMvcAutoConfiguration$EnableWebMvcConfiguration'
[DEBUG] Returning cached instance of singleton bean 'requestMappingHandlerAdapter'
[DEBUG] Returning cached instance of singleton bean 'mvcConversionService'
[DEBUG] Eagerly caching bean 'mvcUriComponentsContributor' to allow for resolving potential circular references
[DEBUG] Returning cached instance of singleton bean 'org.springframework.transaction.config.internalTransactionAdvisor'
[DEBUG] Returning cached instance of singleton bean 'org.springframework.transaction.config.internalTransactionAdvisor'
[DEBUG] Finished creating instance of bean 'mvcUriComponentsContributor'
[DEBUG] Creating shared instance of singleton bean 'httpRequestHandlerAdapter'
[DEBUG] Creating instance of bean 'httpRequestHandlerAdapter'
[DEBUG] Returning cached instance of singleton bean 'org.springframework.transaction.config.internalTransactionAdvisor'
[DEBUG] Returning cached instance of singleton bean 'org.springframework.boot.autoconfigure.web.WebMvcAutoConfiguration$EnableWebMvcConfiguration'
[DEBUG] Eagerly caching bean 'httpRequestHandlerAdapter' to allow for resolving potential circular references
[DEBUG] Returning cached instance of singleton bean 'org.springframework.transaction.config.internalTransactionAdvisor'
[DEBUG] Returning cached instance of singleton bean 'org.springframework.transaction.config.internalTransactionAdvisor'
[DEBUG] Finished creating instance of bean 'httpRequestHandlerAdapter'
[DEBUG] Creating shared instance of singleton bean 'simpleControllerHandlerAdapter'
[DEBUG] Creating instance of bean 'simpleControllerHandlerAdapter'
[DEBUG] Returning cached instance of singleton bean 'org.springframework.transaction.config.internalTransactionAdvisor'
[DEBUG] Returning cached instance of singleton bean 'org.springframework.boot.autoconfigure.web.WebMvcAutoConfiguration$EnableWebMvcConfiguration'
[DEBUG] Eagerly caching bean 'simpleControllerHandlerAdapter' to allow for resolving potential circular references
[DEBUG] Returning cached instance of singleton bean 'org.springframework.transaction.config.internalTransactionAdvisor'
[DEBUG] Returning cached instance of singleton bean 'org.springframework.transaction.config.internalTransactionAdvisor'
[DEBUG] Finished creating instance of bean 'simpleControllerHandlerAdapter'
[DEBUG] Creating shared instance of singleton bean 'handlerExceptionResolver'
[DEBUG] Creating instance of bean 'handlerExceptionResolver'
[DEBUG] Returning cached instance of singleton bean 'org.springframework.transaction.config.internalTransactionAdvisor'
[DEBUG] Returning cached instance of singleton bean 'org.springframework.boot.autoconfigure.web.WebMvcAutoConfiguration$EnableWebMvcConfiguration'
[DEBUG] Returning cached instance of singleton bean 'mvcContentNegotiationManager'
[DEBUG] Looking for exception mappings: org.springframework.web.context.support.GenericWebApplicationContext@4e187cd6: startup date [Fri Jun 09 11:30:24 CDT 2017]; root of context hierarchy
[DEBUG] Eagerly caching bean 'handlerExceptionResolver' to allow for resolving potential circular references
[DEBUG] Returning cached instance of singleton bean 'org.springframework.transaction.config.internalTransactionAdvisor'
[DEBUG] Returning cached instance of singleton bean 'org.springframework.transaction.config.internalTransactionAdvisor'
[DEBUG] Finished creating instance of bean 'handlerExceptionResolver'
[DEBUG] Creating shared instance of singleton bean 'mvcViewResolver'
[DEBUG] Creating instance of bean 'mvcViewResolver'
[DEBUG] Returning cached instance of singleton bean 'org.springframework.transaction.config.internalTransactionAdvisor'
[DEBUG] Returning cached instance of singleton bean 'org.springframework.boot.autoconfigure.web.WebMvcAutoConfiguration$EnableWebMvcConfiguration'
[DEBUG] Returning cached instance of singleton bean 'mvcContentNegotiationManager'
[DEBUG] Eagerly caching bean 'mvcViewResolver' to allow for resolving potential circular references
[DEBUG] Invoking afterPropertiesSet() on bean with name 'mvcViewResolver'
[DEBUG] Returning cached instance of singleton bean 'org.springframework.transaction.config.internalTransactionAdvisor'
[DEBUG] Returning cached instance of singleton bean 'org.springframework.transaction.config.internalTransactionAdvisor'
[DEBUG] Finished creating instance of bean 'mvcViewResolver'
[DEBUG] Creating shared instance of singleton bean 'org.springframework.boot.autoconfigure.web.WebMvcAutoConfiguration$WebMvcAutoConfigurationAdapter$FaviconConfiguration'
[DEBUG] Creating instance of bean 'org.springframework.boot.autoconfigure.web.WebMvcAutoConfiguration$WebMvcAutoConfigurationAdapter$FaviconConfiguration'
[DEBUG] Returning cached instance of singleton bean 'org.springframework.transaction.config.internalTransactionAdvisor'
[DEBUG] Cannot find '.class' file for class [class org.springframework.boot.autoconfigure.web.WebMvcAutoConfiguration$WebMvcAutoConfigurationAdapter$FaviconConfiguration$$EnhancerBySpringCGLIB$$b3a3c394] - unable to determine constructor/method parameter names
[DEBUG] Returning cached instance of singleton bean 'spring.resources-org.springframework.boot.autoconfigure.web.ResourceProperties'
[DEBUG] Autowiring by type from bean name 'org.springframework.boot.autoconfigure.web.WebMvcAutoConfiguration$WebMvcAutoConfigurationAdapter$FaviconConfiguration' via constructor to bean named 'spring.resources-org.springframework.boot.autoconfigure.web.ResourceProperties'
[DEBUG] Eagerly caching bean 'org.springframework.boot.autoconfigure.web.WebMvcAutoConfiguration$WebMvcAutoConfigurationAdapter$FaviconConfiguration' to allow for resolving potential circular references
[DEBUG] Returning cached instance of singleton bean 'org.springframework.transaction.config.internalTransactionAdvisor'
[DEBUG] Returning cached instance of singleton bean 'org.springframework.transaction.config.internalTransactionAdvisor'
[DEBUG] Finished creating instance of bean 'org.springframework.boot.autoconfigure.web.WebMvcAutoConfiguration$WebMvcAutoConfigurationAdapter$FaviconConfiguration'
[DEBUG] Creating shared instance of singleton bean 'faviconHandlerMapping'
[DEBUG] Creating instance of bean 'faviconHandlerMapping'
[DEBUG] Returning cached instance of singleton bean 'org.springframework.transaction.config.internalTransactionAdvisor'
[DEBUG] Returning cached instance of singleton bean 'org.springframework.boot.autoconfigure.web.WebMvcAutoConfiguration$WebMvcAutoConfigurationAdapter$FaviconConfiguration'
[DEBUG] Creating shared instance of singleton bean 'faviconRequestHandler'
[DEBUG] Creating instance of bean 'faviconRequestHandler'
[DEBUG] Returning cached instance of singleton bean 'org.springframework.transaction.config.internalTransactionAdvisor'
[DEBUG] Returning cached instance of singleton bean 'org.springframework.boot.autoconfigure.web.WebMvcAutoConfiguration$WebMvcAutoConfigurationAdapter$FaviconConfiguration'
[DEBUG] Eagerly caching bean 'faviconRequestHandler' to allow for resolving potential circular references
[DEBUG] Invoking afterPropertiesSet() on bean with name 'faviconRequestHandler'
[DEBUG] Returning cached instance of singleton bean 'org.springframework.transaction.config.internalTransactionAdvisor'
[DEBUG] Returning cached instance of singleton bean 'org.springframework.transaction.config.internalTransactionAdvisor'
[DEBUG] Finished creating instance of bean 'faviconRequestHandler'
[DEBUG] Eagerly caching bean 'faviconHandlerMapping' to allow for resolving potential circular references
[INFO] Mapped URL path [/**/favicon.ico] onto handler of type [class org.springframework.web.servlet.resource.ResourceHttpRequestHandler]
[DEBUG] Returning cached instance of singleton bean 'org.springframework.transaction.config.internalTransactionAdvisor'
[DEBUG] Returning cached instance of singleton bean 'org.springframework.transaction.config.internalTransactionAdvisor'
[DEBUG] Finished creating instance of bean 'faviconHandlerMapping'
[DEBUG] Returning cached instance of singleton bean 'faviconRequestHandler'
[DEBUG] Returning cached instance of singleton bean 'org.springframework.boot.autoconfigure.web.WebMvcAutoConfiguration$WebMvcAutoConfigurationAdapter'
[DEBUG] Creating shared instance of singleton bean 'defaultViewResolver'
[DEBUG] Creating instance of bean 'defaultViewResolver'
[DEBUG] Returning cached instance of singleton bean 'org.springframework.transaction.config.internalTransactionAdvisor'
[DEBUG] Returning cached instance of singleton bean 'org.springframework.boot.autoconfigure.web.WebMvcAutoConfiguration$WebMvcAutoConfigurationAdapter'
[DEBUG] Eagerly caching bean 'defaultViewResolver' to allow for resolving potential circular references
[DEBUG] Returning cached instance of singleton bean 'org.springframework.transaction.config.internalTransactionAdvisor'
[DEBUG] Returning cached instance of singleton bean 'org.springframework.transaction.config.internalTransactionAdvisor'
[DEBUG] Finished creating instance of bean 'defaultViewResolver'
[DEBUG] Creating shared instance of singleton bean 'viewResolver'
[DEBUG] Creating instance of bean 'viewResolver'
[DEBUG] Returning cached instance of singleton bean 'org.springframework.transaction.config.internalTransactionAdvisor'
[DEBUG] Returning cached instance of singleton bean 'org.springframework.boot.autoconfigure.web.WebMvcAutoConfiguration$WebMvcAutoConfigurationAdapter'
[DEBUG] Autowiring by type from bean name 'viewResolver' via factory method to bean named 'org.springframework.beans.factory.support.DefaultListableBeanFactory@7074d98f'
[DEBUG] Returning cached instance of singleton bean 'mvcContentNegotiationManager'
[DEBUG] Eagerly caching bean 'viewResolver' to allow for resolving potential circular references
[DEBUG] Returning cached instance of singleton bean 'mvcViewResolver'
[DEBUG] Returning cached instance of singleton bean 'defaultViewResolver'
[DEBUG] Returning cached instance of singleton bean 'org.springframework.transaction.config.internalTransactionAdvisor'
[DEBUG] Returning cached instance of singleton bean 'org.springframework.transaction.config.internalTransactionAdvisor'
[DEBUG] Returning eagerly cached instance of singleton bean 'viewResolver' that is not fully initialized yet - a consequence of a circular reference
[DEBUG] Creating shared instance of singleton bean 'thymeleafViewResolver'
[DEBUG] Creating instance of bean 'thymeleafViewResolver'
[DEBUG] Returning cached instance of singleton bean 'org.springframework.transaction.config.internalTransactionAdvisor'
[DEBUG] Creating shared instance of singleton bean 'org.springframework.boot.autoconfigure.thymeleaf.ThymeleafAutoConfiguration$Thymeleaf2Configuration$Thymeleaf2ViewResolverConfiguration'
[DEBUG] Creating instance of bean 'org.springframework.boot.autoconfigure.thymeleaf.ThymeleafAutoConfiguration$Thymeleaf2Configuration$Thymeleaf2ViewResolverConfiguration'
[DEBUG] Returning cached instance of singleton bean 'org.springframework.transaction.config.internalTransactionAdvisor'
[DEBUG] Cannot find '.class' file for class [class org.springframework.boot.autoconfigure.thymeleaf.ThymeleafAutoConfiguration$Thymeleaf2Configuration$Thymeleaf2ViewResolverConfiguration$$EnhancerBySpringCGLIB$$81d0d33b] - unable to determine constructor/method parameter names
[DEBUG] Creating shared instance of singleton bean 'spring.thymeleaf-org.springframework.boot.autoconfigure.thymeleaf.ThymeleafProperties'
[DEBUG] Creating instance of bean 'spring.thymeleaf-org.springframework.boot.autoconfigure.thymeleaf.ThymeleafProperties'
[DEBUG] Returning cached instance of singleton bean 'org.springframework.transaction.config.internalTransactionAdvisor'
[DEBUG] Eagerly caching bean 'spring.thymeleaf-org.springframework.boot.autoconfigure.thymeleaf.ThymeleafProperties' to allow for resolving potential circular references
[DEBUG] Adding [Inlined Test Properties] PropertySource with lowest search precedence
[DEBUG] Adding [systemProperties] PropertySource with lowest search precedence
[DEBUG] Adding [systemEnvironment] PropertySource with lowest search precedence
[DEBUG] Adding [random] PropertySource with lowest search precedence
[DEBUG] Adding [applicationConfig: [classpath:/application.properties]] PropertySource with lowest search precedence
[DEBUG] Adding [class path resource [mail.properties]] PropertySource with lowest search precedence
[DEBUG] Adding [localProperties] PropertySource with lowest search precedence
[DEBUG] Returning cached instance of singleton bean 'org.springframework.transaction.config.internalTransactionAdvisor'
[DEBUG] Returning cached instance of singleton bean 'org.springframework.transaction.config.internalTransactionAdvisor'
[DEBUG] Finished creating instance of bean 'spring.thymeleaf-org.springframework.boot.autoconfigure.thymeleaf.ThymeleafProperties'
[DEBUG] Creating shared instance of singleton bean 'templateEngine'
[DEBUG] Creating instance of bean 'templateEngine'
[DEBUG] Returning cached instance of singleton bean 'org.springframework.transaction.config.internalTransactionAdvisor'
[DEBUG] Creating shared instance of singleton bean 'org.springframework.boot.autoconfigure.thymeleaf.ThymeleafAutoConfiguration$ThymeleafDefaultConfiguration'
[DEBUG] Creating instance of bean 'org.springframework.boot.autoconfigure.thymeleaf.ThymeleafAutoConfiguration$ThymeleafDefaultConfiguration'
[DEBUG] Returning cached instance of singleton bean 'org.springframework.transaction.config.internalTransactionAdvisor'
[DEBUG] Cannot find '.class' file for class [class org.springframework.boot.autoconfigure.thymeleaf.ThymeleafAutoConfiguration$ThymeleafDefaultConfiguration$$EnhancerBySpringCGLIB$$3a4eda3c] - unable to determine constructor/method parameter names
[DEBUG] Creating shared instance of singleton bean 'defaultTemplateResolver'
[DEBUG] Creating instance of bean 'defaultTemplateResolver'
[DEBUG] Returning cached instance of singleton bean 'org.springframework.transaction.config.internalTransactionAdvisor'
[DEBUG] Creating shared instance of singleton bean 'org.springframework.boot.autoconfigure.thymeleaf.ThymeleafAutoConfiguration$Thymeleaf2Configuration$DefaultTemplateResolverConfiguration'
[DEBUG] Creating instance of bean 'org.springframework.boot.autoconfigure.thymeleaf.ThymeleafAutoConfiguration$Thymeleaf2Configuration$DefaultTemplateResolverConfiguration'
[DEBUG] Returning cached instance of singleton bean 'org.springframework.transaction.config.internalTransactionAdvisor'
[DEBUG] Cannot find '.class' file for class [class org.springframework.boot.autoconfigure.thymeleaf.ThymeleafAutoConfiguration$Thymeleaf2Configuration$DefaultTemplateResolverConfiguration$$EnhancerBySpringCGLIB$$b4f2178] - unable to determine constructor/method parameter names
[DEBUG] Returning cached instance of singleton bean 'spring.thymeleaf-org.springframework.boot.autoconfigure.thymeleaf.ThymeleafProperties'
[DEBUG] Autowiring by type from bean name 'org.springframework.boot.autoconfigure.thymeleaf.ThymeleafAutoConfiguration$Thymeleaf2Configuration$DefaultTemplateResolverConfiguration' via constructor to bean named 'spring.thymeleaf-org.springframework.boot.autoconfigure.thymeleaf.ThymeleafProperties'
[DEBUG] Autowiring by type from bean name 'org.springframework.boot.autoconfigure.thymeleaf.ThymeleafAutoConfiguration$Thymeleaf2Configuration$DefaultTemplateResolverConfiguration' via constructor to bean named 'org.springframework.web.context.support.GenericWebApplicationContext@4e187cd6'
[DEBUG] Found init method on class [org.springframework.boot.autoconfigure.thymeleaf.ThymeleafAutoConfiguration$Thymeleaf2Configuration$DefaultTemplateResolverConfiguration$$EnhancerBySpringCGLIB$$b4f2178]: public void org.springframework.boot.autoconfigure.thymeleaf.AbstractTemplateResolverConfiguration.checkTemplateLocationExists()
[DEBUG] Registered init method on class [org.springframework.boot.autoconfigure.thymeleaf.ThymeleafAutoConfiguration$Thymeleaf2Configuration$DefaultTemplateResolverConfiguration$$EnhancerBySpringCGLIB$$b4f2178]: org.springframework.beans.factory.annotation.InitDestroyAnnotationBeanPostProcessor$LifecycleElement@7bbfab3
[DEBUG] Eagerly caching bean 'org.springframework.boot.autoconfigure.thymeleaf.ThymeleafAutoConfiguration$Thymeleaf2Configuration$DefaultTemplateResolverConfiguration' to allow for resolving potential circular references
[DEBUG] Invoking init method on bean 'org.springframework.boot.autoconfigure.thymeleaf.ThymeleafAutoConfiguration$Thymeleaf2Configuration$DefaultTemplateResolverConfiguration': public void org.springframework.boot.autoconfigure.thymeleaf.AbstractTemplateResolverConfiguration.checkTemplateLocationExists()
[DEBUG] Returning cached instance of singleton bean 'org.springframework.transaction.config.internalTransactionAdvisor'
[DEBUG] Returning cached instance of singleton bean 'org.springframework.transaction.config.internalTransactionAdvisor'
[DEBUG] Finished creating instance of bean 'org.springframework.boot.autoconfigure.thymeleaf.ThymeleafAutoConfiguration$Thymeleaf2Configuration$DefaultTemplateResolverConfiguration'
[DEBUG] Eagerly caching bean 'defaultTemplateResolver' to allow for resolving potential circular references
[DEBUG] Invoking afterPropertiesSet() on bean with name 'defaultTemplateResolver'
[DEBUG] Returning cached instance of singleton bean 'org.springframework.transaction.config.internalTransactionAdvisor'
[DEBUG] Returning cached instance of singleton bean 'org.springframework.transaction.config.internalTransactionAdvisor'
[DEBUG] Returning cached instance of singleton bean 'org.springframework.transaction.config.internalTransactionAdvisor'
[DEBUG] Returning cached instance of singleton bean 'org.springframework.transaction.config.internalTransactionAdvisor'
[DEBUG] Finished creating instance of bean 'defaultTemplateResolver'
[DEBUG] Autowiring by type from bean name 'org.springframework.boot.autoconfigure.thymeleaf.ThymeleafAutoConfiguration$ThymeleafDefaultConfiguration' via constructor to bean named 'defaultTemplateResolver'
[DEBUG] Eagerly caching bean 'org.springframework.boot.autoconfigure.thymeleaf.ThymeleafAutoConfiguration$ThymeleafDefaultConfiguration' to allow for resolving potential circular references
[DEBUG] Returning cached instance of singleton bean 'org.springframework.transaction.config.internalTransactionAdvisor'
[DEBUG] Returning cached instance of singleton bean 'org.springframework.transaction.config.internalTransactionAdvisor'
[DEBUG] Finished creating instance of bean 'org.springframework.boot.autoconfigure.thymeleaf.ThymeleafAutoConfiguration$ThymeleafDefaultConfiguration'
[DEBUG] Eagerly caching bean 'templateEngine' to allow for resolving potential circular references
[DEBUG] Invoking afterPropertiesSet() on bean with name 'templateEngine'
[DEBUG] Returning cached instance of singleton bean 'org.springframework.transaction.config.internalTransactionAdvisor'
[DEBUG] Returning cached instance of singleton bean 'org.springframework.transaction.config.internalTransactionAdvisor'
[DEBUG] Finished creating instance of bean 'templateEngine'
[DEBUG] Autowiring by type from bean name 'org.springframework.boot.autoconfigure.thymeleaf.ThymeleafAutoConfiguration$Thymeleaf2Configuration$Thymeleaf2ViewResolverConfiguration' via constructor to bean named 'spring.thymeleaf-org.springframework.boot.autoconfigure.thymeleaf.ThymeleafProperties'
[DEBUG] Autowiring by type from bean name 'org.springframework.boot.autoconfigure.thymeleaf.ThymeleafAutoConfiguration$Thymeleaf2Configuration$Thymeleaf2ViewResolverConfiguration' via constructor to bean named 'templateEngine'
[DEBUG] Eagerly caching bean 'org.springframework.boot.autoconfigure.thymeleaf.ThymeleafAutoConfiguration$Thymeleaf2Configuration$Thymeleaf2ViewResolverConfiguration' to allow for resolving potential circular references
[DEBUG] Returning cached instance of singleton bean 'org.springframework.transaction.config.internalTransactionAdvisor'
[DEBUG] Returning cached instance of singleton bean 'org.springframework.transaction.config.internalTransactionAdvisor'
[DEBUG] Finished creating instance of bean 'org.springframework.boot.autoconfigure.thymeleaf.ThymeleafAutoConfiguration$Thymeleaf2Configuration$Thymeleaf2ViewResolverConfiguration'
[DEBUG] Eagerly caching bean 'thymeleafViewResolver' to allow for resolving potential circular references
[DEBUG] Returning cached instance of singleton bean 'org.springframework.transaction.config.internalTransactionAdvisor'
[DEBUG] Returning cached instance of singleton bean 'org.springframework.transaction.config.internalTransactionAdvisor'
[DEBUG] Finished creating instance of bean 'thymeleafViewResolver'
[DEBUG] Invoking afterPropertiesSet() on bean with name 'viewResolver'
[DEBUG] Finished creating instance of bean 'viewResolver'
[DEBUG] Creating shared instance of singleton bean 'welcomePageHandlerMapping'
[DEBUG] Creating instance of bean 'welcomePageHandlerMapping'
[DEBUG] Returning cached instance of singleton bean 'org.springframework.transaction.config.internalTransactionAdvisor'
[DEBUG] Returning cached instance of singleton bean 'org.springframework.boot.autoconfigure.web.WebMvcAutoConfiguration$WebMvcAutoConfigurationAdapter'
[DEBUG] Returning cached instance of singleton bean 'spring.resources-org.springframework.boot.autoconfigure.web.ResourceProperties'
[DEBUG] Autowiring by type from bean name 'welcomePageHandlerMapping' via factory method to bean named 'spring.resources-org.springframework.boot.autoconfigure.web.ResourceProperties'
[DEBUG] Eagerly caching bean 'welcomePageHandlerMapping' to allow for resolving potential circular references
[DEBUG] Returning cached instance of singleton bean 'org.springframework.transaction.config.internalTransactionAdvisor'
[DEBUG] Returning cached instance of singleton bean 'org.springframework.transaction.config.internalTransactionAdvisor'
[DEBUG] Finished creating instance of bean 'welcomePageHandlerMapping'
[DEBUG] Creating shared instance of singleton bean 'requestContextFilter'
[DEBUG] Creating instance of bean 'requestContextFilter'
[DEBUG] Returning cached instance of singleton bean 'org.springframework.transaction.config.internalTransactionAdvisor'
[DEBUG] Adding [servletConfigInitParams] PropertySource with lowest search precedence
[DEBUG] Adding [servletContextInitParams] PropertySource with lowest search precedence
[DEBUG] Adding [systemProperties] PropertySource with lowest search precedence
[DEBUG] Adding [systemEnvironment] PropertySource with lowest search precedence
[DEBUG] Initialized StandardServletEnvironment with PropertySources [servletConfigInitParams,servletContextInitParams,systemProperties,systemEnvironment]
[DEBUG] Eagerly caching bean 'requestContextFilter' to allow for resolving potential circular references
[DEBUG] Invoking afterPropertiesSet() on bean with name 'requestContextFilter'
[DEBUG] Returning cached instance of singleton bean 'org.springframework.transaction.config.internalTransactionAdvisor'
[DEBUG] Returning cached instance of singleton bean 'org.springframework.transaction.config.internalTransactionAdvisor'
[DEBUG] Finished creating instance of bean 'requestContextFilter'
[DEBUG] Creating shared instance of singleton bean 'org.springframework.boot.autoconfigure.web.WebMvcAutoConfiguration'
[DEBUG] Creating instance of bean 'org.springframework.boot.autoconfigure.web.WebMvcAutoConfiguration'
[DEBUG] Returning cached instance of singleton bean 'org.springframework.transaction.config.internalTransactionAdvisor'
[DEBUG] Eagerly caching bean 'org.springframework.boot.autoconfigure.web.WebMvcAutoConfiguration' to allow for resolving potential circular references
[DEBUG] Returning cached instance of singleton bean 'org.springframework.transaction.config.internalTransactionAdvisor'
[DEBUG] Returning cached instance of singleton bean 'org.springframework.transaction.config.internalTransactionAdvisor'
[DEBUG] Finished creating instance of bean 'org.springframework.boot.autoconfigure.web.WebMvcAutoConfiguration'
[DEBUG] Creating shared instance of singleton bean 'hiddenHttpMethodFilter'
[DEBUG] Creating instance of bean 'hiddenHttpMethodFilter'
[DEBUG] Returning cached instance of singleton bean 'org.springframework.transaction.config.internalTransactionAdvisor'
[DEBUG] Returning cached instance of singleton bean 'org.springframework.boot.autoconfigure.web.WebMvcAutoConfiguration'
[DEBUG] Adding [servletConfigInitParams] PropertySource with lowest search precedence
[DEBUG] Adding [servletContextInitParams] PropertySource with lowest search precedence
[DEBUG] Adding [systemProperties] PropertySource with lowest search precedence
[DEBUG] Adding [systemEnvironment] PropertySource with lowest search precedence
[DEBUG] Initialized StandardServletEnvironment with PropertySources [servletConfigInitParams,servletContextInitParams,systemProperties,systemEnvironment]
[DEBUG] Eagerly caching bean 'hiddenHttpMethodFilter' to allow for resolving potential circular references
[DEBUG] Invoking afterPropertiesSet() on bean with name 'hiddenHttpMethodFilter'
[DEBUG] Returning cached instance of singleton bean 'org.springframework.transaction.config.internalTransactionAdvisor'
[DEBUG] Returning cached instance of singleton bean 'org.springframework.transaction.config.internalTransactionAdvisor'
[DEBUG] Finished creating instance of bean 'hiddenHttpMethodFilter'
[DEBUG] Creating shared instance of singleton bean 'httpPutFormContentFilter'
[DEBUG] Creating instance of bean 'httpPutFormContentFilter'
[DEBUG] Returning cached instance of singleton bean 'org.springframework.transaction.config.internalTransactionAdvisor'
[DEBUG] Returning cached instance of singleton bean 'org.springframework.boot.autoconfigure.web.WebMvcAutoConfiguration'
[DEBUG] Adding [servletConfigInitParams] PropertySource with lowest search precedence
[DEBUG] Adding [servletContextInitParams] PropertySource with lowest search precedence
[DEBUG] Adding [systemProperties] PropertySource with lowest search precedence
[DEBUG] Adding [systemEnvironment] PropertySource with lowest search precedence
[DEBUG] Initialized StandardServletEnvironment with PropertySources [servletConfigInitParams,servletContextInitParams,systemProperties,systemEnvironment]
[DEBUG] Eagerly caching bean 'httpPutFormContentFilter' to allow for resolving potential circular references
[DEBUG] Invoking afterPropertiesSet() on bean with name 'httpPutFormContentFilter'
[DEBUG] Returning cached instance of singleton bean 'org.springframework.transaction.config.internalTransactionAdvisor'
[DEBUG] Returning cached instance of singleton bean 'org.springframework.transaction.config.internalTransactionAdvisor'
[DEBUG] Finished creating instance of bean 'httpPutFormContentFilter'
[DEBUG] Creating shared instance of singleton bean 'org.springframework.boot.autoconfigure.aop.AopAutoConfiguration$JdkDynamicAutoProxyConfiguration'
[DEBUG] Creating instance of bean 'org.springframework.boot.autoconfigure.aop.AopAutoConfiguration$JdkDynamicAutoProxyConfiguration'
[DEBUG] Returning cached instance of singleton bean 'org.springframework.transaction.config.internalTransactionAdvisor'
[DEBUG] Eagerly caching bean 'org.springframework.boot.autoconfigure.aop.AopAutoConfiguration$JdkDynamicAutoProxyConfiguration' to allow for resolving potential circular references
[DEBUG] Returning cached instance of singleton bean 'org.springframework.transaction.config.internalTransactionAdvisor'
[DEBUG] Returning cached instance of singleton bean 'org.springframework.transaction.config.internalTransactionAdvisor'
[DEBUG] Finished creating instance of bean 'org.springframework.boot.autoconfigure.aop.AopAutoConfiguration$JdkDynamicAutoProxyConfiguration'
[DEBUG] Returning cached instance of singleton bean 'org.springframework.aop.config.internalAutoProxyCreator'
[DEBUG] Creating shared instance of singleton bean 'org.springframework.boot.autoconfigure.aop.AopAutoConfiguration'
[DEBUG] Creating instance of bean 'org.springframework.boot.autoconfigure.aop.AopAutoConfiguration'
[DEBUG] Returning cached instance of singleton bean 'org.springframework.transaction.config.internalTransactionAdvisor'
[DEBUG] Eagerly caching bean 'org.springframework.boot.autoconfigure.aop.AopAutoConfiguration' to allow for resolving potential circular references
[DEBUG] Returning cached instance of singleton bean 'org.springframework.transaction.config.internalTransactionAdvisor'
[DEBUG] Returning cached instance of singleton bean 'org.springframework.transaction.config.internalTransactionAdvisor'
[DEBUG] Finished creating instance of bean 'org.springframework.boot.autoconfigure.aop.AopAutoConfiguration'
[DEBUG] Creating shared instance of singleton bean 'org.springframework.boot.autoconfigure.transaction.jta.JtaAutoConfiguration'
[DEBUG] Creating instance of bean 'org.springframework.boot.autoconfigure.transaction.jta.JtaAutoConfiguration'
[DEBUG] Returning cached instance of singleton bean 'org.springframework.transaction.config.internalTransactionAdvisor'
[DEBUG] Eagerly caching bean 'org.springframework.boot.autoconfigure.transaction.jta.JtaAutoConfiguration' to allow for resolving potential circular references
[DEBUG] Returning cached instance of singleton bean 'org.springframework.transaction.config.internalTransactionAdvisor'
[DEBUG] Returning cached instance of singleton bean 'org.springframework.transaction.config.internalTransactionAdvisor'
[DEBUG] Finished creating instance of bean 'org.springframework.boot.autoconfigure.transaction.jta.JtaAutoConfiguration'
[DEBUG] Creating shared instance of singleton bean 'spring.jta-org.springframework.boot.autoconfigure.transaction.jta.JtaProperties'
[DEBUG] Creating instance of bean 'spring.jta-org.springframework.boot.autoconfigure.transaction.jta.JtaProperties'
[DEBUG] Returning cached instance of singleton bean 'org.springframework.transaction.config.internalTransactionAdvisor'
[DEBUG] Eagerly caching bean 'spring.jta-org.springframework.boot.autoconfigure.transaction.jta.JtaProperties' to allow for resolving potential circular references
[DEBUG] Adding [Inlined Test Properties] PropertySource with lowest search precedence
[DEBUG] Adding [systemProperties] PropertySource with lowest search precedence
[DEBUG] Adding [systemEnvironment] PropertySource with lowest search precedence
[DEBUG] Adding [random] PropertySource with lowest search precedence
[DEBUG] Adding [applicationConfig: [classpath:/application.properties]] PropertySource with lowest search precedence
[DEBUG] Adding [class path resource [mail.properties]] PropertySource with lowest search precedence
[DEBUG] Adding [localProperties] PropertySource with lowest search precedence
[DEBUG] Returning cached instance of singleton bean 'org.springframework.transaction.config.internalTransactionAdvisor'
[DEBUG] Returning cached instance of singleton bean 'org.springframework.transaction.config.internalTransactionAdvisor'
[DEBUG] Finished creating instance of bean 'spring.jta-org.springframework.boot.autoconfigure.transaction.jta.JtaProperties'
[DEBUG] Returning cached instance of singleton bean 'org.springframework.boot.autoconfigure.jdbc.DataSourceConfiguration$Tomcat'
[DEBUG] Returning cached instance of singleton bean 'dataSource'
[DEBUG] Creating shared instance of singleton bean 'org.springframework.boot.autoconfigure.jdbc.DataSourceAutoConfiguration$PooledDataSourceConfiguration'
[DEBUG] Creating instance of bean 'org.springframework.boot.autoconfigure.jdbc.DataSourceAutoConfiguration$PooledDataSourceConfiguration'
[DEBUG] Returning cached instance of singleton bean 'org.springframework.transaction.config.internalTransactionAdvisor'
[DEBUG] Eagerly caching bean 'org.springframework.boot.autoconfigure.jdbc.DataSourceAutoConfiguration$PooledDataSourceConfiguration' to allow for resolving potential circular references
[DEBUG] Returning cached instance of singleton bean 'org.springframework.transaction.config.internalTransactionAdvisor'
[DEBUG] Returning cached instance of singleton bean 'org.springframework.transaction.config.internalTransactionAdvisor'
[DEBUG] Finished creating instance of bean 'org.springframework.boot.autoconfigure.jdbc.DataSourceAutoConfiguration$PooledDataSourceConfiguration'
[DEBUG] Creating shared instance of singleton bean 'org.springframework.boot.autoconfigure.jdbc.metadata.DataSourcePoolMetadataProvidersConfiguration$TomcatDataSourcePoolMetadataProviderConfiguration'
[DEBUG] Creating instance of bean 'org.springframework.boot.autoconfigure.jdbc.metadata.DataSourcePoolMetadataProvidersConfiguration$TomcatDataSourcePoolMetadataProviderConfiguration'
[DEBUG] Returning cached instance of singleton bean 'org.springframework.transaction.config.internalTransactionAdvisor'
[DEBUG] Eagerly caching bean 'org.springframework.boot.autoconfigure.jdbc.metadata.DataSourcePoolMetadataProvidersConfiguration$TomcatDataSourcePoolMetadataProviderConfiguration' to allow for resolving potential circular references
[DEBUG] Returning cached instance of singleton bean 'org.springframework.transaction.config.internalTransactionAdvisor'
[DEBUG] Returning cached instance of singleton bean 'org.springframework.transaction.config.internalTransactionAdvisor'
[DEBUG] Finished creating instance of bean 'org.springframework.boot.autoconfigure.jdbc.metadata.DataSourcePoolMetadataProvidersConfiguration$TomcatDataSourcePoolMetadataProviderConfiguration'
[DEBUG] Creating shared instance of singleton bean 'tomcatPoolDataSourceMetadataProvider'
[DEBUG] Creating instance of bean 'tomcatPoolDataSourceMetadataProvider'
[DEBUG] Returning cached instance of singleton bean 'org.springframework.transaction.config.internalTransactionAdvisor'
[DEBUG] Returning cached instance of singleton bean 'org.springframework.boot.autoconfigure.jdbc.metadata.DataSourcePoolMetadataProvidersConfiguration$TomcatDataSourcePoolMetadataProviderConfiguration'
[DEBUG] Eagerly caching bean 'tomcatPoolDataSourceMetadataProvider' to allow for resolving potential circular references
[DEBUG] Returning cached instance of singleton bean 'org.springframework.transaction.config.internalTransactionAdvisor'
[DEBUG] Returning cached instance of singleton bean 'org.springframework.transaction.config.internalTransactionAdvisor'
[DEBUG] Finished creating instance of bean 'tomcatPoolDataSourceMetadataProvider'
[DEBUG] Creating shared instance of singleton bean 'org.springframework.boot.autoconfigure.jdbc.metadata.DataSourcePoolMetadataProvidersConfiguration'
[DEBUG] Creating instance of bean 'org.springframework.boot.autoconfigure.jdbc.metadata.DataSourcePoolMetadataProvidersConfiguration'
[DEBUG] Returning cached instance of singleton bean 'org.springframework.transaction.config.internalTransactionAdvisor'
[DEBUG] Eagerly caching bean 'org.springframework.boot.autoconfigure.jdbc.metadata.DataSourcePoolMetadataProvidersConfiguration' to allow for resolving potential circular references
[DEBUG] Returning cached instance of singleton bean 'org.springframework.transaction.config.internalTransactionAdvisor'
[DEBUG] Returning cached instance of singleton bean 'org.springframework.transaction.config.internalTransactionAdvisor'
[DEBUG] Finished creating instance of bean 'org.springframework.boot.autoconfigure.jdbc.metadata.DataSourcePoolMetadataProvidersConfiguration'
[DEBUG] Returning cached instance of singleton bean 'org.springframework.boot.autoconfigure.jdbc.DataSourceAutoConfiguration'
[DEBUG] Returning cached instance of singleton bean 'dataSourceInitializer'
[DEBUG] Returning cached instance of singleton bean 'spring.datasource-org.springframework.boot.autoconfigure.jdbc.DataSourceProperties'
[DEBUG] Returning cached instance of singleton bean 'dataSourceInitializerPostProcessor'
[DEBUG] Returning cached instance of singleton bean 'org.springframework.boot.autoconfigure.orm.jpa.JpaBaseConfiguration$JpaWebConfiguration$JpaWebMvcConfiguration'
[DEBUG] Returning cached instance of singleton bean 'openEntityManagerInViewInterceptor'
[DEBUG] Creating shared instance of singleton bean 'org.springframework.boot.autoconfigure.orm.jpa.JpaBaseConfiguration$JpaWebConfiguration'
[DEBUG] Creating instance of bean 'org.springframework.boot.autoconfigure.orm.jpa.JpaBaseConfiguration$JpaWebConfiguration'
[DEBUG] Returning cached instance of singleton bean 'org.springframework.transaction.config.internalTransactionAdvisor'
[DEBUG] Eagerly caching bean 'org.springframework.boot.autoconfigure.orm.jpa.JpaBaseConfiguration$JpaWebConfiguration' to allow for resolving potential circular references
[DEBUG] Returning cached instance of singleton bean 'org.springframework.transaction.config.internalTransactionAdvisor'
[DEBUG] Returning cached instance of singleton bean 'org.springframework.transaction.config.internalTransactionAdvisor'
[DEBUG] Finished creating instance of bean 'org.springframework.boot.autoconfigure.orm.jpa.JpaBaseConfiguration$JpaWebConfiguration'
[DEBUG] Returning cached instance of singleton bean 'org.springframework.boot.autoconfigure.orm.jpa.HibernateJpaAutoConfiguration'
[DEBUG] Creating shared instance of singleton bean 'transactionManager'
[DEBUG] Creating instance of bean 'transactionManager'
[DEBUG] Returning cached instance of singleton bean 'org.springframework.transaction.config.internalTransactionAdvisor'
[DEBUG] Returning cached instance of singleton bean 'org.springframework.boot.autoconfigure.orm.jpa.HibernateJpaAutoConfiguration'
[DEBUG] Eagerly caching bean 'transactionManager' to allow for resolving potential circular references
[DEBUG] Returning cached instance of singleton bean 'entityManagerFactory'
[DEBUG] Invoking afterPropertiesSet() on bean with name 'transactionManager'
[DEBUG] Returning cached instance of singleton bean 'org.springframework.transaction.config.internalTransactionAdvisor'
[DEBUG] Returning cached instance of singleton bean 'org.springframework.transaction.config.internalTransactionAdvisor'
[DEBUG] Finished creating instance of bean 'transactionManager'
[DEBUG] Returning cached instance of singleton bean 'jpaVendorAdapter'
[DEBUG] Returning cached instance of singleton bean 'entityManagerFactoryBuilder'
[DEBUG] Returning cached instance of singleton bean 'entityManagerFactory'
[DEBUG] Returning cached instance of singleton bean 'spring.jpa-org.springframework.boot.autoconfigure.orm.jpa.JpaProperties'
[DEBUG] Returning cached instance of singleton bean 'dataSourceInitializedPublisher'
[DEBUG] Creating shared instance of singleton bean 'org.springframework.boot.autoconfigure.context.ConfigurationPropertiesAutoConfiguration'
[DEBUG] Creating instance of bean 'org.springframework.boot.autoconfigure.context.ConfigurationPropertiesAutoConfiguration'
[DEBUG] Returning cached instance of singleton bean 'org.springframework.transaction.config.internalTransactionAdvisor'
[DEBUG] Eagerly caching bean 'org.springframework.boot.autoconfigure.context.ConfigurationPropertiesAutoConfiguration' to allow for resolving potential circular references
[DEBUG] Returning cached instance of singleton bean 'org.springframework.transaction.config.internalTransactionAdvisor'
[DEBUG] Returning cached instance of singleton bean 'org.springframework.transaction.config.internalTransactionAdvisor'
[DEBUG] Finished creating instance of bean 'org.springframework.boot.autoconfigure.context.ConfigurationPropertiesAutoConfiguration'
[DEBUG] Creating shared instance of singleton bean 'org.springframework.boot.autoconfigure.dao.PersistenceExceptionTranslationAutoConfiguration'
[DEBUG] Creating instance of bean 'org.springframework.boot.autoconfigure.dao.PersistenceExceptionTranslationAutoConfiguration'
[DEBUG] Returning cached instance of singleton bean 'org.springframework.transaction.config.internalTransactionAdvisor'
[DEBUG] Eagerly caching bean 'org.springframework.boot.autoconfigure.dao.PersistenceExceptionTranslationAutoConfiguration' to allow for resolving potential circular references
[DEBUG] Returning cached instance of singleton bean 'org.springframework.transaction.config.internalTransactionAdvisor'
[DEBUG] Returning cached instance of singleton bean 'org.springframework.transaction.config.internalTransactionAdvisor'
[DEBUG] Finished creating instance of bean 'org.springframework.boot.autoconfigure.dao.PersistenceExceptionTranslationAutoConfiguration'
[DEBUG] Returning cached instance of singleton bean 'persistenceExceptionTranslationPostProcessor'
[DEBUG] Creating shared instance of singleton bean 'org.springframework.boot.autoconfigure.data.jpa.JpaRepositoriesAutoConfiguration'
[DEBUG] Creating instance of bean 'org.springframework.boot.autoconfigure.data.jpa.JpaRepositoriesAutoConfiguration'
[DEBUG] Returning cached instance of singleton bean 'org.springframework.transaction.config.internalTransactionAdvisor'
[DEBUG] Eagerly caching bean 'org.springframework.boot.autoconfigure.data.jpa.JpaRepositoriesAutoConfiguration' to allow for resolving potential circular references
[DEBUG] Returning cached instance of singleton bean 'org.springframework.transaction.config.internalTransactionAdvisor'
[DEBUG] Returning cached instance of singleton bean 'org.springframework.transaction.config.internalTransactionAdvisor'
[DEBUG] Finished creating instance of bean 'org.springframework.boot.autoconfigure.data.jpa.JpaRepositoriesAutoConfiguration'
[DEBUG] Returning cached instance of singleton bean 'emBeanDefinitionRegistrarPostProcessor'
[DEBUG] Returning cached instance of singleton bean 'jpaMappingContext'
[DEBUG] Creating shared instance of singleton bean 'jpaContext'
[DEBUG] Creating instance of bean 'jpaContext'
[DEBUG] Returning cached instance of singleton bean 'org.springframework.transaction.config.internalTransactionAdvisor'
[DEBUG] Creating shared instance of singleton bean 'org.springframework.orm.jpa.SharedEntityManagerCreator#0'
[DEBUG] Creating instance of bean 'org.springframework.orm.jpa.SharedEntityManagerCreator#0'
[DEBUG] Returning cached instance of singleton bean 'org.springframework.transaction.config.internalTransactionAdvisor'
[DEBUG] Returning cached instance of singleton bean 'entityManagerFactory'
[DEBUG] Eagerly caching bean 'org.springframework.orm.jpa.SharedEntityManagerCreator#0' to allow for resolving potential circular references
[DEBUG] Returning cached instance of singleton bean 'org.springframework.transaction.config.internalTransactionAdvisor'
[DEBUG] Returning cached instance of singleton bean 'org.springframework.transaction.config.internalTransactionAdvisor'
[DEBUG] Finished creating instance of bean 'org.springframework.orm.jpa.SharedEntityManagerCreator#0'
[DEBUG] Autowiring by type from bean name 'jpaContext' via constructor to bean named 'org.springframework.orm.jpa.SharedEntityManagerCreator#0'
[DEBUG] Eagerly caching bean 'jpaContext' to allow for resolving potential circular references
[DEBUG] Returning cached instance of singleton bean 'org.springframework.transaction.config.internalTransactionAdvisor'
[DEBUG] Returning cached instance of singleton bean 'org.springframework.transaction.config.internalTransactionAdvisor'
[DEBUG] Finished creating instance of bean 'jpaContext'
[DEBUG] Returning cached instance of singleton bean 'clienteRepository'
[DEBUG] Returning cached instance of singleton bean 'reservacionRepository'
[DEBUG] Returning cached instance of singleton bean 'org.springframework.transaction.annotation.ProxyTransactionManagementConfiguration'
[DEBUG] Returning cached instance of singleton bean 'org.springframework.transaction.config.internalTransactionAdvisor'
[DEBUG] Returning cached instance of singleton bean 'transactionAttributeSource'
[DEBUG] Returning cached instance of singleton bean 'transactionInterceptor'
[DEBUG] Creating shared instance of singleton bean 'org.springframework.transaction.config.internalTransactionalEventListenerFactory'
[DEBUG] Creating instance of bean 'org.springframework.transaction.config.internalTransactionalEventListenerFactory'
[DEBUG] Returning cached instance of singleton bean 'org.springframework.transaction.config.internalTransactionAdvisor'
[DEBUG] Returning cached instance of singleton bean 'org.springframework.transaction.annotation.ProxyTransactionManagementConfiguration'
[DEBUG] Eagerly caching bean 'org.springframework.transaction.config.internalTransactionalEventListenerFactory' to allow for resolving potential circular references
[DEBUG] Returning cached instance of singleton bean 'org.springframework.transaction.config.internalTransactionAdvisor'
[DEBUG] Returning cached instance of singleton bean 'org.springframework.transaction.config.internalTransactionAdvisor'
[DEBUG] Finished creating instance of bean 'org.springframework.transaction.config.internalTransactionalEventListenerFactory'
[DEBUG] Creating shared instance of singleton bean 'org.springframework.boot.autoconfigure.jdbc.DataSourceTransactionManagerAutoConfiguration$TransactionManagementConfiguration'
[DEBUG] Creating instance of bean 'org.springframework.boot.autoconfigure.jdbc.DataSourceTransactionManagerAutoConfiguration$TransactionManagementConfiguration'
[DEBUG] Returning cached instance of singleton bean 'org.springframework.transaction.config.internalTransactionAdvisor'
[DEBUG] Eagerly caching bean 'org.springframework.boot.autoconfigure.jdbc.DataSourceTransactionManagerAutoConfiguration$TransactionManagementConfiguration' to allow for resolving potential circular references
[DEBUG] Returning cached instance of singleton bean 'org.springframework.transaction.config.internalTransactionAdvisor'
[DEBUG] Returning cached instance of singleton bean 'org.springframework.transaction.config.internalTransactionAdvisor'
[DEBUG] Finished creating instance of bean 'org.springframework.boot.autoconfigure.jdbc.DataSourceTransactionManagerAutoConfiguration$TransactionManagementConfiguration'
[DEBUG] Creating shared instance of singleton bean 'org.springframework.boot.autoconfigure.jdbc.DataSourceTransactionManagerAutoConfiguration$DataSourceTransactionManagerConfiguration'
[DEBUG] Creating instance of bean 'org.springframework.boot.autoconfigure.jdbc.DataSourceTransactionManagerAutoConfiguration$DataSourceTransactionManagerConfiguration'
[DEBUG] Returning cached instance of singleton bean 'org.springframework.transaction.config.internalTransactionAdvisor'
[DEBUG] Cannot find '.class' file for class [class org.springframework.boot.autoconfigure.jdbc.DataSourceTransactionManagerAutoConfiguration$DataSourceTransactionManagerConfiguration$$EnhancerBySpringCGLIB$$2887300f] - unable to determine constructor/method parameter names
[DEBUG] Returning cached instance of singleton bean 'dataSource'
[DEBUG] Autowiring by type from bean name 'org.springframework.boot.autoconfigure.jdbc.DataSourceTransactionManagerAutoConfiguration$DataSourceTransactionManagerConfiguration' via constructor to bean named 'dataSource'
[DEBUG] Returning cached instance of singleton bean 'platformTransactionManagerCustomizers'
[DEBUG] Eagerly caching bean 'org.springframework.boot.autoconfigure.jdbc.DataSourceTransactionManagerAutoConfiguration$DataSourceTransactionManagerConfiguration' to allow for resolving potential circular references
[DEBUG] Returning cached instance of singleton bean 'org.springframework.transaction.config.internalTransactionAdvisor'
[DEBUG] Returning cached instance of singleton bean 'org.springframework.transaction.config.internalTransactionAdvisor'
[DEBUG] Finished creating instance of bean 'org.springframework.boot.autoconfigure.jdbc.DataSourceTransactionManagerAutoConfiguration$DataSourceTransactionManagerConfiguration'
[DEBUG] Creating shared instance of singleton bean 'org.springframework.boot.autoconfigure.jdbc.DataSourceTransactionManagerAutoConfiguration'
[DEBUG] Creating instance of bean 'org.springframework.boot.autoconfigure.jdbc.DataSourceTransactionManagerAutoConfiguration'
[DEBUG] Returning cached instance of singleton bean 'org.springframework.transaction.config.internalTransactionAdvisor'
[DEBUG] Eagerly caching bean 'org.springframework.boot.autoconfigure.jdbc.DataSourceTransactionManagerAutoConfiguration' to allow for resolving potential circular references
[DEBUG] Returning cached instance of singleton bean 'org.springframework.transaction.config.internalTransactionAdvisor'
[DEBUG] Returning cached instance of singleton bean 'org.springframework.transaction.config.internalTransactionAdvisor'
[DEBUG] Finished creating instance of bean 'org.springframework.boot.autoconfigure.jdbc.DataSourceTransactionManagerAutoConfiguration'
[DEBUG] Creating shared instance of singleton bean 'org.springframework.boot.autoconfigure.transaction.TransactionAutoConfiguration$TransactionTemplateConfiguration'
[DEBUG] Creating instance of bean 'org.springframework.boot.autoconfigure.transaction.TransactionAutoConfiguration$TransactionTemplateConfiguration'
[DEBUG] Returning cached instance of singleton bean 'org.springframework.transaction.config.internalTransactionAdvisor'
[DEBUG] Cannot find '.class' file for class [class org.springframework.boot.autoconfigure.transaction.TransactionAutoConfiguration$TransactionTemplateConfiguration$$EnhancerBySpringCGLIB$$7a10f4e2] - unable to determine constructor/method parameter names
[DEBUG] Returning cached instance of singleton bean 'transactionManager'
[DEBUG] Autowiring by type from bean name 'org.springframework.boot.autoconfigure.transaction.TransactionAutoConfiguration$TransactionTemplateConfiguration' via constructor to bean named 'transactionManager'
[DEBUG] Eagerly caching bean 'org.springframework.boot.autoconfigure.transaction.TransactionAutoConfiguration$TransactionTemplateConfiguration' to allow for resolving potential circular references
[DEBUG] Returning cached instance of singleton bean 'org.springframework.transaction.config.internalTransactionAdvisor'
[DEBUG] Returning cached instance of singleton bean 'org.springframework.transaction.config.internalTransactionAdvisor'
[DEBUG] Finished creating instance of bean 'org.springframework.boot.autoconfigure.transaction.TransactionAutoConfiguration$TransactionTemplateConfiguration'
[DEBUG] Creating shared instance of singleton bean 'transactionTemplate'
[DEBUG] Creating instance of bean 'transactionTemplate'
[DEBUG] Returning cached instance of singleton bean 'org.springframework.transaction.config.internalTransactionAdvisor'
[DEBUG] Returning cached instance of singleton bean 'org.springframework.boot.autoconfigure.transaction.TransactionAutoConfiguration$TransactionTemplateConfiguration'
[DEBUG] Eagerly caching bean 'transactionTemplate' to allow for resolving potential circular references
[DEBUG] Invoking afterPropertiesSet() on bean with name 'transactionTemplate'
[DEBUG] Returning cached instance of singleton bean 'org.springframework.transaction.config.internalTransactionAdvisor'
[DEBUG] Returning cached instance of singleton bean 'org.springframework.transaction.config.internalTransactionAdvisor'
[DEBUG] Finished creating instance of bean 'transactionTemplate'
[DEBUG] Returning cached instance of singleton bean 'org.springframework.boot.autoconfigure.transaction.TransactionAutoConfiguration'
[DEBUG] Returning cached instance of singleton bean 'platformTransactionManagerCustomizers'
[DEBUG] Returning cached instance of singleton bean 'spring.transaction-org.springframework.boot.autoconfigure.transaction.TransactionProperties'
[DEBUG] Returning cached instance of singleton bean 'org.springframework.boot.autoconfigure.web.HttpMessageConvertersAutoConfiguration$StringHttpMessageConverterConfiguration'
[DEBUG] Returning cached instance of singleton bean 'stringHttpMessageConverter'
[DEBUG] Returning cached instance of singleton bean 'spring.http.encoding-org.springframework.boot.autoconfigure.web.HttpEncodingProperties'
[DEBUG] Returning cached instance of singleton bean 'org.springframework.boot.autoconfigure.web.JacksonHttpMessageConvertersConfiguration$MappingJackson2HttpMessageConverterConfiguration'
[DEBUG] Returning cached instance of singleton bean 'mappingJackson2HttpMessageConverter'
[DEBUG] Creating shared instance of singleton bean 'org.springframework.boot.autoconfigure.web.JacksonHttpMessageConvertersConfiguration'
[DEBUG] Creating instance of bean 'org.springframework.boot.autoconfigure.web.JacksonHttpMessageConvertersConfiguration'
[DEBUG] Returning cached instance of singleton bean 'org.springframework.transaction.config.internalTransactionAdvisor'
[DEBUG] Eagerly caching bean 'org.springframework.boot.autoconfigure.web.JacksonHttpMessageConvertersConfiguration' to allow for resolving potential circular references
[DEBUG] Returning cached instance of singleton bean 'org.springframework.transaction.config.internalTransactionAdvisor'
[DEBUG] Returning cached instance of singleton bean 'org.springframework.transaction.config.internalTransactionAdvisor'
[DEBUG] Finished creating instance of bean 'org.springframework.boot.autoconfigure.web.JacksonHttpMessageConvertersConfiguration'
[DEBUG] Returning cached instance of singleton bean 'org.springframework.boot.autoconfigure.web.HttpMessageConvertersAutoConfiguration'
[DEBUG] Returning cached instance of singleton bean 'messageConverters'
[DEBUG] Returning cached instance of singleton bean 'org.springframework.data.web.config.SpringDataWebConfiguration'
[DEBUG] Returning cached instance of singleton bean 'pageableResolver'
[DEBUG] Returning cached instance of singleton bean 'sortResolver'
[DEBUG] Returning cached instance of singleton bean 'org.springframework.data.web.config.SpringDataJacksonConfiguration'
[DEBUG] Returning cached instance of singleton bean 'jacksonGeoModule'
[DEBUG] Creating shared instance of singleton bean 'org.springframework.boot.autoconfigure.data.web.SpringDataWebAutoConfiguration'
[DEBUG] Creating instance of bean 'org.springframework.boot.autoconfigure.data.web.SpringDataWebAutoConfiguration'
[DEBUG] Returning cached instance of singleton bean 'org.springframework.transaction.config.internalTransactionAdvisor'
[DEBUG] Eagerly caching bean 'org.springframework.boot.autoconfigure.data.web.SpringDataWebAutoConfiguration' to allow for resolving potential circular references
[DEBUG] Returning cached instance of singleton bean 'org.springframework.transaction.config.internalTransactionAdvisor'
[DEBUG] Returning cached instance of singleton bean 'org.springframework.transaction.config.internalTransactionAdvisor'
[DEBUG] Finished creating instance of bean 'org.springframework.boot.autoconfigure.data.web.SpringDataWebAutoConfiguration'
[DEBUG] Creating shared instance of singleton bean 'org.springframework.boot.autoconfigure.security.AuthenticationManagerConfiguration'
[DEBUG] Creating instance of bean 'org.springframework.boot.autoconfigure.security.AuthenticationManagerConfiguration'
[DEBUG] Returning cached instance of singleton bean 'org.springframework.transaction.config.internalTransactionAdvisor'
[DEBUG] Eagerly caching bean 'org.springframework.boot.autoconfigure.security.AuthenticationManagerConfiguration' to allow for resolving potential circular references
[DEBUG] Returning cached instance of singleton bean 'org.springframework.transaction.config.internalTransactionAdvisor'
[DEBUG] Returning cached instance of singleton bean 'org.springframework.transaction.config.internalTransactionAdvisor'
[DEBUG] Finished creating instance of bean 'org.springframework.boot.autoconfigure.security.AuthenticationManagerConfiguration'
[DEBUG] Creating shared instance of singleton bean 'authenticationManager'
[DEBUG] Creating instance of bean 'authenticationManager'
[DEBUG] Returning cached instance of singleton bean 'org.springframework.transaction.config.internalTransactionAdvisor'
[DEBUG] Returning cached instance of singleton bean 'org.springframework.boot.autoconfigure.security.AuthenticationManagerConfiguration'
[DEBUG] Returning cached instance of singleton bean 'org.springframework.security.config.annotation.authentication.configuration.AuthenticationConfiguration'
[DEBUG] Autowiring by type from bean name 'authenticationManager' via factory method to bean named 'org.springframework.security.config.annotation.authentication.configuration.AuthenticationConfiguration'
[DEBUG] Eagerly caching bean 'authenticationManager' to allow for resolving potential circular references
[DEBUG] Invoking afterPropertiesSet() on bean with name 'authenticationManager'
[DEBUG] Returning cached instance of singleton bean 'org.springframework.transaction.config.internalTransactionAdvisor'
[DEBUG] Returning cached instance of singleton bean 'org.springframework.transaction.config.internalTransactionAdvisor'
[DEBUG] Finished creating instance of bean 'authenticationManager'
[DEBUG] Returning cached instance of singleton bean 'springBootAuthenticationConfigurerAdapter'
[DEBUG] Creating shared instance of singleton bean 'authenticationManagerConfigurationListener'
[DEBUG] Creating instance of bean 'authenticationManagerConfigurationListener'
[DEBUG] Returning cached instance of singleton bean 'org.springframework.transaction.config.internalTransactionAdvisor'
[DEBUG] Returning cached instance of singleton bean 'org.springframework.boot.autoconfigure.security.AuthenticationManagerConfiguration'
[DEBUG] Registered injected element on class [org.springframework.boot.autoconfigure.security.AuthenticationManagerConfiguration$AuthenticationManagerConfigurationListener]: AutowiredFieldElement for private org.springframework.security.authentication.AuthenticationEventPublisher org.springframework.boot.autoconfigure.security.AuthenticationManagerConfiguration$AuthenticationManagerConfigurationListener.eventPublisher
[DEBUG] Registered injected element on class [org.springframework.boot.autoconfigure.security.AuthenticationManagerConfiguration$AuthenticationManagerConfigurationListener]: AutowiredFieldElement for private org.springframework.context.ApplicationContext org.springframework.boot.autoconfigure.security.AuthenticationManagerConfiguration$AuthenticationManagerConfigurationListener.context
[DEBUG] Eagerly caching bean 'authenticationManagerConfigurationListener' to allow for resolving potential circular references
[DEBUG] Processing injected element of bean 'authenticationManagerConfigurationListener': AutowiredFieldElement for private org.springframework.security.authentication.AuthenticationEventPublisher org.springframework.boot.autoconfigure.security.AuthenticationManagerConfiguration$AuthenticationManagerConfigurationListener.eventPublisher
[DEBUG] Creating shared instance of singleton bean 'authenticationEventPublisher'
[DEBUG] Creating instance of bean 'authenticationEventPublisher'
[DEBUG] Returning cached instance of singleton bean 'org.springframework.transaction.config.internalTransactionAdvisor'
[DEBUG] Returning cached instance of singleton bean 'org.springframework.boot.autoconfigure.security.SecurityAutoConfiguration'
[DEBUG] Autowiring by type from bean name 'authenticationEventPublisher' via factory method to bean named 'org.springframework.web.context.support.GenericWebApplicationContext@4e187cd6'
[DEBUG] Eagerly caching bean 'authenticationEventPublisher' to allow for resolving potential circular references
[DEBUG] Returning cached instance of singleton bean 'org.springframework.transaction.config.internalTransactionAdvisor'
[DEBUG] Returning cached instance of singleton bean 'org.springframework.transaction.config.internalTransactionAdvisor'
[DEBUG] Finished creating instance of bean 'authenticationEventPublisher'
[DEBUG] Autowiring by type from bean name 'authenticationManagerConfigurationListener' to bean named 'authenticationEventPublisher'
[DEBUG] Processing injected element of bean 'authenticationManagerConfigurationListener': AutowiredFieldElement for private org.springframework.context.ApplicationContext org.springframework.boot.autoconfigure.security.AuthenticationManagerConfiguration$AuthenticationManagerConfigurationListener.context
[DEBUG] Autowiring by type from bean name 'authenticationManagerConfigurationListener' to bean named 'org.springframework.web.context.support.GenericWebApplicationContext@4e187cd6'
[DEBUG] Returning cached instance of singleton bean 'org.springframework.transaction.config.internalTransactionAdvisor'
[DEBUG] Returning cached instance of singleton bean 'org.springframework.transaction.config.internalTransactionAdvisor'
[DEBUG] Finished creating instance of bean 'authenticationManagerConfigurationListener'
[DEBUG] Creating shared instance of singleton bean 'org.springframework.boot.autoconfigure.security.BootGlobalAuthenticationConfiguration'
[DEBUG] Creating instance of bean 'org.springframework.boot.autoconfigure.security.BootGlobalAuthenticationConfiguration'
[DEBUG] Returning cached instance of singleton bean 'org.springframework.transaction.config.internalTransactionAdvisor'
[DEBUG] Eagerly caching bean 'org.springframework.boot.autoconfigure.security.BootGlobalAuthenticationConfiguration' to allow for resolving potential circular references
[DEBUG] Returning cached instance of singleton bean 'org.springframework.transaction.config.internalTransactionAdvisor'
[DEBUG] Returning cached instance of singleton bean 'org.springframework.transaction.config.internalTransactionAdvisor'
[DEBUG] Finished creating instance of bean 'org.springframework.boot.autoconfigure.security.BootGlobalAuthenticationConfiguration'
[DEBUG] Returning cached instance of singleton bean 'bootGlobalAuthenticationConfigurationAdapter'
[DEBUG] Returning cached instance of singleton bean 'org.springframework.boot.autoconfigure.security.SecurityAutoConfiguration'
[DEBUG] Returning cached instance of singleton bean 'authenticationEventPublisher'
[DEBUG] Returning cached instance of singleton bean 'securityProperties'
[DEBUG] Creating shared instance of singleton bean 'org.springframework.boot.autoconfigure.info.ProjectInfoAutoConfiguration'
[DEBUG] Creating instance of bean 'org.springframework.boot.autoconfigure.info.ProjectInfoAutoConfiguration'
[DEBUG] Returning cached instance of singleton bean 'org.springframework.transaction.config.internalTransactionAdvisor'
[DEBUG] Cannot find '.class' file for class [class org.springframework.boot.autoconfigure.info.ProjectInfoAutoConfiguration$$EnhancerBySpringCGLIB$$b780a4b9] - unable to determine constructor/method parameter names
[DEBUG] Creating shared instance of singleton bean 'spring.info-org.springframework.boot.autoconfigure.info.ProjectInfoProperties'
[DEBUG] Creating instance of bean 'spring.info-org.springframework.boot.autoconfigure.info.ProjectInfoProperties'
[DEBUG] Returning cached instance of singleton bean 'org.springframework.transaction.config.internalTransactionAdvisor'
[DEBUG] Registered injected element on class [org.springframework.boot.autoconfigure.info.ProjectInfoProperties]: AutowiredMethodElement for void org.springframework.boot.autoconfigure.info.ProjectInfoProperties.setDefaultGitLocation(org.springframework.core.io.Resource)
[DEBUG] Eagerly caching bean 'spring.info-org.springframework.boot.autoconfigure.info.ProjectInfoProperties' to allow for resolving potential circular references
[DEBUG] Processing injected element of bean 'spring.info-org.springframework.boot.autoconfigure.info.ProjectInfoProperties': AutowiredMethodElement for void org.springframework.boot.autoconfigure.info.ProjectInfoProperties.setDefaultGitLocation(org.springframework.core.io.Resource)
[DEBUG] Could not find key 'spring.git.properties:classpath:git.properties' in any property source
[DEBUG] Could not find key 'spring.git.properties:classpath:git.properties' in any property source
[DEBUG] Could not find key 'spring.git.properties' in any property source
[DEBUG] Could not find key 'spring.git.properties' in any property source
[DEBUG] Adding [Inlined Test Properties] PropertySource with lowest search precedence
[DEBUG] Adding [systemProperties] PropertySource with lowest search precedence
[DEBUG] Adding [systemEnvironment] PropertySource with lowest search precedence
[DEBUG] Adding [random] PropertySource with lowest search precedence
[DEBUG] Adding [applicationConfig: [classpath:/application.properties]] PropertySource with lowest search precedence
[DEBUG] Adding [class path resource [mail.properties]] PropertySource with lowest search precedence
[DEBUG] Adding [localProperties] PropertySource with lowest search precedence
[DEBUG] Returning cached instance of singleton bean 'org.springframework.transaction.config.internalTransactionAdvisor'
[DEBUG] Returning cached instance of singleton bean 'org.springframework.transaction.config.internalTransactionAdvisor'
[DEBUG] Finished creating instance of bean 'spring.info-org.springframework.boot.autoconfigure.info.ProjectInfoProperties'
[DEBUG] Autowiring by type from bean name 'org.springframework.boot.autoconfigure.info.ProjectInfoAutoConfiguration' via constructor to bean named 'spring.info-org.springframework.boot.autoconfigure.info.ProjectInfoProperties'
[DEBUG] Eagerly caching bean 'org.springframework.boot.autoconfigure.info.ProjectInfoAutoConfiguration' to allow for resolving potential circular references
[DEBUG] Returning cached instance of singleton bean 'org.springframework.transaction.config.internalTransactionAdvisor'
[DEBUG] Returning cached instance of singleton bean 'org.springframework.transaction.config.internalTransactionAdvisor'
[DEBUG] Finished creating instance of bean 'org.springframework.boot.autoconfigure.info.ProjectInfoAutoConfiguration'
[DEBUG] Returning cached instance of singleton bean 'spring.info-org.springframework.boot.autoconfigure.info.ProjectInfoProperties'
[DEBUG] Creating shared instance of singleton bean 'org.springframework.boot.autoconfigure.jdbc.JdbcTemplateAutoConfiguration'
[DEBUG] Creating instance of bean 'org.springframework.boot.autoconfigure.jdbc.JdbcTemplateAutoConfiguration'
[DEBUG] Returning cached instance of singleton bean 'org.springframework.transaction.config.internalTransactionAdvisor'
[DEBUG] Cannot find '.class' file for class [class org.springframework.boot.autoconfigure.jdbc.JdbcTemplateAutoConfiguration$$EnhancerBySpringCGLIB$$9b6acc90] - unable to determine constructor/method parameter names
[DEBUG] Returning cached instance of singleton bean 'dataSource'
[DEBUG] Autowiring by type from bean name 'org.springframework.boot.autoconfigure.jdbc.JdbcTemplateAutoConfiguration' via constructor to bean named 'dataSource'
[DEBUG] Eagerly caching bean 'org.springframework.boot.autoconfigure.jdbc.JdbcTemplateAutoConfiguration' to allow for resolving potential circular references
[DEBUG] Returning cached instance of singleton bean 'org.springframework.transaction.config.internalTransactionAdvisor'
[DEBUG] Returning cached instance of singleton bean 'org.springframework.transaction.config.internalTransactionAdvisor'
[DEBUG] Finished creating instance of bean 'org.springframework.boot.autoconfigure.jdbc.JdbcTemplateAutoConfiguration'
[DEBUG] Creating shared instance of singleton bean 'jdbcTemplate'
[DEBUG] Creating instance of bean 'jdbcTemplate'
[DEBUG] Returning cached instance of singleton bean 'org.springframework.transaction.config.internalTransactionAdvisor'
[DEBUG] Returning cached instance of singleton bean 'org.springframework.boot.autoconfigure.jdbc.JdbcTemplateAutoConfiguration'
[DEBUG] Eagerly caching bean 'jdbcTemplate' to allow for resolving potential circular references
[DEBUG] Invoking afterPropertiesSet() on bean with name 'jdbcTemplate'
[DEBUG] Returning cached instance of singleton bean 'org.springframework.transaction.config.internalTransactionAdvisor'
[DEBUG] Returning cached instance of singleton bean 'org.springframework.transaction.config.internalTransactionAdvisor'
[DEBUG] Finished creating instance of bean 'jdbcTemplate'
[DEBUG] Creating shared instance of singleton bean 'namedParameterJdbcTemplate'
[DEBUG] Creating instance of bean 'namedParameterJdbcTemplate'
[DEBUG] Returning cached instance of singleton bean 'org.springframework.transaction.config.internalTransactionAdvisor'
[DEBUG] Returning cached instance of singleton bean 'org.springframework.boot.autoconfigure.jdbc.JdbcTemplateAutoConfiguration'
[DEBUG] Eagerly caching bean 'namedParameterJdbcTemplate' to allow for resolving potential circular references
[DEBUG] Returning cached instance of singleton bean 'org.springframework.transaction.config.internalTransactionAdvisor'
[DEBUG] Returning cached instance of singleton bean 'org.springframework.transaction.config.internalTransactionAdvisor'
[DEBUG] Finished creating instance of bean 'namedParameterJdbcTemplate'
[DEBUG] Creating shared instance of singleton bean 'org.springframework.boot.autoconfigure.thymeleaf.ThymeleafAutoConfiguration$ThymeleafResourceHandlingConfig'
[DEBUG] Creating instance of bean 'org.springframework.boot.autoconfigure.thymeleaf.ThymeleafAutoConfiguration$ThymeleafResourceHandlingConfig'
[DEBUG] Returning cached instance of singleton bean 'org.springframework.transaction.config.internalTransactionAdvisor'
[DEBUG] Eagerly caching bean 'org.springframework.boot.autoconfigure.thymeleaf.ThymeleafAutoConfiguration$ThymeleafResourceHandlingConfig' to allow for resolving potential circular references
[DEBUG] Returning cached instance of singleton bean 'org.springframework.transaction.config.internalTransactionAdvisor'
[DEBUG] Returning cached instance of singleton bean 'org.springframework.transaction.config.internalTransactionAdvisor'
[DEBUG] Finished creating instance of bean 'org.springframework.boot.autoconfigure.thymeleaf.ThymeleafAutoConfiguration$ThymeleafResourceHandlingConfig'
[DEBUG] Returning cached instance of singleton bean 'org.springframework.boot.autoconfigure.thymeleaf.ThymeleafAutoConfiguration$ThymeleafDefaultConfiguration'
[DEBUG] Returning cached instance of singleton bean 'templateEngine'
[DEBUG] Returning cached instance of singleton bean 'org.springframework.boot.autoconfigure.thymeleaf.ThymeleafAutoConfiguration$Thymeleaf2Configuration$Thymeleaf2ViewResolverConfiguration'
[DEBUG] Returning cached instance of singleton bean 'thymeleafViewResolver'
[DEBUG] Returning cached instance of singleton bean 'org.springframework.boot.autoconfigure.thymeleaf.ThymeleafAutoConfiguration$Thymeleaf2Configuration$DefaultTemplateResolverConfiguration'
[DEBUG] Creating shared instance of singleton bean 'thymeleafResourceResolver'
[DEBUG] Creating instance of bean 'thymeleafResourceResolver'
[DEBUG] Returning cached instance of singleton bean 'org.springframework.transaction.config.internalTransactionAdvisor'
[DEBUG] Returning cached instance of singleton bean 'org.springframework.boot.autoconfigure.thymeleaf.ThymeleafAutoConfiguration$Thymeleaf2Configuration$DefaultTemplateResolverConfiguration'
[DEBUG] Eagerly caching bean 'thymeleafResourceResolver' to allow for resolving potential circular references
[DEBUG] Returning cached instance of singleton bean 'org.springframework.transaction.config.internalTransactionAdvisor'
[DEBUG] Returning cached instance of singleton bean 'org.springframework.transaction.config.internalTransactionAdvisor'
[DEBUG] Finished creating instance of bean 'thymeleafResourceResolver'
[DEBUG] Returning cached instance of singleton bean 'defaultTemplateResolver'
[DEBUG] Creating shared instance of singleton bean 'org.springframework.boot.autoconfigure.thymeleaf.ThymeleafAutoConfiguration$Thymeleaf2Configuration'
[DEBUG] Creating instance of bean 'org.springframework.boot.autoconfigure.thymeleaf.ThymeleafAutoConfiguration$Thymeleaf2Configuration'
[DEBUG] Returning cached instance of singleton bean 'org.springframework.transaction.config.internalTransactionAdvisor'
[DEBUG] Eagerly caching bean 'org.springframework.boot.autoconfigure.thymeleaf.ThymeleafAutoConfiguration$Thymeleaf2Configuration' to allow for resolving potential circular references
[DEBUG] Returning cached instance of singleton bean 'org.springframework.transaction.config.internalTransactionAdvisor'
[DEBUG] Returning cached instance of singleton bean 'org.springframework.transaction.config.internalTransactionAdvisor'
[DEBUG] Finished creating instance of bean 'org.springframework.boot.autoconfigure.thymeleaf.ThymeleafAutoConfiguration$Thymeleaf2Configuration'
[DEBUG] Creating shared instance of singleton bean 'org.springframework.boot.autoconfigure.thymeleaf.ThymeleafAutoConfiguration'
[DEBUG] Creating instance of bean 'org.springframework.boot.autoconfigure.thymeleaf.ThymeleafAutoConfiguration'
[DEBUG] Returning cached instance of singleton bean 'org.springframework.transaction.config.internalTransactionAdvisor'
[DEBUG] Eagerly caching bean 'org.springframework.boot.autoconfigure.thymeleaf.ThymeleafAutoConfiguration' to allow for resolving potential circular references
[DEBUG] Returning cached instance of singleton bean 'org.springframework.transaction.config.internalTransactionAdvisor'
[DEBUG] Returning cached instance of singleton bean 'org.springframework.transaction.config.internalTransactionAdvisor'
[DEBUG] Finished creating instance of bean 'org.springframework.boot.autoconfigure.thymeleaf.ThymeleafAutoConfiguration'
[DEBUG] Returning cached instance of singleton bean 'spring.thymeleaf-org.springframework.boot.autoconfigure.thymeleaf.ThymeleafProperties'
[DEBUG] Creating shared instance of singleton bean 'org.springframework.boot.autoconfigure.security.SecurityFilterAutoConfiguration'
[DEBUG] Creating instance of bean 'org.springframework.boot.autoconfigure.security.SecurityFilterAutoConfiguration'
[DEBUG] Returning cached instance of singleton bean 'org.springframework.transaction.config.internalTransactionAdvisor'
[DEBUG] Eagerly caching bean 'org.springframework.boot.autoconfigure.security.SecurityFilterAutoConfiguration' to allow for resolving potential circular references
[DEBUG] Returning cached instance of singleton bean 'org.springframework.transaction.config.internalTransactionAdvisor'
[DEBUG] Returning cached instance of singleton bean 'org.springframework.transaction.config.internalTransactionAdvisor'
[DEBUG] Finished creating instance of bean 'org.springframework.boot.autoconfigure.security.SecurityFilterAutoConfiguration'
[DEBUG] Creating shared instance of singleton bean 'securityFilterChainRegistration'
[DEBUG] Creating instance of bean 'securityFilterChainRegistration'
[DEBUG] Returning cached instance of singleton bean 'org.springframework.transaction.config.internalTransactionAdvisor'
[DEBUG] Returning cached instance of singleton bean 'org.springframework.boot.autoconfigure.security.SecurityFilterAutoConfiguration'
[DEBUG] Returning cached instance of singleton bean 'securityProperties'
[DEBUG] Autowiring by type from bean name 'securityFilterChainRegistration' via factory method to bean named 'securityProperties'
[DEBUG] Eagerly caching bean 'securityFilterChainRegistration' to allow for resolving potential circular references
[DEBUG] Returning cached instance of singleton bean 'org.springframework.transaction.config.internalTransactionAdvisor'
[DEBUG] Returning cached instance of singleton bean 'org.springframework.transaction.config.internalTransactionAdvisor'
[DEBUG] Finished creating instance of bean 'securityFilterChainRegistration'
[DEBUG] Returning cached instance of singleton bean 'org.springframework.boot.autoconfigure.web.HttpEncodingAutoConfiguration'
[DEBUG] Creating shared instance of singleton bean 'characterEncodingFilter'
[DEBUG] Creating instance of bean 'characterEncodingFilter'
[DEBUG] Returning cached instance of singleton bean 'org.springframework.transaction.config.internalTransactionAdvisor'
[DEBUG] Returning cached instance of singleton bean 'org.springframework.boot.autoconfigure.web.HttpEncodingAutoConfiguration'
[DEBUG] Adding [servletConfigInitParams] PropertySource with lowest search precedence
[DEBUG] Adding [servletContextInitParams] PropertySource with lowest search precedence
[DEBUG] Adding [systemProperties] PropertySource with lowest search precedence
[DEBUG] Adding [systemEnvironment] PropertySource with lowest search precedence
[DEBUG] Initialized StandardServletEnvironment with PropertySources [servletConfigInitParams,servletContextInitParams,systemProperties,systemEnvironment]
[DEBUG] Eagerly caching bean 'characterEncodingFilter' to allow for resolving potential circular references
[DEBUG] Invoking afterPropertiesSet() on bean with name 'characterEncodingFilter'
[DEBUG] Returning cached instance of singleton bean 'org.springframework.transaction.config.internalTransactionAdvisor'
[DEBUG] Returning cached instance of singleton bean 'org.springframework.transaction.config.internalTransactionAdvisor'
[DEBUG] Finished creating instance of bean 'characterEncodingFilter'
[DEBUG] Returning cached instance of singleton bean 'localeCharsetMappingsCustomizer'
[DEBUG] Returning cached instance of singleton bean 'org.springframework.boot.autoconfigure.web.MultipartAutoConfiguration'
[DEBUG] Returning cached instance of singleton bean 'multipartConfigElement'
[DEBUG] Creating shared instance of singleton bean 'multipartResolver'
[DEBUG] Creating instance of bean 'multipartResolver'
[DEBUG] Returning cached instance of singleton bean 'org.springframework.transaction.config.internalTransactionAdvisor'
[DEBUG] Returning cached instance of singleton bean 'org.springframework.boot.autoconfigure.web.MultipartAutoConfiguration'
[DEBUG] Eagerly caching bean 'multipartResolver' to allow for resolving potential circular references
[DEBUG] Returning cached instance of singleton bean 'org.springframework.transaction.config.internalTransactionAdvisor'
[DEBUG] Returning cached instance of singleton bean 'org.springframework.transaction.config.internalTransactionAdvisor'
[DEBUG] Finished creating instance of bean 'multipartResolver'
[DEBUG] Returning cached instance of singleton bean 'spring.http.multipart-org.springframework.boot.autoconfigure.web.MultipartProperties'
[DEBUG] Returning cached instance of singleton bean 'org.springframework.boot.autoconfigure.web.ServerPropertiesAutoConfiguration'
[DEBUG] Returning cached instance of singleton bean 'serverProperties'
[DEBUG] Returning cached instance of singleton bean 'duplicateServerPropertiesDetector'
[DEBUG] Creating shared instance of singleton bean 'org.springframework.boot.autoconfigure.web.WebClientAutoConfiguration$RestTemplateConfiguration'
[DEBUG] Creating instance of bean 'org.springframework.boot.autoconfigure.web.WebClientAutoConfiguration$RestTemplateConfiguration'
[DEBUG] Returning cached instance of singleton bean 'org.springframework.transaction.config.internalTransactionAdvisor'
[DEBUG] Cannot find '.class' file for class [class org.springframework.boot.autoconfigure.web.WebClientAutoConfiguration$RestTemplateConfiguration$$EnhancerBySpringCGLIB$$82b60eb7] - unable to determine constructor/method parameter names
[DEBUG] Eagerly caching bean 'org.springframework.boot.autoconfigure.web.WebClientAutoConfiguration$RestTemplateConfiguration' to allow for resolving potential circular references
[DEBUG] Returning cached instance of singleton bean 'org.springframework.transaction.config.internalTransactionAdvisor'
[DEBUG] Returning cached instance of singleton bean 'org.springframework.transaction.config.internalTransactionAdvisor'
[DEBUG] Finished creating instance of bean 'org.springframework.boot.autoconfigure.web.WebClientAutoConfiguration$RestTemplateConfiguration'
[DEBUG] Creating shared instance of singleton bean 'restTemplateBuilder'
[DEBUG] Creating instance of bean 'restTemplateBuilder'
[DEBUG] Returning cached instance of singleton bean 'org.springframework.transaction.config.internalTransactionAdvisor'
[DEBUG] Returning cached instance of singleton bean 'org.springframework.boot.autoconfigure.web.WebClientAutoConfiguration$RestTemplateConfiguration'
[DEBUG] Returning cached instance of singleton bean 'messageConverters'
[DEBUG] Eagerly caching bean 'restTemplateBuilder' to allow for resolving potential circular references
[DEBUG] Returning cached instance of singleton bean 'org.springframework.transaction.config.internalTransactionAdvisor'
[DEBUG] Returning cached instance of singleton bean 'org.springframework.transaction.config.internalTransactionAdvisor'
[DEBUG] Finished creating instance of bean 'restTemplateBuilder'
[DEBUG] Creating shared instance of singleton bean 'org.springframework.boot.autoconfigure.web.WebClientAutoConfiguration'
[DEBUG] Creating instance of bean 'org.springframework.boot.autoconfigure.web.WebClientAutoConfiguration'
[DEBUG] Returning cached instance of singleton bean 'org.springframework.transaction.config.internalTransactionAdvisor'
[DEBUG] Eagerly caching bean 'org.springframework.boot.autoconfigure.web.WebClientAutoConfiguration' to allow for resolving potential circular references
[DEBUG] Returning cached instance of singleton bean 'org.springframework.transaction.config.internalTransactionAdvisor'
[DEBUG] Returning cached instance of singleton bean 'org.springframework.transaction.config.internalTransactionAdvisor'
[DEBUG] Finished creating instance of bean 'org.springframework.boot.autoconfigure.web.WebClientAutoConfiguration'
[DEBUG] Returning cached instance of singleton bean 'org.springframework.orm.jpa.SharedEntityManagerCreator#0'
[DEBUG] Returning cached instance of singleton bean 'org.springframework.context.event.internalEventListenerFactory'
[DEBUG] Returning cached instance of singleton bean 'org.springframework.transaction.config.internalTransactionalEventListenerFactory'
[DEBUG] Returning cached instance of singleton bean 'authenticationManager'
[DEBUG] Unable to locate LifecycleProcessor with name 'lifecycleProcessor': using default [org.springframework.context.support.DefaultLifecycleProcessor@3e8fbc8]
[DEBUG] Returning cached instance of singleton bean 'lifecycleProcessor'
[DEBUG] Returning cached instance of singleton bean 'org.springframework.boot.autoconfigure.internalCachingMetadataReaderFactory'
[DEBUG] Returning cached instance of singleton bean 'delegatingApplicationListener'
[DEBUG] Returning cached instance of singleton bean 'org.springframework.boot.context.properties.ConfigurationPropertiesBindingPostProcessor'
[DEBUG] Returning cached instance of singleton bean 'mvcResourceUrlProvider'
[DEBUG] 


=========================
AUTO-CONFIGURATION REPORT
=========================


Positive matches:
-----------------

   AbstractThymeleafViewResolverConfiguration#thymeleafViewResolver matched:
      - @ConditionalOnProperty (spring.thymeleaf.enabled) matched (OnPropertyCondition)
      - @ConditionalOnMissingBean (names: thymeleafViewResolver; SearchStrategy: all) did not find any beans (OnBeanCondition)

   AopAutoConfiguration matched:
      - @ConditionalOnClass found required classes 'org.springframework.context.annotation.EnableAspectJAutoProxy', 'org.aspectj.lang.annotation.Aspect', 'org.aspectj.lang.reflect.Advice'; @ConditionalOnMissingClass did not find unwanted class (OnClassCondition)
      - @ConditionalOnProperty (spring.aop.auto=true) matched (OnPropertyCondition)

   AopAutoConfiguration.JdkDynamicAutoProxyConfiguration matched:
      - @ConditionalOnProperty (spring.aop.proxy-target-class=false) matched (OnPropertyCondition)

   AuthenticationManagerConfiguration matched:
      - @ConditionalOnBean (types: org.springframework.security.config.annotation.ObjectPostProcessor; SearchStrategy: all) found bean 'objectPostProcessor'; @ConditionalOnMissingBean (types: org.springframework.security.authentication.AuthenticationManager; SearchStrategy: all) did not find any beans (OnBeanCondition)

   BootGlobalAuthenticationConfiguration matched:
      - @ConditionalOnClass found required class 'org.springframework.security.config.annotation.authentication.configurers.GlobalAuthenticationConfigurerAdapter'; @ConditionalOnMissingClass did not find unwanted class (OnClassCondition)

   DataSourceAutoConfiguration matched:
      - @ConditionalOnClass found required classes 'javax.sql.DataSource', 'org.springframework.jdbc.datasource.embedded.EmbeddedDatabaseType'; @ConditionalOnMissingClass did not find unwanted class (OnClassCondition)

   DataSourceAutoConfiguration#dataSourceInitializer matched:
      - @ConditionalOnMissingBean (types: org.springframework.boot.autoconfigure.jdbc.DataSourceInitializer; SearchStrategy: all) did not find any beans (OnBeanCondition)

   DataSourceAutoConfiguration.PooledDataSourceConfiguration matched:
      - AnyNestedCondition 1 matched 1 did not; NestedCondition on DataSourceAutoConfiguration.PooledDataSourceCondition.PooledDataSourceAvailable PooledDataSource found supported DataSource; NestedCondition on DataSourceAutoConfiguration.PooledDataSourceCondition.ExplicitType @ConditionalOnProperty (spring.datasource.type) did not find property 'type' (DataSourceAutoConfiguration.PooledDataSourceCondition)
      - @ConditionalOnMissingBean (types: javax.sql.DataSource,javax.sql.XADataSource; SearchStrategy: all) did not find any beans (OnBeanCondition)

   DataSourceConfiguration.Tomcat matched:
      - @ConditionalOnClass found required class 'org.apache.tomcat.jdbc.pool.DataSource'; @ConditionalOnMissingClass did not find unwanted class (OnClassCondition)
      - @ConditionalOnProperty (spring.datasource.type=org.apache.tomcat.jdbc.pool.DataSource) matched (OnPropertyCondition)

   DataSourcePoolMetadataProvidersConfiguration.TomcatDataSourcePoolMetadataProviderConfiguration matched:
      - @ConditionalOnClass found required class 'org.apache.tomcat.jdbc.pool.DataSource'; @ConditionalOnMissingClass did not find unwanted class (OnClassCondition)

   DataSourceTransactionManagerAutoConfiguration matched:
      - @ConditionalOnClass found required classes 'org.springframework.jdbc.core.JdbcTemplate', 'org.springframework.transaction.PlatformTransactionManager'; @ConditionalOnMissingClass did not find unwanted class (OnClassCondition)

   DataSourceTransactionManagerAutoConfiguration.DataSourceTransactionManagerConfiguration matched:
      - @ConditionalOnSingleCandidate (types: javax.sql.DataSource; SearchStrategy: all) found a primary bean from beans 'dataSource' (OnBeanCondition)

   DataSourceTransactionManagerAutoConfiguration.TransactionManagementConfiguration matched:
      - @ConditionalOnMissingBean (types: org.springframework.transaction.annotation.AbstractTransactionManagementConfiguration; SearchStrategy: all) did not find any beans (OnBeanCondition)

   DispatcherServletAutoConfiguration matched:
      - @ConditionalOnClass found required class 'org.springframework.web.servlet.DispatcherServlet'; @ConditionalOnMissingClass did not find unwanted class (OnClassCondition)
      - @ConditionalOnWebApplication (required) found 'session' scope (OnWebApplicationCondition)

   DispatcherServletAutoConfiguration.DispatcherServletConfiguration matched:
      - @ConditionalOnClass found required class 'javax.servlet.ServletRegistration'; @ConditionalOnMissingClass did not find unwanted class (OnClassCondition)
      - Default DispatcherServlet did not find dispatcher servlet beans (DispatcherServletAutoConfiguration.DefaultDispatcherServletCondition)

   DispatcherServletAutoConfiguration.DispatcherServletRegistrationConfiguration matched:
      - @ConditionalOnClass found required class 'javax.servlet.ServletRegistration'; @ConditionalOnMissingClass did not find unwanted class (OnClassCondition)
      - DispatcherServlet Registration did not find servlet registration bean (DispatcherServletAutoConfiguration.DispatcherServletRegistrationCondition)

   DispatcherServletAutoConfiguration.DispatcherServletRegistrationConfiguration#dispatcherServletRegistration matched:
      - @ConditionalOnBean (names: dispatcherServlet; types: org.springframework.web.servlet.DispatcherServlet; SearchStrategy: all) found beans 'dispatcherServlet', 'dispatcherServlet' (OnBeanCondition)

   EmbeddedServletContainerAutoConfiguration matched:
      - @ConditionalOnWebApplication (required) found 'session' scope (OnWebApplicationCondition)

   EmbeddedServletContainerAutoConfiguration.EmbeddedTomcat matched:
      - @ConditionalOnClass found required classes 'javax.servlet.Servlet', 'org.apache.catalina.startup.Tomcat'; @ConditionalOnMissingClass did not find unwanted class (OnClassCondition)
      - @ConditionalOnMissingBean (types: org.springframework.boot.context.embedded.EmbeddedServletContainerFactory; SearchStrategy: current) did not find any beans (OnBeanCondition)

   ErrorMvcAutoConfiguration matched:
      - @ConditionalOnClass found required classes 'javax.servlet.Servlet', 'org.springframework.web.servlet.DispatcherServlet'; @ConditionalOnMissingClass did not find unwanted class (OnClassCondition)
      - @ConditionalOnWebApplication (required) found 'session' scope (OnWebApplicationCondition)

   ErrorMvcAutoConfiguration#basicErrorController matched:
      - @ConditionalOnMissingBean (types: org.springframework.boot.autoconfigure.web.ErrorController; SearchStrategy: current) did not find any beans (OnBeanCondition)

   ErrorMvcAutoConfiguration#errorAttributes matched:
      - @ConditionalOnMissingBean (types: org.springframework.boot.autoconfigure.web.ErrorAttributes; SearchStrategy: current) did not find any beans (OnBeanCondition)

   ErrorMvcAutoConfiguration.DefaultErrorViewResolverConfiguration#conventionErrorViewResolver matched:
      - @ConditionalOnBean (types: org.springframework.web.servlet.DispatcherServlet; SearchStrategy: all) found bean 'dispatcherServlet'; @ConditionalOnMissingBean (types: org.springframework.boot.autoconfigure.web.DefaultErrorViewResolver; SearchStrategy: all) did not find any beans (OnBeanCondition)

   GenericCacheConfiguration matched:
      - Cache org.springframework.boot.autoconfigure.cache.GenericCacheConfiguration automatic cache type (CacheCondition)

   GuavaCacheConfiguration matched:
      - @ConditionalOnClass found required classes 'com.google.common.cache.CacheBuilder', 'org.springframework.cache.guava.GuavaCacheManager'; @ConditionalOnMissingClass did not find unwanted class (OnClassCondition)
      - Cache org.springframework.boot.autoconfigure.cache.GuavaCacheConfiguration automatic cache type (CacheCondition)

   HibernateJpaAutoConfiguration matched:
      - @ConditionalOnClass found required classes 'org.springframework.orm.jpa.LocalContainerEntityManagerFactoryBean', 'org.springframework.transaction.annotation.EnableTransactionManagement', 'javax.persistence.EntityManager'; @ConditionalOnMissingClass did not find unwanted class (OnClassCondition)
      - HibernateEntityManager found class 'org.hibernate.ejb.HibernateEntityManager' (HibernateJpaAutoConfiguration.HibernateEntityManagerCondition)

   HttpEncodingAutoConfiguration matched:
      - @ConditionalOnClass found required class 'org.springframework.web.filter.CharacterEncodingFilter'; @ConditionalOnMissingClass did not find unwanted class (OnClassCondition)
      - @ConditionalOnWebApplication (required) found 'session' scope (OnWebApplicationCondition)
      - @ConditionalOnProperty (spring.http.encoding.enabled) matched (OnPropertyCondition)

   HttpEncodingAutoConfiguration#characterEncodingFilter matched:
      - @ConditionalOnMissingBean (types: org.springframework.web.filter.CharacterEncodingFilter; SearchStrategy: all) did not find any beans (OnBeanCondition)

   HttpMessageConvertersAutoConfiguration matched:
      - @ConditionalOnClass found required class 'org.springframework.http.converter.HttpMessageConverter'; @ConditionalOnMissingClass did not find unwanted class (OnClassCondition)

   HttpMessageConvertersAutoConfiguration#messageConverters matched:
      - @ConditionalOnMissingBean (types: org.springframework.boot.autoconfigure.web.HttpMessageConverters; SearchStrategy: all) did not find any beans (OnBeanCondition)

   HttpMessageConvertersAutoConfiguration.StringHttpMessageConverterConfiguration matched:
      - @ConditionalOnClass found required class 'org.springframework.http.converter.StringHttpMessageConverter'; @ConditionalOnMissingClass did not find unwanted class (OnClassCondition)

   HttpMessageConvertersAutoConfiguration.StringHttpMessageConverterConfiguration#stringHttpMessageConverter matched:
      - @ConditionalOnMissingBean (types: org.springframework.http.converter.StringHttpMessageConverter; SearchStrategy: all) did not find any beans (OnBeanCondition)

   JacksonAutoConfiguration matched:
      - @ConditionalOnClass found required class 'com.fasterxml.jackson.databind.ObjectMapper'; @ConditionalOnMissingClass did not find unwanted class (OnClassCondition)

   JacksonAutoConfiguration.Jackson2ObjectMapperBuilderCustomizerConfiguration matched:
      - @ConditionalOnClass found required classes 'com.fasterxml.jackson.databind.ObjectMapper', 'org.springframework.http.converter.json.Jackson2ObjectMapperBuilder'; @ConditionalOnMissingClass did not find unwanted class (OnClassCondition)

   JacksonAutoConfiguration.JacksonObjectMapperBuilderConfiguration matched:
      - @ConditionalOnClass found required classes 'com.fasterxml.jackson.databind.ObjectMapper', 'org.springframework.http.converter.json.Jackson2ObjectMapperBuilder'; @ConditionalOnMissingClass did not find unwanted class (OnClassCondition)

   JacksonAutoConfiguration.JacksonObjectMapperBuilderConfiguration#jacksonObjectMapperBuilder matched:
      - @ConditionalOnMissingBean (types: org.springframework.http.converter.json.Jackson2ObjectMapperBuilder; SearchStrategy: all) did not find any beans (OnBeanCondition)

   JacksonAutoConfiguration.JacksonObjectMapperConfiguration matched:
      - @ConditionalOnClass found required classes 'com.fasterxml.jackson.databind.ObjectMapper', 'org.springframework.http.converter.json.Jackson2ObjectMapperBuilder'; @ConditionalOnMissingClass did not find unwanted class (OnClassCondition)

   JacksonAutoConfiguration.JacksonObjectMapperConfiguration#jacksonObjectMapper matched:
      - @ConditionalOnMissingBean (types: com.fasterxml.jackson.databind.ObjectMapper; SearchStrategy: all) did not find any beans (OnBeanCondition)

   JacksonHttpMessageConvertersConfiguration.MappingJackson2HttpMessageConverterConfiguration matched:
      - @ConditionalOnClass found required class 'com.fasterxml.jackson.databind.ObjectMapper'; @ConditionalOnMissingClass did not find unwanted class (OnClassCondition)
      - @ConditionalOnProperty (spring.http.converters.preferred-json-mapper=jackson) matched (OnPropertyCondition)
      - @ConditionalOnBean (types: com.fasterxml.jackson.databind.ObjectMapper; SearchStrategy: all) found bean 'jacksonObjectMapper' (OnBeanCondition)

   JacksonHttpMessageConvertersConfiguration.MappingJackson2HttpMessageConverterConfiguration#mappingJackson2HttpMessageConverter matched:
      - @ConditionalOnMissingBean (types: org.springframework.http.converter.json.MappingJackson2HttpMessageConverter; SearchStrategy: all) did not find any beans (OnBeanCondition)

   JdbcTemplateAutoConfiguration matched:
      - @ConditionalOnClass found required classes 'javax.sql.DataSource', 'org.springframework.jdbc.core.JdbcTemplate'; @ConditionalOnMissingClass did not find unwanted class (OnClassCondition)
      - @ConditionalOnSingleCandidate (types: javax.sql.DataSource; SearchStrategy: all) found a primary bean from beans 'dataSource' (OnBeanCondition)

   JdbcTemplateAutoConfiguration#jdbcTemplate matched:
      - @ConditionalOnMissingBean (types: org.springframework.jdbc.core.JdbcOperations; SearchStrategy: all) did not find any beans (OnBeanCondition)

   JdbcTemplateAutoConfiguration#namedParameterJdbcTemplate matched:
      - @ConditionalOnMissingBean (types: org.springframework.jdbc.core.namedparam.NamedParameterJdbcOperations; SearchStrategy: all) did not find any beans (OnBeanCondition)

   JpaBaseConfiguration#entityManagerFactory matched:
      - @ConditionalOnMissingBean (types: org.springframework.orm.jpa.LocalContainerEntityManagerFactoryBean,javax.persistence.EntityManagerFactory; SearchStrategy: all) did not find any beans (OnBeanCondition)

   JpaBaseConfiguration#entityManagerFactoryBuilder matched:
      - @ConditionalOnMissingBean (types: org.springframework.boot.orm.jpa.EntityManagerFactoryBuilder; SearchStrategy: all) did not find any beans (OnBeanCondition)

   JpaBaseConfiguration#jpaVendorAdapter matched:
      - @ConditionalOnMissingBean (types: org.springframework.orm.jpa.JpaVendorAdapter; SearchStrategy: all) did not find any beans (OnBeanCondition)

   JpaBaseConfiguration#transactionManager matched:
      - @ConditionalOnMissingBean (types: org.springframework.transaction.PlatformTransactionManager; SearchStrategy: all) did not find any beans (OnBeanCondition)

   JpaBaseConfiguration.JpaWebConfiguration matched:
      - @ConditionalOnClass found required class 'org.springframework.web.servlet.config.annotation.WebMvcConfigurerAdapter'; @ConditionalOnMissingClass did not find unwanted class (OnClassCondition)
      - @ConditionalOnWebApplication (required) found 'session' scope (OnWebApplicationCondition)
      - @ConditionalOnProperty (spring.jpa.open-in-view=true) matched (OnPropertyCondition)
      - @ConditionalOnMissingBean (types: org.springframework.orm.jpa.support.OpenEntityManagerInViewInterceptor,org.springframework.orm.jpa.support.OpenEntityManagerInViewFilter; SearchStrategy: all) did not find any beans (OnBeanCondition)

   JpaRepositoriesAutoConfiguration matched:
      - @ConditionalOnClass found required class 'org.springframework.data.jpa.repository.JpaRepository'; @ConditionalOnMissingClass did not find unwanted class (OnClassCondition)
      - @ConditionalOnProperty (spring.data.jpa.repositories.enabled=true) matched (OnPropertyCondition)
      - @ConditionalOnBean (types: javax.sql.DataSource; SearchStrategy: all) found bean 'dataSource'; @ConditionalOnMissingBean (types: org.springframework.data.jpa.repository.support.JpaRepositoryFactoryBean,org.springframework.data.jpa.repository.config.JpaRepositoryConfigExtension; SearchStrategy: all) did not find any beans (OnBeanCondition)

   JtaAutoConfiguration matched:
      - @ConditionalOnClass found required class 'javax.transaction.Transaction'; @ConditionalOnMissingClass did not find unwanted class (OnClassCondition)
      - @ConditionalOnProperty (spring.jta.enabled) matched (OnPropertyCondition)

   MessageSourceAutoConfiguration matched:
      - ResourceBundle found bundle URL [file:/C:/Users/ChristianFV/Documents/workspace-sts-3.8.3.RELEASE/SistemaReservaciones/build/resources/main/messages.properties] (MessageSourceAutoConfiguration.ResourceBundleCondition)
      - @ConditionalOnMissingBean (types: org.springframework.context.MessageSource; SearchStrategy: current) did not find any beans (OnBeanCondition)

   MultipartAutoConfiguration matched:
      - @ConditionalOnClass found required classes 'javax.servlet.Servlet', 'org.springframework.web.multipart.support.StandardServletMultipartResolver', 'javax.servlet.MultipartConfigElement'; @ConditionalOnMissingClass did not find unwanted class (OnClassCondition)
      - @ConditionalOnProperty (spring.http.multipart.enabled) matched (OnPropertyCondition)

   MultipartAutoConfiguration#multipartConfigElement matched:
      - @ConditionalOnMissingBean (types: javax.servlet.MultipartConfigElement; SearchStrategy: all) did not find any beans (OnBeanCondition)

   MultipartAutoConfiguration#multipartResolver matched:
      - @ConditionalOnMissingBean (types: org.springframework.web.multipart.MultipartResolver; SearchStrategy: all) did not find any beans (OnBeanCondition)

   NoOpCacheConfiguration matched:
      - Cache org.springframework.boot.autoconfigure.cache.NoOpCacheConfiguration automatic cache type (CacheCondition)

   PersistenceExceptionTranslationAutoConfiguration matched:
      - @ConditionalOnClass found required class 'org.springframework.dao.annotation.PersistenceExceptionTranslationPostProcessor'; @ConditionalOnMissingClass did not find unwanted class (OnClassCondition)

   PersistenceExceptionTranslationAutoConfiguration#persistenceExceptionTranslationPostProcessor matched:
      - @ConditionalOnProperty (spring.dao.exceptiontranslation.enabled) matched (OnPropertyCondition)
      - @ConditionalOnMissingBean (types: org.springframework.dao.annotation.PersistenceExceptionTranslationPostProcessor; SearchStrategy: all) did not find any beans (OnBeanCondition)

   PropertyPlaceholderAutoConfiguration#propertySourcesPlaceholderConfigurer matched:
      - @ConditionalOnMissingBean (types: org.springframework.context.support.PropertySourcesPlaceholderConfigurer; SearchStrategy: current) did not find any beans (OnBeanCondition)

   RedisCacheConfiguration matched:
      - Cache org.springframework.boot.autoconfigure.cache.RedisCacheConfiguration automatic cache type (CacheCondition)

   SecurityAutoConfiguration matched:
      - @ConditionalOnClass found required classes 'org.springframework.security.authentication.AuthenticationManager', 'org.springframework.security.config.annotation.authentication.configurers.GlobalAuthenticationConfigurerAdapter'; @ConditionalOnMissingClass did not find unwanted class (OnClassCondition)

   SecurityAutoConfiguration#authenticationEventPublisher matched:
      - @ConditionalOnMissingBean (types: org.springframework.security.authentication.AuthenticationEventPublisher; SearchStrategy: all) did not find any beans (OnBeanCondition)

   SecurityAutoConfiguration#securityProperties matched:
      - @ConditionalOnMissingBean (types: org.springframework.boot.autoconfigure.security.SecurityProperties; SearchStrategy: all) did not find any beans (OnBeanCondition)

   SecurityFilterAutoConfiguration matched:
      - @ConditionalOnClass found required classes 'org.springframework.security.web.context.AbstractSecurityWebApplicationInitializer', 'org.springframework.security.config.http.SessionCreationPolicy'; @ConditionalOnMissingClass did not find unwanted class (OnClassCondition)
      - @ConditionalOnWebApplication (required) found 'session' scope (OnWebApplicationCondition)

   SecurityFilterAutoConfiguration#securityFilterChainRegistration matched:
      - @ConditionalOnBean (names: springSecurityFilterChain; SearchStrategy: all) found bean 'springSecurityFilterChain' (OnBeanCondition)

   ServerPropertiesAutoConfiguration matched:
      - @ConditionalOnWebApplication (required) found 'session' scope (OnWebApplicationCondition)

   ServerPropertiesAutoConfiguration#serverProperties matched:
      - @ConditionalOnMissingBean (types: org.springframework.boot.autoconfigure.web.ServerProperties; SearchStrategy: current) did not find any beans (OnBeanCondition)

   SimpleCacheConfiguration matched:
      - Cache org.springframework.boot.autoconfigure.cache.SimpleCacheConfiguration automatic cache type (CacheCondition)

   SpringDataWebAutoConfiguration matched:
      - @ConditionalOnClass found required classes 'org.springframework.data.web.PageableHandlerMethodArgumentResolver', 'org.springframework.web.servlet.config.annotation.WebMvcConfigurerAdapter'; @ConditionalOnMissingClass did not find unwanted class (OnClassCondition)
      - @ConditionalOnWebApplication (required) found 'session' scope (OnWebApplicationCondition)
      - @ConditionalOnMissingBean (types: org.springframework.data.web.PageableHandlerMethodArgumentResolver; SearchStrategy: all) did not find any beans (OnBeanCondition)

   ThymeleafAutoConfiguration matched:
      - @ConditionalOnClass found required class 'org.thymeleaf.spring4.SpringTemplateEngine'; @ConditionalOnMissingClass did not find unwanted class (OnClassCondition)

   ThymeleafAutoConfiguration.Thymeleaf2Configuration matched:
      - @ConditionalOnClass found required class; @ConditionalOnMissingClass did not find unwanted class 'org.thymeleaf.templatemode.TemplateMode' (OnClassCondition)

   ThymeleafAutoConfiguration.Thymeleaf2Configuration.DefaultTemplateResolverConfiguration matched:
      - @ConditionalOnMissingBean (names: defaultTemplateResolver; SearchStrategy: all) did not find any beans (OnBeanCondition)

   ThymeleafAutoConfiguration.Thymeleaf2Configuration.Thymeleaf2ViewResolverConfiguration matched:
      - @ConditionalOnClass found required class 'javax.servlet.Servlet'; @ConditionalOnMissingClass did not find unwanted class (OnClassCondition)
      - @ConditionalOnWebApplication (required) found 'session' scope (OnWebApplicationCondition)

   ThymeleafAutoConfiguration.ThymeleafDefaultConfiguration matched:
      - @ConditionalOnMissingBean (types: org.thymeleaf.spring4.SpringTemplateEngine; SearchStrategy: all) did not find any beans (OnBeanCondition)

   ThymeleafAutoConfiguration.ThymeleafResourceHandlingConfig matched:
      - @ConditionalOnWebApplication (required) found 'session' scope (OnWebApplicationCondition)

   TransactionAutoConfiguration matched:
      - @ConditionalOnClass found required class 'org.springframework.transaction.PlatformTransactionManager'; @ConditionalOnMissingClass did not find unwanted class (OnClassCondition)

   TransactionAutoConfiguration#platformTransactionManagerCustomizers matched:
      - @ConditionalOnMissingBean (types: org.springframework.boot.autoconfigure.transaction.TransactionManagerCustomizers; SearchStrategy: all) did not find any beans (OnBeanCondition)

   TransactionAutoConfiguration.TransactionTemplateConfiguration matched:
      - @ConditionalOnSingleCandidate (types: org.springframework.transaction.PlatformTransactionManager; SearchStrategy: all) found a primary bean from beans 'transactionManager' (OnBeanCondition)

   TransactionAutoConfiguration.TransactionTemplateConfiguration#transactionTemplate matched:
      - @ConditionalOnMissingBean (types: org.springframework.transaction.support.TransactionTemplate; SearchStrategy: all) did not find any beans (OnBeanCondition)

   ValidationAutoConfiguration matched:
      - @ConditionalOnClass found required class 'javax.validation.executable.ExecutableValidator'; @ConditionalOnMissingClass did not find unwanted class (OnClassCondition)
      - @ConditionalOnResource found location classpath:META-INF/services/javax.validation.spi.ValidationProvider (OnResourceCondition)

   ValidationAutoConfiguration#jsr303Validator matched:
      - @ConditionalOnMissingBean (types: javax.validation.Validator; SearchStrategy: all) did not find any beans (OnBeanCondition)

   ValidationAutoConfiguration#methodValidationPostProcessor matched:
      - @ConditionalOnMissingBean (types: org.springframework.validation.beanvalidation.MethodValidationPostProcessor; SearchStrategy: all) did not find any beans (OnBeanCondition)

   WebClientAutoConfiguration.RestTemplateConfiguration matched:
      - @ConditionalOnClass found required class 'org.springframework.web.client.RestTemplate'; @ConditionalOnMissingClass did not find unwanted class (OnClassCondition)

   WebClientAutoConfiguration.RestTemplateConfiguration#restTemplateBuilder matched:
      - @ConditionalOnMissingBean (types: org.springframework.boot.web.client.RestTemplateBuilder; SearchStrategy: all) did not find any beans (OnBeanCondition)

   WebMvcAutoConfiguration matched:
      - @ConditionalOnClass found required classes 'javax.servlet.Servlet', 'org.springframework.web.servlet.DispatcherServlet', 'org.springframework.web.servlet.config.annotation.WebMvcConfigurerAdapter'; @ConditionalOnMissingClass did not find unwanted class (OnClassCondition)
      - @ConditionalOnWebApplication (required) found 'session' scope (OnWebApplicationCondition)
      - @ConditionalOnMissingBean (types: org.springframework.web.servlet.config.annotation.WebMvcConfigurationSupport; SearchStrategy: all) did not find any beans (OnBeanCondition)

   WebMvcAutoConfiguration#hiddenHttpMethodFilter matched:
      - @ConditionalOnMissingBean (types: org.springframework.web.filter.HiddenHttpMethodFilter; SearchStrategy: all) did not find any beans (OnBeanCondition)

   WebMvcAutoConfiguration#httpPutFormContentFilter matched:
      - @ConditionalOnProperty (spring.mvc.formcontent.putfilter.enabled) matched (OnPropertyCondition)
      - @ConditionalOnMissingBean (types: org.springframework.web.filter.HttpPutFormContentFilter; SearchStrategy: all) did not find any beans (OnBeanCondition)

   WebMvcAutoConfiguration.WebMvcAutoConfigurationAdapter#defaultViewResolver matched:
      - @ConditionalOnMissingBean (types: org.springframework.web.servlet.view.InternalResourceViewResolver; SearchStrategy: all) did not find any beans (OnBeanCondition)

   WebMvcAutoConfiguration.WebMvcAutoConfigurationAdapter#requestContextFilter matched:
      - @ConditionalOnMissingBean (types: org.springframework.web.context.request.RequestContextListener,org.springframework.web.filter.RequestContextFilter; SearchStrategy: all) did not find any beans (OnBeanCondition)

   WebMvcAutoConfiguration.WebMvcAutoConfigurationAdapter#viewResolver matched:
      - @ConditionalOnBean (types: org.springframework.web.servlet.ViewResolver; SearchStrategy: all) found beans 'defaultViewResolver', 'mvcViewResolver'; @ConditionalOnMissingBean (names: viewResolver; types: org.springframework.web.servlet.view.ContentNegotiatingViewResolver; SearchStrategy: all) did not find any beans (OnBeanCondition)

   WebMvcAutoConfiguration.WebMvcAutoConfigurationAdapter.FaviconConfiguration matched:
      - @ConditionalOnProperty (spring.mvc.favicon.enabled) matched (OnPropertyCondition)

   WebSocketAutoConfiguration matched:
      - @ConditionalOnClass found required classes 'javax.servlet.Servlet', 'javax.websocket.server.ServerContainer'; @ConditionalOnMissingClass did not find unwanted class (OnClassCondition)
      - @ConditionalOnWebApplication (required) found 'session' scope (OnWebApplicationCondition)

   WebSocketAutoConfiguration.TomcatWebSocketConfiguration matched:
      - @ConditionalOnClass found required classes 'org.apache.catalina.startup.Tomcat', 'org.apache.tomcat.websocket.server.WsSci'; @ConditionalOnMissingClass did not find unwanted class (OnClassCondition)

   WebSocketAutoConfiguration.TomcatWebSocketConfiguration#websocketContainerCustomizer matched:
      - @ConditionalOnJava (1.7 or newer) found 1.8 (OnJavaCondition)
      - @ConditionalOnMissingBean (names: websocketContainerCustomizer; SearchStrategy: all) did not find any beans (OnBeanCondition)


Negative matches:
-----------------

   ActiveMQAutoConfiguration:
      Did not match:
         - @ConditionalOnClass did not find required classes 'javax.jms.ConnectionFactory', 'org.apache.activemq.ActiveMQConnectionFactory' (OnClassCondition)

   AopAutoConfiguration.CglibAutoProxyConfiguration:
      Did not match:
         - @ConditionalOnProperty (spring.aop.proxy-target-class=true) did not find property 'proxy-target-class' (OnPropertyCondition)

   ArtemisAutoConfiguration:
      Did not match:
         - @ConditionalOnClass did not find required classes 'javax.jms.ConnectionFactory', 'org.apache.activemq.artemis.jms.client.ActiveMQConnectionFactory' (OnClassCondition)

   AtomikosJtaConfiguration:
      Did not match:
         - @ConditionalOnClass did not find required class 'com.atomikos.icatch.jta.UserTransactionManager' (OnClassCondition)

   BatchAutoConfiguration:
      Did not match:
         - @ConditionalOnClass did not find required class 'org.springframework.batch.core.launch.JobLauncher' (OnClassCondition)

   BitronixJtaConfiguration:
      Did not match:
         - @ConditionalOnClass did not find required class 'bitronix.tm.jndi.BitronixContext' (OnClassCondition)

   CacheAutoConfiguration:
      Did not match:
         - @ConditionalOnBean (types: org.springframework.cache.interceptor.CacheAspectSupport; SearchStrategy: all) did not find any beans (OnBeanCondition)
      Matched:
         - @ConditionalOnClass found required class 'org.springframework.cache.CacheManager'; @ConditionalOnMissingClass did not find unwanted class (OnClassCondition)

   CacheAutoConfiguration.CacheManagerJpaDependencyConfiguration:
      Did not match:
         - Ancestor org.springframework.boot.autoconfigure.cache.CacheAutoConfiguration did not match (ConditionEvaluationReport.AncestorsMatchedCondition)
      Matched:
         - @ConditionalOnClass found required class 'org.springframework.orm.jpa.LocalContainerEntityManagerFactoryBean'; @ConditionalOnMissingClass did not find unwanted class (OnClassCondition)

   CaffeineCacheConfiguration:
      Did not match:
         - @ConditionalOnClass did not find required class 'com.github.benmanes.caffeine.cache.Caffeine' (OnClassCondition)

   CassandraAutoConfiguration:
      Did not match:
         - @ConditionalOnClass did not find required class 'com.datastax.driver.core.Cluster' (OnClassCondition)

   CassandraDataAutoConfiguration:
      Did not match:
         - @ConditionalOnClass did not find required classes 'com.datastax.driver.core.Cluster', 'org.springframework.data.cassandra.core.CassandraAdminOperations' (OnClassCondition)

   CassandraRepositoriesAutoConfiguration:
      Did not match:
         - @ConditionalOnClass did not find required classes 'com.datastax.driver.core.Session', 'org.springframework.data.cassandra.repository.CassandraRepository' (OnClassCondition)

   CloudAutoConfiguration:
      Did not match:
         - @ConditionalOnClass did not find required class 'org.springframework.cloud.config.java.CloudScanConfiguration' (OnClassCondition)

   CouchbaseAutoConfiguration:
      Did not match:
         - @ConditionalOnClass did not find required classes 'com.couchbase.client.java.CouchbaseBucket', 'com.couchbase.client.java.Cluster' (OnClassCondition)

   CouchbaseCacheConfiguration:
      Did not match:
         - @ConditionalOnClass did not find required classes 'com.couchbase.client.java.Bucket', 'com.couchbase.client.spring.cache.CouchbaseCacheManager' (OnClassCondition)

   CouchbaseDataAutoConfiguration:
      Did not match:
         - @ConditionalOnClass did not find required classes 'com.couchbase.client.java.Bucket', 'org.springframework.data.couchbase.repository.CouchbaseRepository' (OnClassCondition)

   CouchbaseRepositoriesAutoConfiguration:
      Did not match:
         - @ConditionalOnClass did not find required classes 'com.couchbase.client.java.Bucket', 'org.springframework.data.couchbase.repository.CouchbaseRepository' (OnClassCondition)

   DataSourceAutoConfiguration.EmbeddedDatabaseConfiguration:
      Did not match:
         - EmbeddedDataSource found supported pooled data source (DataSourceAutoConfiguration.EmbeddedDatabaseCondition)

   DataSourceAutoConfiguration.TomcatDataSourceJmxConfiguration:
      Did not match:
         - @ConditionalOnProperty (spring.datasource.jmx-enabled) did not find property 'jmx-enabled' (OnPropertyCondition)
      Matched:
         - @ConditionalOnClass found required class 'org.apache.tomcat.jdbc.pool.DataSourceProxy'; @ConditionalOnMissingClass did not find unwanted class (OnClassCondition)

   DataSourceConfiguration.Dbcp:
      Did not match:
         - @ConditionalOnClass did not find required class 'org.apache.commons.dbcp.BasicDataSource' (OnClassCondition)

   DataSourceConfiguration.Dbcp2:
      Did not match:
         - @ConditionalOnClass did not find required class 'org.apache.commons.dbcp2.BasicDataSource' (OnClassCondition)

   DataSourceConfiguration.Generic:
      Did not match:
         - @ConditionalOnProperty (spring.datasource.type) did not find property 'spring.datasource.type' (OnPropertyCondition)

   DataSourceConfiguration.Hikari:
      Did not match:
         - @ConditionalOnClass did not find required class 'com.zaxxer.hikari.HikariDataSource' (OnClassCondition)

   DataSourcePoolMetadataProvidersConfiguration.CommonsDbcp2PoolDataSourceMetadataProviderConfiguration:
      Did not match:
         - @ConditionalOnClass did not find required class 'org.apache.commons.dbcp2.BasicDataSource' (OnClassCondition)

   DataSourcePoolMetadataProvidersConfiguration.CommonsDbcpPoolDataSourceMetadataProviderConfiguration:
      Did not match:
         - @ConditionalOnClass did not find required class 'org.apache.commons.dbcp.BasicDataSource' (OnClassCondition)

   DataSourcePoolMetadataProvidersConfiguration.HikariPoolDataSourceMetadataProviderConfiguration:
      Did not match:
         - @ConditionalOnClass did not find required class 'com.zaxxer.hikari.HikariDataSource' (OnClassCondition)

   DataSourceTransactionManagerAutoConfiguration.DataSourceTransactionManagerConfiguration#transactionManager:
      Did not match:
         - @ConditionalOnMissingBean (types: org.springframework.transaction.PlatformTransactionManager; SearchStrategy: all) found bean 'transactionManager' (OnBeanCondition)

   DeviceDelegatingViewResolverAutoConfiguration:
      Did not match:
         - @ConditionalOnClass did not find required class 'org.springframework.mobile.device.view.LiteDeviceDelegatingViewResolver' (OnClassCondition)

   DeviceResolverAutoConfiguration:
      Did not match:
         - @ConditionalOnClass did not find required classes 'org.springframework.mobile.device.DeviceResolverHandlerInterceptor', 'org.springframework.mobile.device.DeviceHandlerMethodArgumentResolver' (OnClassCondition)

   DispatcherServletAutoConfiguration.DispatcherServletConfiguration#multipartResolver:
      Did not match:
         - @ConditionalOnBean (types: org.springframework.web.multipart.MultipartResolver; SearchStrategy: all) did not find any beans (OnBeanCondition)

   EhCacheCacheConfiguration:
      Did not match:
         - @ConditionalOnClass did not find required class 'net.sf.ehcache.Cache' (OnClassCondition)

   ElasticsearchAutoConfiguration:
      Did not match:
         - @ConditionalOnClass did not find required classes 'org.elasticsearch.client.Client', 'org.springframework.data.elasticsearch.client.TransportClientFactoryBean', 'org.springframework.data.elasticsearch.client.NodeClientFactoryBean' (OnClassCondition)

   ElasticsearchDataAutoConfiguration:
      Did not match:
         - @ConditionalOnClass did not find required classes 'org.elasticsearch.client.Client', 'org.springframework.data.elasticsearch.core.ElasticsearchTemplate' (OnClassCondition)

   ElasticsearchRepositoriesAutoConfiguration:
      Did not match:
         - @ConditionalOnClass did not find required classes 'org.elasticsearch.client.Client', 'org.springframework.data.elasticsearch.repository.ElasticsearchRepository' (OnClassCondition)

   EmbeddedLdapAutoConfiguration:
      Did not match:
         - @ConditionalOnClass did not find required class 'com.unboundid.ldap.listener.InMemoryDirectoryServer' (OnClassCondition)

   EmbeddedMongoAutoConfiguration:
      Did not match:
         - @ConditionalOnClass did not find required classes 'com.mongodb.Mongo', 'de.flapdoodle.embed.mongo.MongodStarter' (OnClassCondition)

   EmbeddedServletContainerAutoConfiguration.EmbeddedJetty:
      Did not match:
         - @ConditionalOnClass did not find required classes 'org.eclipse.jetty.server.Server', 'org.eclipse.jetty.util.Loader', 'org.eclipse.jetty.webapp.WebAppContext' (OnClassCondition)

   EmbeddedServletContainerAutoConfiguration.EmbeddedUndertow:
      Did not match:
         - @ConditionalOnClass did not find required classes 'io.undertow.Undertow', 'org.xnio.SslClientAuthMode' (OnClassCondition)

   ErrorMvcAutoConfiguration.WhitelabelErrorViewConfiguration:
      Did not match:
         - ErrorTemplate Missing found template from org.springframework.boot.autoconfigure.thymeleaf.ThymeleafTemplateAvailabilityProvider@31f0e164 (ErrorMvcAutoConfiguration.ErrorTemplateMissingCondition)
      Matched:
         - @ConditionalOnProperty (server.error.whitelabel.enabled) matched (OnPropertyCondition)

   FacebookAutoConfiguration:
      Did not match:
         - @ConditionalOnClass did not find required classes 'org.springframework.social.config.annotation.SocialConfigurerAdapter', 'org.springframework.social.facebook.connect.FacebookConnectionFactory' (OnClassCondition)

   FallbackWebSecurityAutoConfiguration:
      Did not match:
         - @ConditionalOnProperty (security.basic.enabled=false) did not find property 'enabled' (OnPropertyCondition)
      Matched:
         - @ConditionalOnClass found required class 'org.springframework.security.config.annotation.web.configuration.EnableWebSecurity'; @ConditionalOnMissingClass did not find unwanted class (OnClassCondition)
         - @ConditionalOnWebApplication (required) found 'session' scope (OnWebApplicationCondition)

   FlywayAutoConfiguration:
      Did not match:
         - @ConditionalOnClass did not find required class 'org.flywaydb.core.Flyway' (OnClassCondition)

   FreeMarkerAutoConfiguration:
      Did not match:
         - @ConditionalOnClass did not find required class 'freemarker.template.Configuration' (OnClassCondition)

   GroovyTemplateAutoConfiguration:
      Did not match:
         - @ConditionalOnClass did not find required class 'groovy.text.markup.MarkupTemplateEngine' (OnClassCondition)

   GsonAutoConfiguration:
      Did not match:
         - @ConditionalOnClass did not find required class 'com.google.gson.Gson' (OnClassCondition)

   GsonHttpMessageConvertersConfiguration:
      Did not match:
         - @ConditionalOnClass did not find required class 'com.google.gson.Gson' (OnClassCondition)

   H2ConsoleAutoConfiguration:
      Did not match:
         - @ConditionalOnClass did not find required class 'org.h2.server.web.WebServlet' (OnClassCondition)

   HazelcastAutoConfiguration:
      Did not match:
         - @ConditionalOnClass did not find required class 'com.hazelcast.core.HazelcastInstance' (OnClassCondition)

   HazelcastCacheConfiguration:
      Did not match:
         - @ConditionalOnClass did not find required classes 'com.hazelcast.core.HazelcastInstance', 'com.hazelcast.spring.cache.HazelcastCacheManager' (OnClassCondition)

   HazelcastJpaDependencyAutoConfiguration:
      Did not match:
         - @ConditionalOnClass did not find required class 'com.hazelcast.core.HazelcastInstance' (OnClassCondition)

   HypermediaAutoConfiguration:
      Did not match:
         - @ConditionalOnClass did not find required classes 'org.springframework.hateoas.Resource', 'org.springframework.plugin.core.Plugin' (OnClassCondition)

   InfinispanCacheConfiguration:
      Did not match:
         - @ConditionalOnClass did not find required class 'org.infinispan.spring.provider.SpringEmbeddedCacheManager' (OnClassCondition)

   IntegrationAutoConfiguration:
      Did not match:
         - @ConditionalOnClass did not find required class 'org.springframework.integration.config.EnableIntegration' (OnClassCondition)

   JCacheCacheConfiguration:
      Did not match:
         - @ConditionalOnClass did not find required class 'javax.cache.Caching' (OnClassCondition)

   JacksonAutoConfiguration.JodaDateTimeJacksonConfiguration:
      Did not match:
         - @ConditionalOnClass did not find required classes 'org.joda.time.DateTime', 'com.fasterxml.jackson.datatype.joda.ser.DateTimeSerializer', 'com.fasterxml.jackson.datatype.joda.cfg.JacksonJodaDateFormat' (OnClassCondition)

   JacksonAutoConfiguration.ParameterNamesModuleConfiguration:
      Did not match:
         - @ConditionalOnClass did not find required class 'com.fasterxml.jackson.module.paramnames.ParameterNamesModule' (OnClassCondition)

   JacksonHttpMessageConvertersConfiguration.MappingJackson2XmlHttpMessageConverterConfiguration:
      Did not match:
         - @ConditionalOnClass did not find required class 'com.fasterxml.jackson.dataformat.xml.XmlMapper' (OnClassCondition)

   JerseyAutoConfiguration:
      Did not match:
         - @ConditionalOnClass did not find required class 'org.glassfish.jersey.server.spring.SpringComponentProvider' (OnClassCondition)

   JestAutoConfiguration:
      Did not match:
         - @ConditionalOnClass did not find required class 'io.searchbox.client.JestClient' (OnClassCondition)

   JmsAutoConfiguration:
      Did not match:
         - @ConditionalOnClass did not find required classes 'javax.jms.Message', 'org.springframework.jms.core.JmsTemplate' (OnClassCondition)

   JmxAutoConfiguration:
      Did not match:
         - @ConditionalOnProperty (spring.jmx.enabled=true) found different value in property 'enabled' (OnPropertyCondition)
      Matched:
         - @ConditionalOnClass found required class 'org.springframework.jmx.export.MBeanExporter'; @ConditionalOnMissingClass did not find unwanted class (OnClassCondition)

   JndiConnectionFactoryAutoConfiguration:
      Did not match:
         - @ConditionalOnClass did not find required class 'org.springframework.jms.core.JmsTemplate' (OnClassCondition)

   JndiDataSourceAutoConfiguration:
      Did not match:
         - @ConditionalOnProperty (spring.datasource.jndi-name) did not find property 'jndi-name' (OnPropertyCondition)
      Matched:
         - @ConditionalOnClass found required classes 'javax.sql.DataSource', 'org.springframework.jdbc.datasource.embedded.EmbeddedDatabaseType'; @ConditionalOnMissingClass did not find unwanted class (OnClassCondition)

   JndiJtaConfiguration:
      Did not match:
         - @ConditionalOnJndi JNDI environment is not available (OnJndiCondition)
      Matched:
         - @ConditionalOnClass found required class 'org.springframework.transaction.jta.JtaTransactionManager'; @ConditionalOnMissingClass did not find unwanted class (OnClassCondition)

   JooqAutoConfiguration:
      Did not match:
         - @ConditionalOnClass did not find required class 'org.jooq.DSLContext' (OnClassCondition)

   KafkaAutoConfiguration:
      Did not match:
         - @ConditionalOnClass did not find required class 'org.springframework.kafka.core.KafkaTemplate' (OnClassCondition)

   LdapAutoConfiguration:
      Did not match:
         - @ConditionalOnClass did not find required class 'org.springframework.ldap.core.ContextSource' (OnClassCondition)

   LdapDataAutoConfiguration:
      Did not match:
         - @ConditionalOnClass did not find required class 'org.springframework.data.ldap.repository.LdapRepository' (OnClassCondition)

   LdapRepositoriesAutoConfiguration:
      Did not match:
         - @ConditionalOnClass did not find required class 'org.springframework.data.ldap.repository.LdapRepository' (OnClassCondition)

   LinkedInAutoConfiguration:
      Did not match:
         - @ConditionalOnClass did not find required classes 'org.springframework.social.config.annotation.SocialConfigurerAdapter', 'org.springframework.social.linkedin.connect.LinkedInConnectionFactory' (OnClassCondition)

   LiquibaseAutoConfiguration:
      Did not match:
         - @ConditionalOnClass did not find required class 'liquibase.integration.spring.SpringLiquibase' (OnClassCondition)

   MailSenderAutoConfiguration:
      Did not match:
         - AnyNestedCondition 0 matched 2 did not; NestedCondition on MailSenderAutoConfiguration.MailSenderCondition.JndiNameProperty @ConditionalOnProperty (spring.mail.jndi-name) did not find property 'jndi-name'; NestedCondition on MailSenderAutoConfiguration.MailSenderCondition.HostProperty @ConditionalOnProperty (spring.mail.host) did not find property 'host' (MailSenderAutoConfiguration.MailSenderCondition)
      Matched:
         - @ConditionalOnClass found required classes 'javax.mail.internet.MimeMessage', 'javax.activation.MimeType'; @ConditionalOnMissingClass did not find unwanted class (OnClassCondition)

   MailSenderValidatorAutoConfiguration:
      Did not match:
         - @ConditionalOnProperty (spring.mail.test-connection) did not find property 'test-connection' (OnPropertyCondition)

   MongoAutoConfiguration:
      Did not match:
         - @ConditionalOnClass did not find required class 'com.mongodb.MongoClient' (OnClassCondition)

   MongoDataAutoConfiguration:
      Did not match:
         - @ConditionalOnClass did not find required classes 'com.mongodb.Mongo', 'org.springframework.data.mongodb.core.MongoTemplate' (OnClassCondition)

   MongoRepositoriesAutoConfiguration:
      Did not match:
         - @ConditionalOnClass did not find required classes 'com.mongodb.Mongo', 'org.springframework.data.mongodb.repository.MongoRepository' (OnClassCondition)

   MustacheAutoConfiguration:
      Did not match:
         - @ConditionalOnClass did not find required class 'com.samskivert.mustache.Mustache' (OnClassCondition)

   NarayanaJtaConfiguration:
      Did not match:
         - @ConditionalOnClass did not find required classes 'com.arjuna.ats.jta.UserTransaction', 'org.jboss.tm.XAResourceRecoveryRegistry' (OnClassCondition)

   Neo4jDataAutoConfiguration:
      Did not match:
         - @ConditionalOnClass did not find required class 'org.neo4j.ogm.session.SessionFactory' (OnClassCondition)

   Neo4jRepositoriesAutoConfiguration:
      Did not match:
         - @ConditionalOnClass did not find required classes 'org.neo4j.ogm.session.Neo4jSession', 'org.springframework.data.neo4j.repository.GraphRepository' (OnClassCondition)

   OAuth2AutoConfiguration:
      Did not match:
         - @ConditionalOnClass did not find required class 'org.springframework.security.oauth2.common.OAuth2AccessToken' (OnClassCondition)

   ProjectInfoAutoConfiguration#buildProperties:
      Did not match:
         - @ConditionalOnResource did not find resource '${spring.info.build.location:classpath:META-INF/build-info.properties}' (OnResourceCondition)

   ProjectInfoAutoConfiguration#gitProperties:
      Did not match:
         - GitResource did not find git info at classpath:git.properties (ProjectInfoAutoConfiguration.GitResourceAvailableCondition)

   RabbitAutoConfiguration:
      Did not match:
         - @ConditionalOnClass did not find required classes 'org.springframework.amqp.rabbit.core.RabbitTemplate', 'com.rabbitmq.client.Channel' (OnClassCondition)

   ReactorAutoConfiguration:
      Did not match:
         - @ConditionalOnClass did not find required classes 'reactor.spring.context.config.EnableReactor', 'reactor.Environment' (OnClassCondition)

   RedisAutoConfiguration:
      Did not match:
         - @ConditionalOnClass did not find required classes 'org.springframework.data.redis.connection.jedis.JedisConnection', 'org.springframework.data.redis.core.RedisOperations', 'redis.clients.jedis.Jedis' (OnClassCondition)

   RedisRepositoriesAutoConfiguration:
      Did not match:
         - @ConditionalOnClass did not find required classes 'redis.clients.jedis.Jedis', 'org.springframework.data.redis.repository.configuration.EnableRedisRepositories' (OnClassCondition)

   RepositoryRestMvcAutoConfiguration:
      Did not match:
         - @ConditionalOnClass did not find required class 'org.springframework.data.rest.webmvc.config.RepositoryRestMvcConfiguration' (OnClassCondition)

   SecurityDataConfiguration:
      Did not match:
         - @ConditionalOnClass did not find required class 'org.springframework.security.data.repository.query.SecurityEvaluationContextExtension' (OnClassCondition)

   SecurityFilterAutoConfiguration#securityProperties:
      Did not match:
         - @ConditionalOnMissingBean (types: org.springframework.boot.autoconfigure.security.SecurityProperties; SearchStrategy: all) found bean 'securityProperties' (OnBeanCondition)

   SendGridAutoConfiguration:
      Did not match:
         - @ConditionalOnClass did not find required class 'com.sendgrid.SendGrid' (OnClassCondition)

   SessionAutoConfiguration:
      Did not match:
         - @ConditionalOnClass did not find required class 'org.springframework.session.Session' (OnClassCondition)

   SitePreferenceAutoConfiguration:
      Did not match:
         - @ConditionalOnClass did not find required classes 'org.springframework.mobile.device.site.SitePreferenceHandlerInterceptor', 'org.springframework.mobile.device.site.SitePreferenceHandlerMethodArgumentResolver' (OnClassCondition)

   SocialWebAutoConfiguration:
      Did not match:
         - @ConditionalOnClass did not find required classes 'org.springframework.social.connect.web.ConnectController', 'org.springframework.social.config.annotation.SocialConfigurerAdapter' (OnClassCondition)

   SolrAutoConfiguration:
      Did not match:
         - @ConditionalOnClass did not find required classes 'org.apache.solr.client.solrj.impl.HttpSolrClient', 'org.apache.solr.client.solrj.impl.CloudSolrClient' (OnClassCondition)

   SolrRepositoriesAutoConfiguration:
      Did not match:
         - @ConditionalOnClass did not find required classes 'org.apache.solr.client.solrj.SolrClient', 'org.springframework.data.solr.repository.SolrRepository' (OnClassCondition)

   SpringApplicationAdminJmxAutoConfiguration:
      Did not match:
         - @ConditionalOnProperty (spring.application.admin.enabled=true) did not find property 'enabled' (OnPropertyCondition)

   SpringBootWebSecurityConfiguration:
      Did not match:
         - @ConditionalOnMissingBean (types: org.springframework.security.config.annotation.web.configuration.WebSecurityConfiguration; SearchStrategy: all) found bean 'org.springframework.security.config.annotation.web.configuration.WebSecurityConfiguration' (OnBeanCondition)
      Matched:
         - @ConditionalOnClass found required classes 'org.springframework.security.config.annotation.web.configuration.EnableWebSecurity', 'org.springframework.security.web.AuthenticationEntryPoint'; @ConditionalOnMissingClass did not find unwanted class (OnClassCondition)
         - @ConditionalOnWebApplication (required) found 'session' scope (OnWebApplicationCondition)

   SpringBootWebSecurityConfiguration.ApplicationNoWebSecurityConfigurerAdapter:
      Did not match:
         - @ConditionalOnProperty (security.basic.enabled=false) did not find property 'enabled' (OnPropertyCondition)
         - Ancestor org.springframework.boot.autoconfigure.security.SpringBootWebSecurityConfiguration did not match (ConditionEvaluationReport.AncestorsMatchedCondition)

   SpringBootWebSecurityConfiguration.ApplicationWebSecurityConfigurerAdapter:
      Did not match:
         - Ancestor org.springframework.boot.autoconfigure.security.SpringBootWebSecurityConfiguration did not match (ConditionEvaluationReport.AncestorsMatchedCondition)
      Matched:
         - @ConditionalOnProperty (security.basic.enabled) matched (OnPropertyCondition)

   ThymeleafAutoConfiguration.DataAttributeDialectConfiguration:
      Did not match:
         - @ConditionalOnClass did not find required class 'com.github.mxab.thymeleaf.extras.dataattribute.dialect.DataAttributeDialect' (OnClassCondition)

   ThymeleafAutoConfiguration.Thymeleaf2Configuration.ThymeleafConditionalCommentsDialectConfiguration:
      Did not match:
         - @ConditionalOnClass did not find required class 'org.thymeleaf.extras.conditionalcomments.dialect.ConditionalCommentsDialect' (OnClassCondition)

   ThymeleafAutoConfiguration.Thymeleaf3Configuration:
      Did not match:
         - @ConditionalOnClass did not find required class 'org.thymeleaf.templatemode.TemplateMode' (OnClassCondition)

   ThymeleafAutoConfiguration.ThymeleafJava8TimeDialect:
      Did not match:
         - @ConditionalOnClass did not find required class 'org.thymeleaf.extras.java8time.dialect.Java8TimeDialect' (OnClassCondition)

   ThymeleafAutoConfiguration.ThymeleafResourceHandlingConfig#resourceUrlEncodingFilter:
      Did not match:
         - @ConditionalOnEnabledResourceChain did not find class org.webjars.WebJarAssetLocator (OnEnabledResourceChainCondition)
      Matched:
         - @ConditionalOnMissingBean (types: org.springframework.web.servlet.resource.ResourceUrlEncodingFilter; SearchStrategy: all) did not find any beans (OnBeanCondition)

   ThymeleafAutoConfiguration.ThymeleafSecurityDialectConfiguration:
      Did not match:
         - @ConditionalOnClass did not find required class 'org.thymeleaf.extras.springsecurity4.dialect.SpringSecurityDialect' (OnClassCondition)

   ThymeleafAutoConfiguration.ThymeleafWebLayoutConfiguration:
      Did not match:
         - @ConditionalOnClass did not find required class 'nz.net.ultraq.thymeleaf.LayoutDialect' (OnClassCondition)

   TwitterAutoConfiguration:
      Did not match:
         - @ConditionalOnClass did not find required classes 'org.springframework.social.config.annotation.SocialConfigurerAdapter', 'org.springframework.social.twitter.connect.TwitterConnectionFactory' (OnClassCondition)

   WebMvcAutoConfiguration.ResourceChainCustomizerConfiguration:
      Did not match:
         - @ConditionalOnEnabledResourceChain did not find class org.webjars.WebJarAssetLocator (OnEnabledResourceChainCondition)

   WebMvcAutoConfiguration.WebMvcAutoConfigurationAdapter#beanNameViewResolver:
      Did not match:
         - @ConditionalOnBean (types: org.springframework.web.servlet.View; SearchStrategy: all) did not find any beans (OnBeanCondition)

   WebMvcAutoConfiguration.WebMvcAutoConfigurationAdapter#dateFormatter:
      Did not match:
         - @ConditionalOnProperty (spring.mvc.date-format) did not find property 'date-format' (OnPropertyCondition)

   WebMvcAutoConfiguration.WebMvcAutoConfigurationAdapter#localeResolver:
      Did not match:
         - @ConditionalOnProperty (spring.mvc.locale) did not find property 'locale' (OnPropertyCondition)

   WebServicesAutoConfiguration:
      Did not match:
         - @ConditionalOnClass did not find required class 'org.springframework.ws.transport.http.MessageDispatcherServlet' (OnClassCondition)

   WebSocketAutoConfiguration.JettyWebSocketConfiguration:
      Did not match:
         - @ConditionalOnClass did not find required class 'org.eclipse.jetty.websocket.jsr356.server.deploy.WebSocketServerContainerInitializer' (OnClassCondition)

   WebSocketAutoConfiguration.UndertowWebSocketConfiguration:
      Did not match:
         - @ConditionalOnClass did not find required class 'io.undertow.websockets.jsr.Bootstrap' (OnClassCondition)

   WebSocketMessagingAutoConfiguration:
      Did not match:
         - @ConditionalOnClass did not find required class 'org.springframework.web.socket.config.annotation.WebSocketMessageBrokerConfigurer' (OnClassCondition)

   XADataSourceAutoConfiguration:
      Did not match:
         - @ConditionalOnBean (types: org.springframework.boot.jta.XADataSourceWrapper; SearchStrategy: all) did not find any beans (OnBeanCondition)
      Matched:
         - @ConditionalOnClass found required classes 'javax.sql.DataSource', 'javax.transaction.TransactionManager', 'org.springframework.jdbc.datasource.embedded.EmbeddedDatabaseType'; @ConditionalOnMissingClass did not find unwanted class (OnClassCondition)


Exclusions:
-----------

    None


Unconditional classes:
----------------------

    org.springframework.boot.autoconfigure.web.WebClientAutoConfiguration

    org.springframework.boot.autoconfigure.context.PropertyPlaceholderAutoConfiguration

    org.springframework.boot.autoconfigure.context.ConfigurationPropertiesAutoConfiguration

    org.springframework.boot.autoconfigure.info.ProjectInfoAutoConfiguration



[DEBUG] Looking for resource handler mappings
[DEBUG] Returning cached instance of singleton bean 'viewControllerHandlerMapping'
[DEBUG] Returning cached instance of singleton bean 'resourceHandlerMapping'
[DEBUG] Returning cached instance of singleton bean 'faviconHandlerMapping'
[DEBUG] Found resource handler mapping: URL pattern="/**/favicon.ico", locations=[ServletContext resource [/], class path resource [META-INF/resources/], class path resource [resources/], class path resource [static/], class path resource [public/], class path resource []], resolvers=[org.springframework.web.servlet.resource.PathResourceResolver@171bd7c0]
[DEBUG] Found resource handler mapping: URL pattern="/webjars/**", locations=[class path resource [META-INF/resources/webjars/]], resolvers=[org.springframework.web.servlet.resource.PathResourceResolver@2b8b0fa0]
[DEBUG] Found resource handler mapping: URL pattern="/**", locations=[ServletContext resource [/], class path resource [META-INF/resources/], class path resource [resources/], class path resource [static/], class path resource [public/]], resolvers=[org.springframework.web.servlet.resource.PathResourceResolver@3e293c6e]
[DEBUG] Could not find key 'spring.liveBeansView.mbeanDomain' in any property source
[DEBUG] Returning cached instance of singleton bean 'delegatingApplicationListener'
[INFO] Started DBUnitDataTest in 4.653 seconds (JVM running for 23.517)
[DEBUG] Storing ApplicationContext in cache under key [[WebMergedContextConfiguration@418f4e46 testClass = DBUnitDataTest, locations = '{}', classes = '{class mx.com.restaurante.Application, class mx.com.restaurante.Application}', contextInitializerClasses = '[]', activeProfiles = '{}', propertySourceLocations = '{}', propertySourceProperties = '{org.springframework.boot.test.context.SpringBootTestContextBootstrapper=true}', contextCustomizers = set[org.springframework.boot.test.context.SpringBootTestContextCustomizer@1dbfecae, org.springframework.boot.test.context.filter.ExcludeFilterContextCustomizer@529a41a, org.springframework.boot.test.mock.mockito.MockitoContextCustomizer@0, org.springframework.boot.test.autoconfigure.properties.PropertyMappingContextCustomizer@0, org.springframework.boot.test.autoconfigure.web.servlet.WebDriverContextCustomizerFactory$Customizer@11bbfd47], resourceBasePath = 'src/main/webapp', contextLoader = 'org.springframework.boot.test.context.SpringBootContextLoader', parent = [null]]]
[DEBUG] Spring test ApplicationContext cache statistics: [DefaultContextCache@6b3ebb48 size = 2, maxSize = 32, parentContextCount = 0, hitCount = 29, missCount = 2]
[DEBUG] Setting up MockHttpServletRequest, MockHttpServletResponse, ServletWebRequest, and RequestContextHolder for test context [DefaultTestContext@e032f7b testClass = DBUnitDataTest, testInstance = mx.com.restaurante.test.DBUnitDataTest@33b7cb84, testMethod = [null], testException = [null], mergedContextConfiguration = [WebMergedContextConfiguration@418f4e46 testClass = DBUnitDataTest, locations = '{}', classes = '{class mx.com.restaurante.Application, class mx.com.restaurante.Application}', contextInitializerClasses = '[]', activeProfiles = '{}', propertySourceLocations = '{}', propertySourceProperties = '{org.springframework.boot.test.context.SpringBootTestContextBootstrapper=true}', contextCustomizers = set[org.springframework.boot.test.context.SpringBootTestContextCustomizer@1dbfecae, org.springframework.boot.test.context.filter.ExcludeFilterContextCustomizer@529a41a, org.springframework.boot.test.mock.mockito.MockitoContextCustomizer@0, org.springframework.boot.test.autoconfigure.properties.PropertyMappingContextCustomizer@0, org.springframework.boot.test.autoconfigure.web.servlet.WebDriverContextCustomizerFactory$Customizer@11bbfd47], resourceBasePath = 'src/main/webapp', contextLoader = 'org.springframework.boot.test.context.SpringBootContextLoader', parent = [null]]].
[DEBUG] Performing dependency injection for test context [[DefaultTestContext@e032f7b testClass = DBUnitDataTest, testInstance = mx.com.restaurante.test.DBUnitDataTest@33b7cb84, testMethod = [null], testException = [null], mergedContextConfiguration = [WebMergedContextConfiguration@418f4e46 testClass = DBUnitDataTest, locations = '{}', classes = '{class mx.com.restaurante.Application, class mx.com.restaurante.Application}', contextInitializerClasses = '[]', activeProfiles = '{}', propertySourceLocations = '{}', propertySourceProperties = '{org.springframework.boot.test.context.SpringBootTestContextBootstrapper=true}', contextCustomizers = set[org.springframework.boot.test.context.SpringBootTestContextCustomizer@1dbfecae, org.springframework.boot.test.context.filter.ExcludeFilterContextCustomizer@529a41a, org.springframework.boot.test.mock.mockito.MockitoContextCustomizer@0, org.springframework.boot.test.autoconfigure.properties.PropertyMappingContextCustomizer@0, org.springframework.boot.test.autoconfigure.web.servlet.WebDriverContextCustomizerFactory$Customizer@11bbfd47], resourceBasePath = 'src/main/webapp', contextLoader = 'org.springframework.boot.test.context.SpringBootContextLoader', parent = [null]]]].
[DEBUG] Retrieved ApplicationContext from cache with key [[WebMergedContextConfiguration@418f4e46 testClass = DBUnitDataTest, locations = '{}', classes = '{class mx.com.restaurante.Application, class mx.com.restaurante.Application}', contextInitializerClasses = '[]', activeProfiles = '{}', propertySourceLocations = '{}', propertySourceProperties = '{org.springframework.boot.test.context.SpringBootTestContextBootstrapper=true}', contextCustomizers = set[org.springframework.boot.test.context.SpringBootTestContextCustomizer@1dbfecae, org.springframework.boot.test.context.filter.ExcludeFilterContextCustomizer@529a41a, org.springframework.boot.test.mock.mockito.MockitoContextCustomizer@0, org.springframework.boot.test.autoconfigure.properties.PropertyMappingContextCustomizer@0, org.springframework.boot.test.autoconfigure.web.servlet.WebDriverContextCustomizerFactory$Customizer@11bbfd47], resourceBasePath = 'src/main/webapp', contextLoader = 'org.springframework.boot.test.context.SpringBootContextLoader', parent = [null]]]
[DEBUG] Spring test ApplicationContext cache statistics: [DefaultContextCache@6b3ebb48 size = 2, maxSize = 32, parentContextCount = 0, hitCount = 30, missCount = 2]
[DEBUG] Processing injected element of bean 'mx.com.restaurante.test.DBUnitDataTest': AutowiredFieldElement for javax.sql.DataSource mx.com.restaurante.test.DBUnitDataTest.dataSource
[DEBUG] Returning cached instance of singleton bean 'dataSource'
[DEBUG] Autowiring by type from bean name 'mx.com.restaurante.test.DBUnitDataTest' to bean named 'dataSource'
[DEBUG] Returning cached instance of singleton bean 'org.springframework.transaction.config.internalTransactionAdvisor'
[DEBUG] Returning cached instance of singleton bean 'org.springframework.transaction.config.internalTransactionAdvisor'
[DEBUG] Before test method: context [DefaultTestContext@e032f7b testClass = DBUnitDataTest, testInstance = mx.com.restaurante.test.DBUnitDataTest@33b7cb84, testMethod = extraerDatasetsTest@DBUnitDataTest, testException = [null], mergedContextConfiguration = [WebMergedContextConfiguration@418f4e46 testClass = DBUnitDataTest, locations = '{}', classes = '{class mx.com.restaurante.Application, class mx.com.restaurante.Application}', contextInitializerClasses = '[]', activeProfiles = '{}', propertySourceLocations = '{}', propertySourceProperties = '{org.springframework.boot.test.context.SpringBootTestContextBootstrapper=true}', contextCustomizers = set[org.springframework.boot.test.context.SpringBootTestContextCustomizer@1dbfecae, org.springframework.boot.test.context.filter.ExcludeFilterContextCustomizer@529a41a, org.springframework.boot.test.mock.mockito.MockitoContextCustomizer@0, org.springframework.boot.test.autoconfigure.properties.PropertyMappingContextCustomizer@0, org.springframework.boot.test.autoconfigure.web.servlet.WebDriverContextCustomizerFactory$Customizer@11bbfd47], resourceBasePath = 'src/main/webapp', contextLoader = 'org.springframework.boot.test.context.SpringBootContextLoader', parent = [null]]], class annotated with @DirtiesContext [false] with mode [null], method annotated with @DirtiesContext [false] with mode [null].
[DEBUG] Retrieved ApplicationContext from cache with key [[WebMergedContextConfiguration@418f4e46 testClass = DBUnitDataTest, locations = '{}', classes = '{class mx.com.restaurante.Application, class mx.com.restaurante.Application}', contextInitializerClasses = '[]', activeProfiles = '{}', propertySourceLocations = '{}', propertySourceProperties = '{org.springframework.boot.test.context.SpringBootTestContextBootstrapper=true}', contextCustomizers = set[org.springframework.boot.test.context.SpringBootTestContextCustomizer@1dbfecae, org.springframework.boot.test.context.filter.ExcludeFilterContextCustomizer@529a41a, org.springframework.boot.test.mock.mockito.MockitoContextCustomizer@0, org.springframework.boot.test.autoconfigure.properties.PropertyMappingContextCustomizer@0, org.springframework.boot.test.autoconfigure.web.servlet.WebDriverContextCustomizerFactory$Customizer@11bbfd47], resourceBasePath = 'src/main/webapp', contextLoader = 'org.springframework.boot.test.context.SpringBootContextLoader', parent = [null]]]
[DEBUG] Spring test ApplicationContext cache statistics: [DefaultContextCache@6b3ebb48 size = 2, maxSize = 32, parentContextCount = 0, hitCount = 31, missCount = 2]
[DEBUG] Returning cached instance of singleton bean 'org.springframework.boot.test.mock.mockito.MockitoBeans'
[DEBUG] prueba de humo
[DEBUG] Retrieved ApplicationContext from cache with key [[WebMergedContextConfiguration@418f4e46 testClass = DBUnitDataTest, locations = '{}', classes = '{class mx.com.restaurante.Application, class mx.com.restaurante.Application}', contextInitializerClasses = '[]', activeProfiles = '{}', propertySourceLocations = '{}', propertySourceProperties = '{org.springframework.boot.test.context.SpringBootTestContextBootstrapper=true}', contextCustomizers = set[org.springframework.boot.test.context.SpringBootTestContextCustomizer@1dbfecae, org.springframework.boot.test.context.filter.ExcludeFilterContextCustomizer@529a41a, org.springframework.boot.test.mock.mockito.MockitoContextCustomizer@0, org.springframework.boot.test.autoconfigure.properties.PropertyMappingContextCustomizer@0, org.springframework.boot.test.autoconfigure.web.servlet.WebDriverContextCustomizerFactory$Customizer@11bbfd47], resourceBasePath = 'src/main/webapp', contextLoader = 'org.springframework.boot.test.context.SpringBootContextLoader', parent = [null]]]
[DEBUG] Spring test ApplicationContext cache statistics: [DefaultContextCache@6b3ebb48 size = 2, maxSize = 32, parentContextCount = 0, hitCount = 32, missCount = 2]
[DEBUG] Returning cached instance of singleton bean 'org.springframework.boot.test.mock.mockito.MockitoBeans'
[DEBUG] Retrieved ApplicationContext from cache with key [[WebMergedContextConfiguration@418f4e46 testClass = DBUnitDataTest, locations = '{}', classes = '{class mx.com.restaurante.Application, class mx.com.restaurante.Application}', contextInitializerClasses = '[]', activeProfiles = '{}', propertySourceLocations = '{}', propertySourceProperties = '{org.springframework.boot.test.context.SpringBootTestContextBootstrapper=true}', contextCustomizers = set[org.springframework.boot.test.context.SpringBootTestContextCustomizer@1dbfecae, org.springframework.boot.test.context.filter.ExcludeFilterContextCustomizer@529a41a, org.springframework.boot.test.mock.mockito.MockitoContextCustomizer@0, org.springframework.boot.test.autoconfigure.properties.PropertyMappingContextCustomizer@0, org.springframework.boot.test.autoconfigure.web.servlet.WebDriverContextCustomizerFactory$Customizer@11bbfd47], resourceBasePath = 'src/main/webapp', contextLoader = 'org.springframework.boot.test.context.SpringBootContextLoader', parent = [null]]]
[DEBUG] Spring test ApplicationContext cache statistics: [DefaultContextCache@6b3ebb48 size = 2, maxSize = 32, parentContextCount = 0, hitCount = 33, missCount = 2]
[DEBUG] Retrieved ApplicationContext from cache with key [[WebMergedContextConfiguration@418f4e46 testClass = DBUnitDataTest, locations = '{}', classes = '{class mx.com.restaurante.Application, class mx.com.restaurante.Application}', contextInitializerClasses = '[]', activeProfiles = '{}', propertySourceLocations = '{}', propertySourceProperties = '{org.springframework.boot.test.context.SpringBootTestContextBootstrapper=true}', contextCustomizers = set[org.springframework.boot.test.context.SpringBootTestContextCustomizer@1dbfecae, org.springframework.boot.test.context.filter.ExcludeFilterContextCustomizer@529a41a, org.springframework.boot.test.mock.mockito.MockitoContextCustomizer@0, org.springframework.boot.test.autoconfigure.properties.PropertyMappingContextCustomizer@0, org.springframework.boot.test.autoconfigure.web.servlet.WebDriverContextCustomizerFactory$Customizer@11bbfd47], resourceBasePath = 'src/main/webapp', contextLoader = 'org.springframework.boot.test.context.SpringBootContextLoader', parent = [null]]]
[DEBUG] Spring test ApplicationContext cache statistics: [DefaultContextCache@6b3ebb48 size = 2, maxSize = 32, parentContextCount = 0, hitCount = 34, missCount = 2]
[DEBUG] After test method: context [DefaultTestContext@e032f7b testClass = DBUnitDataTest, testInstance = mx.com.restaurante.test.DBUnitDataTest@33b7cb84, testMethod = extraerDatasetsTest@DBUnitDataTest, testException = [null], mergedContextConfiguration = [WebMergedContextConfiguration@418f4e46 testClass = DBUnitDataTest, locations = '{}', classes = '{class mx.com.restaurante.Application, class mx.com.restaurante.Application}', contextInitializerClasses = '[]', activeProfiles = '{}', propertySourceLocations = '{}', propertySourceProperties = '{org.springframework.boot.test.context.SpringBootTestContextBootstrapper=true}', contextCustomizers = set[org.springframework.boot.test.context.SpringBootTestContextCustomizer@1dbfecae, org.springframework.boot.test.context.filter.ExcludeFilterContextCustomizer@529a41a, org.springframework.boot.test.mock.mockito.MockitoContextCustomizer@0, org.springframework.boot.test.autoconfigure.properties.PropertyMappingContextCustomizer@0, org.springframework.boot.test.autoconfigure.web.servlet.WebDriverContextCustomizerFactory$Customizer@11bbfd47], resourceBasePath = 'src/main/webapp', contextLoader = 'org.springframework.boot.test.context.SpringBootContextLoader', parent = [null]]], class annotated with @DirtiesContext [false] with mode [null], method annotated with @DirtiesContext [false] with mode [null].
[DEBUG] Resetting RequestContextHolder for test context [DefaultTestContext@e032f7b testClass = DBUnitDataTest, testInstance = mx.com.restaurante.test.DBUnitDataTest@33b7cb84, testMethod = extraerDatasetsTest@DBUnitDataTest, testException = [null], mergedContextConfiguration = [WebMergedContextConfiguration@418f4e46 testClass = DBUnitDataTest, locations = '{}', classes = '{class mx.com.restaurante.Application, class mx.com.restaurante.Application}', contextInitializerClasses = '[]', activeProfiles = '{}', propertySourceLocations = '{}', propertySourceProperties = '{org.springframework.boot.test.context.SpringBootTestContextBootstrapper=true}', contextCustomizers = set[org.springframework.boot.test.context.SpringBootTestContextCustomizer@1dbfecae, org.springframework.boot.test.context.filter.ExcludeFilterContextCustomizer@529a41a, org.springframework.boot.test.mock.mockito.MockitoContextCustomizer@0, org.springframework.boot.test.autoconfigure.properties.PropertyMappingContextCustomizer@0, org.springframework.boot.test.autoconfigure.web.servlet.WebDriverContextCustomizerFactory$Customizer@11bbfd47], resourceBasePath = 'src/main/webapp', contextLoader = 'org.springframework.boot.test.context.SpringBootContextLoader', parent = [null]]].
[DEBUG] After test class: context [DefaultTestContext@e032f7b testClass = DBUnitDataTest, testInstance = [null], testMethod = [null], testException = [null], mergedContextConfiguration = [WebMergedContextConfiguration@418f4e46 testClass = DBUnitDataTest, locations = '{}', classes = '{class mx.com.restaurante.Application, class mx.com.restaurante.Application}', contextInitializerClasses = '[]', activeProfiles = '{}', propertySourceLocations = '{}', propertySourceProperties = '{org.springframework.boot.test.context.SpringBootTestContextBootstrapper=true}', contextCustomizers = set[org.springframework.boot.test.context.SpringBootTestContextCustomizer@1dbfecae, org.springframework.boot.test.context.filter.ExcludeFilterContextCustomizer@529a41a, org.springframework.boot.test.mock.mockito.MockitoContextCustomizer@0, org.springframework.boot.test.autoconfigure.properties.PropertyMappingContextCustomizer@0, org.springframework.boot.test.autoconfigure.web.servlet.WebDriverContextCustomizerFactory$Customizer@11bbfd47], resourceBasePath = 'src/main/webapp', contextLoader = 'org.springframework.boot.test.context.SpringBootContextLoader', parent = [null]]], class annotated with @DirtiesContext [false] with mode [null].
]]></system-out>
  <system-err><![CDATA[]]></system-err>
</testsuite>
